2022-07-20 03:29:00.451831: I tensorflow/core/platform/cpu_feature_guard.cc:142] This TensorFlow binary is optimized with oneAPI Deep Neural Network Library (oneDNN) to use the following CPU instructions in performance-critical operations:  AVX2 FMA
To enable them in other operations, rebuild TensorFlow with the appropriate compiler flags.
2022-07-20 03:29:01.610667: I tensorflow/core/common_runtime/gpu/gpu_device.cc:1510] Created device /job:localhost/replica:0/task:0/device:GPU:0 with 38246 MB memory:  -> device: 0, name: NVIDIA A100-PCIE-40GB, pci bus id: 0000:a1:00.0, compute capability: 8.0
Input file is " ./model18.2.train.checkpoint
Output file is " 
Image path is " ./databaserelease2/test.csv
--------------------


Model Loaded
Model: "model"
__________________________________________________________________________________________________
Layer (type)                    Output Shape         Param #     Connected to                     
==================================================================================================
input_1 (InputLayer)            [(None, 1024, 680, 3 0                                            
__________________________________________________________________________________________________
conv2d (Conv2D)                 (None, 1018, 674, 64 9472        input_1[0][0]                    
__________________________________________________________________________________________________
batch_normalization (BatchNorma (None, 1018, 674, 64 256         conv2d[0][0]                     
__________________________________________________________________________________________________
activation (Activation)         (None, 1018, 674, 64 0           batch_normalization[0][0]        
__________________________________________________________________________________________________
dropout (Dropout)               (None, 1018, 674, 64 0           activation[0][0]                 
__________________________________________________________________________________________________
max_pooling2d (MaxPooling2D)    (None, 509, 337, 64) 0           dropout[0][0]                    
__________________________________________________________________________________________________
conv2d_1 (Conv2D)               (None, 509, 337, 64) 36928       max_pooling2d[0][0]              
__________________________________________________________________________________________________
batch_normalization_1 (BatchNor (None, 509, 337, 64) 256         conv2d_1[0][0]                   
__________________________________________________________________________________________________
activation_1 (Activation)       (None, 509, 337, 64) 0           batch_normalization_1[0][0]      
__________________________________________________________________________________________________
conv2d_2 (Conv2D)               (None, 509, 337, 64) 36928       activation_1[0][0]               
__________________________________________________________________________________________________
batch_normalization_2 (BatchNor (None, 509, 337, 64) 256         conv2d_2[0][0]                   
__________________________________________________________________________________________________
add (Add)                       (None, 509, 337, 64) 0           batch_normalization_2[0][0]      
                                                                 max_pooling2d[0][0]              
__________________________________________________________________________________________________
activation_2 (Activation)       (None, 509, 337, 64) 0           add[0][0]                        
__________________________________________________________________________________________________
conv2d_3 (Conv2D)               (None, 509, 337, 64) 36928       activation_2[0][0]               
__________________________________________________________________________________________________
batch_normalization_3 (BatchNor (None, 509, 337, 64) 256         conv2d_3[0][0]                   
__________________________________________________________________________________________________
activation_3 (Activation)       (None, 509, 337, 64) 0           batch_normalization_3[0][0]      
__________________________________________________________________________________________________
conv2d_4 (Conv2D)               (None, 509, 337, 64) 36928       activation_3[0][0]               
__________________________________________________________________________________________________
batch_normalization_4 (BatchNor (None, 509, 337, 64) 256         conv2d_4[0][0]                   
__________________________________________________________________________________________________
add_1 (Add)                     (None, 509, 337, 64) 0           batch_normalization_4[0][0]      
                                                                 activation_2[0][0]               
__________________________________________________________________________________________________
activation_4 (Activation)       (None, 509, 337, 64) 0           add_1[0][0]                      
__________________________________________________________________________________________________
conv2d_5 (Conv2D)               (None, 509, 337, 64) 36928       activation_4[0][0]               
__________________________________________________________________________________________________
batch_normalization_5 (BatchNor (None, 509, 337, 64) 256         conv2d_5[0][0]                   
__________________________________________________________________________________________________
activation_5 (Activation)       (None, 509, 337, 64) 0           batch_normalization_5[0][0]      
__________________________________________________________________________________________________
conv2d_6 (Conv2D)               (None, 509, 337, 64) 36928       activation_5[0][0]               
__________________________________________________________________________________________________
batch_normalization_6 (BatchNor (None, 509, 337, 64) 256         conv2d_6[0][0]                   
__________________________________________________________________________________________________
add_2 (Add)                     (None, 509, 337, 64) 0           batch_normalization_6[0][0]      
                                                                 activation_4[0][0]               
__________________________________________________________________________________________________
activation_6 (Activation)       (None, 509, 337, 64) 0           add_2[0][0]                      
__________________________________________________________________________________________________
conv2d_8 (Conv2D)               (None, 255, 169, 128 73856       activation_6[0][0]               
__________________________________________________________________________________________________
batch_normalization_7 (BatchNor (None, 255, 169, 128 512         conv2d_8[0][0]                   
__________________________________________________________________________________________________
activation_7 (Activation)       (None, 255, 169, 128 0           batch_normalization_7[0][0]      
__________________________________________________________________________________________________
conv2d_9 (Conv2D)               (None, 255, 169, 128 147584      activation_7[0][0]               
__________________________________________________________________________________________________
batch_normalization_8 (BatchNor (None, 255, 169, 128 512         conv2d_9[0][0]                   
__________________________________________________________________________________________________
conv2d_7 (Conv2D)               (None, 255, 169, 128 8320        activation_6[0][0]               
__________________________________________________________________________________________________
add_3 (Add)                     (None, 255, 169, 128 0           batch_normalization_8[0][0]      
                                                                 conv2d_7[0][0]                   
__________________________________________________________________________________________________
activation_8 (Activation)       (None, 255, 169, 128 0           add_3[0][0]                      
__________________________________________________________________________________________________
conv2d_10 (Conv2D)              (None, 255, 169, 128 147584      activation_8[0][0]               
__________________________________________________________________________________________________
batch_normalization_9 (BatchNor (None, 255, 169, 128 512         conv2d_10[0][0]                  
__________________________________________________________________________________________________
activation_9 (Activation)       (None, 255, 169, 128 0           batch_normalization_9[0][0]      
__________________________________________________________________________________________________
conv2d_11 (Conv2D)              (None, 255, 169, 128 147584      activation_9[0][0]               
__________________________________________________________________________________________________
batch_normalization_10 (BatchNo (None, 255, 169, 128 512         conv2d_11[0][0]                  
__________________________________________________________________________________________________
add_4 (Add)                     (None, 255, 169, 128 0           batch_normalization_10[0][0]     
                                                                 activation_8[0][0]               
__________________________________________________________________________________________________
activation_10 (Activation)      (None, 255, 169, 128 0           add_4[0][0]                      
__________________________________________________________________________________________________
conv2d_12 (Conv2D)              (None, 255, 169, 128 147584      activation_10[0][0]              
__________________________________________________________________________________________________
batch_normalization_11 (BatchNo (None, 255, 169, 128 512         conv2d_12[0][0]                  
__________________________________________________________________________________________________
activation_11 (Activation)      (None, 255, 169, 128 0           batch_normalization_11[0][0]     
__________________________________________________________________________________________________
conv2d_13 (Conv2D)              (None, 255, 169, 128 147584      activation_11[0][0]              
__________________________________________________________________________________________________
batch_normalization_12 (BatchNo (None, 255, 169, 128 512         conv2d_13[0][0]                  
__________________________________________________________________________________________________
add_5 (Add)                     (None, 255, 169, 128 0           batch_normalization_12[0][0]     
                                                                 activation_10[0][0]              
__________________________________________________________________________________________________
activation_12 (Activation)      (None, 255, 169, 128 0           add_5[0][0]                      
__________________________________________________________________________________________________
conv2d_14 (Conv2D)              (None, 255, 169, 128 147584      activation_12[0][0]              
__________________________________________________________________________________________________
batch_normalization_13 (BatchNo (None, 255, 169, 128 512         conv2d_14[0][0]                  
__________________________________________________________________________________________________
activation_13 (Activation)      (None, 255, 169, 128 0           batch_normalization_13[0][0]     
__________________________________________________________________________________________________
conv2d_15 (Conv2D)              (None, 255, 169, 128 147584      activation_13[0][0]              
__________________________________________________________________________________________________
batch_normalization_14 (BatchNo (None, 255, 169, 128 512         conv2d_15[0][0]                  
__________________________________________________________________________________________________
add_6 (Add)                     (None, 255, 169, 128 0           batch_normalization_14[0][0]     
                                                                 activation_12[0][0]              
__________________________________________________________________________________________________
activation_14 (Activation)      (None, 255, 169, 128 0           add_6[0][0]                      
__________________________________________________________________________________________________
conv2d_17 (Conv2D)              (None, 128, 85, 256) 295168      activation_14[0][0]              
__________________________________________________________________________________________________
batch_normalization_15 (BatchNo (None, 128, 85, 256) 1024        conv2d_17[0][0]                  
__________________________________________________________________________________________________
activation_15 (Activation)      (None, 128, 85, 256) 0           batch_normalization_15[0][0]     
__________________________________________________________________________________________________
conv2d_18 (Conv2D)              (None, 128, 85, 256) 590080      activation_15[0][0]              
__________________________________________________________________________________________________
batch_normalization_16 (BatchNo (None, 128, 85, 256) 1024        conv2d_18[0][0]                  
__________________________________________________________________________________________________
conv2d_16 (Conv2D)              (None, 128, 85, 256) 33024       activation_14[0][0]              
__________________________________________________________________________________________________
add_7 (Add)                     (None, 128, 85, 256) 0           batch_normalization_16[0][0]     
                                                                 conv2d_16[0][0]                  
__________________________________________________________________________________________________
activation_16 (Activation)      (None, 128, 85, 256) 0           add_7[0][0]                      
__________________________________________________________________________________________________
conv2d_19 (Conv2D)              (None, 128, 85, 256) 590080      activation_16[0][0]              
__________________________________________________________________________________________________
batch_normalization_17 (BatchNo (None, 128, 85, 256) 1024        conv2d_19[0][0]                  
__________________________________________________________________________________________________
activation_17 (Activation)      (None, 128, 85, 256) 0           batch_normalization_17[0][0]     
__________________________________________________________________________________________________
conv2d_20 (Conv2D)              (None, 128, 85, 256) 590080      activation_17[0][0]              
__________________________________________________________________________________________________
batch_normalization_18 (BatchNo (None, 128, 85, 256) 1024        conv2d_20[0][0]                  
__________________________________________________________________________________________________
add_8 (Add)                     (None, 128, 85, 256) 0           batch_normalization_18[0][0]     
                                                                 activation_16[0][0]              
__________________________________________________________________________________________________
activation_18 (Activation)      (None, 128, 85, 256) 0           add_8[0][0]                      
__________________________________________________________________________________________________
conv2d_21 (Conv2D)              (None, 128, 85, 256) 590080      activation_18[0][0]              
__________________________________________________________________________________________________
batch_normalization_19 (BatchNo (None, 128, 85, 256) 1024        conv2d_21[0][0]                  
__________________________________________________________________________________________________
activation_19 (Activation)      (None, 128, 85, 256) 0           batch_normalization_19[0][0]     
__________________________________________________________________________________________________
conv2d_22 (Conv2D)              (None, 128, 85, 256) 590080      activation_19[0][0]              
__________________________________________________________________________________________________
batch_normalization_20 (BatchNo (None, 128, 85, 256) 1024        conv2d_22[0][0]                  
__________________________________________________________________________________________________
add_9 (Add)                     (None, 128, 85, 256) 0           batch_normalization_20[0][0]     
                                                                 activation_18[0][0]              
__________________________________________________________________________________________________
activation_20 (Activation)      (None, 128, 85, 256) 0           add_9[0][0]                      
__________________________________________________________________________________________________
conv2d_23 (Conv2D)              (None, 128, 85, 256) 590080      activation_20[0][0]              
__________________________________________________________________________________________________
batch_normalization_21 (BatchNo (None, 128, 85, 256) 1024        conv2d_23[0][0]                  
__________________________________________________________________________________________________
activation_21 (Activation)      (None, 128, 85, 256) 0           batch_normalization_21[0][0]     
__________________________________________________________________________________________________
conv2d_24 (Conv2D)              (None, 128, 85, 256) 590080      activation_21[0][0]              
__________________________________________________________________________________________________
batch_normalization_22 (BatchNo (None, 128, 85, 256) 1024        conv2d_24[0][0]                  
__________________________________________________________________________________________________
add_10 (Add)                    (None, 128, 85, 256) 0           batch_normalization_22[0][0]     
                                                                 activation_20[0][0]              
__________________________________________________________________________________________________
activation_22 (Activation)      (None, 128, 85, 256) 0           add_10[0][0]                     
__________________________________________________________________________________________________
conv2d_25 (Conv2D)              (None, 128, 85, 256) 590080      activation_22[0][0]              
__________________________________________________________________________________________________
batch_normalization_23 (BatchNo (None, 128, 85, 256) 1024        conv2d_25[0][0]                  
__________________________________________________________________________________________________
activation_23 (Activation)      (None, 128, 85, 256) 0           batch_normalization_23[0][0]     
__________________________________________________________________________________________________
conv2d_26 (Conv2D)              (None, 128, 85, 256) 590080      activation_23[0][0]              
__________________________________________________________________________________________________
batch_normalization_24 (BatchNo (None, 128, 85, 256) 1024        conv2d_26[0][0]                  
__________________________________________________________________________________________________
add_11 (Add)                    (None, 128, 85, 256) 0           batch_normalization_24[0][0]     
                                                                 activation_22[0][0]              
__________________________________________________________________________________________________
activation_24 (Activation)      (None, 128, 85, 256) 0           add_11[0][0]                     
__________________________________________________________________________________________________
conv2d_27 (Conv2D)              (None, 128, 85, 256) 590080      activation_24[0][0]              
__________________________________________________________________________________________________
batch_normalization_25 (BatchNo (None, 128, 85, 256) 1024        conv2d_27[0][0]                  
__________________________________________________________________________________________________
activation_25 (Activation)      (None, 128, 85, 256) 0           batch_normalization_25[0][0]     
__________________________________________________________________________________________________
conv2d_28 (Conv2D)              (None, 128, 85, 256) 590080      activation_25[0][0]              
__________________________________________________________________________________________________
batch_normalization_26 (BatchNo (None, 128, 85, 256) 1024        conv2d_28[0][0]                  
__________________________________________________________________________________________________
add_12 (Add)                    (None, 128, 85, 256) 0           batch_normalization_26[0][0]     
                                                                 activation_24[0][0]              
__________________________________________________________________________________________________
activation_26 (Activation)      (None, 128, 85, 256) 0           add_12[0][0]                     
__________________________________________________________________________________________________
conv2d_30 (Conv2D)              (None, 64, 43, 512)  1180160     activation_26[0][0]              
__________________________________________________________________________________________________
batch_normalization_27 (BatchNo (None, 64, 43, 512)  2048        conv2d_30[0][0]                  
__________________________________________________________________________________________________
activation_27 (Activation)      (None, 64, 43, 512)  0           batch_normalization_27[0][0]     
__________________________________________________________________________________________________
conv2d_31 (Conv2D)              (None, 64, 43, 512)  2359808     activation_27[0][0]              
__________________________________________________________________________________________________
batch_normalization_28 (BatchNo (None, 64, 43, 512)  2048        conv2d_31[0][0]                  
__________________________________________________________________________________________________
conv2d_29 (Conv2D)              (None, 64, 43, 512)  131584      activation_26[0][0]              
__________________________________________________________________________________________________
add_13 (Add)                    (None, 64, 43, 512)  0           batch_normalization_28[0][0]     
                                                                 conv2d_29[0][0]                  
__________________________________________________________________________________________________
activation_28 (Activation)      (None, 64, 43, 512)  0           add_13[0][0]                     
__________________________________________________________________________________________________
conv2d_32 (Conv2D)              (None, 64, 43, 512)  2359808     activation_28[0][0]              
__________________________________________________________________________________________________
batch_normalization_29 (BatchNo (None, 64, 43, 512)  2048        conv2d_32[0][0]                  
__________________________________________________________________________________________________
conv2d_36 (Conv2D)              (None, 255, 169, 128 73856       activation_6[0][0]               
__________________________________________________________________________________________________
activation_29 (Activation)      (None, 64, 43, 512)  0           batch_normalization_29[0][0]     
__________________________________________________________________________________________________
batch_normalization_33 (BatchNo (None, 255, 169, 128 512         conv2d_36[0][0]                  
__________________________________________________________________________________________________
conv2d_33 (Conv2D)              (None, 64, 43, 512)  2359808     activation_29[0][0]              
__________________________________________________________________________________________________
activation_33 (Activation)      (None, 255, 169, 128 0           batch_normalization_33[0][0]     
__________________________________________________________________________________________________
batch_normalization_30 (BatchNo (None, 64, 43, 512)  2048        conv2d_33[0][0]                  
__________________________________________________________________________________________________
dropout_1 (Dropout)             (None, 255, 169, 128 0           activation_33[0][0]              
__________________________________________________________________________________________________
add_14 (Add)                    (None, 64, 43, 512)  0           batch_normalization_30[0][0]     
                                                                 activation_28[0][0]              
__________________________________________________________________________________________________
conv2d_37 (Conv2D)              (None, 128, 85, 256) 131328      dropout_1[0][0]                  
__________________________________________________________________________________________________
conv2d_40 (Conv2D)              (None, 128, 85, 256) 295168      activation_14[0][0]              
__________________________________________________________________________________________________
activation_30 (Activation)      (None, 64, 43, 512)  0           add_14[0][0]                     
__________________________________________________________________________________________________
batch_normalization_34 (BatchNo (None, 128, 85, 256) 1024        conv2d_37[0][0]                  
__________________________________________________________________________________________________
batch_normalization_36 (BatchNo (None, 128, 85, 256) 1024        conv2d_40[0][0]                  
__________________________________________________________________________________________________
conv2d_34 (Conv2D)              (None, 64, 43, 512)  2359808     activation_30[0][0]              
__________________________________________________________________________________________________
activation_34 (Activation)      (None, 128, 85, 256) 0           batch_normalization_34[0][0]     
__________________________________________________________________________________________________
activation_36 (Activation)      (None, 128, 85, 256) 0           batch_normalization_36[0][0]     
__________________________________________________________________________________________________
batch_normalization_31 (BatchNo (None, 64, 43, 512)  2048        conv2d_34[0][0]                  
__________________________________________________________________________________________________
dropout_2 (Dropout)             (None, 128, 85, 256) 0           activation_34[0][0]              
__________________________________________________________________________________________________
dropout_4 (Dropout)             (None, 128, 85, 256) 0           activation_36[0][0]              
__________________________________________________________________________________________________
activation_31 (Activation)      (None, 64, 43, 512)  0           batch_normalization_31[0][0]     
__________________________________________________________________________________________________
conv2d_38 (Conv2D)              (None, 64, 43, 512)  524800      dropout_2[0][0]                  
__________________________________________________________________________________________________
conv2d_41 (Conv2D)              (None, 64, 43, 512)  524800      dropout_4[0][0]                  
__________________________________________________________________________________________________
conv2d_35 (Conv2D)              (None, 64, 43, 512)  2359808     activation_31[0][0]              
__________________________________________________________________________________________________
batch_normalization_35 (BatchNo (None, 64, 43, 512)  2048        conv2d_38[0][0]                  
__________________________________________________________________________________________________
batch_normalization_37 (BatchNo (None, 64, 43, 512)  2048        conv2d_41[0][0]                  
__________________________________________________________________________________________________
batch_normalization_32 (BatchNo (None, 64, 43, 512)  2048        conv2d_35[0][0]                  
__________________________________________________________________________________________________
activation_35 (Activation)      (None, 64, 43, 512)  0           batch_normalization_35[0][0]     
__________________________________________________________________________________________________
activation_37 (Activation)      (None, 64, 43, 512)  0           batch_normalization_37[0][0]     
__________________________________________________________________________________________________
add_15 (Add)                    (None, 64, 43, 512)  0           batch_normalization_32[0][0]     
                                                                 activation_30[0][0]              
__________________________________________________________________________________________________
dropout_3 (Dropout)             (None, 64, 43, 512)  0           activation_35[0][0]              
__________________________________________________________________________________________________
dropout_5 (Dropout)             (None, 64, 43, 512)  0           activation_37[0][0]              
__________________________________________________________________________________________________
conv2d_43 (Conv2D)              (None, 64, 43, 512)  524800      activation_26[0][0]              
__________________________________________________________________________________________________
activation_32 (Activation)      (None, 64, 43, 512)  0           add_15[0][0]                     
__________________________________________________________________________________________________
conv2d_39 (Conv2D)              (None, 32, 22, 512)  1049088     dropout_3[0][0]                  
__________________________________________________________________________________________________
conv2d_42 (Conv2D)              (None, 32, 22, 512)  1049088     dropout_5[0][0]                  
__________________________________________________________________________________________________
conv2d_44 (Conv2D)              (None, 32, 22, 512)  1049088     conv2d_43[0][0]                  
__________________________________________________________________________________________________
conv2d_45 (Conv2D)              (None, 32, 22, 512)  1049088     activation_32[0][0]              
__________________________________________________________________________________________________
add_16 (Add)                    (None, 32, 22, 512)  0           conv2d_39[0][0]                  
                                                                 conv2d_42[0][0]                  
                                                                 conv2d_44[0][0]                  
                                                                 conv2d_45[0][0]                  
__________________________________________________________________________________________________
activation_38 (Activation)      (None, 32, 22, 512)  0           add_16[0][0]                     
__________________________________________________________________________________________________
conv2d_46 (Conv2D)              (None, 10, 10, 512)  2359808     activation_38[0][0]              
__________________________________________________________________________________________________
batch_normalization_38 (BatchNo (None, 10, 10, 512)  2048        conv2d_46[0][0]                  
__________________________________________________________________________________________________
activation_39 (Activation)      (None, 10, 10, 512)  0           batch_normalization_38[0][0]     
__________________________________________________________________________________________________
dropout_6 (Dropout)             (None, 10, 10, 512)  0           activation_39[0][0]              
__________________________________________________________________________________________________
conv2d_47 (Conv2D)              (None, 4, 4, 512)    2359808     dropout_6[0][0]                  
__________________________________________________________________________________________________
batch_normalization_39 (BatchNo (None, 4, 4, 512)    2048        conv2d_47[0][0]                  
__________________________________________________________________________________________________
activation_40 (Activation)      (None, 4, 4, 512)    0           batch_normalization_39[0][0]     
__________________________________________________________________________________________________
dropout_7 (Dropout)             (None, 4, 4, 512)    0           activation_40[0][0]              
__________________________________________________________________________________________________
flatten (Flatten)               (None, 8192)         0           dropout_7[0][0]                  
__________________________________________________________________________________________________
dense (Dense)                   (None, 5)            40965       flatten[0][0]                    
==================================================================================================
Total params: 32,349,061
Trainable params: 32,328,453
Non-trainable params: 20,608
__________________________________________________________________________________________________
None
Adding Images: Error ---- 
No such file: '/mnt/beegfs/home/agolchub/repo/Aesthetic_Photo_Ranking/databaserelease2/JPEG/﻿Filename'
['\ufeffFilename', 'Source', 'Link (if available)', "Arash's Scores", "Maria's Scores", 'Color Saturation', 'Framing', 'Lighting', 'Clarity', 'Symmetry', 'Objective Score', 'ObjectiveClass', 'Objective Score Normalized', "Maria's Scores Normalized", 'Random', 'Set', "Maria's Scores 0-4", '']
2 - /mnt/beegfs/home/agolchub/repo/Aesthetic_Photo_Ranking/databaserelease2/JPEG/meadows88.jpg
2462.69140625
2 - /mnt/beegfs/home/agolchub/repo/Aesthetic_Photo_Ranking/databaserelease2/JPEG/meadows194.jpg
2462.69140625
1 - /mnt/beegfs/home/agolchub/repo/Aesthetic_Photo_Ranking/databaserelease2/JPEG/meadows66.jpg
2462.69140625
2 - /mnt/beegfs/home/agolchub/repo/Aesthetic_Photo_Ranking/databaserelease2/JPEG/meadows93.jpg
2478.46484375
3 - /mnt/beegfs/home/agolchub/repo/Aesthetic_Photo_Ranking/databaserelease2/JPEG/meadows497.jpg
2494.40234375
2 - /mnt/beegfs/home/agolchub/repo/Aesthetic_Photo_Ranking/databaserelease2/JPEG/meadows202.jpg
2510.33984375
1 - /mnt/beegfs/home/agolchub/repo/Aesthetic_Photo_Ranking/databaserelease2/JPEG/meadows80.jpg
2526.27734375
1 - /mnt/beegfs/home/agolchub/repo/Aesthetic_Photo_Ranking/databaserelease2/JPEG/meadows498.jpg
2542.21484375
1 - /mnt/beegfs/home/agolchub/repo/Aesthetic_Photo_Ranking/databaserelease2/JPEG/meadows382.jpg
2558.15234375
2 - /mnt/beegfs/home/agolchub/repo/Aesthetic_Photo_Ranking/databaserelease2/JPEG/meadows370.jpg
2574.08984375
1 - /mnt/beegfs/home/agolchub/repo/Aesthetic_Photo_Ranking/databaserelease2/JPEG/meadows81.jpg
2590.02734375
2 - /mnt/beegfs/home/agolchub/repo/Aesthetic_Photo_Ranking/databaserelease2/JPEG/meadows383.jpg
2605.97265625
3 - /mnt/beegfs/home/agolchub/repo/Aesthetic_Photo_Ranking/databaserelease2/JPEG/meadows470.jpg
2621.97265625
1 - /mnt/beegfs/home/agolchub/repo/Aesthetic_Photo_Ranking/databaserelease2/JPEG/meadows215.jpg
2637.83984375
3 - /mnt/beegfs/home/agolchub/repo/Aesthetic_Photo_Ranking/databaserelease2/JPEG/meadows115.jpg
2653.7265625
2 - /mnt/beegfs/home/agolchub/repo/Aesthetic_Photo_Ranking/databaserelease2/JPEG/meadows373.jpg
2653.77734375
2 - /mnt/beegfs/home/agolchub/repo/Aesthetic_Photo_Ranking/databaserelease2/JPEG/meadows262.jpg
2669.71484375
2 - /mnt/beegfs/home/agolchub/repo/Aesthetic_Photo_Ranking/databaserelease2/JPEG/meadows400.jpg
2685.65234375
0 - /mnt/beegfs/home/agolchub/repo/Aesthetic_Photo_Ranking/databaserelease2/JPEG/meadows197.jpg
2701.58984375
2 - /mnt/beegfs/home/agolchub/repo/Aesthetic_Photo_Ranking/databaserelease2/JPEG/meadows274.jpg
2717.52734375
1 - /mnt/beegfs/home/agolchub/repo/Aesthetic_Photo_Ranking/databaserelease2/JPEG/meadows454.jpg
2733.46484375
1 - /mnt/beegfs/home/agolchub/repo/Aesthetic_Photo_Ranking/databaserelease2/JPEG/meadows334.jpg
2749.40234375
1 - /mnt/beegfs/home/agolchub/repo/Aesthetic_Photo_Ranking/databaserelease2/JPEG/meadows209.jpg
2783.08984375
3 - /mnt/beegfs/home/agolchub/repo/Aesthetic_Photo_Ranking/databaserelease2/JPEG/meadows279.jpg
2803.0625
2 - /mnt/beegfs/home/agolchub/repo/Aesthetic_Photo_Ranking/databaserelease2/JPEG/meadows457.jpg
2803.16015625
3 - /mnt/beegfs/home/agolchub/repo/Aesthetic_Photo_Ranking/databaserelease2/JPEG/meadows311.jpg
2815.01171875
3 - /mnt/beegfs/home/agolchub/repo/Aesthetic_Photo_Ranking/databaserelease2/JPEG/meadows174.jpg
2848.49609375
1 - /mnt/beegfs/home/agolchub/repo/Aesthetic_Photo_Ranking/databaserelease2/JPEG/meadows416.jpg
2848.74609375
3 - /mnt/beegfs/home/agolchub/repo/Aesthetic_Photo_Ranking/databaserelease2/JPEG/meadows388.jpg
2864.68359375
2 - /mnt/beegfs/home/agolchub/repo/Aesthetic_Photo_Ranking/databaserelease2/JPEG/meadows63.jpg
2880.62109375
1 - /mnt/beegfs/home/agolchub/repo/Aesthetic_Photo_Ranking/databaserelease2/JPEG/meadows294.jpg
2896.55859375
1 - /mnt/beegfs/home/agolchub/repo/Aesthetic_Photo_Ranking/databaserelease2/JPEG/meadows195.jpg
2912.49609375
1 - /mnt/beegfs/home/agolchub/repo/Aesthetic_Photo_Ranking/databaserelease2/JPEG/meadows217.jpg
2928.43359375
2 - /mnt/beegfs/home/agolchub/repo/Aesthetic_Photo_Ranking/databaserelease2/JPEG/meadows398.jpg
2944.37109375
2 - /mnt/beegfs/home/agolchub/repo/Aesthetic_Photo_Ranking/databaserelease2/JPEG/meadows42.jpg
2960.30859375
2 - /mnt/beegfs/home/agolchub/repo/Aesthetic_Photo_Ranking/databaserelease2/JPEG/meadows148.jpg
2993.87890625
3 - /mnt/beegfs/home/agolchub/repo/Aesthetic_Photo_Ranking/databaserelease2/JPEG/meadows154.jpg
2994.04296875
0 - /mnt/beegfs/home/agolchub/repo/Aesthetic_Photo_Ranking/databaserelease2/JPEG/meadows184.jpg
3009.98046875
3 - /mnt/beegfs/home/agolchub/repo/Aesthetic_Photo_Ranking/databaserelease2/JPEG/meadows336.jpg
3025.97265625
1 - /mnt/beegfs/home/agolchub/repo/Aesthetic_Photo_Ranking/databaserelease2/JPEG/meadows198.jpg
3041.97265625
2 - /mnt/beegfs/home/agolchub/repo/Aesthetic_Photo_Ranking/databaserelease2/JPEG/meadows478.jpg
3057.79296875
1 - /mnt/beegfs/home/agolchub/repo/Aesthetic_Photo_Ranking/databaserelease2/JPEG/meadows132.jpg
3073.73046875
1 - /mnt/beegfs/home/agolchub/repo/Aesthetic_Photo_Ranking/databaserelease2/JPEG/meadows346.jpg
3089.66796875
1 - /mnt/beegfs/home/agolchub/repo/Aesthetic_Photo_Ranking/databaserelease2/JPEG/meadows55.jpg
3105.60546875
2 - /mnt/beegfs/home/agolchub/repo/Aesthetic_Photo_Ranking/databaserelease2/JPEG/meadows339.jpg
3121.54296875
2 - /mnt/beegfs/home/agolchub/repo/Aesthetic_Photo_Ranking/databaserelease2/JPEG/meadows99.jpg
3137.48046875
2 - /mnt/beegfs/home/agolchub/repo/Aesthetic_Photo_Ranking/databaserelease2/JPEG/meadows56.jpg
3175.91015625
3 - /mnt/beegfs/home/agolchub/repo/Aesthetic_Photo_Ranking/databaserelease2/JPEG/meadows149.jpg
3176.0390625
1 - /mnt/beegfs/home/agolchub/repo/Aesthetic_Photo_Ranking/databaserelease2/JPEG/meadows399.jpg
3191.9765625
2 - /mnt/beegfs/home/agolchub/repo/Aesthetic_Photo_Ranking/databaserelease2/JPEG/meadows220.jpg
3207.97265625
2 - /mnt/beegfs/home/agolchub/repo/Aesthetic_Photo_Ranking/databaserelease2/JPEG/meadows259.jpg
3223.97265625
1 - /mnt/beegfs/home/agolchub/repo/Aesthetic_Photo_Ranking/databaserelease2/JPEG/meadows491.jpg
3239.79296875
1 - /mnt/beegfs/home/agolchub/repo/Aesthetic_Photo_Ranking/databaserelease2/JPEG/meadows301.jpg
3255.73046875
0 - /mnt/beegfs/home/agolchub/repo/Aesthetic_Photo_Ranking/databaserelease2/JPEG/meadows376.jpg
3271.66796875
3 - /mnt/beegfs/home/agolchub/repo/Aesthetic_Photo_Ranking/databaserelease2/JPEG/meadows269.jpg
3287.60546875
1 - /mnt/beegfs/home/agolchub/repo/Aesthetic_Photo_Ranking/databaserelease2/JPEG/meadows350.jpg
3303.54296875
2 - /mnt/beegfs/home/agolchub/repo/Aesthetic_Photo_Ranking/databaserelease2/JPEG/meadows155.jpg
3337.2578125
0 - /mnt/beegfs/home/agolchub/repo/Aesthetic_Photo_Ranking/databaserelease2/JPEG/meadows357.jpg
3353.21484375
3 - /mnt/beegfs/home/agolchub/repo/Aesthetic_Photo_Ranking/databaserelease2/JPEG/meadows460.jpg
3353.21484375
2022-07-20 03:29:44.465176: I tensorflow/compiler/mlir/mlir_graph_optimization_pass.cc:185] None of the MLIR Optimization Passes are enabled (registered 2)
2022-07-20 03:29:45.996839: I tensorflow/stream_executor/cuda/cuda_dnn.cc:369] Loaded cuDNN version 8201
2022-07-20 03:29:47.671292: W tensorflow/core/kernels/gpu_utils.cc:49] Failed to allocate memory for convolution redzone checking; skipping this check. This is benign and only means that we won't check cudnn for out-of-bounds reads and writes. This message will only be printed once.
2022-07-20 03:29:48.080090: W tensorflow/stream_executor/gpu/asm_compiler.cc:77] Couldn't get ptxas version string: Internal: Running ptxas --version returned 32512
2022-07-20 03:29:48.147380: W tensorflow/stream_executor/gpu/redzone_allocator.cc:314] Internal: ptxas exited with non-zero error code 32512, output: 
Relying on driver to perform ptx compilation. 
Modify $PATH to customize ptxas location.
This message will be only logged once.
2022-07-20 03:30:01.483075: I tensorflow/stream_executor/cuda/cuda_blas.cc:1760] TensorFloat-32 will be used for the matrix multiplication. This will only be logged once.
1 - /mnt/beegfs/home/agolchub/repo/Aesthetic_Photo_Ranking/databaserelease2/JPEG/meadows70.jpg
3369.15234375
1 - /mnt/beegfs/home/agolchub/repo/Aesthetic_Photo_Ranking/databaserelease2/JPEG/meadows459.jpg
3385.08984375
2 - /mnt/beegfs/home/agolchub/repo/Aesthetic_Photo_Ranking/databaserelease2/JPEG/meadows178.jpg
3418.7265625
3 - /mnt/beegfs/home/agolchub/repo/Aesthetic_Photo_Ranking/databaserelease2/JPEG/meadows359.jpg
3418.82421875
1 - /mnt/beegfs/home/agolchub/repo/Aesthetic_Photo_Ranking/databaserelease2/JPEG/meadows387.jpg
3434.76171875
2 - /mnt/beegfs/home/agolchub/repo/Aesthetic_Photo_Ranking/databaserelease2/JPEG/meadows44.jpg
3450.69921875
1 - /mnt/beegfs/home/agolchub/repo/Aesthetic_Photo_Ranking/databaserelease2/JPEG/meadows177.jpg
3466.63671875
3 - /mnt/beegfs/home/agolchub/repo/Aesthetic_Photo_Ranking/databaserelease2/JPEG/meadows289.jpg
3482.57421875
2 - /mnt/beegfs/home/agolchub/repo/Aesthetic_Photo_Ranking/databaserelease2/JPEG/meadows158.jpg
3517.47265625
2 - /mnt/beegfs/home/agolchub/repo/Aesthetic_Photo_Ranking/databaserelease2/JPEG/meadows187.jpg
3533.53515625
2 - /mnt/beegfs/home/agolchub/repo/Aesthetic_Photo_Ranking/databaserelease2/JPEG/meadows295.jpg
3549.47265625
0 - /mnt/beegfs/home/agolchub/repo/Aesthetic_Photo_Ranking/databaserelease2/JPEG/meadows319.jpg
3565.41015625
1 - /mnt/beegfs/home/agolchub/repo/Aesthetic_Photo_Ranking/databaserelease2/JPEG/meadows453.jpg
3581.34765625
1 - /mnt/beegfs/home/agolchub/repo/Aesthetic_Photo_Ranking/databaserelease2/JPEG/meadows14.jpg
3597.28515625
2 - /mnt/beegfs/home/agolchub/repo/Aesthetic_Photo_Ranking/databaserelease2/JPEG/meadows196.jpg
3613.22265625
0 - /mnt/beegfs/home/agolchub/repo/Aesthetic_Photo_Ranking/databaserelease2/JPEG/meadows343.jpg
3629.16015625
2 - /mnt/beegfs/home/agolchub/repo/Aesthetic_Photo_Ranking/databaserelease2/JPEG/meadows244.jpg
3645.09765625
2 - /mnt/beegfs/home/agolchub/repo/Aesthetic_Photo_Ranking/databaserelease2/JPEG/meadows414.jpg
3661.03515625
1 - /mnt/beegfs/home/agolchub/repo/Aesthetic_Photo_Ranking/databaserelease2/JPEG/meadows96.jpg
3661.03515625
0 - /mnt/beegfs/home/agolchub/repo/Aesthetic_Photo_Ranking/databaserelease2/JPEG/meadows234.jpg
3676.97265625
1 - /mnt/beegfs/home/agolchub/repo/Aesthetic_Photo_Ranking/databaserelease2/JPEG/meadows223.jpg
3692.91015625
2 - /mnt/beegfs/home/agolchub/repo/Aesthetic_Photo_Ranking/databaserelease2/JPEG/meadows151.jpg
3728.828125
2 - /mnt/beegfs/home/agolchub/repo/Aesthetic_Photo_Ranking/databaserelease2/JPEG/meadows200.jpg
3744.55859375
1 - /mnt/beegfs/home/agolchub/repo/Aesthetic_Photo_Ranking/databaserelease2/JPEG/meadows54.jpg
3760.7421875
1 - /mnt/beegfs/home/agolchub/repo/Aesthetic_Photo_Ranking/databaserelease2/JPEG/meadows417.jpg
3776.6796875
2 - /mnt/beegfs/home/agolchub/repo/Aesthetic_Photo_Ranking/databaserelease2/JPEG/meadows260.jpg
3792.6171875
2 - /mnt/beegfs/home/agolchub/repo/Aesthetic_Photo_Ranking/databaserelease2/JPEG/meadows356.jpg
3808.5546875
1 - /mnt/beegfs/home/agolchub/repo/Aesthetic_Photo_Ranking/databaserelease2/JPEG/meadows232.jpg
3824.4921875
3 - /mnt/beegfs/home/agolchub/repo/Aesthetic_Photo_Ranking/databaserelease2/JPEG/meadows401.jpg
3840.4296875
2 - /mnt/beegfs/home/agolchub/repo/Aesthetic_Photo_Ranking/databaserelease2/JPEG/meadows30.jpg
3856.3671875
1 - /mnt/beegfs/home/agolchub/repo/Aesthetic_Photo_Ranking/databaserelease2/JPEG/meadows433.jpg
3872.3046875
2 - /mnt/beegfs/home/agolchub/repo/Aesthetic_Photo_Ranking/databaserelease2/JPEG/meadows68.jpg
3892.75390625
2 - /mnt/beegfs/home/agolchub/repo/Aesthetic_Photo_Ranking/databaserelease2/JPEG/meadows104.jpg
3892.7734375
0 - /mnt/beegfs/home/agolchub/repo/Aesthetic_Photo_Ranking/databaserelease2/JPEG/meadows362.jpg
3904.1796875
3 - /mnt/beegfs/home/agolchub/repo/Aesthetic_Photo_Ranking/databaserelease2/JPEG/meadows5.jpg
3920.1171875
0 - /mnt/beegfs/home/agolchub/repo/Aesthetic_Photo_Ranking/databaserelease2/JPEG/meadows23.jpg
3936.0546875
2 - /mnt/beegfs/home/agolchub/repo/Aesthetic_Photo_Ranking/databaserelease2/JPEG/meadows418.jpg
3951.9921875
2 - /mnt/beegfs/home/agolchub/repo/Aesthetic_Photo_Ranking/databaserelease2/JPEG/meadows300.jpg
3994.5546875
1 - /mnt/beegfs/home/agolchub/repo/Aesthetic_Photo_Ranking/databaserelease2/JPEG/meadows471.jpg
3994.62890625
2 - /mnt/beegfs/home/agolchub/repo/Aesthetic_Photo_Ranking/databaserelease2/JPEG/meadows265.jpg
4010.56640625
1 - /mnt/beegfs/home/agolchub/repo/Aesthetic_Photo_Ranking/databaserelease2/JPEG/meadows369.jpg
4026.50390625
[[0 0 1 0 0]
 [0 0 1 0 0]
 [0 1 0 0 0]
 [0 0 1 0 0]
 [0 0 0 1 0]
 [0 0 1 0 0]
 [0 1 0 0 0]
 [0 1 0 0 0]
 [0 1 0 0 0]
 [0 0 1 0 0]
 [0 1 0 0 0]
 [0 0 1 0 0]
 [0 0 0 1 0]
 [0 1 0 0 0]
 [0 0 0 1 0]
 [0 0 1 0 0]
 [0 0 1 0 0]
 [0 0 1 0 0]
 [1 0 0 0 0]
 [0 0 1 0 0]
 [0 1 0 0 0]
 [0 1 0 0 0]
 [0 1 0 0 0]
 [0 0 0 1 0]
 [0 0 1 0 0]
 [0 0 0 1 0]
 [0 0 0 1 0]
 [0 1 0 0 0]
 [0 0 0 1 0]
 [0 0 1 0 0]
 [0 1 0 0 0]
 [0 1 0 0 0]
 [0 1 0 0 0]
 [0 0 1 0 0]
 [0 0 1 0 0]
 [0 0 1 0 0]
 [0 0 0 1 0]
 [1 0 0 0 0]
 [0 0 0 1 0]
 [0 1 0 0 0]
 [0 0 1 0 0]
 [0 1 0 0 0]
 [0 1 0 0 0]
 [0 1 0 0 0]
 [0 0 1 0 0]
 [0 0 1 0 0]
 [0 0 1 0 0]
 [0 0 0 1 0]
 [0 1 0 0 0]
 [0 0 1 0 0]
 [0 0 1 0 0]
 [0 1 0 0 0]
 [0 1 0 0 0]
 [1 0 0 0 0]
 [0 0 0 1 0]
 [0 1 0 0 0]
 [0 0 1 0 0]
 [1 0 0 0 0]
 [0 0 0 1 0]
 [0 1 0 0 0]
 [0 1 0 0 0]
 [0 0 1 0 0]
 [0 0 0 1 0]
 [0 1 0 0 0]
 [0 0 1 0 0]
 [0 1 0 0 0]
 [0 0 0 1 0]
 [0 0 1 0 0]
 [0 0 1 0 0]
 [0 0 1 0 0]
 [1 0 0 0 0]
 [0 1 0 0 0]
 [0 1 0 0 0]
 [0 0 1 0 0]
 [1 0 0 0 0]
 [0 0 1 0 0]
 [0 0 1 0 0]
 [0 1 0 0 0]
 [1 0 0 0 0]
 [0 1 0 0 0]
 [0 0 1 0 0]
 [0 0 1 0 0]
 [0 1 0 0 0]
 [0 1 0 0 0]
 [0 0 1 0 0]
 [0 0 1 0 0]
 [0 1 0 0 0]
 [0 0 0 1 0]
 [0 0 1 0 0]
 [0 1 0 0 0]
 [0 0 1 0 0]
 [0 0 1 0 0]
 [1 0 0 0 0]
 [0 0 0 1 0]
 [1 0 0 0 0]
 [0 0 1 0 0]
 [0 0 1 0 0]
 [0 1 0 0 0]
 [0 0 1 0 0]
 [0 1 0 0 0]]
[[0.05856265 0.3496739  0.48102707 0.08029402 0.03044229]
 [0.14716646 0.5437077  0.20307337 0.07858466 0.02746777]
 [0.04900321 0.27036154 0.4328694  0.23901005 0.00875575]
 [0.011562   0.25435266 0.59171003 0.13107777 0.01129753]
 [0.0189293  0.25051722 0.5515016  0.1724047  0.00664721]
 [0.06127015 0.6006819  0.1998377  0.12042489 0.01778545]
 [0.05593406 0.27085078 0.38481233 0.24871856 0.03968423]
 [0.07265723 0.44715175 0.41846615 0.04941052 0.01231442]
 [0.03896373 0.11118048 0.48617375 0.33630463 0.02737749]
 [0.03724372 0.33791232 0.389228   0.1750439  0.06057207]
 [0.04190216 0.08053752 0.6692578  0.17763032 0.03067217]
 [0.03818668 0.19574244 0.33355778 0.3900454  0.04246762]
 [0.15351655 0.32881966 0.24284895 0.2604425  0.01437231]
 [0.04784397 0.2641434  0.57759136 0.08834523 0.02207597]
 [0.02561026 0.29340664 0.42956677 0.23539643 0.01601988]
 [0.01814952 0.42445308 0.48845223 0.04219342 0.02675171]
 [0.05056553 0.3778811  0.23159844 0.3212969  0.01865799]
 [0.05813814 0.6128783  0.2467639  0.05894445 0.02327516]
 [0.06573522 0.6595876  0.11857729 0.13981564 0.01628425]
 [0.07131527 0.5354382  0.13567476 0.23316444 0.02440735]
 [0.06613785 0.42141426 0.43059322 0.07212106 0.00973362]
 [0.07463104 0.25170943 0.48828027 0.16612126 0.01925805]
 [0.15689914 0.3392296  0.2182166  0.2788134  0.00684132]
 [0.07690652 0.26006895 0.38805327 0.26320958 0.0117618 ]
 [0.02002232 0.61656076 0.09105594 0.25961527 0.01274571]
 [0.04670467 0.17082545 0.5757599  0.16533428 0.0413757 ]
 [0.07039969 0.34421933 0.21764793 0.3498248  0.01790835]
 [0.03761059 0.23410581 0.22250448 0.46522212 0.04055704]
 [0.04105276 0.50496507 0.42228612 0.02342843 0.00826761]
 [0.16147693 0.610509   0.1544229  0.05665606 0.01693514]
 [0.08289044 0.777001   0.04038908 0.09537968 0.00433979]
 [0.06884159 0.53943723 0.14592935 0.23549938 0.01029246]
 [0.09791526 0.11797644 0.73937184 0.0267217  0.01801478]
 [0.01735416 0.4224627  0.29344344 0.19462004 0.07211968]
 [0.08709009 0.17160718 0.66948324 0.05550561 0.01631394]
 [0.1669087  0.7027325  0.07063478 0.05673412 0.00298992]
 [0.11778418 0.05641161 0.55461264 0.26078507 0.01040647]
 [0.05283548 0.73015314 0.1310802  0.07664201 0.00928922]
 [0.22716579 0.372572   0.19760093 0.19394666 0.00871469]
 [0.03338476 0.4709655  0.20881969 0.27685812 0.00997202]
 [0.054581   0.7179726  0.1593009  0.05895212 0.00919345]
 [0.05682293 0.7707634  0.06528416 0.09780213 0.00932729]
 [0.516362   0.18651415 0.06896379 0.21374857 0.0144115 ]
 [0.05593807 0.65390307 0.17905863 0.07404181 0.03705838]
 [0.07957483 0.19611524 0.09018315 0.60043585 0.03369089]
 [0.0235753  0.6839265  0.18385905 0.10430218 0.0043369 ]
 [0.04111569 0.29369298 0.5101486  0.12883262 0.02621021]
 [0.0917424  0.6714111  0.02784703 0.20239137 0.0066081 ]
 [0.0054641  0.0514827  0.69893664 0.24296254 0.00115403]
 [0.04145601 0.21582076 0.5235644  0.20059732 0.01856154]
 [0.06403726 0.4152342  0.2769231  0.224495   0.01931048]
 [0.06072779 0.54653805 0.2728107  0.10265911 0.01726435]
 [0.07930325 0.31682125 0.46943676 0.12383135 0.01060729]
 [0.01885754 0.9174691  0.04349302 0.01395409 0.00622626]
 [0.07616487 0.45848694 0.3230627  0.12213379 0.02015177]
 [0.11391998 0.7114735  0.13631892 0.01840158 0.01988599]
 [0.02346552 0.11379312 0.7774276  0.07664753 0.00866618]
 [0.16008937 0.41271916 0.2458563  0.15965737 0.02167774]
 [0.06187058 0.19505318 0.5851763  0.15114966 0.00675034]
 [0.04217656 0.57125396 0.3220806  0.05294478 0.01154412]
 [0.10525559 0.17757526 0.43420976 0.27042753 0.0125319 ]
 [0.07190783 0.5300905  0.1871789  0.19360219 0.01722066]
 [0.16025957 0.33591512 0.39310277 0.0931771  0.01754542]
 [0.05319113 0.28631735 0.57714146 0.05545268 0.0278974 ]
 [0.04452899 0.62057674 0.2948098  0.03280269 0.0072818 ]
 [0.02360119 0.75427    0.1782161  0.03179253 0.01212022]
 [0.10526688 0.32105872 0.33862352 0.21562645 0.01942449]
 [0.00817552 0.5948197  0.16039768 0.23212168 0.00448539]
 [0.14472649 0.49581984 0.08655129 0.25717556 0.01572694]
 [0.15133402 0.12894513 0.41218987 0.2976169  0.00991419]
 [0.02806038 0.64184195 0.1782135  0.13973019 0.01215391]
 [0.09575599 0.25725192 0.172478   0.44622305 0.02829098]
 [0.06599186 0.49047393 0.39215314 0.04045635 0.01092472]
 [0.03963397 0.13749515 0.5391761  0.24289288 0.04080187]
 [0.03564492 0.8730474  0.04722618 0.02465031 0.01943116]
 [0.08164546 0.47958997 0.30987668 0.1183141  0.01057376]
 [0.05245762 0.30436614 0.31177202 0.30944905 0.02195525]
 [0.01859724 0.32547602 0.54286087 0.08594026 0.0271256 ]
 [0.04121341 0.19626181 0.5324818  0.1892139  0.04082915]
 [0.10467723 0.66922885 0.14911257 0.06421332 0.01276805]
 [0.09812036 0.31749794 0.42405698 0.1205282  0.03979654]
 [0.04354263 0.20898572 0.5898648  0.14062682 0.01698005]
 [0.0190944  0.27025864 0.5408092  0.16325907 0.00657866]
 [0.04013627 0.11545704 0.70948476 0.11534523 0.01957667]
 [0.01096589 0.49866652 0.3737765  0.09927868 0.01731243]
 [0.05088365 0.79002744 0.0841947  0.07089325 0.00400087]
 [0.02869285 0.77579385 0.10937429 0.06462646 0.02151249]
 [0.04665911 0.33828524 0.22281684 0.3763213  0.01591752]
 [0.172968   0.44990396 0.11982951 0.22046684 0.03683164]
 [0.02756594 0.32213175 0.43805173 0.19905683 0.01319375]
 [0.11432811 0.2948643  0.3750387  0.20447412 0.01129476]
 [0.10259472 0.43514153 0.24941257 0.14515647 0.06769478]
 [0.17860767 0.46103954 0.2030082  0.1409145  0.01643011]
 [0.15526928 0.34615058 0.20813088 0.2828369  0.00761239]
 [0.04440787 0.8273569  0.06572943 0.05687636 0.0056295 ]
 [0.03473214 0.60745305 0.2620817  0.07609038 0.01964276]
 [0.17808029 0.23096825 0.2224386  0.3557357  0.01277712]
 [0.06868161 0.21497904 0.47859356 0.212298   0.02544781]
 [0.09581308 0.26295972 0.545949   0.05850001 0.03677819]
 [0.07895258 0.54783964 0.1769462  0.16990198 0.02635965]]
[2 2 1 2 3 2 1 1 1 2 1 2 3 1 3 2 2 2 0 2 1 1 1 3 2 3 3 1 3 2 1 1 1 2 2 2 3
 0 3 1 2 1 1 1 2 2 2 3 1 2 2 1 1 0 3 1 2 0 3 1 1 2 3 1 2 1 3 2 2 2 0 1 1 2
 0 2 2 1 0 1 2 2 1 1 2 2 1 3 2 1 2 2 0 3 0 2 2 1 2 1]
[2 1 2 2 2 1 2 1 2 2 2 3 1 2 2 2 1 1 1 1 2 2 1 2 1 2 3 3 1 1 1 1 2 1 2 1 2
 1 1 1 1 1 0 1 3 1 2 1 2 2 1 1 2 1 1 1 2 1 2 1 2 1 2 2 1 1 2 1 1 2 1 3 1 2
 1 1 2 2 2 1 2 2 2 2 1 1 1 3 1 2 2 1 1 1 1 1 3 2 2 1]
4/4 - 6s - loss: 0.1601 - accuracy: 0.3200
Restored model, accuracy: 32.00%
