Input file is " ./agnet-wide.model
Output file is " 
Image path is " ./databaserelease2/NatureDataset/test
--------------------


Adding Images: Reading ./databaserelease2/NatureDataset/test/1-waters31.jpg
1
Reading ./databaserelease2/NatureDataset/test/1-waters37.jpg
1
Reading ./databaserelease2/NatureDataset/test/1-waters785.jpg
1
Reading ./databaserelease2/NatureDataset/test/10-waters141.jpg
10
Reading ./databaserelease2/NatureDataset/test/10-waters623.jpg
10
Reading ./databaserelease2/NatureDataset/test/10-waters643.jpg
10
Reading ./databaserelease2/NatureDataset/test/10-waters644.jpg
10
Reading ./databaserelease2/NatureDataset/test/10-waters667.jpg
10
Reading ./databaserelease2/NatureDataset/test/10-waters879.jpg
10
Reading ./databaserelease2/NatureDataset/test/2-forest255.jpg
2
Reading ./databaserelease2/NatureDataset/test/2-forest40.jpg
2
Reading ./databaserelease2/NatureDataset/test/2-meadows337.jpg
2
Reading ./databaserelease2/NatureDataset/test/2-waters556.jpg
2
Reading ./databaserelease2/NatureDataset/test/2-waters811.jpg
2
Reading ./databaserelease2/NatureDataset/test/2-waters815.jpg
2
Reading ./databaserelease2/NatureDataset/test/3-forest274.jpg
3
Reading ./databaserelease2/NatureDataset/test/3-meadows135.jpg
3
Reading ./databaserelease2/NatureDataset/test/3-meadows419.jpg
3
Reading ./databaserelease2/NatureDataset/test/3-meadows73.jpg
3
Reading ./databaserelease2/NatureDataset/test/3-waters1.jpg
3
Reading ./databaserelease2/NatureDataset/test/3-waters120.jpg
3
Reading ./databaserelease2/NatureDataset/test/3-waters137.jpg
3
Reading ./databaserelease2/NatureDataset/test/3-waters185.jpg
3
Reading ./databaserelease2/NatureDataset/test/3-waters297.jpg
3
Reading ./databaserelease2/NatureDataset/test/3-waters472.jpg
3
Reading ./databaserelease2/NatureDataset/test/3-waters511.jpg
3
Reading ./databaserelease2/NatureDataset/test/3-waters524.jpg
3
Reading ./databaserelease2/NatureDataset/test/3-waters602.jpg
3
Reading ./databaserelease2/NatureDataset/test/3-waters819.jpg
3
Reading ./databaserelease2/NatureDataset/test/3-waters893.jpg
3
Reading ./databaserelease2/NatureDataset/test/4-forest106.jpg
4
Reading ./databaserelease2/NatureDataset/test/4-forest130.jpg
4
Reading ./databaserelease2/NatureDataset/test/4-forest132.jpg
4
Reading ./databaserelease2/NatureDataset/test/4-forest300.jpg
4
Reading ./databaserelease2/NatureDataset/test/4-forest317.jpg
4
Reading ./databaserelease2/NatureDataset/test/4-forest328.jpg
4
Reading ./databaserelease2/NatureDataset/test/4-forest504.jpg
4
Reading ./databaserelease2/NatureDataset/test/4-forest585.jpg
4
Reading ./databaserelease2/NatureDataset/test/4-forest59.jpg
4
Reading ./databaserelease2/NatureDataset/test/4-forest599.jpg
4
Reading ./databaserelease2/NatureDataset/test/4-forest7.jpg
4
Reading ./databaserelease2/NatureDataset/test/4-meadows14.jpg
4
Reading ./databaserelease2/NatureDataset/test/4-meadows156.jpg
4
Reading ./databaserelease2/NatureDataset/test/4-meadows179.jpg
4
Reading ./databaserelease2/NatureDataset/test/4-meadows207.jpg
4
Reading ./databaserelease2/NatureDataset/test/4-meadows215.jpg
4
Reading ./databaserelease2/NatureDataset/test/4-meadows231.jpg
4
Reading ./databaserelease2/NatureDataset/test/4-meadows353.jpg
4
Reading ./databaserelease2/NatureDataset/test/4-meadows466.jpg
4
Reading ./databaserelease2/NatureDataset/test/4-meadows498.jpg
4
Reading ./databaserelease2/NatureDataset/test/4-meadows52.jpg
4
Reading ./databaserelease2/NatureDataset/test/4-waters133.jpg
4
Reading ./databaserelease2/NatureDataset/test/4-waters136.jpg
4
Reading ./databaserelease2/NatureDataset/test/4-waters242.jpg
4
Reading ./databaserelease2/NatureDataset/test/4-waters261.jpg
4
Reading ./databaserelease2/NatureDataset/test/4-waters318.jpg
4
Reading ./databaserelease2/NatureDataset/test/4-waters330.jpg
4
Reading ./databaserelease2/NatureDataset/test/4-waters356.jpg
4
Reading ./databaserelease2/NatureDataset/test/4-waters393.jpg
4
Reading ./databaserelease2/NatureDataset/test/4-waters394.jpg
4
Reading ./databaserelease2/NatureDataset/test/4-waters42.jpg
4
Reading ./databaserelease2/NatureDataset/test/4-waters44.jpg
4
Reading ./databaserelease2/NatureDataset/test/4-waters440.jpg
4
Reading ./databaserelease2/NatureDataset/test/4-waters567.jpg
4
Reading ./databaserelease2/NatureDataset/test/4-waters700.jpg
4
Reading ./databaserelease2/NatureDataset/test/4-waters881.jpg
4
Reading ./databaserelease2/NatureDataset/test/5-forest107.jpg
5
Reading ./databaserelease2/NatureDataset/test/5-forest135.jpg
5
Reading ./databaserelease2/NatureDataset/test/5-forest18.jpg
5
Reading ./databaserelease2/NatureDataset/test/5-forest182.jpg
5
Reading ./databaserelease2/NatureDataset/test/5-forest183.jpg
5
Reading ./databaserelease2/NatureDataset/test/5-forest201.jpg
5
Reading ./databaserelease2/NatureDataset/test/5-forest246.jpg
5
Reading ./databaserelease2/NatureDataset/test/5-forest257.jpg
5
Reading ./databaserelease2/NatureDataset/test/5-forest287.jpg
5
Reading ./databaserelease2/NatureDataset/test/5-forest301.jpg
5
Reading ./databaserelease2/NatureDataset/test/5-forest360.jpg
5
Reading ./databaserelease2/NatureDataset/test/5-forest379.jpg
5
Reading ./databaserelease2/NatureDataset/test/5-forest387.jpg
5
Reading ./databaserelease2/NatureDataset/test/5-forest393.jpg
5
Reading ./databaserelease2/NatureDataset/test/5-forest412.jpg
5
Reading ./databaserelease2/NatureDataset/test/5-forest414.jpg
5
Reading ./databaserelease2/NatureDataset/test/5-forest442.jpg
5
Reading ./databaserelease2/NatureDataset/test/5-forest474.jpg
5
Reading ./databaserelease2/NatureDataset/test/5-forest48.jpg
5
Reading ./databaserelease2/NatureDataset/test/5-forest5.jpg
5
Reading ./databaserelease2/NatureDataset/test/5-forest560.jpg
5
Reading ./databaserelease2/NatureDataset/test/5-forest583.jpg
5
Reading ./databaserelease2/NatureDataset/test/5-forest84.jpg
5
Reading ./databaserelease2/NatureDataset/test/5-meadows104.jpg
5
Reading ./databaserelease2/NatureDataset/test/5-meadows112.jpg
5
Reading ./databaserelease2/NatureDataset/test/5-meadows138.jpg
5
Reading ./databaserelease2/NatureDataset/test/5-meadows159.jpg
5
Reading ./databaserelease2/NatureDataset/test/5-meadows197.jpg
5
Reading ./databaserelease2/NatureDataset/test/5-meadows214.jpg
5
Reading ./databaserelease2/NatureDataset/test/5-meadows245.jpg
5
Reading ./databaserelease2/NatureDataset/test/5-meadows253.jpg
5
Reading ./databaserelease2/NatureDataset/test/5-meadows292.jpg
5
Reading ./databaserelease2/NatureDataset/test/5-meadows354.jpg
5
Reading ./databaserelease2/NatureDataset/test/5-meadows399.jpg
5
Reading ./databaserelease2/NatureDataset/test/5-meadows4.jpg
5
Reading ./databaserelease2/NatureDataset/test/5-meadows415.jpg
5
Reading ./databaserelease2/NatureDataset/test/5-meadows478.jpg
5
Reading ./databaserelease2/NatureDataset/test/5-meadows60.jpg
5
Reading ./databaserelease2/NatureDataset/test/5-meadows62.jpg
5
Reading ./databaserelease2/NatureDataset/test/5-meadows75.jpg
5
Reading ./databaserelease2/NatureDataset/test/5-meadows76.jpg
5
Reading ./databaserelease2/NatureDataset/test/5-meadows78.jpg
5
Reading ./databaserelease2/NatureDataset/test/5-waters118.jpg
5
Reading ./databaserelease2/NatureDataset/test/5-waters16.jpg
5
Reading ./databaserelease2/NatureDataset/test/5-waters17.jpg
5
Reading ./databaserelease2/NatureDataset/test/5-waters174.jpg
5
Reading ./databaserelease2/NatureDataset/test/5-waters277.jpg
5
Reading ./databaserelease2/NatureDataset/test/5-waters287.jpg
5
Reading ./databaserelease2/NatureDataset/test/5-waters322.jpg
5
Reading ./databaserelease2/NatureDataset/test/5-waters358.jpg
5
Reading ./databaserelease2/NatureDataset/test/5-waters408.jpg
5
Reading ./databaserelease2/NatureDataset/test/5-waters528.jpg
5
Reading ./databaserelease2/NatureDataset/test/5-waters546.jpg
5
Reading ./databaserelease2/NatureDataset/test/5-waters572.jpg
5
Reading ./databaserelease2/NatureDataset/test/5-waters630.jpg
5
Reading ./databaserelease2/NatureDataset/test/5-waters642.jpg
5
Reading ./databaserelease2/NatureDataset/test/5-waters670.jpg
5
Reading ./databaserelease2/NatureDataset/test/5-waters710.jpg
5
Reading ./databaserelease2/NatureDataset/test/5-waters737.jpg
5
Reading ./databaserelease2/NatureDataset/test/5-waters769.jpg
5
Reading ./databaserelease2/NatureDataset/test/5-waters809.jpg
5
Reading ./databaserelease2/NatureDataset/test/5-waters87.jpg
5
Reading ./databaserelease2/NatureDataset/test/5-waters896.jpg
5
Reading ./databaserelease2/NatureDataset/test/5-waters90.jpg
5
Reading ./databaserelease2/NatureDataset/test/6-forest129.jpg
6
Reading ./databaserelease2/NatureDataset/test/6-forest131.jpg
6
Reading ./databaserelease2/NatureDataset/test/6-forest141.jpg
6
Reading ./databaserelease2/NatureDataset/test/6-forest150.jpg
6
Reading ./databaserelease2/NatureDataset/test/6-forest161.jpg
6
Reading ./databaserelease2/NatureDataset/test/6-forest175.jpg
6
Reading ./databaserelease2/NatureDataset/test/6-forest181.jpg
6
Reading ./databaserelease2/NatureDataset/test/6-forest190.jpg
6
Reading ./databaserelease2/NatureDataset/test/6-forest210.jpg
6
Reading ./databaserelease2/NatureDataset/test/6-forest240.jpg
6
Reading ./databaserelease2/NatureDataset/test/6-forest250.jpg
6
Reading ./databaserelease2/NatureDataset/test/6-forest261.jpg
6
Reading ./databaserelease2/NatureDataset/test/6-forest267.jpg
6
Reading ./databaserelease2/NatureDataset/test/6-forest270.jpg
6
Reading ./databaserelease2/NatureDataset/test/6-forest276.jpg
6
Reading ./databaserelease2/NatureDataset/test/6-forest279.jpg
6
Reading ./databaserelease2/NatureDataset/test/6-forest306.jpg
6
Reading ./databaserelease2/NatureDataset/test/6-forest314.jpg
6
Reading ./databaserelease2/NatureDataset/test/6-forest32.jpg
6
Reading ./databaserelease2/NatureDataset/test/6-forest338.jpg
6
Reading ./databaserelease2/NatureDataset/test/6-forest346.jpg
6
Reading ./databaserelease2/NatureDataset/test/6-forest349.jpg
6
Reading ./databaserelease2/NatureDataset/test/6-forest382.jpg
6
Reading ./databaserelease2/NatureDataset/test/6-forest437.jpg
6
Reading ./databaserelease2/NatureDataset/test/6-forest456.jpg
6
Reading ./databaserelease2/NatureDataset/test/6-forest459.jpg
6
Reading ./databaserelease2/NatureDataset/test/6-forest460.jpg
6
Reading ./databaserelease2/NatureDataset/test/6-forest462.jpg
6
Reading ./databaserelease2/NatureDataset/test/6-forest480.jpg
6
Reading ./databaserelease2/NatureDataset/test/6-forest531.jpg
6
Reading ./databaserelease2/NatureDataset/test/6-forest549.jpg
6
Reading ./databaserelease2/NatureDataset/test/6-forest550.jpg
6
Reading ./databaserelease2/NatureDataset/test/6-forest565.jpg
6
Reading ./databaserelease2/NatureDataset/test/6-forest566.jpg
6
Reading ./databaserelease2/NatureDataset/test/6-forest592.jpg
6
Reading ./databaserelease2/NatureDataset/test/6-forest6.jpg
6
Reading ./databaserelease2/NatureDataset/test/6-forest81.jpg
6
Reading ./databaserelease2/NatureDataset/test/6-meadows109.jpg
6
Reading ./databaserelease2/NatureDataset/test/6-meadows158.jpg
6
Reading ./databaserelease2/NatureDataset/test/6-meadows187.jpg
6
Reading ./databaserelease2/NatureDataset/test/6-meadows201.jpg
6
Reading ./databaserelease2/NatureDataset/test/6-meadows206.jpg
6
Reading ./databaserelease2/NatureDataset/test/6-meadows218.jpg
6
Reading ./databaserelease2/NatureDataset/test/6-meadows233.jpg
6
Reading ./databaserelease2/NatureDataset/test/6-meadows238.jpg
6
Reading ./databaserelease2/NatureDataset/test/6-meadows26.jpg
6
Reading ./databaserelease2/NatureDataset/test/6-meadows278.jpg
6
Reading ./databaserelease2/NatureDataset/test/6-meadows315.jpg
6
Reading ./databaserelease2/NatureDataset/test/6-meadows316.jpg
6
Reading ./databaserelease2/NatureDataset/test/6-meadows371.jpg
6
Reading ./databaserelease2/NatureDataset/test/6-meadows382.jpg
6
Reading ./databaserelease2/NatureDataset/test/6-meadows387.jpg
6
Reading ./databaserelease2/NatureDataset/test/6-meadows411.jpg
6
Reading ./databaserelease2/NatureDataset/test/6-meadows420.jpg
6
Reading ./databaserelease2/NatureDataset/test/6-meadows432.jpg
6
Reading ./databaserelease2/NatureDataset/test/6-meadows455.jpg
6
Reading ./databaserelease2/NatureDataset/test/6-meadows59.jpg
6
Reading ./databaserelease2/NatureDataset/test/6-waters106.jpg
6
Reading ./databaserelease2/NatureDataset/test/6-waters124.jpg
6
Reading ./databaserelease2/NatureDataset/test/6-waters135.jpg
6
Reading ./databaserelease2/NatureDataset/test/6-waters145.jpg
6
Reading ./databaserelease2/NatureDataset/test/6-waters244.jpg
6
Reading ./databaserelease2/NatureDataset/test/6-waters270.jpg
6
Reading ./databaserelease2/NatureDataset/test/6-waters276.jpg
6
Reading ./databaserelease2/NatureDataset/test/6-waters280.jpg
6
Reading ./databaserelease2/NatureDataset/test/6-waters29.jpg
6
Reading ./databaserelease2/NatureDataset/test/6-waters3.jpg
6
Reading ./databaserelease2/NatureDataset/test/6-waters307.jpg
6
Reading ./databaserelease2/NatureDataset/test/6-waters319.jpg
6
Reading ./databaserelease2/NatureDataset/test/6-waters336.jpg
6
Reading ./databaserelease2/NatureDataset/test/6-waters357.jpg
6
Reading ./databaserelease2/NatureDataset/test/6-waters385.jpg
6
Reading ./databaserelease2/NatureDataset/test/6-waters386.jpg
6
Reading ./databaserelease2/NatureDataset/test/6-waters416.jpg
6
Reading ./databaserelease2/NatureDataset/test/6-waters417.jpg
6
Reading ./databaserelease2/NatureDataset/test/6-waters439.jpg
6
Reading ./databaserelease2/NatureDataset/test/6-waters457.jpg
6
Reading ./databaserelease2/NatureDataset/test/6-waters465.jpg
6
Reading ./databaserelease2/NatureDataset/test/6-waters468.jpg
6
Reading ./databaserelease2/NatureDataset/test/6-waters478.jpg
6
Reading ./databaserelease2/NatureDataset/test/6-waters513.jpg
6
Reading ./databaserelease2/NatureDataset/test/6-waters537.jpg
6
Reading ./databaserelease2/NatureDataset/test/6-waters575.jpg
6
Reading ./databaserelease2/NatureDataset/test/6-waters609.jpg
6
Reading ./databaserelease2/NatureDataset/test/6-waters634.jpg
6
Reading ./databaserelease2/NatureDataset/test/6-waters660.jpg
6
Reading ./databaserelease2/NatureDataset/test/6-waters681.jpg
6
Reading ./databaserelease2/NatureDataset/test/6-waters697.jpg
6
Reading ./databaserelease2/NatureDataset/test/6-waters727.jpg
6
Reading ./databaserelease2/NatureDataset/test/6-waters739.jpg
6
Reading ./databaserelease2/NatureDataset/test/6-waters763.jpg
6
Reading ./databaserelease2/NatureDataset/test/6-waters774.jpg
6
Reading ./databaserelease2/NatureDataset/test/6-waters814.jpg
6
Reading ./databaserelease2/NatureDataset/test/6-waters837.jpg
6
Reading ./databaserelease2/NatureDataset/test/6-waters88.jpg
6
Reading ./databaserelease2/NatureDataset/test/6-waters888.jpg
6
Reading ./databaserelease2/NatureDataset/test/6-waters91.jpg
6
Reading ./databaserelease2/NatureDataset/test/6-waters96.jpg
6
Reading ./databaserelease2/NatureDataset/test/7-forest122.jpg
7
Reading ./databaserelease2/NatureDataset/test/7-forest126.jpg
7
Reading ./databaserelease2/NatureDataset/test/7-forest189.jpg
7
Reading ./databaserelease2/NatureDataset/test/7-forest200.jpg
7
Reading ./databaserelease2/NatureDataset/test/7-forest241.jpg
7
Reading ./databaserelease2/NatureDataset/test/7-forest247.jpg
7
Reading ./databaserelease2/NatureDataset/test/7-forest248.jpg
7
Reading ./databaserelease2/NatureDataset/test/7-forest249.jpg
7
Reading ./databaserelease2/NatureDataset/test/7-forest285.jpg
7
Reading ./databaserelease2/NatureDataset/test/7-forest31.jpg
7
Reading ./databaserelease2/NatureDataset/test/7-forest315.jpg
7
Reading ./databaserelease2/NatureDataset/test/7-forest337.jpg
7
Reading ./databaserelease2/NatureDataset/test/7-forest348.jpg
7
Reading ./databaserelease2/NatureDataset/test/7-forest358.jpg
7
Reading ./databaserelease2/NatureDataset/test/7-forest370.jpg
7
Reading ./databaserelease2/NatureDataset/test/7-forest381.jpg
7
Reading ./databaserelease2/NatureDataset/test/7-forest390.jpg
7
Reading ./databaserelease2/NatureDataset/test/7-forest392.jpg
7
Reading ./databaserelease2/NatureDataset/test/7-forest419.jpg
7
Reading ./databaserelease2/NatureDataset/test/7-forest434.jpg
7
Reading ./databaserelease2/NatureDataset/test/7-forest479.jpg
7
Reading ./databaserelease2/NatureDataset/test/7-forest503.jpg
7
Reading ./databaserelease2/NatureDataset/test/7-forest505.jpg
7
Reading ./databaserelease2/NatureDataset/test/7-forest508.jpg
7
Reading ./databaserelease2/NatureDataset/test/7-forest537.jpg
7
Reading ./databaserelease2/NatureDataset/test/7-forest594.jpg
7
Reading ./databaserelease2/NatureDataset/test/7-forest80.jpg
7
Reading ./databaserelease2/NatureDataset/test/7-forest96.jpg
7
Reading ./databaserelease2/NatureDataset/test/7-meadows100.jpg
7
Reading ./databaserelease2/NatureDataset/test/7-meadows149.jpg
7
Reading ./databaserelease2/NatureDataset/test/7-meadows153.jpg
7
Reading ./databaserelease2/NatureDataset/test/7-meadows154.jpg
7
Reading ./databaserelease2/NatureDataset/test/7-meadows189.jpg
7
Reading ./databaserelease2/NatureDataset/test/7-meadows211.jpg
7
Reading ./databaserelease2/NatureDataset/test/7-meadows223.jpg
7
Reading ./databaserelease2/NatureDataset/test/7-meadows244.jpg
7
Reading ./databaserelease2/NatureDataset/test/7-meadows246.jpg
7
Reading ./databaserelease2/NatureDataset/test/7-meadows264.jpg
7
Reading ./databaserelease2/NatureDataset/test/7-meadows265.jpg
7
Reading ./databaserelease2/NatureDataset/test/7-meadows281.jpg
7
Reading ./databaserelease2/NatureDataset/test/7-meadows300.jpg
7
Reading ./databaserelease2/NatureDataset/test/7-meadows32.jpg
7
Reading ./databaserelease2/NatureDataset/test/7-meadows324.jpg
7
Reading ./databaserelease2/NatureDataset/test/7-meadows325.jpg
7
Reading ./databaserelease2/NatureDataset/test/7-meadows349.jpg
7
Reading ./databaserelease2/NatureDataset/test/7-meadows356.jpg
7
Reading ./databaserelease2/NatureDataset/test/7-meadows360.jpg
7
Reading ./databaserelease2/NatureDataset/test/7-meadows375.jpg
7
Reading ./databaserelease2/NatureDataset/test/7-meadows384.jpg
7
Reading ./databaserelease2/NatureDataset/test/7-meadows409.jpg
7
Reading ./databaserelease2/NatureDataset/test/7-meadows421.jpg
7
Reading ./databaserelease2/NatureDataset/test/7-meadows435.jpg
7
Reading ./databaserelease2/NatureDataset/test/7-meadows443.jpg
7
Reading ./databaserelease2/NatureDataset/test/7-meadows457.jpg
7
Reading ./databaserelease2/NatureDataset/test/7-meadows83.jpg
7
Reading ./databaserelease2/NatureDataset/test/7-meadows96.jpg
7
Reading ./databaserelease2/NatureDataset/test/7-waters121.jpg
7
Reading ./databaserelease2/NatureDataset/test/7-waters126.jpg
7
Reading ./databaserelease2/NatureDataset/test/7-waters154.jpg
7
Reading ./databaserelease2/NatureDataset/test/7-waters221.jpg
7
Reading ./databaserelease2/NatureDataset/test/7-waters240.jpg
7
Reading ./databaserelease2/NatureDataset/test/7-waters272.jpg
7
Reading ./databaserelease2/NatureDataset/test/7-waters289.jpg
7
Reading ./databaserelease2/NatureDataset/test/7-waters296.jpg
7
Reading ./databaserelease2/NatureDataset/test/7-waters329.jpg
7
Reading ./databaserelease2/NatureDataset/test/7-waters337.jpg
7
Reading ./databaserelease2/NatureDataset/test/7-waters366.jpg
7
Reading ./databaserelease2/NatureDataset/test/7-waters371.jpg
7
Reading ./databaserelease2/NatureDataset/test/7-waters397.jpg
7
Reading ./databaserelease2/NatureDataset/test/7-waters422.jpg
7
Reading ./databaserelease2/NatureDataset/test/7-waters428.jpg
7
Reading ./databaserelease2/NatureDataset/test/7-waters434.jpg
7
Reading ./databaserelease2/NatureDataset/test/7-waters463.jpg
7
Reading ./databaserelease2/NatureDataset/test/7-waters47.jpg
7
Reading ./databaserelease2/NatureDataset/test/7-waters499.jpg
7
Reading ./databaserelease2/NatureDataset/test/7-waters543.jpg
7
Reading ./databaserelease2/NatureDataset/test/7-waters551.jpg
7
Reading ./databaserelease2/NatureDataset/test/7-waters560.jpg
7
Reading ./databaserelease2/NatureDataset/test/7-waters569.jpg
7
Reading ./databaserelease2/NatureDataset/test/7-waters585.jpg
7
Reading ./databaserelease2/NatureDataset/test/7-waters6.jpg
7
Reading ./databaserelease2/NatureDataset/test/7-waters632.jpg
7
Reading ./databaserelease2/NatureDataset/test/7-waters637.jpg
7
Reading ./databaserelease2/NatureDataset/test/7-waters673.jpg
7
Reading ./databaserelease2/NatureDataset/test/7-waters7.jpg
7
Reading ./databaserelease2/NatureDataset/test/7-waters70.jpg
7
Reading ./databaserelease2/NatureDataset/test/7-waters756.jpg
7
Reading ./databaserelease2/NatureDataset/test/7-waters76.jpg
7
Reading ./databaserelease2/NatureDataset/test/7-waters775.jpg
7
Reading ./databaserelease2/NatureDataset/test/7-waters85.jpg
7
Reading ./databaserelease2/NatureDataset/test/7-waters855.jpg
7
Reading ./databaserelease2/NatureDataset/test/7-waters856.jpg
7
Reading ./databaserelease2/NatureDataset/test/7-waters863.jpg
7
Reading ./databaserelease2/NatureDataset/test/7-waters866.jpg
7
Reading ./databaserelease2/NatureDataset/test/7-waters97.jpg
7
Reading ./databaserelease2/NatureDataset/test/8-forest167.jpg
8
Reading ./databaserelease2/NatureDataset/test/8-forest168.jpg
8
Reading ./databaserelease2/NatureDataset/test/8-forest185.jpg
8
Reading ./databaserelease2/NatureDataset/test/8-forest20.jpg
8
Reading ./databaserelease2/NatureDataset/test/8-forest265.jpg
8
Reading ./databaserelease2/NatureDataset/test/8-forest345.jpg
8
Reading ./databaserelease2/NatureDataset/test/8-forest369.jpg
8
Reading ./databaserelease2/NatureDataset/test/8-forest39.jpg
8
Reading ./databaserelease2/NatureDataset/test/8-forest447.jpg
8
Reading ./databaserelease2/NatureDataset/test/8-forest495.jpg
8
Reading ./databaserelease2/NatureDataset/test/8-forest529.jpg
8
Reading ./databaserelease2/NatureDataset/test/8-forest579.jpg
8
Reading ./databaserelease2/NatureDataset/test/8-forest586.jpg
8
Reading ./databaserelease2/NatureDataset/test/8-meadows174.jpg
8
Reading ./databaserelease2/NatureDataset/test/8-meadows202.jpg
8
Reading ./databaserelease2/NatureDataset/test/8-meadows228.jpg
8
Reading ./databaserelease2/NatureDataset/test/8-meadows248.jpg
8
Reading ./databaserelease2/NatureDataset/test/8-meadows252.jpg
8
Reading ./databaserelease2/NatureDataset/test/8-meadows256.jpg
8
Reading ./databaserelease2/NatureDataset/test/8-meadows3.jpg
8
Reading ./databaserelease2/NatureDataset/test/8-meadows323.jpg
8
Reading ./databaserelease2/NatureDataset/test/8-meadows405.jpg
8
Reading ./databaserelease2/NatureDataset/test/8-meadows423.jpg
8
Reading ./databaserelease2/NatureDataset/test/8-meadows427.jpg
8
Reading ./databaserelease2/NatureDataset/test/8-meadows476.jpg
8
Reading ./databaserelease2/NatureDataset/test/8-meadows482.jpg
8
Reading ./databaserelease2/NatureDataset/test/8-meadows86.jpg
8
Reading ./databaserelease2/NatureDataset/test/8-waters114.jpg
8
Reading ./databaserelease2/NatureDataset/test/8-waters125.jpg
8
Reading ./databaserelease2/NatureDataset/test/8-waters161.jpg
8
Reading ./databaserelease2/NatureDataset/test/8-waters177.jpg
8
Reading ./databaserelease2/NatureDataset/test/8-waters223.jpg
8
Reading ./databaserelease2/NatureDataset/test/8-waters301.jpg
8
Reading ./databaserelease2/NatureDataset/test/8-waters379.jpg
8
Reading ./databaserelease2/NatureDataset/test/8-waters396.jpg
8
Reading ./databaserelease2/NatureDataset/test/8-waters403.jpg
8
Reading ./databaserelease2/NatureDataset/test/8-waters409.jpg
8
Reading ./databaserelease2/NatureDataset/test/8-waters448.jpg
8
Reading ./databaserelease2/NatureDataset/test/8-waters462.jpg
8
Reading ./databaserelease2/NatureDataset/test/8-waters469.jpg
8
Reading ./databaserelease2/NatureDataset/test/8-waters50.jpg
8
Reading ./databaserelease2/NatureDataset/test/8-waters509.jpg
8
Reading ./databaserelease2/NatureDataset/test/8-waters536.jpg
8
Reading ./databaserelease2/NatureDataset/test/8-waters559.jpg
8
Reading ./databaserelease2/NatureDataset/test/8-waters580.jpg
8
Reading ./databaserelease2/NatureDataset/test/8-waters591.jpg
8
Reading ./databaserelease2/NatureDataset/test/8-waters597.jpg
8
Reading ./databaserelease2/NatureDataset/test/8-waters63.jpg
8
Reading ./databaserelease2/NatureDataset/test/8-waters680.jpg
8
Reading ./databaserelease2/NatureDataset/test/8-waters684.jpg
8
Reading ./databaserelease2/NatureDataset/test/8-waters690.jpg
8
Reading ./databaserelease2/NatureDataset/test/8-waters772.jpg
8
Reading ./databaserelease2/NatureDataset/test/8-waters843.jpg
8
Reading ./databaserelease2/NatureDataset/test/8-waters857.jpg
8
Reading ./databaserelease2/NatureDataset/test/8-waters861.jpg
8
Reading ./databaserelease2/NatureDataset/test/8-waters867.jpg
8
2021-10-25 15:58:21.389165: I tensorflow/core/platform/cpu_feature_guard.cc:142] This TensorFlow binary is optimized with oneAPI Deep Neural Network Library (oneDNN) to use the following CPU instructions in performance-critical operations:  AVX2 FMA
To enable them in other operations, rebuild TensorFlow with the appropriate compiler flags.
2021-10-25 15:58:22.195464: I tensorflow/core/common_runtime/gpu/gpu_device.cc:1510] Created device /job:localhost/replica:0/task:0/device:GPU:0 with 38426 MB memory:  -> device: 0, name: A100-PCIE-40GB, pci bus id: 0000:21:00.0, compute capability: 8.0
2021-10-25 15:58:26.484673: W tensorflow/core/util/tensor_slice_reader.cc:95] Could not open ./agnet-wide.model.checkpoint/checkpoint: Data loss: not an sstable (bad magic number): perhaps your file is in a different file format and you need to use a different restore operator?
Reading ./databaserelease2/NatureDataset/test/9-forest145.jpg
9
Reading ./databaserelease2/NatureDataset/test/9-forest160.jpg
9
Reading ./databaserelease2/NatureDataset/test/9-forest221.jpg
9
Reading ./databaserelease2/NatureDataset/test/9-forest25.jpg
9
Reading ./databaserelease2/NatureDataset/test/9-forest428.jpg
9
Reading ./databaserelease2/NatureDataset/test/9-forest476.jpg
9
Reading ./databaserelease2/NatureDataset/test/9-forest500.jpg
9
Reading ./databaserelease2/NatureDataset/test/9-forest513.jpg
9
Reading ./databaserelease2/NatureDataset/test/9-meadows263.jpg
9
Reading ./databaserelease2/NatureDataset/test/9-meadows380.jpg
9
Reading ./databaserelease2/NatureDataset/test/9-meadows402.jpg
9
Reading ./databaserelease2/NatureDataset/test/9-waters116.jpg
9
Reading ./databaserelease2/NatureDataset/test/9-waters215.jpg
9
Reading ./databaserelease2/NatureDataset/test/9-waters218.jpg
9
Reading ./databaserelease2/NatureDataset/test/9-waters248.jpg
9
Reading ./databaserelease2/NatureDataset/test/9-waters269.jpg
9
Reading ./databaserelease2/NatureDataset/test/9-waters32.jpg
9
Reading ./databaserelease2/NatureDataset/test/9-waters474.jpg
9
Reading ./databaserelease2/NatureDataset/test/9-waters540.jpg
9
Reading ./databaserelease2/NatureDataset/test/9-waters622.jpg
9
Reading ./databaserelease2/NatureDataset/test/9-waters655.jpg
9
Reading ./databaserelease2/NatureDataset/test/9-waters757.jpg
9
Reading ./databaserelease2/NatureDataset/test/9-waters849.jpg
9

Read 402 images.


Traceback (most recent call last):
  File "/mnt/beegfs/home/agolchub/repo/Aesthetic_Photo_Ranking/./train.py", line 476, in <module>
    main(sys.argv[1:])
  File "/mnt/beegfs/home/agolchub/repo/Aesthetic_Photo_Ranking/./train.py", line 471, in main
    test(modelin,imagepath)
  File "/mnt/beegfs/home/agolchub/repo/Aesthetic_Photo_Ranking/./train.py", line 383, in test
    model.load_weights(modelin+".checkpoint/checkpoint")
  File "/mnt/beegfs/home/agolchub/miniconda3/envs/tf2-gpu/lib/python3.9/site-packages/keras/engine/training.py", line 2354, in load_weights
    with h5py.File(filepath, 'r') as f:
  File "/mnt/beegfs/home/agolchub/miniconda3/envs/tf2-gpu/lib/python3.9/site-packages/h5py/_hl/files.py", line 424, in __init__
    fid = make_fid(name, mode, userblock_size,
  File "/mnt/beegfs/home/agolchub/miniconda3/envs/tf2-gpu/lib/python3.9/site-packages/h5py/_hl/files.py", line 190, in make_fid
    fid = h5f.open(name, flags, fapl=fapl)
  File "h5py/_objects.pyx", line 54, in h5py._objects.with_phil.wrapper
  File "h5py/_objects.pyx", line 55, in h5py._objects.with_phil.wrapper
  File "h5py/h5f.pyx", line 96, in h5py.h5f.open
OSError: Unable to open file (file signature not found)
srun: error: nodegpu002: task 0: Exited with exit code 1
