
CommandNotFoundError: Your shell has not been properly configured to use 'conda activate'.
To initialize your shell, run

    $ conda init <SHELL_NAME>

Currently supported shells are:
  - bash
  - fish
  - tcsh
  - xonsh
  - zsh
  - powershell

See 'conda init --help' for more information and options.

IMPORTANT: You may need to close and restart your shell after running 'conda init'.


Wed Oct 27 02:22:50 2021       
+-----------------------------------------------------------------------------+
| NVIDIA-SMI 460.32.03    Driver Version: 460.32.03    CUDA Version: 11.2     |
|-------------------------------+----------------------+----------------------+
| GPU  Name        Persistence-M| Bus-Id        Disp.A | Volatile Uncorr. ECC |
| Fan  Temp  Perf  Pwr:Usage/Cap|         Memory-Usage | GPU-Util  Compute M. |
|                               |                      |               MIG M. |
|===============================+======================+======================|
|   0  A100-PCIE-40GB      Off  | 00000000:21:00.0 Off |                    0 |
| N/A   56C    P0    46W / 250W |      0MiB / 40536MiB |      0%      Default |
|                               |                      |             Disabled |
+-------------------------------+----------------------+----------------------+
                                                                               
+-----------------------------------------------------------------------------+
| Processes:                                                                  |
|  GPU   GI   CI        PID   Type   Process name                  GPU Memory |
|        ID   ID                                                   Usage      |
|=============================================================================|
|  No running processes found                                                 |
+-----------------------------------------------------------------------------+
2021-10-27 02:23:02.884063: I tensorflow/core/platform/cpu_feature_guard.cc:142] This TensorFlow binary is optimized with oneAPI Deep Neural Network Library (oneDNN) to use the following CPU instructions in performance-critical operations:  AVX2 FMA
To enable them in other operations, rebuild TensorFlow with the appropriate compiler flags.
2021-10-27 02:23:03.698927: I tensorflow/core/common_runtime/gpu/gpu_device.cc:1510] Created device /job:localhost/replica:0/task:0/device:GPU:0 with 38426 MB memory:  -> device: 0, name: A100-PCIE-40GB, pci bus id: 0000:21:00.0, compute capability: 8.0
/mnt/beegfs/home/agolchub/miniconda3/envs/tf2-gpu/lib/python3.9/site-packages/keras/optimizer_v2/optimizer_v2.py:355: UserWarning: The `lr` argument is deprecated, use `learning_rate` instead.
  warnings.warn(
Input file is " agnet.simplemodel.3.meadows.1
Output file is " agnet.simplemodel.3.meadows.2
Image path is " 
--------------------


Model: "model"
_________________________________________________________________
Layer (type)                 Output Shape              Param #   
=================================================================
input_1 (InputLayer)         [(None, 1024, 680, 3)]    0         
_________________________________________________________________
conv2d (Conv2D)              (None, 149, 149, 32)      1115168   
_________________________________________________________________
batch_normalization (BatchNo (None, 149, 149, 32)      128       
_________________________________________________________________
dropout (Dropout)            (None, 149, 149, 32)      0         
_________________________________________________________________
conv2d_1 (Conv2D)            (None, 42, 42, 64)        8921152   
_________________________________________________________________
batch_normalization_1 (Batch (None, 42, 42, 64)        256       
_________________________________________________________________
dropout_1 (Dropout)          (None, 42, 42, 64)        0         
_________________________________________________________________
conv2d_2 (Conv2D)            (None, 14, 14, 128)       2097280   
_________________________________________________________________
batch_normalization_2 (Batch (None, 14, 14, 128)       512       
_________________________________________________________________
dropout_2 (Dropout)          (None, 14, 14, 128)       0         
_________________________________________________________________
conv2d_3 (Conv2D)            (None, 4, 4, 256)         1605888   
_________________________________________________________________
batch_normalization_3 (Batch (None, 4, 4, 256)         1024      
_________________________________________________________________
dropout_3 (Dropout)          (None, 4, 4, 256)         0         
_________________________________________________________________
conv2d_4 (Conv2D)            (None, 2, 2, 512)         1180160   
_________________________________________________________________
batch_normalization_4 (Batch (None, 2, 2, 512)         2048      
_________________________________________________________________
dropout_4 (Dropout)          (None, 2, 2, 512)         0         
_________________________________________________________________
flatten (Flatten)            (None, 2048)              0         
_________________________________________________________________
dense (Dense)                (None, 512)               1049088   
_________________________________________________________________
dropout_5 (Dropout)          (None, 512)               0         
_________________________________________________________________
dense_1 (Dense)              (None, 256)               131328    
_________________________________________________________________
dropout_6 (Dropout)          (None, 256)               0         
_________________________________________________________________
dense_2 (Dense)              (None, 1)                 257       
=================================================================
Total params: 16,104,289
Trainable params: 16,102,305
Non-trainable params: 1,984
_________________________________________________________________
None
Adding Images: Reading ./databaserelease2/NatureDataset2/train2/7-meadows356.jpg
7
Reading ./databaserelease2/NatureDataset2/train2/4-meadows280.jpg
4
Reading ./databaserelease2/NatureDataset2/train2/7-meadows162.jpg
7
Reading ./databaserelease2/NatureDataset2/train2/3-meadows152.jpg
3
Reading ./databaserelease2/NatureDataset2/train2/3-meadows331.jpg
3
Reading ./databaserelease2/NatureDataset2/train2/9-meadows494.jpg
9
Reading ./databaserelease2/NatureDataset2/train2/1-meadows193.jpg
1
Reading ./databaserelease2/NatureDataset2/train2/5-meadows249.jpg
5
Reading ./databaserelease2/NatureDataset2/train2/9-meadows370.jpg
9
Reading ./databaserelease2/NatureDataset2/train2/4-meadows229.jpg
4
Reading ./databaserelease2/NatureDataset2/train2/9-meadows484.jpg
9
Reading ./databaserelease2/NatureDataset2/train2/4-meadows450.jpg
4
Reading ./databaserelease2/NatureDataset2/train2/1-meadows220.jpg
1
Reading ./databaserelease2/NatureDataset2/train2/5-meadows38.jpg
5
Reading ./databaserelease2/NatureDataset2/train2/7-meadows409.jpg
7
Reading ./databaserelease2/NatureDataset2/train2/1-meadows97.jpg
1
Reading ./databaserelease2/NatureDataset2/train2/3-meadows104.jpg
3
Reading ./databaserelease2/NatureDataset2/train2/9-meadows482.jpg
9
Reading ./databaserelease2/NatureDataset2/train2/10-meadows173.jpg
10
Reading ./databaserelease2/NatureDataset2/train2/4-meadows278.jpg
4
Reading ./databaserelease2/NatureDataset2/train2/2-meadows320.jpg
2
Reading ./databaserelease2/NatureDataset2/train2/3-meadows444.jpg
3
Reading ./databaserelease2/NatureDataset2/train2/2-meadows299.jpg
2
Reading ./databaserelease2/NatureDataset2/train2/5-meadows109.jpg
5
Reading ./databaserelease2/NatureDataset2/train2/7-meadows27.jpg
7
Reading ./databaserelease2/NatureDataset2/train2/5-meadows36.jpg
5
Reading ./databaserelease2/NatureDataset2/train2/10-meadows366.jpg
10
Reading ./databaserelease2/NatureDataset2/train2/4-meadows206.jpg
4
Reading ./databaserelease2/NatureDataset2/train2/5-meadows492.jpg
5
Reading ./databaserelease2/NatureDataset2/train2/5-meadows99.jpg
5
Reading ./databaserelease2/NatureDataset2/train2/7-meadows381.jpg
7
Reading ./databaserelease2/NatureDataset2/train2/9-meadows86.jpg
9
Reading ./databaserelease2/NatureDataset2/train2/5-meadows345.jpg
5
Reading ./databaserelease2/NatureDataset2/train2/8-meadows401.jpg
8
Reading ./databaserelease2/NatureDataset2/train2/5-meadows201.jpg
5
Reading ./databaserelease2/NatureDataset2/train2/3-meadows394.jpg
3
Reading ./databaserelease2/NatureDataset2/train2/2-meadows319.jpg
2
Reading ./databaserelease2/NatureDataset2/train2/3-meadows245.jpg
3
Reading ./databaserelease2/NatureDataset2/train2/2-meadows231.jpg
2
Reading ./databaserelease2/NatureDataset2/train2/6-meadows211.jpg
6
Reading ./databaserelease2/NatureDataset2/train2/2-meadows463.jpg
2
Reading ./databaserelease2/NatureDataset2/train2/8-meadows421.jpg
8
Reading ./databaserelease2/NatureDataset2/train2/3-meadows42.jpg
3
Reading ./databaserelease2/NatureDataset2/train2/9-meadows380.jpg
9
Reading ./databaserelease2/NatureDataset2/train2/9-meadows367.jpg
9
Reading ./databaserelease2/NatureDataset2/train2/7-meadows29.jpg
7
Reading ./databaserelease2/NatureDataset2/train2/2-meadows493.jpg
2
Reading ./databaserelease2/NatureDataset2/train2/5-meadows44.jpg
5
Reading ./databaserelease2/NatureDataset2/train2/7-meadows368.jpg
7
Reading ./databaserelease2/NatureDataset2/train2/7-meadows223.jpg
7
Reading ./databaserelease2/NatureDataset2/train2/7-meadows453.jpg
7
Reading ./databaserelease2/NatureDataset2/train2/9-meadows252.jpg
9
Reading ./databaserelease2/NatureDataset2/train2/4-meadows316.jpg
4
Reading ./databaserelease2/NatureDataset2/train2/1-meadows347.jpg
1
Reading ./databaserelease2/NatureDataset2/train2/6-meadows127.jpg
6
Reading ./databaserelease2/NatureDataset2/train2/1-meadows364.jpg
1
Reading ./databaserelease2/NatureDataset2/train2/1-meadows361.jpg
1
Reading ./databaserelease2/NatureDataset2/train2/3-meadows327.jpg
3
Reading ./databaserelease2/NatureDataset2/train2/1-meadows376.jpg
1
Reading ./databaserelease2/NatureDataset2/train2/4-meadows140.jpg
4
Reading ./databaserelease2/NatureDataset2/train2/6-meadows397.jpg
6
Reading ./databaserelease2/NatureDataset2/train2/7-meadows204.jpg
7
Reading ./databaserelease2/NatureDataset2/train2/6-meadows246.jpg
6
Reading ./databaserelease2/NatureDataset2/train2/5-meadows343.jpg
5
Reading ./databaserelease2/NatureDataset2/train2/6-meadows426.jpg
6
Reading ./databaserelease2/NatureDataset2/train2/9-meadows289.jpg
9
Reading ./databaserelease2/NatureDataset2/train2/8-meadows212.jpg
8
Reading ./databaserelease2/NatureDataset2/train2/3-meadows155.jpg
3
Reading ./databaserelease2/NatureDataset2/train2/6-meadows213.jpg
6
Reading ./databaserelease2/NatureDataset2/train2/8-meadows408.jpg
8
Reading ./databaserelease2/NatureDataset2/train2/5-meadows128.jpg
5
Reading ./databaserelease2/NatureDataset2/train2/3-meadows117.jpg
3
Reading ./databaserelease2/NatureDataset2/train2/5-meadows452.jpg
5
Reading ./databaserelease2/NatureDataset2/train2/7-meadows287.jpg
7
Reading ./databaserelease2/NatureDataset2/train2/8-meadows194.jpg
8
Reading ./databaserelease2/NatureDataset2/train2/4-meadows314.jpg
4
Reading ./databaserelease2/NatureDataset2/train2/8-meadows300.jpg
8
Reading ./databaserelease2/NatureDataset2/train2/5-meadows218.jpg
5
Reading ./databaserelease2/NatureDataset2/train2/4-meadows233.jpg
4
Reading ./databaserelease2/NatureDataset2/train2/6-meadows448.jpg
6
Reading ./databaserelease2/NatureDataset2/train2/5-meadows85.jpg
5
Reading ./databaserelease2/NatureDataset2/train2/7-meadows414.jpg
7
Reading ./databaserelease2/NatureDataset2/train2/1-meadows215.jpg
1
Reading ./databaserelease2/NatureDataset2/train2/2-meadows156.jpg
2
Reading ./databaserelease2/NatureDataset2/train2/4-meadows222.jpg
4
Reading ./databaserelease2/NatureDataset2/train2/5-meadows259.jpg
5
Reading ./databaserelease2/NatureDataset2/train2/3-meadows294.jpg
3
Reading ./databaserelease2/NatureDataset2/train2/7-meadows244.jpg
7
Reading ./databaserelease2/NatureDataset2/train2/7-meadows6.jpg
7
Reading ./databaserelease2/NatureDataset2/train2/7-meadows464.jpg
7
Reading ./databaserelease2/NatureDataset2/train2/1-meadows330.jpg
1
Reading ./databaserelease2/NatureDataset2/train2/6-meadows136.jpg
6
Reading ./databaserelease2/NatureDataset2/train2/1-meadows199.jpg
1
Reading ./databaserelease2/NatureDataset2/train2/7-meadows92.jpg
7
Reading ./databaserelease2/NatureDataset2/train2/7-meadows121.jpg
7
Reading ./databaserelease2/NatureDataset2/train2/2-meadows386.jpg
2
Reading ./databaserelease2/NatureDataset2/train2/8-meadows68.jpg
8
Reading ./databaserelease2/NatureDataset2/train2/2-meadows266.jpg
2
Reading ./databaserelease2/NatureDataset2/train2/2-meadows209.jpg
2
Reading ./databaserelease2/NatureDataset2/train2/1-meadows235.jpg
1
Reading ./databaserelease2/NatureDataset2/train2/8-meadows126.jpg
8
Reading ./databaserelease2/NatureDataset2/train2/4-meadows411.jpg
4
Reading ./databaserelease2/NatureDataset2/train2/6-meadows458.jpg
6
Reading ./databaserelease2/NatureDataset2/train2/8-meadows202.jpg
8
Reading ./databaserelease2/NatureDataset2/train2/4-meadows151.jpg
4
Reading ./databaserelease2/NatureDataset2/train2/2-meadows247.jpg
2
Reading ./databaserelease2/NatureDataset2/train2/3-meadows346.jpg
3
Reading ./databaserelease2/NatureDataset2/train2/5-meadows282.jpg
5
Reading ./databaserelease2/NatureDataset2/train2/5-meadows500.jpg
5
Reading ./databaserelease2/NatureDataset2/train2/5-meadows467.jpg
5
Reading ./databaserelease2/NatureDataset2/train2/8-meadows332.jpg
8
Reading ./databaserelease2/NatureDataset2/train2/5-meadows341.jpg
5
Reading ./databaserelease2/NatureDataset2/train2/5-meadows158.jpg
5
Reading ./databaserelease2/NatureDataset2/train2/3-meadows177.jpg
3
Reading ./databaserelease2/NatureDataset2/train2/8-meadows433.jpg
8
Reading ./databaserelease2/NatureDataset2/train2/6-meadows443.jpg
6
Reading ./databaserelease2/NatureDataset2/train2/6-meadows178.jpg
6
Reading ./databaserelease2/NatureDataset2/train2/5-meadows192.jpg
5
Reading ./databaserelease2/NatureDataset2/train2/8-meadows485.jpg
8
Reading ./databaserelease2/NatureDataset2/train2/5-meadows20.jpg
5
Reading ./databaserelease2/NatureDataset2/train2/2-meadows276.jpg
2
Reading ./databaserelease2/NatureDataset2/train2/1-meadows434.jpg
1
Reading ./databaserelease2/NatureDataset2/train2/5-meadows210.jpg
5
Reading ./databaserelease2/NatureDataset2/train2/4-meadows4.jpg
4
Reading ./databaserelease2/NatureDataset2/train2/10-meadows396.jpg
10
Reading ./databaserelease2/NatureDataset2/train2/1-meadows160.jpg
1
Reading ./databaserelease2/NatureDataset2/train2/6-meadows257.jpg
6
Reading ./databaserelease2/NatureDataset2/train2/7-meadows165.jpg
7
Reading ./databaserelease2/NatureDataset2/train2/3-meadows288.jpg
3
Reading ./databaserelease2/NatureDataset2/train2/7-meadows216.jpg
7
Reading ./databaserelease2/NatureDataset2/train2/3-meadows224.jpg
3
Reading ./databaserelease2/NatureDataset2/train2/3-meadows290.jpg
3
Reading ./databaserelease2/NatureDataset2/train2/3-meadows21.jpg
3
Reading ./databaserelease2/NatureDataset2/train2/8-meadows182.jpg
8
Reading ./databaserelease2/NatureDataset2/train2/5-meadows227.jpg
5
Reading ./databaserelease2/NatureDataset2/train2/7-meadows166.jpg
7
Reading ./databaserelease2/NatureDataset2/train2/1-meadows293.jpg
1
Reading ./databaserelease2/NatureDataset2/train2/7-meadows148.jpg
7
Reading ./databaserelease2/NatureDataset2/train2/5-meadows333.jpg
5
Reading ./databaserelease2/NatureDataset2/train2/1-meadows66.jpg
1
Reading ./databaserelease2/NatureDataset2/train2/5-meadows455.jpg
5
Reading ./databaserelease2/NatureDataset2/train2/7-meadows272.jpg
7
Reading ./databaserelease2/NatureDataset2/train2/4-meadows230.jpg
4
Reading ./databaserelease2/NatureDataset2/train2/7-meadows392.jpg
7
Reading ./databaserelease2/NatureDataset2/train2/1-meadows226.jpg
1
Reading ./databaserelease2/NatureDataset2/train2/10-meadows57.jpg
10
Reading ./databaserelease2/NatureDataset2/train2/9-meadows310.jpg
9
Reading ./databaserelease2/NatureDataset2/train2/7-meadows22.jpg
7
Reading ./databaserelease2/NatureDataset2/train2/3-meadows142.jpg
3
Reading ./databaserelease2/NatureDataset2/train2/8-meadows180.jpg
8
Reading ./databaserelease2/NatureDataset2/train2/5-meadows473.jpg
5
Reading ./databaserelease2/NatureDataset2/train2/2-meadows353.jpg
2
Reading ./databaserelease2/NatureDataset2/train2/7-meadows167.jpg
7
Reading ./databaserelease2/NatureDataset2/train2/3-meadows250.jpg
3
Reading ./databaserelease2/NatureDataset2/train2/6-meadows108.jpg
6
Reading ./databaserelease2/NatureDataset2/train2/4-meadows461.jpg
4
Reading ./databaserelease2/NatureDataset2/train2/9-meadows390.jpg
9
Reading ./databaserelease2/NatureDataset2/train2/2-meadows462.jpg
2
Reading ./databaserelease2/NatureDataset2/train2/9-meadows374.jpg
9
Reading ./databaserelease2/NatureDataset2/train2/3-meadows460.jpg
3
Reading ./databaserelease2/NatureDataset2/train2/7-meadows488.jpg
7
Reading ./databaserelease2/NatureDataset2/train2/5-meadows379.jpg
5
Reading ./databaserelease2/NatureDataset2/train2/4-meadows382.jpg
4
Reading ./databaserelease2/NatureDataset2/train2/3-meadows13.jpg
3
Reading ./databaserelease2/NatureDataset2/train2/8-meadows273.jpg
8
Reading ./databaserelease2/NatureDataset2/train2/3-meadows359.jpg
3
Reading ./databaserelease2/NatureDataset2/train2/7-meadows153.jpg
7
Reading ./databaserelease2/NatureDataset2/train2/10-meadows90.jpg
10
Reading ./databaserelease2/NatureDataset2/train2/5-meadows72.jpg
5
Reading ./databaserelease2/NatureDataset2/train2/5-meadows357.jpg
5
Reading ./databaserelease2/NatureDataset2/train2/3-meadows170.jpg
3
Reading ./databaserelease2/NatureDataset2/train2/2-meadows292.jpg
2
Reading ./databaserelease2/NatureDataset2/train2/7-meadows328.jpg
7
Reading ./databaserelease2/NatureDataset2/train2/3-meadows352.jpg
3
Reading ./databaserelease2/NatureDataset2/train2/1-meadows232.jpg
1
Reading ./databaserelease2/NatureDataset2/train2/5-meadows196.jpg
5
Reading ./databaserelease2/NatureDataset2/train2/1-meadows130.jpg
1
Reading ./databaserelease2/NatureDataset2/train2/7-meadows325.jpg
7
Reading ./databaserelease2/NatureDataset2/train2/8-meadows307.jpg
8
Reading ./databaserelease2/NatureDataset2/train2/8-meadows186.jpg
8
Reading ./databaserelease2/NatureDataset2/train2/2-meadows188.jpg
2
Reading ./databaserelease2/NatureDataset2/train2/2-meadows25.jpg
2
Reading ./databaserelease2/NatureDataset2/train2/4-meadows363.jpg
4
Reading ./databaserelease2/NatureDataset2/train2/7-meadows241.jpg
7
Reading ./databaserelease2/NatureDataset2/train2/7-meadows438.jpg
7
Reading ./databaserelease2/NatureDataset2/train2/1-meadows372.jpg
1
Reading ./databaserelease2/NatureDataset2/train2/3-meadows303.jpg
3
Reading ./databaserelease2/NatureDataset2/train2/4-meadows420.jpg
4
Reading ./databaserelease2/NatureDataset2/train2/3-meadows239.jpg
3
Reading ./databaserelease2/NatureDataset2/train2/8-meadows74.jpg
8
Reading ./databaserelease2/NatureDataset2/train2/6-meadows389.jpg
6
Reading ./databaserelease2/NatureDataset2/train2/1-meadows459.jpg
1
Reading ./databaserelease2/NatureDataset2/train2/3-meadows138.jpg
3
Reading ./databaserelease2/NatureDataset2/train2/4-meadows26.jpg
4
Reading ./databaserelease2/NatureDataset2/train2/6-meadows45.jpg
6
Reading ./databaserelease2/NatureDataset2/train2/5-meadows181.jpg
5
Reading ./databaserelease2/NatureDataset2/train2/6-meadows154.jpg
6
Reading ./databaserelease2/NatureDataset2/train2/1-meadows8.jpg
1
Reading ./databaserelease2/NatureDataset2/train2/5-meadows17.jpg
5
Reading ./databaserelease2/NatureDataset2/train2/6-meadows474.jpg
6
Reading ./databaserelease2/NatureDataset2/train2/9-meadows228.jpg
9
Reading ./databaserelease2/NatureDataset2/train2/2-meadows214.jpg
2
Reading ./databaserelease2/NatureDataset2/train2/7-meadows283.jpg
7
Reading ./databaserelease2/NatureDataset2/train2/3-meadows172.jpg
3
Reading ./databaserelease2/NatureDataset2/train2/9-meadows326.jpg
9
Reading ./databaserelease2/NatureDataset2/train2/5-meadows69.jpg
5
Reading ./databaserelease2/NatureDataset2/train2/8-meadows317.jpg
8
Reading ./databaserelease2/NatureDataset2/train2/9-meadows256.jpg
9
Reading ./databaserelease2/NatureDataset2/train2/1-meadows81.jpg
1
Reading ./databaserelease2/NatureDataset2/train2/6-meadows134.jpg
6
Reading ./databaserelease2/NatureDataset2/train2/2-meadows34.jpg
2
Reading ./databaserelease2/NatureDataset2/train2/9-meadows88.jpg
9
Reading ./databaserelease2/NatureDataset2/train2/2-meadows468.jpg
2
Reading ./databaserelease2/NatureDataset2/train2/6-meadows124.jpg
6
Reading ./databaserelease2/NatureDataset2/train2/9-meadows10.jpg
9
Reading ./databaserelease2/NatureDataset2/train2/9-meadows431.jpg
9
Reading ./databaserelease2/NatureDataset2/train2/7-meadows103.jpg
7
Reading ./databaserelease2/NatureDataset2/train2/1-meadows47.jpg
1
Reading ./databaserelease2/NatureDataset2/train2/6-meadows96.jpg
6
Reading ./databaserelease2/NatureDataset2/train2/8-meadows384.jpg
8
Reading ./databaserelease2/NatureDataset2/train2/3-meadows141.jpg
3
Reading ./databaserelease2/NatureDataset2/train2/2-meadows487.jpg
2
Reading ./databaserelease2/NatureDataset2/train2/6-meadows264.jpg
6
Reading ./databaserelease2/NatureDataset2/train2/6-meadows451.jpg
6
Reading ./databaserelease2/NatureDataset2/train2/10-meadows436.jpg
10
Reading ./databaserelease2/NatureDataset2/train2/8-meadows348.jpg
8
Reading ./databaserelease2/NatureDataset2/train2/1-meadows466.jpg
1
Reading ./databaserelease2/NatureDataset2/train2/7-meadows470.jpg
7
Reading ./databaserelease2/NatureDataset2/train2/9-meadows365.jpg
9
Reading ./databaserelease2/NatureDataset2/train2/9-meadows260.jpg
9
Reading ./databaserelease2/NatureDataset2/train2/8-meadows457.jpg
8
Reading ./databaserelease2/NatureDataset2/train2/8-meadows323.jpg
8
Reading ./databaserelease2/NatureDataset2/train2/1-meadows483.jpg
1
Reading ./databaserelease2/NatureDataset2/train2/3-meadows335.jpg
3
Reading ./databaserelease2/NatureDataset2/train2/4-meadows298.jpg
4
Reading ./databaserelease2/NatureDataset2/train2/5-meadows412.jpg
5
Reading ./databaserelease2/NatureDataset2/train2/7-meadows24.jpg
7
Reading ./databaserelease2/NatureDataset2/train2/7-meadows305.jpg
7
Reading ./databaserelease2/NatureDataset2/train2/3-meadows242.jpg
3
Reading ./databaserelease2/NatureDataset2/train2/8-meadows476.jpg
8
Reading ./databaserelease2/NatureDataset2/train2/7-meadows286.jpg
7
Reading ./databaserelease2/NatureDataset2/train2/4-meadows395.jpg
4
Reading ./databaserelease2/NatureDataset2/train2/2-meadows480.jpg
2
Reading ./databaserelease2/NatureDataset2/train2/7-meadows41.jpg
7
Reading ./databaserelease2/NatureDataset2/train2/10-meadows101.jpg
10
Reading ./databaserelease2/NatureDataset2/train2/3-meadows131.jpg
3
Reading ./databaserelease2/NatureDataset2/train2/7-meadows150.jpg
7
Reading ./databaserelease2/NatureDataset2/train2/5-meadows234.jpg
5
Reading ./databaserelease2/NatureDataset2/train2/4-meadows19.jpg
4
Reading ./databaserelease2/NatureDataset2/train2/1-meadows301.jpg
1
Reading ./databaserelease2/NatureDataset2/train2/3-meadows251.jpg
3
Reading ./databaserelease2/NatureDataset2/train2/5-meadows195.jpg
5
Reading ./databaserelease2/NatureDataset2/train2/2-meadows122.jpg
2
Reading ./databaserelease2/NatureDataset2/train2/2-meadows342.jpg
2
Reading ./databaserelease2/NatureDataset2/train2/3-meadows391.jpg
3
Reading ./databaserelease2/NatureDataset2/train2/2-meadows369.jpg
2
Reading ./databaserelease2/NatureDataset2/train2/5-meadows449.jpg
5
Reading ./databaserelease2/NatureDataset2/train2/6-meadows437.jpg
6
Reading ./databaserelease2/NatureDataset2/train2/7-meadows383.jpg
7
Reading ./databaserelease2/NatureDataset2/train2/3-meadows11.jpg
3
Reading ./databaserelease2/NatureDataset2/train2/7-meadows351.jpg
7
Reading ./databaserelease2/NatureDataset2/train2/3-meadows159.jpg
3
Reading ./databaserelease2/NatureDataset2/train2/7-meadows375.jpg
7
Reading ./databaserelease2/NatureDataset2/train2/5-meadows440.jpg
5
Reading ./databaserelease2/NatureDataset2/train2/6-meadows428.jpg
6
Reading ./databaserelease2/NatureDataset2/train2/2-meadows35.jpg
2
Reading ./databaserelease2/NatureDataset2/train2/5-meadows137.jpg
5
Reading ./databaserelease2/NatureDataset2/train2/6-meadows387.jpg
6
Reading ./databaserelease2/NatureDataset2/train2/6-meadows295.jpg
6
Reading ./databaserelease2/NatureDataset2/train2/9-meadows102.jpg
9
Reading ./databaserelease2/NatureDataset2/train2/3-meadows432.jpg
3
Reading ./databaserelease2/NatureDataset2/train2/1-meadows254.jpg
1
Reading ./databaserelease2/NatureDataset2/train2/5-meadows446.jpg
5
Reading ./databaserelease2/NatureDataset2/train2/2-meadows179.jpg
2
Reading ./databaserelease2/NatureDataset2/train2/7-meadows189.jpg
7
Reading ./databaserelease2/NatureDataset2/train2/6-meadows113.jpg
6
Reading ./databaserelease2/NatureDataset2/train2/3-meadows306.jpg
3
Reading ./databaserelease2/NatureDataset2/train2/4-meadows454.jpg
4
Reading ./databaserelease2/NatureDataset2/train2/7-meadows497.jpg
7
Reading ./databaserelease2/NatureDataset2/train2/7-meadows200.jpg
7
Reading ./databaserelease2/NatureDataset2/train2/1-meadows94.jpg
1
Reading ./databaserelease2/NatureDataset2/train2/8-meadows393.jpg
8
Reading ./databaserelease2/NatureDataset2/train2/8-meadows146.jpg
8
Reading ./databaserelease2/NatureDataset2/train2/1-meadows362.jpg
1
Reading ./databaserelease2/NatureDataset2/train2/6-meadows281.jpg
6
Reading ./databaserelease2/NatureDataset2/train2/1-meadows135.jpg
1
Reading ./databaserelease2/NatureDataset2/train2/8-meadows430.jpg
8
Reading ./databaserelease2/NatureDataset2/train2/3-meadows478.jpg
3
Reading ./databaserelease2/NatureDataset2/train2/4-meadows100.jpg
4
Reading ./databaserelease2/NatureDataset2/train2/3-meadows48.jpg
3
Reading ./databaserelease2/NatureDataset2/train2/5-meadows84.jpg
5
Reading ./databaserelease2/NatureDataset2/train2/9-meadows499.jpg
9
Reading ./databaserelease2/NatureDataset2/train2/8-meadows308.jpg
8
Reading ./databaserelease2/NatureDataset2/train2/10-meadows403.jpg
10
Reading ./databaserelease2/NatureDataset2/train2/4-meadows157.jpg
4
Reading ./databaserelease2/NatureDataset2/train2/5-meadows338.jpg
5
Reading ./databaserelease2/NatureDataset2/train2/7-meadows58.jpg
7
Reading ./databaserelease2/NatureDataset2/train2/5-meadows312.jpg
5
Reading ./databaserelease2/NatureDataset2/train2/2-meadows344.jpg
2
Reading ./databaserelease2/NatureDataset2/train2/5-meadows18.jpg
5
Reading ./databaserelease2/NatureDataset2/train2/1-meadows190.jpg
1
Reading ./databaserelease2/NatureDataset2/train2/8-meadows107.jpg
8
Reading ./databaserelease2/NatureDataset2/train2/5-meadows291.jpg
5
Reading ./databaserelease2/NatureDataset2/train2/2-meadows340.jpg
2
Reading ./databaserelease2/NatureDataset2/train2/7-meadows378.jpg
7
Reading ./databaserelease2/NatureDataset2/train2/4-meadows329.jpg
4
Reading ./databaserelease2/NatureDataset2/train2/2-meadows258.jpg
2
Reading ./databaserelease2/NatureDataset2/train2/4-meadows400.jpg
4
Reading ./databaserelease2/NatureDataset2/train2/7-meadows265.jpg
7
Reading ./databaserelease2/NatureDataset2/train2/1-meadows95.jpg
1
Reading ./databaserelease2/NatureDataset2/train2/6-meadows371.jpg
6
Reading ./databaserelease2/NatureDataset2/train2/10-meadows55.jpg
10
Reading ./databaserelease2/NatureDataset2/train2/1-meadows161.jpg
1
Reading ./databaserelease2/NatureDataset2/train2/2-meadows191.jpg
2
Reading ./databaserelease2/NatureDataset2/train2/3-meadows219.jpg
3
Reading ./databaserelease2/NatureDataset2/train2/6-meadows349.jpg
6
Reading ./databaserelease2/NatureDataset2/train2/2-meadows275.jpg
2
Reading ./databaserelease2/NatureDataset2/train2/7-meadows321.jpg
7
Reading ./databaserelease2/NatureDataset2/train2/3-meadows197.jpg
3
Reading ./databaserelease2/NatureDataset2/train2/3-meadows238.jpg
3
Reading ./databaserelease2/NatureDataset2/train2/10-meadows410.jpg
10
Reading ./databaserelease2/NatureDataset2/train2/7-meadows416.jpg
7
Reading ./databaserelease2/NatureDataset2/train2/7-meadows93.jpg
7
Reading ./databaserelease2/NatureDataset2/train2/7-meadows422.jpg
7
Reading ./databaserelease2/NatureDataset2/train2/6-meadows139.jpg
6
Reading ./databaserelease2/NatureDataset2/train2/9-meadows442.jpg
9
Reading ./databaserelease2/NatureDataset2/train2/6-meadows315.jpg
6
Reading ./databaserelease2/NatureDataset2/train2/2-meadows253.jpg
2
Reading ./databaserelease2/NatureDataset2/train2/8-meadows63.jpg
8
Reading ./databaserelease2/NatureDataset2/train2/7-meadows425.jpg
7
Reading ./databaserelease2/NatureDataset2/train2/2-meadows407.jpg
2
Reading ./databaserelease2/NatureDataset2/train2/8-meadows125.jpg
8
Reading ./databaserelease2/NatureDataset2/train2/9-meadows427.jpg
9
Reading ./databaserelease2/NatureDataset2/train2/6-meadows486.jpg
6
Reading ./databaserelease2/NatureDataset2/train2/6-meadows336.jpg
6
Reading ./databaserelease2/NatureDataset2/train2/5-meadows56.jpg
5
Reading ./databaserelease2/NatureDataset2/train2/9-meadows248.jpg
9
Reading ./databaserelease2/NatureDataset2/train2/5-meadows479.jpg
5
Reading ./databaserelease2/NatureDataset2/train2/7-meadows324.jpg
7
Reading ./databaserelease2/NatureDataset2/train2/10-meadows402.jpg
10
Reading ./databaserelease2/NatureDataset2/train2/7-meadows176.jpg
7
Reading ./databaserelease2/NatureDataset2/train2/10-meadows388.jpg
10
Reading ./databaserelease2/NatureDataset2/train2/3-meadows243.jpg
3
Reading ./databaserelease2/NatureDataset2/train2/10-meadows145.jpg
10
Reading ./databaserelease2/NatureDataset2/train2/6-meadows439.jpg
6
Reading ./databaserelease2/NatureDataset2/train2/6-meadows16.jpg
6
Reading ./databaserelease2/NatureDataset2/train2/3-meadows112.jpg
3
Reading ./databaserelease2/NatureDataset2/train2/4-meadows33.jpg
4
Reading ./databaserelease2/NatureDataset2/train2/5-meadows116.jpg
5
Reading ./databaserelease2/NatureDataset2/train2/5-meadows267.jpg
5
Reading ./databaserelease2/NatureDataset2/train2/3-meadows31.jpg
3
Reading ./databaserelease2/NatureDataset2/train2/6-meadows456.jpg
6
Reading ./databaserelease2/NatureDataset2/train2/5-meadows441.jpg
5
Reading ./databaserelease2/NatureDataset2/train2/2-meadows114.jpg
2
Reading ./databaserelease2/NatureDataset2/train2/7-meadows417.jpg
7
Reading ./databaserelease2/NatureDataset2/train2/4-meadows236.jpg
4
Reading ./databaserelease2/NatureDataset2/train2/3-meadows46.jpg
3
Reading ./databaserelease2/NatureDataset2/train2/6-meadows40.jpg
6
Reading ./databaserelease2/NatureDataset2/train2/6-meadows198.jpg
6
Reading ./databaserelease2/NatureDataset2/train2/8-meadows297.jpg
8
Reading ./databaserelease2/NatureDataset2/train2/7-meadows30.jpg
7
Reading ./databaserelease2/NatureDataset2/train2/3-meadows132.jpg
3
Reading ./databaserelease2/NatureDataset2/train2/9-meadows168.jpg
9
Reading ./databaserelease2/NatureDataset2/train2/9-meadows261.jpg
9
Reading ./databaserelease2/NatureDataset2/train2/3-meadows208.jpg
3
Reading ./databaserelease2/NatureDataset2/train2/3-meadows221.jpg
3
Reading ./databaserelease2/NatureDataset2/train2/7-meadows471.jpg
7
Reading ./databaserelease2/NatureDataset2/train2/8-meadows277.jpg
8
Reading ./databaserelease2/NatureDataset2/train2/3-meadows270.jpg
3
Reading ./databaserelease2/NatureDataset2/train2/9-meadows263.jpg
9
Reading ./databaserelease2/NatureDataset2/train2/8-meadows185.jpg
8
Reading ./databaserelease2/NatureDataset2/train2/9-meadows225.jpg
9
Reading ./databaserelease2/NatureDataset2/train2/3-meadows318.jpg
3
Reading ./databaserelease2/NatureDataset2/train2/9-meadows3.jpg
9
Reading ./databaserelease2/NatureDataset2/train2/3-meadows415.jpg
3
Reading ./databaserelease2/NatureDataset2/train2/7-meadows5.jpg
7
Reading ./databaserelease2/NatureDataset2/train2/3-meadows472.jpg
3
Reading ./databaserelease2/NatureDataset2/train2/6-meadows169.jpg
6
Reading ./databaserelease2/NatureDataset2/train2/7-meadows404.jpg
7
Reading ./databaserelease2/NatureDataset2/train2/6-meadows385.jpg
6
Reading ./databaserelease2/NatureDataset2/train2/4-meadows271.jpg
4
Reading ./databaserelease2/NatureDataset2/train2/8-meadows115.jpg
8
Reading ./databaserelease2/NatureDataset2/train2/3-meadows2.jpg
3
Reading ./databaserelease2/NatureDataset2/train2/1-meadows337.jpg
1
Reading ./databaserelease2/NatureDataset2/train2/4-meadows111.jpg
4
Reading ./databaserelease2/NatureDataset2/train2/2-meadows37.jpg
2
Reading ./databaserelease2/NatureDataset2/train2/3-meadows406.jpg
3
Reading ./databaserelease2/NatureDataset2/train2/2-meadows491.jpg
2
Reading ./databaserelease2/NatureDataset2/train2/1-meadows39.jpg
1
Reading ./databaserelease2/NatureDataset2/train2/5-meadows373.jpg
5
Reading ./databaserelease2/NatureDataset2/train2/9-meadows123.jpg
9
Reading ./databaserelease2/NatureDataset2/train2/3-meadows354.jpg
3
Reading ./databaserelease2/NatureDataset2/train2/3-meadows203.jpg
3
Reading ./databaserelease2/NatureDataset2/train2/8-meadows240.jpg
8
Reading ./databaserelease2/NatureDataset2/train2/6-meadows424.jpg
6
Reading ./databaserelease2/NatureDataset2/train2/1-meadows419.jpg
1
Reading ./databaserelease2/NatureDataset2/train2/2-meadows105.jpg
2
Reading ./databaserelease2/NatureDataset2/train2/8-meadows51.jpg
8
Reading ./databaserelease2/NatureDataset2/train2/2-meadows1.jpg
2
Reading ./databaserelease2/NatureDataset2/train2/2-meadows14.jpg
2
Reading ./databaserelease2/NatureDataset2/train2/8-meadows398.jpg
8
Reading ./databaserelease2/NatureDataset2/train2/5-meadows70.jpg
5
Reading ./databaserelease2/NatureDataset2/train2/3-meadows163.jpg
3
Reading ./databaserelease2/NatureDataset2/train2/5-meadows429.jpg
5
Reading ./databaserelease2/NatureDataset2/train2/8-meadows311.jpg
8
Reading ./databaserelease2/NatureDataset2/train2/6-meadows447.jpg
6
Reading ./databaserelease2/NatureDataset2/train2/7-meadows418.jpg
7
Reading ./databaserelease2/NatureDataset2/train2/3-meadows268.jpg
3
Reading ./databaserelease2/NatureDataset2/train2/8-meadows262.jpg
8
Reading ./databaserelease2/NatureDataset2/train2/6-meadows469.jpg
6
Reading ./databaserelease2/NatureDataset2/train2/6-meadows164.jpg
6
Reading ./databaserelease2/NatureDataset2/train2/2-meadows120.jpg
2
Reading ./databaserelease2/NatureDataset2/train2/1-meadows285.jpg
1
Reading ./databaserelease2/NatureDataset2/train2/8-meadows423.jpg
8
Reading ./databaserelease2/NatureDataset2/train2/8-meadows413.jpg
8
Reading ./databaserelease2/NatureDataset2/train2/2-meadows183.jpg
2
Reading ./databaserelease2/NatureDataset2/train2/7-meadows15.jpg
7
Reading ./databaserelease2/NatureDataset2/train2/3-meadows350.jpg
3
Reading ./databaserelease2/NatureDataset2/train2/7-meadows360.jpg
7
Reading ./databaserelease2/NatureDataset2/train2/7-meadows12.jpg
7
Reading ./databaserelease2/NatureDataset2/train2/1-meadows322.jpg
1
Reading ./databaserelease2/NatureDataset2/train2/6-meadows205.jpg
6
Reading ./databaserelease2/NatureDataset2/train2/6-meadows435.jpg
6
Reading ./databaserelease2/NatureDataset2/train2/7-meadows309.jpg
7
Reading ./databaserelease2/NatureDataset2/train2/7-meadows490.jpg
7
Reading ./databaserelease2/NatureDataset2/train2/9-meadows445.jpg
9
Reading ./databaserelease2/NatureDataset2/train2/4-meadows296.jpg
4
Reading ./databaserelease2/NatureDataset2/train2/4-meadows106.jpg
4
Reading ./databaserelease2/NatureDataset2/train2/5-meadows49.jpg
5
Reading ./databaserelease2/NatureDataset2/train2/4-meadows187.jpg
4
Reading ./databaserelease2/NatureDataset2/train2/6-meadows32.jpg
6
Reading ./databaserelease2/NatureDataset2/train2/6-meadows119.jpg
6
Reading ./databaserelease2/NatureDataset2/train2/7-meadows83.jpg
7
Reading ./databaserelease2/NatureDataset2/train2/3-meadows302.jpg
3
Reading ./databaserelease2/NatureDataset2/train2/4-meadows171.jpg
4
Reading ./databaserelease2/NatureDataset2/train2/8-meadows28.jpg
8
Reading ./databaserelease2/NatureDataset2/train2/2-meadows355.jpg
2
Reading ./databaserelease2/NatureDataset2/train2/1-meadows73.jpg
1
Reading ./databaserelease2/NatureDataset2/train2/2-meadows110.jpg
2
Reading ./databaserelease2/NatureDataset2/train2/1-meadows23.jpg
1
Reading ./databaserelease2/NatureDataset2/train2/4-meadows149.jpg
4
Reading ./databaserelease2/NatureDataset2/train2/2-meadows207.jpg
2
Reading ./databaserelease2/NatureDataset2/train2/6-meadows255.jpg
6
Reading ./databaserelease2/NatureDataset2/train2/4-meadows143.jpg
4
Reading ./databaserelease2/NatureDataset2/train2/5-meadows71.jpg
5
Reading ./databaserelease2/NatureDataset2/train2/5-meadows339.jpg
5
Reading ./databaserelease2/NatureDataset2/train2/2-meadows43.jpg
2
Reading ./databaserelease2/NatureDataset2/train2/3-meadows184.jpg
3
Reading ./databaserelease2/NatureDataset2/train2/10-meadows133.jpg
10
Reading ./databaserelease2/NatureDataset2/train2/3-meadows399.jpg
3
Reading ./databaserelease2/NatureDataset2/train2/5-meadows465.jpg
5
Reading ./databaserelease2/NatureDataset2/train2/8-meadows175.jpg
8
Reading ./databaserelease2/NatureDataset2/train2/3-meadows284.jpg
3
Reading ./databaserelease2/NatureDataset2/train2/3-meadows334.jpg
3
Reading ./databaserelease2/NatureDataset2/train2/8-meadows405.jpg
8
Reading ./databaserelease2/NatureDataset2/train2/3-meadows129.jpg
3
Reading ./databaserelease2/NatureDataset2/train2/5-meadows489.jpg
5
Reading ./databaserelease2/NatureDataset2/train2/4-meadows274.jpg
4
Reading ./databaserelease2/NatureDataset2/train2/6-meadows304.jpg
6
Reading ./databaserelease2/NatureDataset2/train2/10-meadows279.jpg
10
Reading ./databaserelease2/NatureDataset2/train2/9-meadows269.jpg
9
Reading ./databaserelease2/NatureDataset2/train2/5-meadows144.jpg
5
Reading ./databaserelease2/NatureDataset2/train2/6-meadows98.jpg
6
Reading ./databaserelease2/NatureDataset2/train2/5-meadows377.jpg
5
Reading ./databaserelease2/NatureDataset2/train2/9-meadows174.jpg
9
Reading ./databaserelease2/NatureDataset2/train2/5-meadows313.jpg
5
Reading ./databaserelease2/NatureDataset2/train2/3-meadows147.jpg
3
Reading ./databaserelease2/NatureDataset2/train2/3-meadows358.jpg
3
Reading ./databaserelease2/NatureDataset2/train2/5-meadows217.jpg
5
Reading ./databaserelease2/NatureDataset2/train2/4-meadows237.jpg
4

Read 470 images.


Adding Images: Reading ./databaserelease2/NatureDataset2/val/4-waters324.jpg
4
Reading ./databaserelease2/NatureDataset2/val/8-waters423.jpg
8
Reading ./databaserelease2/NatureDataset2/val/5-waters457.jpg
5
Reading ./databaserelease2/NatureDataset2/val/7-waters547.jpg
7
Reading ./databaserelease2/NatureDataset2/val/5-waters566.jpg
5
Reading ./databaserelease2/NatureDataset2/val/4-waters385.jpg
4
Reading ./databaserelease2/NatureDataset2/val/4-waters386.jpg
4
Reading ./databaserelease2/NatureDataset2/val/9-waters538.jpg
9
Reading ./databaserelease2/NatureDataset2/val/8-waters498.jpg
8
Reading ./databaserelease2/NatureDataset2/val/4-waters392.jpg
4
Reading ./databaserelease2/NatureDataset2/val/9-waters570.jpg
9
Reading ./databaserelease2/NatureDataset2/val/1-waters239.jpg
1
Reading ./databaserelease2/NatureDataset2/val/9-waters578.jpg
9
Reading ./databaserelease2/NatureDataset2/val/1-waters382.jpg
1
Reading ./databaserelease2/NatureDataset2/val/7-waters337.jpg
7
Reading ./databaserelease2/NatureDataset2/val/2-waters236.jpg
2
Reading ./databaserelease2/NatureDataset2/val/5-waters527.jpg
5
Reading ./databaserelease2/NatureDataset2/val/5-waters189.jpg
5
Reading ./databaserelease2/NatureDataset2/val/6-waters231.jpg
6
Reading ./databaserelease2/NatureDataset2/val/3-waters360.jpg
3
Reading ./databaserelease2/NatureDataset2/val/6-waters473.jpg
6
Reading ./databaserelease2/NatureDataset2/val/3-waters358.jpg
3
Reading ./databaserelease2/NatureDataset2/val/6-waters319.jpg
6
Reading ./databaserelease2/NatureDataset2/val/1-waters345.jpg
1
Reading ./databaserelease2/NatureDataset2/val/5-waters438.jpg
5
Reading ./databaserelease2/NatureDataset2/val/7-waters230.jpg
7
Reading ./databaserelease2/NatureDataset2/val/3-waters27.jpg
3
Reading ./databaserelease2/NatureDataset2/val/7-waters453.jpg
7
Reading ./databaserelease2/NatureDataset2/val/8-waters469.jpg
8
Reading ./databaserelease2/NatureDataset2/val/6-waters51.jpg
6
Reading ./databaserelease2/NatureDataset2/val/7-waters296.jpg
7
Reading ./databaserelease2/NatureDataset2/val/2-waters13.jpg
2
Reading ./databaserelease2/NatureDataset2/val/3-waters167.jpg
3
Reading ./databaserelease2/NatureDataset2/val/1-waters361.jpg
1
Reading ./databaserelease2/NatureDataset2/val/2-meadows82.jpg
2
Reading ./databaserelease2/NatureDataset2/val/2-waters298.jpg
2
Reading ./databaserelease2/NatureDataset2/val/4-waters17.jpg
4
Reading ./databaserelease2/NatureDataset2/val/8-waters339.jpg
8
Reading ./databaserelease2/NatureDataset2/val/10-waters59.jpg
10
Reading ./databaserelease2/NatureDataset2/val/7-waters368.jpg
7
Reading ./databaserelease2/NatureDataset2/val/9-waters558.jpg
9
Reading ./databaserelease2/NatureDataset2/val/7-waters241.jpg
7
Reading ./databaserelease2/NatureDataset2/val/6-waters439.jpg
6
Reading ./databaserelease2/NatureDataset2/val/10-waters573.jpg
10
Reading ./databaserelease2/NatureDataset2/val/6-waters349.jpg
6
Reading ./databaserelease2/NatureDataset2/val/5-waters276.jpg
5
Reading ./databaserelease2/NatureDataset2/val/2-waters103.jpg
2
Reading ./databaserelease2/NatureDataset2/val/4-waters104.jpg
4
Reading ./databaserelease2/NatureDataset2/val/8-waters581.jpg
8
Reading ./databaserelease2/NatureDataset2/val/10-waters636.jpg
10
Reading ./databaserelease2/NatureDataset2/val/3-meadows7.jpg
3
Reading ./databaserelease2/NatureDataset2/val/5-waters326.jpg
5
Reading ./databaserelease2/NatureDataset2/val/9-waters559.jpg
9
Reading ./databaserelease2/NatureDataset2/val/5-waters454.jpg
5
Reading ./databaserelease2/NatureDataset2/val/4-meadows64.jpg
4
Reading ./databaserelease2/NatureDataset2/val/8-waters381.jpg
8
Reading ./databaserelease2/NatureDataset2/val/2-meadows54.jpg
2
Reading ./databaserelease2/NatureDataset2/val/3-waters155.jpg
3
Reading ./databaserelease2/NatureDataset2/val/2-meadows498.jpg
2
Reading ./databaserelease2/NatureDataset2/val/10-waters577.jpg
10
Reading ./databaserelease2/NatureDataset2/val/2-meadows77.jpg
2
Reading ./databaserelease2/NatureDataset2/val/3-waters15.jpg
3
Reading ./databaserelease2/NatureDataset2/val/6-waters219.jpg
6
Reading ./databaserelease2/NatureDataset2/val/5-waters202.jpg
5
Reading ./databaserelease2/NatureDataset2/val/7-waters246.jpg
7
Reading ./databaserelease2/NatureDataset2/val/4-meadows61.jpg
4
Reading ./databaserelease2/NatureDataset2/val/7-waters259.jpg
7
Reading ./databaserelease2/NatureDataset2/val/9-waters50.jpg
9
Reading ./databaserelease2/NatureDataset2/val/3-waters181.jpg
3
Reading ./databaserelease2/NatureDataset2/val/4-waters352.jpg
4
Reading ./databaserelease2/NatureDataset2/val/1-waters458.jpg
1
Reading ./databaserelease2/NatureDataset2/val/1-waters42.jpg
1
Reading ./databaserelease2/NatureDataset2/val/8-waters505.jpg
8
Reading ./databaserelease2/NatureDataset2/val/1-waters443.jpg
1
Reading ./databaserelease2/NatureDataset2/val/5-waters209.jpg
5
Reading ./databaserelease2/NatureDataset2/val/6-waters307.jpg
6
Reading ./databaserelease2/NatureDataset2/val/6-waters327.jpg
6
Reading ./databaserelease2/NatureDataset2/val/2-waters233.jpg
2
Reading ./databaserelease2/NatureDataset2/val/1-waters37.jpg
1
Reading ./databaserelease2/NatureDataset2/val/2-meadows50.jpg
2
Reading ./databaserelease2/NatureDataset2/val/7-waters272.jpg
7
Reading ./databaserelease2/NatureDataset2/val/4-meadows67.jpg
4
Reading ./databaserelease2/NatureDataset2/val/7-waters282.jpg
7
Reading ./databaserelease2/NatureDataset2/val/10-waters624.jpg
10
Reading ./databaserelease2/NatureDataset2/val/8-waters398.jpg
8
Reading ./databaserelease2/NatureDataset2/val/3-waters172.jpg
3
Reading ./databaserelease2/NatureDataset2/val/9-waters430.jpg
9
Reading ./databaserelease2/NatureDataset2/val/8-waters501.jpg
8
Reading ./databaserelease2/NatureDataset2/val/5-waters293.jpg
5
Reading ./databaserelease2/NatureDataset2/val/5-waters288.jpg
5
Reading ./databaserelease2/NatureDataset2/val/7-waters415.jpg
7
Reading ./databaserelease2/NatureDataset2/val/7-waters266.jpg
7
Reading ./databaserelease2/NatureDataset2/val/4-waters417.jpg
4
Reading ./databaserelease2/NatureDataset2/val/8-waters372.jpg
8
Reading ./databaserelease2/NatureDataset2/val/10-waters680.jpg
10
Reading ./databaserelease2/NatureDataset2/val/3-waters4.jpg
3
Reading ./databaserelease2/NatureDataset2/val/9-waters480.jpg
9
Reading ./databaserelease2/NatureDataset2/val/6-waters373.jpg
6
Reading ./databaserelease2/NatureDataset2/val/3-meadows79.jpg
3
Reading ./databaserelease2/NatureDataset2/val/2-meadows52.jpg
2
Reading ./databaserelease2/NatureDataset2/val/8-waters334.jpg
8
Reading ./databaserelease2/NatureDataset2/val/8-waters591.jpg
8
Reading ./databaserelease2/NatureDataset2/val/4-waters111.jpg
4
Reading ./databaserelease2/NatureDataset2/val/5-waters433.jpg
5
Reading ./databaserelease2/NatureDataset2/val/2-waters310.jpg
2
Reading ./databaserelease2/NatureDataset2/val/3-meadows75.jpg
3
Reading ./databaserelease2/NatureDataset2/val/4-meadows496.jpg
4
Reading ./databaserelease2/NatureDataset2/val/8-waters390.jpg
8
Reading ./databaserelease2/NatureDataset2/val/8-waters492.jpg
8
Reading ./databaserelease2/NatureDataset2/val/9-waters504.jpg
9
Reading ./databaserelease2/NatureDataset2/val/9-waters413.jpg
9
Reading ./databaserelease2/NatureDataset2/val/7-waters478.jpg
7
Reading ./databaserelease2/NatureDataset2/val/2-waters263.jpg
2
Reading ./databaserelease2/NatureDataset2/val/2-waters356.jpg
2
Reading ./databaserelease2/NatureDataset2/val/5-waters416.jpg
5
Reading ./databaserelease2/NatureDataset2/val/7-waters499.jpg
7
Reading ./databaserelease2/NatureDataset2/val/7-waters240.jpg
7
Reading ./databaserelease2/NatureDataset2/val/2-waters228.jpg
2
Reading ./databaserelease2/NatureDataset2/val/10-waters619.jpg
10
Reading ./databaserelease2/NatureDataset2/val/2-waters252.jpg
2
Reading ./databaserelease2/NatureDataset2/val/8-waters410.jpg
8
Reading ./databaserelease2/NatureDataset2/val/7-waters247.jpg
7
Reading ./databaserelease2/NatureDataset2/val/7-waters366.jpg
7
Reading ./databaserelease2/NatureDataset2/val/6-waters342.jpg
6
Reading ./databaserelease2/NatureDataset2/val/4-meadows89.jpg
4
Reading ./databaserelease2/NatureDataset2/val/3-waters287.jpg
3
Reading ./databaserelease2/NatureDataset2/val/7-waters341.jpg
7
Reading ./databaserelease2/NatureDataset2/val/5-waters534.jpg
5
Reading ./databaserelease2/NatureDataset2/val/1-waters44.jpg
1
Reading ./databaserelease2/NatureDataset2/val/7-waters516.jpg
7
Reading ./databaserelease2/NatureDataset2/val/1-waters34.jpg
1
Reading ./databaserelease2/NatureDataset2/val/9-waters359.jpg
9
Reading ./databaserelease2/NatureDataset2/val/4-waters447.jpg
4
Reading ./databaserelease2/NatureDataset2/val/6-waters238.jpg
6
Reading ./databaserelease2/NatureDataset2/val/8-waters585.jpg
8
Reading ./databaserelease2/NatureDataset2/val/9-waters531.jpg
9
Reading ./databaserelease2/NatureDataset2/val/1-waters377.jpg
1
Reading ./databaserelease2/NatureDataset2/val/2-waters235.jpg
2
Reading ./databaserelease2/NatureDataset2/val/4-waters166.jpg
4
Reading ./databaserelease2/NatureDataset2/val/2-waters148.jpg
2
Reading ./databaserelease2/NatureDataset2/val/8-waters437.jpg
8
Reading ./databaserelease2/NatureDataset2/val/5-waters21.jpg
5
Reading ./databaserelease2/NatureDataset2/val/2-meadows80.jpg
2
Reading ./databaserelease2/NatureDataset2/val/7-waters232.jpg
7
Reading ./databaserelease2/NatureDataset2/val/9-waters542.jpg
9
Reading ./databaserelease2/NatureDataset2/val/7-waters463.jpg
7
Reading ./databaserelease2/NatureDataset2/val/8-waters521.jpg
8
Reading ./databaserelease2/NatureDataset2/val/5-waters535.jpg
5
Reading ./databaserelease2/NatureDataset2/val/2-waters118.jpg
2
Reading ./databaserelease2/NatureDataset2/val/6-waters26.jpg
6
Reading ./databaserelease2/NatureDataset2/val/9-waters580.jpg
9
Reading ./databaserelease2/NatureDataset2/val/5-waters497.jpg
5
Reading ./databaserelease2/NatureDataset2/val/3-waters264.jpg
3
Reading ./databaserelease2/NatureDataset2/val/8-waters509.jpg
8
Reading ./databaserelease2/NatureDataset2/val/3-waters14.jpg
3
Reading ./databaserelease2/NatureDataset2/val/6-waters198.jpg
6
Reading ./databaserelease2/NatureDataset2/val/4-waters308.jpg
4
Reading ./databaserelease2/NatureDataset2/val/1-waters343.jpg
1
Reading ./databaserelease2/NatureDataset2/val/10-waters611.jpg
10
Reading ./databaserelease2/NatureDataset2/val/4-waters265.jpg
4
Reading ./databaserelease2/NatureDataset2/val/6-waters284.jpg
6
Reading ./databaserelease2/NatureDataset2/val/3-waters174.jpg
3
Reading ./databaserelease2/NatureDataset2/val/10-waters629.jpg
10
Reading ./databaserelease2/NatureDataset2/val/4-waters400.jpg
4
Reading ./databaserelease2/NatureDataset2/val/4-waters320.jpg
4
Reading ./databaserelease2/NatureDataset2/val/7-waters30.jpg
7
Reading ./databaserelease2/NatureDataset2/val/5-waters506.jpg
5
Reading ./databaserelease2/NatureDataset2/val/10-waters679.jpg
10
Reading ./databaserelease2/NatureDataset2/val/2-waters225.jpg
2
Reading ./databaserelease2/NatureDataset2/val/3-meadows76.jpg
3
Reading ./databaserelease2/NatureDataset2/val/2-waters338.jpg
2
Reading ./databaserelease2/NatureDataset2/val/7-waters329.jpg
7
Reading ./databaserelease2/NatureDataset2/val/2-waters393.jpg
2
Reading ./databaserelease2/NatureDataset2/val/3-waters188.jpg
3
Reading ./databaserelease2/NatureDataset2/val/8-waters555.jpg
8
Reading ./databaserelease2/NatureDataset2/val/9-waters470.jpg
9
Reading ./databaserelease2/NatureDataset2/val/6-waters23.jpg
6
Reading ./databaserelease2/NatureDataset2/val/1-waters28.jpg
1
Reading ./databaserelease2/NatureDataset2/val/2-waters200.jpg
2
Reading ./databaserelease2/NatureDataset2/val/1-waters260.jpg
1
Reading ./databaserelease2/NatureDataset2/val/9-waters403.jpg
9
Reading ./databaserelease2/NatureDataset2/val/5-waters554.jpg
5
Reading ./databaserelease2/NatureDataset2/val/8-waters519.jpg
8
Reading ./databaserelease2/NatureDataset2/val/7-waters426.jpg
7
Reading ./databaserelease2/NatureDataset2/val/8-waters600.jpg
8
Reading ./databaserelease2/NatureDataset2/val/3-waters179.jpg
3
Reading ./databaserelease2/NatureDataset2/val/7-waters346.jpg
7
Reading ./databaserelease2/NatureDataset2/val/4-waters291.jpg
4
Reading ./databaserelease2/NatureDataset2/val/8-waters47.jpg
8
Reading ./databaserelease2/NatureDataset2/val/2-waters322.jpg
2
Reading ./databaserelease2/NatureDataset2/val/7-waters432.jpg
7
Reading ./databaserelease2/NatureDataset2/val/9-waters487.jpg
9
Reading ./databaserelease2/NatureDataset2/val/1-waters395.jpg
1
Reading ./databaserelease2/NatureDataset2/val/1-waters297.jpg
1
Reading ./databaserelease2/NatureDataset2/val/2-waters146.jpg
2
Reading ./databaserelease2/NatureDataset2/val/6-waters367.jpg
6
Reading ./databaserelease2/NatureDataset2/val/5-waters244.jpg
5
Reading ./databaserelease2/NatureDataset2/val/7-waters529.jpg
7
Reading ./databaserelease2/NatureDataset2/val/5-waters481.jpg
5
Reading ./databaserelease2/NatureDataset2/val/7-waters262.jpg
7
Reading ./databaserelease2/NatureDataset2/val/7-waters428.jpg
7
Reading ./databaserelease2/NatureDataset2/val/4-meadows59.jpg
4
Reading ./databaserelease2/NatureDataset2/val/10-waters682.jpg
10
Reading ./databaserelease2/NatureDataset2/val/2-waters316.jpg
2
Reading ./databaserelease2/NatureDataset2/val/6-waters380.jpg
6
Reading ./databaserelease2/NatureDataset2/val/8-waters379.jpg
8
Reading ./databaserelease2/NatureDataset2/val/6-waters154.jpg
6
Reading ./databaserelease2/NatureDataset2/val/6-waters258.jpg
6
Reading ./databaserelease2/NatureDataset2/val/3-meadows481.jpg
3
Reading ./databaserelease2/NatureDataset2/val/1-waters226.jpg
1
Reading ./databaserelease2/NatureDataset2/val/7-waters313.jpg
7
Reading ./databaserelease2/NatureDataset2/val/3-waters362.jpg
3
Reading ./databaserelease2/NatureDataset2/val/3-waters127.jpg
3
Reading ./databaserelease2/NatureDataset2/val/5-waters256.jpg
5
Reading ./databaserelease2/NatureDataset2/val/7-waters274.jpg
7
Reading ./databaserelease2/NatureDataset2/val/3-waters277.jpg
3
Reading ./databaserelease2/NatureDataset2/val/7-waters254.jpg
7
Reading ./databaserelease2/NatureDataset2/val/10-waters692.jpg
10
Reading ./databaserelease2/NatureDataset2/val/1-waters472.jpg
1
Reading ./databaserelease2/NatureDataset2/val/9-waters525.jpg
9
Reading ./databaserelease2/NatureDataset2/val/3-waters16.jpg
3
Reading ./databaserelease2/NatureDataset2/val/2-waters394.jpg
2
Reading ./databaserelease2/NatureDataset2/val/6-waters268.jpg
6
Reading ./databaserelease2/NatureDataset2/val/7-waters229.jpg
7
Reading ./databaserelease2/NatureDataset2/val/3-meadows87.jpg
3
Reading ./databaserelease2/NatureDataset2/val/10-waters616.jpg
10
Reading ./databaserelease2/NatureDataset2/val/1-waters261.jpg
1
Reading ./databaserelease2/NatureDataset2/val/4-waters184.jpg
4
Reading ./databaserelease2/NatureDataset2/val/1-waters384.jpg
1
Reading ./databaserelease2/NatureDataset2/val/1-waters224.jpg
1
Reading ./databaserelease2/NatureDataset2/val/2-waters275.jpg
2
Reading ./databaserelease2/NatureDataset2/val/9-waters445.jpg
9
Reading ./databaserelease2/NatureDataset2/val/7-waters451.jpg
7
Reading ./databaserelease2/NatureDataset2/val/4-waters376.jpg
4
Reading ./databaserelease2/NatureDataset2/val/1-waters31.jpg
1
Reading ./databaserelease2/NatureDataset2/val/3-waters173.jpg
3
Reading ./databaserelease2/NatureDataset2/val/7-waters520.jpg
7
Reading ./databaserelease2/NatureDataset2/val/10-waters648.jpg
10
Reading ./databaserelease2/NatureDataset2/val/5-waters29.jpg
5
Reading ./databaserelease2/NatureDataset2/val/7-waters24.jpg
7
Reading ./databaserelease2/NatureDataset2/val/6-waters387.jpg
6
Reading ./databaserelease2/NatureDataset2/val/1-waters452.jpg
1
Reading ./databaserelease2/NatureDataset2/val/6-waters300.jpg
6
Reading ./databaserelease2/NatureDataset2/val/7-waters306.jpg
7
Reading ./databaserelease2/NatureDataset2/val/1-waters325.jpg
1
Reading ./databaserelease2/NatureDataset2/val/7-waters243.jpg
7
Reading ./databaserelease2/NatureDataset2/val/2-waters330.jpg
2
Reading ./databaserelease2/NatureDataset2/val/6-waters3.jpg
6
Reading ./databaserelease2/NatureDataset2/val/8-waters551.jpg
8
Reading ./databaserelease2/NatureDataset2/val/9-waters401.jpg
9
Reading ./databaserelease2/NatureDataset2/val/7-waters289.jpg
7
Reading ./databaserelease2/NatureDataset2/val/6-waters270.jpg
6
Reading ./databaserelease2/NatureDataset2/val/3-waters169.jpg
3
Reading ./databaserelease2/NatureDataset2/val/5-waters312.jpg
5
Reading ./databaserelease2/NatureDataset2/val/5-waters163.jpg
5
Reading ./databaserelease2/NatureDataset2/val/9-waters590.jpg
9
Reading ./databaserelease2/NatureDataset2/val/10-waters655.jpg
10
Reading ./databaserelease2/NatureDataset2/val/5-waters41.jpg
5
Reading ./databaserelease2/NatureDataset2/val/10-waters644.jpg
10
Reading ./databaserelease2/NatureDataset2/val/5-waters370.jpg
5
Reading ./databaserelease2/NatureDataset2/val/7-waters418.jpg
7
Reading ./databaserelease2/NatureDataset2/val/5-waters171.jpg
5
Reading ./databaserelease2/NatureDataset2/val/10-waters626.jpg
10
Reading ./databaserelease2/NatureDataset2/val/1-waters482.jpg
1
Reading ./databaserelease2/NatureDataset2/val/8-waters39.jpg
8
Reading ./databaserelease2/NatureDataset2/val/6-waters507.jpg
6
Reading ./databaserelease2/NatureDataset2/val/2-waters242.jpg
2
Reading ./databaserelease2/NatureDataset2/val/9-waters396.jpg
9
Reading ./databaserelease2/NatureDataset2/val/7-waters508.jpg
7
Reading ./databaserelease2/NatureDataset2/val/5-waters186.jpg
5
Reading ./databaserelease2/NatureDataset2/val/5-waters35.jpg
5
Reading ./databaserelease2/NatureDataset2/val/7-waters404.jpg
7
Reading ./databaserelease2/NatureDataset2/val/1-waters292.jpg
1
Reading ./databaserelease2/NatureDataset2/val/7-waters303.jpg
7
Reading ./databaserelease2/NatureDataset2/val/5-waters145.jpg
5
Reading ./databaserelease2/NatureDataset2/val/3-waters36.jpg
3
Reading ./databaserelease2/NatureDataset2/val/7-waters427.jpg
7
Reading ./databaserelease2/NatureDataset2/val/10-waters646.jpg
10
Reading ./databaserelease2/NatureDataset2/val/3-waters168.jpg
3
Reading ./databaserelease2/NatureDataset2/val/3-meadows495.jpg
3
Reading ./databaserelease2/NatureDataset2/val/4-waters294.jpg
4
Reading ./databaserelease2/NatureDataset2/val/1-waters278.jpg
1
Reading ./databaserelease2/NatureDataset2/val/8-waters441.jpg
8
Reading ./databaserelease2/NatureDataset2/val/2-waters138.jpg
2
Reading ./databaserelease2/NatureDataset2/val/6-waters351.jpg
6
Reading ./databaserelease2/NatureDataset2/val/6-waters201.jpg
6
Reading ./databaserelease2/NatureDataset2/val/9-waters564.jpg
9
Reading ./databaserelease2/NatureDataset2/val/4-waters406.jpg
4
Reading ./databaserelease2/NatureDataset2/val/1-waters328.jpg
1
Reading ./databaserelease2/NatureDataset2/val/6-waters53.jpg
6
Reading ./databaserelease2/NatureDataset2/val/9-waters444.jpg
9
Reading ./databaserelease2/NatureDataset2/val/9-waters561.jpg
9
Reading ./databaserelease2/NatureDataset2/val/2-waters2.jpg
2
Reading ./databaserelease2/NatureDataset2/val/6-waters420.jpg
6
Reading ./databaserelease2/NatureDataset2/val/10-waters667.jpg
10
Reading ./databaserelease2/NatureDataset2/val/6-waters280.jpg
6
Reading ./databaserelease2/NatureDataset2/val/5-waters572.jpg
5
Reading ./databaserelease2/NatureDataset2/val/4-waters309.jpg
4
Reading ./databaserelease2/NatureDataset2/val/9-waters494.jpg
9
Reading ./databaserelease2/NatureDataset2/val/6-waters371.jpg
6
Reading ./databaserelease2/NatureDataset2/val/10-waters643.jpg
10
Reading ./databaserelease2/NatureDataset2/val/2-meadows91.jpg
2
Reading ./databaserelease2/NatureDataset2/val/10-waters603.jpg
10
Reading ./databaserelease2/NatureDataset2/val/2-waters407.jpg
2
Reading ./databaserelease2/NatureDataset2/val/5-waters357.jpg
5
Reading ./databaserelease2/NatureDataset2/val/1-waters353.jpg
1
Reading ./databaserelease2/NatureDataset2/val/6-waters336.jpg
6
Reading ./databaserelease2/NatureDataset2/val/3-meadows62.jpg
3
Reading ./databaserelease2/NatureDataset2/val/1-waters477.jpg
1
Reading ./databaserelease2/NatureDataset2/val/9-waters49.jpg
9
Reading ./databaserelease2/NatureDataset2/val/7-waters38.jpg
7
Reading ./databaserelease2/NatureDataset2/val/5-waters464.jpg
5
Reading ./databaserelease2/NatureDataset2/val/6-waters317.jpg
6
Reading ./databaserelease2/NatureDataset2/val/2-waters388.jpg
2
Reading ./databaserelease2/NatureDataset2/val/7-waters442.jpg
7
Reading ./databaserelease2/NatureDataset2/val/10-waters608.jpg
10
Reading ./databaserelease2/NatureDataset2/val/5-waters411.jpg
5
Reading ./databaserelease2/NatureDataset2/val/2-waters112.jpg
2
Reading ./databaserelease2/NatureDataset2/val/8-waters434.jpg
8
Reading ./databaserelease2/NatureDataset2/val/5-waters435.jpg
5
Reading ./databaserelease2/NatureDataset2/val/2-meadows65.jpg
2
Reading ./databaserelease2/NatureDataset2/val/4-waters304.jpg
4
Reading ./databaserelease2/NatureDataset2/val/9-waters592.jpg
9
Reading ./databaserelease2/NatureDataset2/val/5-waters33.jpg
5
Reading ./databaserelease2/NatureDataset2/val/9-waters409.jpg
9
Reading ./databaserelease2/NatureDataset2/val/2-waters318.jpg
2
Reading ./databaserelease2/NatureDataset2/val/4-waters115.jpg
4
Reading ./databaserelease2/NatureDataset2/val/9-waters536.jpg
9
Reading ./databaserelease2/NatureDataset2/val/4-meadows53.jpg
4
Reading ./databaserelease2/NatureDataset2/val/3-waters354.jpg
3
Reading ./databaserelease2/NatureDataset2/val/6-waters237.jpg
6
Reading ./databaserelease2/NatureDataset2/val/1-waters389.jpg
1
Reading ./databaserelease2/NatureDataset2/val/4-meadows9.jpg
4
Reading ./databaserelease2/NatureDataset2/val/8-waters365.jpg
8
Reading ./databaserelease2/NatureDataset2/val/9-waters552.jpg
9
Reading ./databaserelease2/NatureDataset2/val/5-waters158.jpg
5
Reading ./databaserelease2/NatureDataset2/val/10-waters623.jpg
10
Reading ./databaserelease2/NatureDataset2/val/8-waters518.jpg
8
Reading ./databaserelease2/NatureDataset2/val/2-waters133.jpg
2
Reading ./databaserelease2/NatureDataset2/val/8-waters56.jpg
8
2021-10-27 02:24:55.650185: I tensorflow/compiler/mlir/mlir_graph_optimization_pass.cc:185] None of the MLIR Optimization Passes are enabled (registered 2)
2021-10-27 02:24:57.484774: I tensorflow/stream_executor/cuda/cuda_dnn.cc:369] Loaded cuDNN version 8201
2021-10-27 02:24:59.475435: W tensorflow/stream_executor/gpu/asm_compiler.cc:77] Couldn't get ptxas version string: Internal: Running ptxas --version returned 32512
2021-10-27 02:24:59.538817: W tensorflow/stream_executor/gpu/redzone_allocator.cc:314] Internal: ptxas exited with non-zero error code 32512, output: 
Relying on driver to perform ptx compilation. 
Modify $PATH to customize ptxas location.
This message will be only logged once.
2021-10-27 02:25:12.781043: I tensorflow/stream_executor/cuda/cuda_blas.cc:1760] TensorFloat-32 will be used for the matrix multiplication. This will only be logged once.
Reading ./databaserelease2/NatureDataset2/val/5-waters45.jpg
5
Reading ./databaserelease2/NatureDataset2/val/3-waters251.jpg
3
Reading ./databaserelease2/NatureDataset2/val/3-waters100.jpg
3
Reading ./databaserelease2/NatureDataset2/val/6-waters290.jpg
6
Reading ./databaserelease2/NatureDataset2/val/9-waters40.jpg
9
Reading ./databaserelease2/NatureDataset2/val/5-waters152.jpg
5
Reading ./databaserelease2/NatureDataset2/val/4-waters207.jpg
4
Reading ./databaserelease2/NatureDataset2/val/10-waters579.jpg
10
Reading ./databaserelease2/NatureDataset2/val/8-waters576.jpg
8
Reading ./databaserelease2/NatureDataset2/val/10-waters540.jpg
10
Reading ./databaserelease2/NatureDataset2/val/8-waters436.jpg
8
Reading ./databaserelease2/NatureDataset2/val/5-waters532.jpg
5
Reading ./databaserelease2/NatureDataset2/val/9-waters485.jpg
9
Reading ./databaserelease2/NatureDataset2/val/7-waters515.jpg
7
Reading ./databaserelease2/NatureDataset2/val/6-waters422.jpg
6
Reading ./databaserelease2/NatureDataset2/val/4-waters193.jpg
4
Reading ./databaserelease2/NatureDataset2/val/5-waters227.jpg
5
Reading ./databaserelease2/NatureDataset2/val/4-waters335.jpg
4
Reading ./databaserelease2/NatureDataset2/val/6-waters374.jpg
6
Reading ./databaserelease2/NatureDataset2/val/1-waters391.jpg
1
Reading ./databaserelease2/NatureDataset2/val/3-waters332.jpg
3
Reading ./databaserelease2/NatureDataset2/val/3-waters383.jpg
3
Reading ./databaserelease2/NatureDataset2/val/8-waters514.jpg
8
Reading ./databaserelease2/NatureDataset2/val/7-waters475.jpg
7
Reading ./databaserelease2/NatureDataset2/val/9-waters375.jpg
9
Reading ./databaserelease2/NatureDataset2/val/10-waters625.jpg
10
Reading ./databaserelease2/NatureDataset2/val/8-waters563.jpg
8
Reading ./databaserelease2/NatureDataset2/val/7-waters489.jpg
7
Reading ./databaserelease2/NatureDataset2/val/5-waters512.jpg
5
Reading ./databaserelease2/NatureDataset2/val/6-waters369.jpg
6
Reading ./databaserelease2/NatureDataset2/val/4-waters281.jpg
4
Reading ./databaserelease2/NatureDataset2/val/3-waters178.jpg
3
Reading ./databaserelease2/NatureDataset2/val/7-waters397.jpg
7
Reading ./databaserelease2/NatureDataset2/val/4-waters106.jpg
4
Reading ./databaserelease2/NatureDataset2/val/7-waters286.jpg
7
Reading ./databaserelease2/NatureDataset2/val/5-waters513.jpg
5
Reading ./databaserelease2/NatureDataset2/val/9-waters448.jpg
9
Reading ./databaserelease2/NatureDataset2/val/7-waters502.jpg
7
Reading ./databaserelease2/NatureDataset2/val/7-waters283.jpg
7
Reading ./databaserelease2/NatureDataset2/val/8-waters55.jpg
8
Reading ./databaserelease2/NatureDataset2/val/1-waters305.jpg
1
Reading ./databaserelease2/NatureDataset2/val/2-meadows60.jpg
2
Reading ./databaserelease2/NatureDataset2/val/3-waters199.jpg
3
Reading ./databaserelease2/NatureDataset2/val/3-waters19.jpg
3
Reading ./databaserelease2/NatureDataset2/val/4-meadows477.jpg
4
Reading ./databaserelease2/NatureDataset2/val/4-waters107.jpg
4
Reading ./databaserelease2/NatureDataset2/val/7-waters344.jpg
7
Reading ./databaserelease2/NatureDataset2/val/10-waters622.jpg
10
Reading ./databaserelease2/NatureDataset2/val/3-waters323.jpg
3
Reading ./databaserelease2/NatureDataset2/val/10-waters500.jpg
10
Reading ./databaserelease2/NatureDataset2/val/6-waters363.jpg
6
Reading ./databaserelease2/NatureDataset2/val/1-waters311.jpg
1
Reading ./databaserelease2/NatureDataset2/val/8-waters462.jpg
8
Reading ./databaserelease2/NatureDataset2/val/6-waters314.jpg
6
Reading ./databaserelease2/NatureDataset2/val/3-waters253.jpg
3
Reading ./databaserelease2/NatureDataset2/val/7-waters503.jpg
7
Reading ./databaserelease2/NatureDataset2/val/7-waters255.jpg
7
Reading ./databaserelease2/NatureDataset2/val/3-meadows78.jpg
3
Reading ./databaserelease2/NatureDataset2/val/8-waters446.jpg
8
Reading ./databaserelease2/NatureDataset2/val/3-waters109.jpg
3

Read 400 images.


Epoch 1/100
1/5 [=====>........................] - ETA: 2:08 - loss: 2.3395 - accuracy: 0.08002/5 [===========>..................] - ETA: 3s - loss: 2.3661 - accuracy: 0.0750  3/5 [=================>............] - ETA: 2s - loss: 2.3595 - accuracy: 0.08004/5 [=======================>......] - ETA: 1s - loss: 2.4059 - accuracy: 0.08255/5 [==============================] - ETA: 0s - loss: 2.4020 - accuracy: 0.08515/5 [==============================] - 58s 6s/step - loss: 2.4020 - accuracy: 0.0851 - val_loss: 2.3336 - val_accuracy: 0.0850
2021-10-27 02:25:54.372560: W tensorflow/python/util/util.cc:348] Sets are not currently considered sequences, but this may change in the future, so consider avoiding using them.
The temperature of the GPU is  51
Epoch 2/100
1/5 [=====>........................] - ETA: 4s - loss: 2.3316 - accuracy: 0.09002/5 [===========>..................] - ETA: 3s - loss: 2.3012 - accuracy: 0.07003/5 [=================>............] - ETA: 2s - loss: 2.3415 - accuracy: 0.07334/5 [=======================>......] - ETA: 1s - loss: 2.3917 - accuracy: 0.08505/5 [==============================] - ETA: 0s - loss: 2.3831 - accuracy: 0.08515/5 [==============================] - 8s 2s/step - loss: 2.3831 - accuracy: 0.0851 - val_loss: 2.3327 - val_accuracy: 0.0850
The temperature of the GPU is  52
Epoch 3/100
1/5 [=====>........................] - ETA: 4s - loss: 2.1033 - accuracy: 0.11002/5 [===========>..................] - ETA: 3s - loss: 2.2050 - accuracy: 0.10503/5 [=================>............] - ETA: 2s - loss: 2.2504 - accuracy: 0.09004/5 [=======================>......] - ETA: 1s - loss: 2.2521 - accuracy: 0.08755/5 [==============================] - ETA: 0s - loss: 2.2575 - accuracy: 0.08515/5 [==============================] - 8s 2s/step - loss: 2.2575 - accuracy: 0.0851 - val_loss: 2.3843 - val_accuracy: 0.0850
The temperature of the GPU is  58
Epoch 4/100
1/5 [=====>........................] - ETA: 4s - loss: 2.3937 - accuracy: 0.05002/5 [===========>..................] - ETA: 3s - loss: 2.3013 - accuracy: 0.06503/5 [=================>............] - ETA: 2s - loss: 2.2927 - accuracy: 0.07334/5 [=======================>......] - ETA: 1s - loss: 2.3111 - accuracy: 0.08005/5 [==============================] - ETA: 0s - loss: 2.3007 - accuracy: 0.08515/5 [==============================] - 8s 2s/step - loss: 2.3007 - accuracy: 0.0851 - val_loss: 2.3328 - val_accuracy: 0.0850
The temperature of the GPU is  59
Epoch 5/100
1/5 [=====>........................] - ETA: 4s - loss: 2.2265 - accuracy: 0.10002/5 [===========>..................] - ETA: 3s - loss: 2.2540 - accuracy: 0.08503/5 [=================>............] - ETA: 2s - loss: 2.3243 - accuracy: 0.09334/5 [=======================>......] - ETA: 1s - loss: 2.2621 - accuracy: 0.09255/5 [==============================] - ETA: 0s - loss: 2.2819 - accuracy: 0.08515/5 [==============================] - 8s 2s/step - loss: 2.2819 - accuracy: 0.0851 - val_loss: 2.3320 - val_accuracy: 0.0850
The temperature of the GPU is  55
Epoch 6/100
1/5 [=====>........................] - ETA: 4s - loss: 2.2805 - accuracy: 0.06002/5 [===========>..................] - ETA: 3s - loss: 2.4523 - accuracy: 0.06503/5 [=================>............] - ETA: 2s - loss: 2.3991 - accuracy: 0.07674/5 [=======================>......] - ETA: 1s - loss: 2.3942 - accuracy: 0.08505/5 [==============================] - ETA: 0s - loss: 2.4925 - accuracy: 0.08515/5 [==============================] - 8s 2s/step - loss: 2.4925 - accuracy: 0.0851 - val_loss: 3.0866 - val_accuracy: 0.0850
The temperature of the GPU is  60
Epoch 7/100
1/5 [=====>........................] - ETA: 4s - loss: 2.1518 - accuracy: 0.07002/5 [===========>..................] - ETA: 3s - loss: 2.2724 - accuracy: 0.08503/5 [=================>............] - ETA: 2s - loss: 2.2928 - accuracy: 0.09334/5 [=======================>......] - ETA: 1s - loss: 2.3295 - accuracy: 0.09255/5 [==============================] - ETA: 0s - loss: 2.2887 - accuracy: 0.08305/5 [==============================] - 8s 2s/step - loss: 2.2887 - accuracy: 0.0830 - val_loss: 2.3312 - val_accuracy: 0.0850
The temperature of the GPU is  56
Epoch 8/100
1/5 [=====>........................] - ETA: 4s - loss: 2.1117 - accuracy: 0.11002/5 [===========>..................] - ETA: 3s - loss: 2.4105 - accuracy: 0.12003/5 [=================>............] - ETA: 2s - loss: 2.4000 - accuracy: 0.09674/5 [=======================>......] - ETA: 1s - loss: 2.3926 - accuracy: 0.08505/5 [==============================] - ETA: 0s - loss: 2.4278 - accuracy: 0.08515/5 [==============================] - 8s 2s/step - loss: 2.4278 - accuracy: 0.0851 - val_loss: 2.5015 - val_accuracy: 0.0850
The temperature of the GPU is  61
Epoch 9/100
1/5 [=====>........................] - ETA: 4s - loss: 2.5310 - accuracy: 0.10002/5 [===========>..................] - ETA: 3s - loss: 2.3948 - accuracy: 0.09003/5 [=================>............] - ETA: 2s - loss: 2.3614 - accuracy: 0.09674/5 [=======================>......] - ETA: 1s - loss: 2.3605 - accuracy: 0.08505/5 [==============================] - ETA: 0s - loss: 2.3581 - accuracy: 0.08515/5 [==============================] - 8s 2s/step - loss: 2.3581 - accuracy: 0.0851 - val_loss: 2.3325 - val_accuracy: 0.0850
The temperature of the GPU is  61
Epoch 10/100
1/5 [=====>........................] - ETA: 4s - loss: 2.4875 - accuracy: 0.10002/5 [===========>..................] - ETA: 3s - loss: 2.3993 - accuracy: 0.08003/5 [=================>............] - ETA: 2s - loss: 2.3366 - accuracy: 0.07334/5 [=======================>......] - ETA: 1s - loss: 2.3593 - accuracy: 0.08255/5 [==============================] - ETA: 0s - loss: 2.3959 - accuracy: 0.08515/5 [==============================] - 8s 2s/step - loss: 2.3959 - accuracy: 0.0851 - val_loss: 2.3322 - val_accuracy: 0.0850
The temperature of the GPU is  62
Epoch 11/100
1/5 [=====>........................] - ETA: 4s - loss: 2.6471 - accuracy: 0.06002/5 [===========>..................] - ETA: 3s - loss: 2.4302 - accuracy: 0.06503/5 [=================>............] - ETA: 2s - loss: 2.3251 - accuracy: 0.06334/5 [=======================>......] - ETA: 1s - loss: 2.3391 - accuracy: 0.08505/5 [==============================] - ETA: 0s - loss: 2.3592 - accuracy: 0.08515/5 [==============================] - 8s 2s/step - loss: 2.3592 - accuracy: 0.0851 - val_loss: 2.3736 - val_accuracy: 0.0850
The temperature of the GPU is  63
Epoch 12/100
1/5 [=====>........................] - ETA: 4s - loss: 2.4216 - accuracy: 0.11002/5 [===========>..................] - ETA: 3s - loss: 2.2367 - accuracy: 0.07503/5 [=================>............] - ETA: 2s - loss: 2.2463 - accuracy: 0.07004/5 [=======================>......] - ETA: 1s - loss: 2.3464 - accuracy: 0.08005/5 [==============================] - ETA: 0s - loss: 2.3034 - accuracy: 0.08515/5 [==============================] - 8s 2s/step - loss: 2.3034 - accuracy: 0.0851 - val_loss: 2.8050 - val_accuracy: 0.0850
The temperature of the GPU is  64
Epoch 13/100
1/5 [=====>........................] - ETA: 4s - loss: 2.4084 - accuracy: 0.11002/5 [===========>..................] - ETA: 3s - loss: 2.4251 - accuracy: 0.09003/5 [=================>............] - ETA: 2s - loss: 2.4192 - accuracy: 0.09004/5 [=======================>......] - ETA: 1s - loss: 2.3986 - accuracy: 0.08755/5 [==============================] - ETA: 0s - loss: 2.3943 - accuracy: 0.08515/5 [==============================] - 8s 2s/step - loss: 2.3943 - accuracy: 0.0851 - val_loss: 2.3335 - val_accuracy: 0.0850
The temperature of the GPU is  64
Epoch 14/100
1/5 [=====>........................] - ETA: 4s - loss: 2.5366 - accuracy: 0.11002/5 [===========>..................] - ETA: 3s - loss: 2.4162 - accuracy: 0.11003/5 [=================>............] - ETA: 2s - loss: 2.4851 - accuracy: 0.09334/5 [=======================>......] - ETA: 1s - loss: 2.4120 - accuracy: 0.08505/5 [==============================] - ETA: 0s - loss: 2.4011 - accuracy: 0.08515/5 [==============================] - 8s 2s/step - loss: 2.4011 - accuracy: 0.0851 - val_loss: 2.3309 - val_accuracy: 0.0850
The temperature of the GPU is  59
Epoch 15/100
srun: Job step aborted: Waiting up to 32 seconds for job step to finish.
srun: got SIGCONT
slurmstepd: error: *** STEP 797779.0 ON nodegpu002 CANCELLED AT 2021-10-27T02:27:54 ***
slurmstepd: error: *** JOB 797779 ON nodegpu002 CANCELLED AT 2021-10-27T02:27:54 ***
srun: forcing job termination
