
CommandNotFoundError: Your shell has not been properly configured to use 'conda activate'.
To initialize your shell, run

    $ conda init <SHELL_NAME>

Currently supported shells are:
  - bash
  - fish
  - tcsh
  - xonsh
  - zsh
  - powershell

See 'conda init --help' for more information and options.

IMPORTANT: You may need to close and restart your shell after running 'conda init'.


Tue Oct 26 20:55:51 2021       
+-----------------------------------------------------------------------------+
| NVIDIA-SMI 460.32.03    Driver Version: 460.32.03    CUDA Version: 11.2     |
|-------------------------------+----------------------+----------------------+
| GPU  Name        Persistence-M| Bus-Id        Disp.A | Volatile Uncorr. ECC |
| Fan  Temp  Perf  Pwr:Usage/Cap|         Memory-Usage | GPU-Util  Compute M. |
|                               |                      |               MIG M. |
|===============================+======================+======================|
|   0  A100-PCIE-40GB      Off  | 00000000:21:00.0 Off |                    0 |
| N/A   40C    P0    40W / 250W |      0MiB / 40536MiB |      0%      Default |
|                               |                      |             Disabled |
+-------------------------------+----------------------+----------------------+
                                                                               
+-----------------------------------------------------------------------------+
| Processes:                                                                  |
|  GPU   GI   CI        PID   Type   Process name                  GPU Memory |
|        ID   ID                                                   Usage      |
|=============================================================================|
|  No running processes found                                                 |
+-----------------------------------------------------------------------------+
2021-10-26 20:56:03.962427: I tensorflow/core/platform/cpu_feature_guard.cc:142] This TensorFlow binary is optimized with oneAPI Deep Neural Network Library (oneDNN) to use the following CPU instructions in performance-critical operations:  AVX2 FMA
To enable them in other operations, rebuild TensorFlow with the appropriate compiler flags.
2021-10-26 20:56:04.783832: I tensorflow/core/common_runtime/gpu/gpu_device.cc:1510] Created device /job:localhost/replica:0/task:0/device:GPU:0 with 38426 MB memory:  -> device: 0, name: A100-PCIE-40GB, pci bus id: 0000:21:00.0, compute capability: 8.0
/mnt/beegfs/home/agolchub/miniconda3/envs/tf2-gpu/lib/python3.9/site-packages/keras/optimizer_v2/optimizer_v2.py:355: UserWarning: The `lr` argument is deprecated, use `learning_rate` instead.
  warnings.warn(
Input file is " 
Output file is " agnet.simplemodel.3
Image path is " 
--------------------


Model: "model"
_________________________________________________________________
Layer (type)                 Output Shape              Param #   
=================================================================
input_1 (InputLayer)         [(None, 1024, 680, 3)]    0         
_________________________________________________________________
conv2d (Conv2D)              (None, 149, 149, 32)      1115168   
_________________________________________________________________
batch_normalization (BatchNo (None, 149, 149, 32)      128       
_________________________________________________________________
dropout (Dropout)            (None, 149, 149, 32)      0         
_________________________________________________________________
conv2d_1 (Conv2D)            (None, 42, 42, 64)        8921152   
_________________________________________________________________
batch_normalization_1 (Batch (None, 42, 42, 64)        256       
_________________________________________________________________
dropout_1 (Dropout)          (None, 42, 42, 64)        0         
_________________________________________________________________
conv2d_2 (Conv2D)            (None, 14, 14, 128)       2097280   
_________________________________________________________________
batch_normalization_2 (Batch (None, 14, 14, 128)       512       
_________________________________________________________________
dropout_2 (Dropout)          (None, 14, 14, 128)       0         
_________________________________________________________________
conv2d_3 (Conv2D)            (None, 4, 4, 256)         1605888   
_________________________________________________________________
batch_normalization_3 (Batch (None, 4, 4, 256)         1024      
_________________________________________________________________
dropout_3 (Dropout)          (None, 4, 4, 256)         0         
_________________________________________________________________
conv2d_4 (Conv2D)            (None, 2, 2, 512)         1180160   
_________________________________________________________________
batch_normalization_4 (Batch (None, 2, 2, 512)         2048      
_________________________________________________________________
dropout_4 (Dropout)          (None, 2, 2, 512)         0         
_________________________________________________________________
flatten (Flatten)            (None, 2048)              0         
_________________________________________________________________
dense (Dense)                (None, 512)               1049088   
_________________________________________________________________
dropout_5 (Dropout)          (None, 512)               0         
_________________________________________________________________
dense_1 (Dense)              (None, 256)               131328    
_________________________________________________________________
dropout_6 (Dropout)          (None, 256)               0         
_________________________________________________________________
dense_2 (Dense)              (None, 10)                2570      
=================================================================
Total params: 16,106,602
Trainable params: 16,104,618
Non-trainable params: 1,984
_________________________________________________________________
None
Adding Images: Reading ./databaserelease2/NatureDataset2/train/6-meadows437.jpg
[0, 0, 0, 0, 0, 1, 0, 0, 0, 0]
Reading ./databaserelease2/NatureDataset2/train/1-waters204.jpg
[1, 0, 0, 0, 0, 0, 0, 0, 0, 0]
Reading ./databaserelease2/NatureDataset2/train/9-meadows269.jpg
[0, 0, 0, 0, 0, 0, 0, 0, 1, 0]
Reading ./databaserelease2/NatureDataset2/train/5-forest190.jpg
[0, 0, 0, 0, 1, 0, 0, 0, 0, 0]
Reading ./databaserelease2/NatureDataset2/train/3-meadows177.jpg
[0, 0, 1, 0, 0, 0, 0, 0, 0, 0]
Reading ./databaserelease2/NatureDataset2/train/3-meadows131.jpg
[0, 0, 1, 0, 0, 0, 0, 0, 0, 0]
Reading ./databaserelease2/NatureDataset2/train/8-meadows457.jpg
[0, 0, 0, 0, 0, 0, 0, 1, 0, 0]
Reading ./databaserelease2/NatureDataset2/train/7-forest285.jpg
[0, 0, 0, 0, 0, 0, 1, 0, 0, 0]
Reading ./databaserelease2/NatureDataset2/train/2-meadows319.jpg
[0, 1, 0, 0, 0, 0, 0, 0, 0, 0]
Reading ./databaserelease2/NatureDataset2/train/8-forest202.jpg
[0, 0, 0, 0, 0, 0, 0, 1, 0, 0]
Reading ./databaserelease2/NatureDataset2/train/10-meadows396.jpg
[0, 0, 0, 0, 0, 0, 0, 0, 0, 1]
Reading ./databaserelease2/NatureDataset2/train/8-meadows308.jpg
[0, 0, 0, 0, 0, 0, 0, 1, 0, 0]
Reading ./databaserelease2/NatureDataset2/train/1-meadows220.jpg
[1, 0, 0, 0, 0, 0, 0, 0, 0, 0]
Reading ./databaserelease2/NatureDataset2/train/3-forest414.jpg
[0, 0, 1, 0, 0, 0, 0, 0, 0, 0]
Reading ./databaserelease2/NatureDataset2/train/10-meadows55.jpg
[0, 0, 0, 0, 0, 0, 0, 0, 0, 1]
Reading ./databaserelease2/NatureDataset2/train/8-meadows423.jpg
[0, 0, 0, 0, 0, 0, 0, 1, 0, 0]
Reading ./databaserelease2/NatureDataset2/train/4-forest271.jpg
[0, 0, 0, 1, 0, 0, 0, 0, 0, 0]
Reading ./databaserelease2/NatureDataset2/train/8-meadows68.jpg
[0, 0, 0, 0, 0, 0, 0, 1, 0, 0]
Reading ./databaserelease2/NatureDataset2/train/5-meadows69.jpg
[0, 0, 0, 0, 1, 0, 0, 0, 0, 0]
Reading ./databaserelease2/NatureDataset2/train/3-forest550.jpg
[0, 0, 1, 0, 0, 0, 0, 0, 0, 0]
Reading ./databaserelease2/NatureDataset2/train/3-meadows129.jpg
[0, 0, 1, 0, 0, 0, 0, 0, 0, 0]
Reading ./databaserelease2/NatureDataset2/train/4-meadows230.jpg
[0, 0, 0, 1, 0, 0, 0, 0, 0, 0]
Reading ./databaserelease2/NatureDataset2/train/8-forest108.jpg
[0, 0, 0, 0, 0, 0, 0, 1, 0, 0]
Reading ./databaserelease2/NatureDataset2/train/4-forest361.jpg
[0, 0, 0, 1, 0, 0, 0, 0, 0, 0]
Reading ./databaserelease2/NatureDataset2/train/7-waters191.jpg
[0, 0, 0, 0, 0, 0, 1, 0, 0, 0]
Reading ./databaserelease2/NatureDataset2/train/3-meadows288.jpg
[0, 0, 1, 0, 0, 0, 0, 0, 0, 0]
Reading ./databaserelease2/NatureDataset2/train/7-meadows286.jpg
[0, 0, 0, 0, 0, 0, 1, 0, 0, 0]
Reading ./databaserelease2/NatureDataset2/train/10-waters153.jpg
[0, 0, 0, 0, 0, 0, 0, 0, 0, 1]
Reading ./databaserelease2/NatureDataset2/train/5-forest297.jpg
[0, 0, 0, 0, 1, 0, 0, 0, 0, 0]
Reading ./databaserelease2/NatureDataset2/train/7-forest333.jpg
[0, 0, 0, 0, 0, 0, 1, 0, 0, 0]
Reading ./databaserelease2/NatureDataset2/train/7-meadows490.jpg
[0, 0, 0, 0, 0, 0, 1, 0, 0, 0]
Reading ./databaserelease2/NatureDataset2/train/3-meadows415.jpg
[0, 0, 1, 0, 0, 0, 0, 0, 0, 0]
Reading ./databaserelease2/NatureDataset2/train/9-forest421.jpg
[0, 0, 0, 0, 0, 0, 0, 0, 1, 0]
Reading ./databaserelease2/NatureDataset2/train/5-meadows267.jpg
[0, 0, 0, 0, 1, 0, 0, 0, 0, 0]
Reading ./databaserelease2/NatureDataset2/train/8-forest524.jpg
[0, 0, 0, 0, 0, 0, 0, 1, 0, 0]
Reading ./databaserelease2/NatureDataset2/train/10-forest145.jpg
[0, 0, 0, 0, 0, 0, 0, 0, 0, 1]
Reading ./databaserelease2/NatureDataset2/train/6-forest337.jpg
[0, 0, 0, 0, 0, 1, 0, 0, 0, 0]
Reading ./databaserelease2/NatureDataset2/train/2-meadows491.jpg
[0, 1, 0, 0, 0, 0, 0, 0, 0, 0]
Reading ./databaserelease2/NatureDataset2/train/3-forest44.jpg
[0, 0, 1, 0, 0, 0, 0, 0, 0, 0]
Reading ./databaserelease2/NatureDataset2/train/1-forest53.jpg
[1, 0, 0, 0, 0, 0, 0, 0, 0, 0]
Reading ./databaserelease2/NatureDataset2/train/1-forest132.jpg
[1, 0, 0, 0, 0, 0, 0, 0, 0, 0]
Reading ./databaserelease2/NatureDataset2/train/5-forest597.jpg
[0, 0, 0, 0, 1, 0, 0, 0, 0, 0]
Reading ./databaserelease2/NatureDataset2/train/7-forest491.jpg
[0, 0, 0, 0, 0, 0, 1, 0, 0, 0]
Reading ./databaserelease2/NatureDataset2/train/5-forest318.jpg
[0, 0, 0, 0, 1, 0, 0, 0, 0, 0]
Reading ./databaserelease2/NatureDataset2/train/9-meadows442.jpg
[0, 0, 0, 0, 0, 0, 0, 0, 1, 0]
Reading ./databaserelease2/NatureDataset2/train/3-forest107.jpg
[0, 0, 1, 0, 0, 0, 0, 0, 0, 0]
Reading ./databaserelease2/NatureDataset2/train/9-forest554.jpg
[0, 0, 0, 0, 0, 0, 0, 0, 1, 0]
Reading ./databaserelease2/NatureDataset2/train/9-forest102.jpg
[0, 0, 0, 0, 0, 0, 0, 0, 1, 0]
Reading ./databaserelease2/NatureDataset2/train/6-meadows304.jpg
[0, 0, 0, 0, 0, 1, 0, 0, 0, 0]
Reading ./databaserelease2/NatureDataset2/train/6-meadows40.jpg
[0, 0, 0, 0, 0, 1, 0, 0, 0, 0]
Reading ./databaserelease2/NatureDataset2/train/9-waters250.jpg
[0, 0, 0, 0, 0, 0, 0, 0, 1, 0]
Reading ./databaserelease2/NatureDataset2/train/5-forest467.jpg
[0, 0, 0, 0, 1, 0, 0, 0, 0, 0]
Reading ./databaserelease2/NatureDataset2/train/5-forest4.jpg
[0, 0, 0, 0, 1, 0, 0, 0, 0, 0]
Reading ./databaserelease2/NatureDataset2/train/1-meadows347.jpg
[1, 0, 0, 0, 0, 0, 0, 0, 0, 0]
Reading ./databaserelease2/NatureDataset2/train/6-waters140.jpg
[0, 0, 0, 0, 0, 1, 0, 0, 0, 0]
Reading ./databaserelease2/NatureDataset2/train/3-forest571.jpg
[0, 0, 1, 0, 0, 0, 0, 0, 0, 0]
Reading ./databaserelease2/NatureDataset2/train/8-meadows300.jpg
[0, 0, 0, 0, 0, 0, 0, 1, 0, 0]
Reading ./databaserelease2/NatureDataset2/train/5-forest216.jpg
[0, 0, 0, 0, 1, 0, 0, 0, 0, 0]
Reading ./databaserelease2/NatureDataset2/train/10-meadows436.jpg
[0, 0, 0, 0, 0, 0, 0, 0, 0, 1]
Reading ./databaserelease2/NatureDataset2/train/8-meadows317.jpg
[0, 0, 0, 0, 0, 0, 0, 1, 0, 0]
Reading ./databaserelease2/NatureDataset2/train/9-forest67.jpg
[0, 0, 0, 0, 0, 0, 0, 0, 1, 0]
Reading ./databaserelease2/NatureDataset2/train/4-forest161.jpg
[0, 0, 0, 1, 0, 0, 0, 0, 0, 0]
Reading ./databaserelease2/NatureDataset2/train/4-forest282.jpg
[0, 0, 0, 1, 0, 0, 0, 0, 0, 0]
Reading ./databaserelease2/NatureDataset2/train/4-forest437.jpg
[0, 0, 0, 1, 0, 0, 0, 0, 0, 0]
Reading ./databaserelease2/NatureDataset2/train/7-waters126.jpg
[0, 0, 0, 0, 0, 0, 1, 0, 0, 0]
Reading ./databaserelease2/NatureDataset2/train/3-forest567.jpg
[0, 0, 1, 0, 0, 0, 0, 0, 0, 0]
Reading ./databaserelease2/NatureDataset2/train/3-forest591.jpg
[0, 0, 1, 0, 0, 0, 0, 0, 0, 0]
Reading ./databaserelease2/NatureDataset2/train/7-meadows22.jpg
[0, 0, 0, 0, 0, 0, 1, 0, 0, 0]
Reading ./databaserelease2/NatureDataset2/train/5-forest293.jpg
[0, 0, 0, 0, 1, 0, 0, 0, 0, 0]
Reading ./databaserelease2/NatureDataset2/train/7-meadows27.jpg
[0, 0, 0, 0, 0, 0, 1, 0, 0, 0]
Reading ./databaserelease2/NatureDataset2/train/2-forest253.jpg
[0, 1, 0, 0, 0, 0, 0, 0, 0, 0]
Reading ./databaserelease2/NatureDataset2/train/1-forest418.jpg
[1, 0, 0, 0, 0, 0, 0, 0, 0, 0]
Reading ./databaserelease2/NatureDataset2/train/10-forest428.jpg
[0, 0, 0, 0, 0, 0, 0, 0, 0, 1]
Reading ./databaserelease2/NatureDataset2/train/4-meadows4.jpg
[0, 0, 0, 1, 0, 0, 0, 0, 0, 0]
Reading ./databaserelease2/NatureDataset2/train/7-forest122.jpg
[0, 0, 0, 0, 0, 0, 1, 0, 0, 0]
Reading ./databaserelease2/NatureDataset2/train/7-forest381.jpg
[0, 0, 0, 0, 0, 0, 1, 0, 0, 0]
Reading ./databaserelease2/NatureDataset2/train/4-forest243.jpg
[0, 0, 0, 1, 0, 0, 0, 0, 0, 0]
Reading ./databaserelease2/NatureDataset2/train/10-waters141.jpg
[0, 0, 0, 0, 0, 0, 0, 0, 0, 1]
Reading ./databaserelease2/NatureDataset2/train/10-forest26.jpg
[0, 0, 0, 0, 0, 0, 0, 0, 0, 1]
Reading ./databaserelease2/NatureDataset2/train/3-meadows334.jpg
[0, 0, 1, 0, 0, 0, 0, 0, 0, 0]
Reading ./databaserelease2/NatureDataset2/train/7-meadows324.jpg
[0, 0, 0, 0, 0, 0, 1, 0, 0, 0]
Reading ./databaserelease2/NatureDataset2/train/1-forest64.jpg
[1, 0, 0, 0, 0, 0, 0, 0, 0, 0]
Reading ./databaserelease2/NatureDataset2/train/6-forest432.jpg
[0, 0, 0, 0, 0, 1, 0, 0, 0, 0]
Reading ./databaserelease2/NatureDataset2/train/6-forest530.jpg
[0, 0, 0, 0, 0, 1, 0, 0, 0, 0]
Reading ./databaserelease2/NatureDataset2/train/6-meadows108.jpg
[0, 0, 0, 0, 0, 1, 0, 0, 0, 0]
Reading ./databaserelease2/NatureDataset2/train/4-forest104.jpg
[0, 0, 0, 1, 0, 0, 0, 0, 0, 0]
Reading ./databaserelease2/NatureDataset2/train/5-meadows38.jpg
[0, 0, 0, 0, 1, 0, 0, 0, 0, 0]
Reading ./databaserelease2/NatureDataset2/train/9-forest98.jpg
[0, 0, 0, 0, 0, 0, 0, 0, 1, 0]
Reading ./databaserelease2/NatureDataset2/train/10-forest471.jpg
[0, 0, 0, 0, 0, 0, 0, 0, 0, 1]
Reading ./databaserelease2/NatureDataset2/train/7-forest247.jpg
[0, 0, 0, 0, 0, 0, 1, 0, 0, 0]
Reading ./databaserelease2/NatureDataset2/train/2-forest581.jpg
[0, 1, 0, 0, 0, 0, 0, 0, 0, 0]
Reading ./databaserelease2/NatureDataset2/train/7-meadows321.jpg
[0, 0, 0, 0, 0, 0, 1, 0, 0, 0]
Reading ./databaserelease2/NatureDataset2/train/1-meadows135.jpg
[1, 0, 0, 0, 0, 0, 0, 0, 0, 0]
Reading ./databaserelease2/NatureDataset2/train/3-forest298.jpg
[0, 0, 1, 0, 0, 0, 0, 0, 0, 0]
Reading ./databaserelease2/NatureDataset2/train/3-meadows358.jpg
[0, 0, 1, 0, 0, 0, 0, 0, 0, 0]
Reading ./databaserelease2/NatureDataset2/train/9-forest405.jpg
[0, 0, 0, 0, 0, 0, 0, 0, 1, 0]
Reading ./databaserelease2/NatureDataset2/train/7-forest232.jpg
[0, 0, 0, 0, 0, 0, 1, 0, 0, 0]
Reading ./databaserelease2/NatureDataset2/train/5-forest526.jpg
[0, 0, 0, 0, 1, 0, 0, 0, 0, 0]
Reading ./databaserelease2/NatureDataset2/train/9-meadows326.jpg
[0, 0, 0, 0, 0, 0, 0, 0, 1, 0]
Reading ./databaserelease2/NatureDataset2/train/7-forest568.jpg
[0, 0, 0, 0, 0, 0, 1, 0, 0, 0]
Reading ./databaserelease2/NatureDataset2/train/6-forest488.jpg
[0, 0, 0, 0, 0, 1, 0, 0, 0, 0]
Reading ./databaserelease2/NatureDataset2/train/3-meadows147.jpg
[0, 0, 1, 0, 0, 0, 0, 0, 0, 0]
Reading ./databaserelease2/NatureDataset2/train/9-forest433.jpg
[0, 0, 0, 0, 0, 0, 0, 0, 1, 0]
Reading ./databaserelease2/NatureDataset2/train/2-meadows214.jpg
[0, 1, 0, 0, 0, 0, 0, 0, 0, 0]
Reading ./databaserelease2/NatureDataset2/train/8-forest562.jpg
[0, 0, 0, 0, 0, 0, 0, 1, 0, 0]
Reading ./databaserelease2/NatureDataset2/train/5-forest516.jpg
[0, 0, 0, 0, 1, 0, 0, 0, 0, 0]
Reading ./databaserelease2/NatureDataset2/train/4-forest336.jpg
[0, 0, 0, 1, 0, 0, 0, 0, 0, 0]
Reading ./databaserelease2/NatureDataset2/train/5-forest100.jpg
[0, 0, 0, 0, 1, 0, 0, 0, 0, 0]
Reading ./databaserelease2/NatureDataset2/train/8-forest499.jpg
[0, 0, 0, 0, 0, 0, 0, 1, 0, 0]
Reading ./databaserelease2/NatureDataset2/train/6-forest522.jpg
[0, 0, 0, 0, 0, 1, 0, 0, 0, 0]
Reading ./databaserelease2/NatureDataset2/train/7-meadows404.jpg
[0, 0, 0, 0, 0, 0, 1, 0, 0, 0]
Reading ./databaserelease2/NatureDataset2/train/3-meadows460.jpg
[0, 0, 1, 0, 0, 0, 0, 0, 0, 0]
Reading ./databaserelease2/NatureDataset2/train/7-forest31.jpg
[0, 0, 0, 0, 0, 0, 1, 0, 0, 0]
Reading ./databaserelease2/NatureDataset2/train/4-forest538.jpg
[0, 0, 0, 1, 0, 0, 0, 0, 0, 0]
Reading ./databaserelease2/NatureDataset2/train/2-meadows34.jpg
[0, 1, 0, 0, 0, 0, 0, 0, 0, 0]
Reading ./databaserelease2/NatureDataset2/train/1-forest29.jpg
[1, 0, 0, 0, 0, 0, 0, 0, 0, 0]
Reading ./databaserelease2/NatureDataset2/train/8-forest466.jpg
[0, 0, 0, 0, 0, 0, 0, 1, 0, 0]
Reading ./databaserelease2/NatureDataset2/train/7-meadows121.jpg
[0, 0, 0, 0, 0, 0, 1, 0, 0, 0]
Reading ./databaserelease2/NatureDataset2/train/7-waters214.jpg
[0, 0, 0, 0, 0, 0, 1, 0, 0, 0]
Reading ./databaserelease2/NatureDataset2/train/6-meadows134.jpg
[0, 0, 0, 0, 0, 1, 0, 0, 0, 0]
Reading ./databaserelease2/NatureDataset2/train/4-forest364.jpg
[0, 0, 0, 1, 0, 0, 0, 0, 0, 0]
Reading ./databaserelease2/NatureDataset2/train/10-waters405.jpg
[0, 0, 0, 0, 0, 0, 0, 0, 0, 1]
Reading ./databaserelease2/NatureDataset2/train/3-meadows159.jpg
[0, 0, 1, 0, 0, 0, 0, 0, 0, 0]
Reading ./databaserelease2/NatureDataset2/train/3-meadows245.jpg
[0, 0, 1, 0, 0, 0, 0, 0, 0, 0]
Reading ./databaserelease2/NatureDataset2/train/10-waters431.jpg
[0, 0, 0, 0, 0, 0, 0, 0, 0, 1]
Reading ./databaserelease2/NatureDataset2/train/1-waters137.jpg
[1, 0, 0, 0, 0, 0, 0, 0, 0, 0]
Reading ./databaserelease2/NatureDataset2/train/6-meadows443.jpg
[0, 0, 0, 0, 0, 1, 0, 0, 0, 0]
Reading ./databaserelease2/NatureDataset2/train/2-meadows353.jpg
[0, 1, 0, 0, 0, 0, 0, 0, 0, 0]
Reading ./databaserelease2/NatureDataset2/train/3-forest496.jpg
[0, 0, 1, 0, 0, 0, 0, 0, 0, 0]
Reading ./databaserelease2/NatureDataset2/train/8-meadows393.jpg
[0, 0, 0, 0, 0, 0, 0, 1, 0, 0]
Reading ./databaserelease2/NatureDataset2/train/6-meadows428.jpg
[0, 0, 0, 0, 0, 1, 0, 0, 0, 0]
Reading ./databaserelease2/NatureDataset2/train/8-forest43.jpg
[0, 0, 0, 0, 0, 0, 0, 1, 0, 0]
Reading ./databaserelease2/NatureDataset2/train/4-forest589.jpg
[0, 0, 0, 1, 0, 0, 0, 0, 0, 0]
Reading ./databaserelease2/NatureDataset2/train/1-meadows483.jpg
[1, 0, 0, 0, 0, 0, 0, 0, 0, 0]
Reading ./databaserelease2/NatureDataset2/train/9-waters216.jpg
[0, 0, 0, 0, 0, 0, 0, 0, 1, 0]
Reading ./databaserelease2/NatureDataset2/train/6-forest518.jpg
[0, 0, 0, 0, 0, 1, 0, 0, 0, 0]
srun: Job step aborted: Waiting up to 32 seconds for job step to finish.
srun: got SIGCONT
slurmstepd: error: *** JOB 797751 ON nodegpu002 CANCELLED AT 2021-10-26T20:56:27 ***
srun: forcing job termination
slurmstepd: error: *** STEP 797751.0 ON nodegpu002 CANCELLED AT 2021-10-26T20:56:27 ***
