2021-10-26 20:54:52.277090: I tensorflow/core/platform/cpu_feature_guard.cc:142] This TensorFlow binary is optimized with oneAPI Deep Neural Network Library (oneDNN) to use the following CPU instructions in performance-critical operations:  AVX2 FMA
To enable them in other operations, rebuild TensorFlow with the appropriate compiler flags.
2021-10-26 20:54:53.099999: I tensorflow/core/common_runtime/gpu/gpu_device.cc:1510] Created device /job:localhost/replica:0/task:0/device:GPU:0 with 38426 MB memory:  -> device: 0, name: A100-PCIE-40GB, pci bus id: 0000:21:00.0, compute capability: 8.0
Input file is " ./agnet.simplemodel.3
Output file is " 
Image path is " ./databaserelease2/NatureDataset2/train
--------------------


Model Loaded
Model: "model"
_________________________________________________________________
Layer (type)                 Output Shape              Param #   
=================================================================
input_1 (InputLayer)         [(None, 1024, 680, 3)]    0         
_________________________________________________________________
conv2d (Conv2D)              (None, 149, 149, 32)      1115168   
_________________________________________________________________
batch_normalization (BatchNo (None, 149, 149, 32)      128       
_________________________________________________________________
dropout (Dropout)            (None, 149, 149, 32)      0         
_________________________________________________________________
conv2d_1 (Conv2D)            (None, 42, 42, 64)        8921152   
_________________________________________________________________
batch_normalization_1 (Batch (None, 42, 42, 64)        256       
_________________________________________________________________
dropout_1 (Dropout)          (None, 42, 42, 64)        0         
_________________________________________________________________
conv2d_2 (Conv2D)            (None, 14, 14, 128)       2097280   
_________________________________________________________________
batch_normalization_2 (Batch (None, 14, 14, 128)       512       
_________________________________________________________________
dropout_2 (Dropout)          (None, 14, 14, 128)       0         
_________________________________________________________________
conv2d_3 (Conv2D)            (None, 4, 4, 256)         1605888   
_________________________________________________________________
batch_normalization_3 (Batch (None, 4, 4, 256)         1024      
_________________________________________________________________
dropout_3 (Dropout)          (None, 4, 4, 256)         0         
_________________________________________________________________
conv2d_4 (Conv2D)            (None, 2, 2, 512)         1180160   
_________________________________________________________________
batch_normalization_4 (Batch (None, 2, 2, 512)         2048      
_________________________________________________________________
dropout_4 (Dropout)          (None, 2, 2, 512)         0         
_________________________________________________________________
flatten (Flatten)            (None, 2048)              0         
_________________________________________________________________
dense (Dense)                (None, 512)               1049088   
_________________________________________________________________
dropout_5 (Dropout)          (None, 512)               0         
_________________________________________________________________
dense_1 (Dense)              (None, 256)               131328    
_________________________________________________________________
dropout_6 (Dropout)          (None, 256)               0         
_________________________________________________________________
dense_2 (Dense)              (None, 10)                2570      
=================================================================
Total params: 16,106,602
Trainable params: 16,104,618
Non-trainable params: 1,984
_________________________________________________________________
None
Adding Images: Reading ./databaserelease2/NatureDataset2/train/9-meadows289.jpg
[0, 0, 0, 0, 0, 0, 0, 0, 1, 0]
Reading ./databaserelease2/NatureDataset2/train/4-forest548.jpg
[0, 0, 0, 1, 0, 0, 0, 0, 0, 0]
Reading ./databaserelease2/NatureDataset2/train/10-meadows145.jpg
[0, 0, 0, 0, 0, 0, 0, 0, 0, 1]
Reading ./databaserelease2/NatureDataset2/train/6-meadows127.jpg
[0, 0, 0, 0, 0, 1, 0, 0, 0, 0]
Reading ./databaserelease2/NatureDataset2/train/3-meadows170.jpg
[0, 0, 1, 0, 0, 0, 0, 0, 0, 0]
Reading ./databaserelease2/NatureDataset2/train/5-forest516.jpg
[0, 0, 0, 0, 1, 0, 0, 0, 0, 0]
Reading ./databaserelease2/NatureDataset2/train/2-meadows275.jpg
[0, 1, 0, 0, 0, 0, 0, 0, 0, 0]
Reading ./databaserelease2/NatureDataset2/train/4-meadows171.jpg
[0, 0, 0, 1, 0, 0, 0, 0, 0, 0]
Reading ./databaserelease2/NatureDataset2/train/2-forest301.jpg
[0, 1, 0, 0, 0, 0, 0, 0, 0, 0]
Reading ./databaserelease2/NatureDataset2/train/6-forest595.jpg
[0, 0, 0, 0, 0, 1, 0, 0, 0, 0]
Reading ./databaserelease2/NatureDataset2/train/10-forest221.jpg
[0, 0, 0, 0, 0, 0, 0, 0, 0, 1]
Reading ./databaserelease2/NatureDataset2/train/10-forest472.jpg
[0, 0, 0, 0, 0, 0, 0, 0, 0, 1]
Reading ./databaserelease2/NatureDataset2/train/4-meadows411.jpg
[0, 0, 0, 1, 0, 0, 0, 0, 0, 0]
Reading ./databaserelease2/NatureDataset2/train/2-meadows14.jpg
[0, 1, 0, 0, 0, 0, 0, 0, 0, 0]
Reading ./databaserelease2/NatureDataset2/train/10-waters474.jpg
[0, 0, 0, 0, 0, 0, 0, 0, 0, 1]
Reading ./databaserelease2/NatureDataset2/train/9-meadows88.jpg
[0, 0, 0, 0, 0, 0, 0, 0, 1, 0]
Reading ./databaserelease2/NatureDataset2/train/5-meadows500.jpg
[0, 0, 0, 0, 1, 0, 0, 0, 0, 0]
Reading ./databaserelease2/NatureDataset2/train/7-forest10.jpg
[0, 0, 0, 0, 0, 0, 1, 0, 0, 0]
Reading ./databaserelease2/NatureDataset2/train/6-meadows154.jpg
[0, 0, 0, 0, 0, 1, 0, 0, 0, 0]
Reading ./databaserelease2/NatureDataset2/train/6-meadows443.jpg
[0, 0, 0, 0, 0, 1, 0, 0, 0, 0]
Reading ./databaserelease2/NatureDataset2/train/4-forest593.jpg
[0, 0, 0, 1, 0, 0, 0, 0, 0, 0]
Reading ./databaserelease2/NatureDataset2/train/5-forest50.jpg
[0, 0, 0, 0, 1, 0, 0, 0, 0, 0]
Reading ./databaserelease2/NatureDataset2/train/7-waters128.jpg
[0, 0, 0, 0, 0, 0, 1, 0, 0, 0]
Reading ./databaserelease2/NatureDataset2/train/9-meadows261.jpg
[0, 0, 0, 0, 0, 0, 0, 0, 1, 0]
Reading ./databaserelease2/NatureDataset2/train/5-meadows441.jpg
[0, 0, 0, 0, 1, 0, 0, 0, 0, 0]
Reading ./databaserelease2/NatureDataset2/train/8-meadows51.jpg
[0, 0, 0, 0, 0, 0, 0, 1, 0, 0]
Reading ./databaserelease2/NatureDataset2/train/8-forest185.jpg
[0, 0, 0, 0, 0, 0, 0, 1, 0, 0]
Reading ./databaserelease2/NatureDataset2/train/5-meadows192.jpg
[0, 0, 0, 0, 1, 0, 0, 0, 0, 0]
Reading ./databaserelease2/NatureDataset2/train/7-meadows121.jpg
[0, 0, 0, 0, 0, 0, 1, 0, 0, 0]
Reading ./databaserelease2/NatureDataset2/train/5-forest15.jpg
[0, 0, 0, 0, 1, 0, 0, 0, 0, 0]
Reading ./databaserelease2/NatureDataset2/train/10-forest471.jpg
[0, 0, 0, 0, 0, 0, 0, 0, 0, 1]
Reading ./databaserelease2/NatureDataset2/train/6-forest206.jpg
[0, 0, 0, 0, 0, 1, 0, 0, 0, 0]
Reading ./databaserelease2/NatureDataset2/train/6-forest522.jpg
[0, 0, 0, 0, 0, 1, 0, 0, 0, 0]
Reading ./databaserelease2/NatureDataset2/train/6-forest313.jpg
[0, 0, 0, 0, 0, 1, 0, 0, 0, 0]
Reading ./databaserelease2/NatureDataset2/train/3-meadows335.jpg
[0, 0, 1, 0, 0, 0, 0, 0, 0, 0]
Reading ./databaserelease2/NatureDataset2/train/6-forest32.jpg
[0, 0, 0, 0, 0, 1, 0, 0, 0, 0]
Reading ./databaserelease2/NatureDataset2/train/2-meadows319.jpg
[0, 1, 0, 0, 0, 0, 0, 0, 0, 0]
Reading ./databaserelease2/NatureDataset2/train/7-forest14.jpg
[0, 0, 0, 0, 0, 0, 1, 0, 0, 0]
Reading ./databaserelease2/NatureDataset2/train/2-forest504.jpg
[0, 1, 0, 0, 0, 0, 0, 0, 0, 0]
Reading ./databaserelease2/NatureDataset2/train/3-forest325.jpg
[0, 0, 1, 0, 0, 0, 0, 0, 0, 0]
Reading ./databaserelease2/NatureDataset2/train/6-meadows387.jpg
[0, 0, 0, 0, 0, 1, 0, 0, 0, 0]
Reading ./databaserelease2/NatureDataset2/train/5-forest526.jpg
[0, 0, 0, 0, 1, 0, 0, 0, 0, 0]
Reading ./databaserelease2/NatureDataset2/train/2-meadows344.jpg
[0, 1, 0, 0, 0, 0, 0, 0, 0, 0]
Reading ./databaserelease2/NatureDataset2/train/7-forest451.jpg
[0, 0, 0, 0, 0, 0, 1, 0, 0, 0]
Reading ./databaserelease2/NatureDataset2/train/5-forest318.jpg
[0, 0, 0, 0, 1, 0, 0, 0, 0, 0]
Reading ./databaserelease2/NatureDataset2/train/10-waters153.jpg
[0, 0, 0, 0, 0, 0, 0, 0, 0, 1]
Reading ./databaserelease2/NatureDataset2/train/1-forest439.jpg
[1, 0, 0, 0, 0, 0, 0, 0, 0, 0]
Reading ./databaserelease2/NatureDataset2/train/3-forest260.jpg
[0, 0, 1, 0, 0, 0, 0, 0, 0, 0]
Reading ./databaserelease2/NatureDataset2/train/8-meadows28.jpg
[0, 0, 0, 0, 0, 0, 0, 1, 0, 0]
Reading ./databaserelease2/NatureDataset2/train/8-forest20.jpg
[0, 0, 0, 0, 0, 0, 0, 1, 0, 0]
Reading ./databaserelease2/NatureDataset2/train/4-forest563.jpg
[0, 0, 0, 1, 0, 0, 0, 0, 0, 0]
Reading ./databaserelease2/NatureDataset2/train/4-forest473.jpg
[0, 0, 0, 1, 0, 0, 0, 0, 0, 0]
Reading ./databaserelease2/NatureDataset2/train/3-meadows359.jpg
[0, 0, 1, 0, 0, 0, 0, 0, 0, 0]
Reading ./databaserelease2/NatureDataset2/train/5-meadows473.jpg
[0, 0, 0, 0, 1, 0, 0, 0, 0, 0]
Reading ./databaserelease2/NatureDataset2/train/5-forest71.jpg
[0, 0, 0, 0, 1, 0, 0, 0, 0, 0]
Reading ./databaserelease2/NatureDataset2/train/3-meadows142.jpg
[0, 0, 1, 0, 0, 0, 0, 0, 0, 0]
Reading ./databaserelease2/NatureDataset2/train/2-meadows369.jpg
[0, 1, 0, 0, 0, 0, 0, 0, 0, 0]
Reading ./databaserelease2/NatureDataset2/train/6-forest488.jpg
[0, 0, 0, 0, 0, 1, 0, 0, 0, 0]
Reading ./databaserelease2/NatureDataset2/train/6-forest208.jpg
[0, 0, 0, 0, 0, 1, 0, 0, 0, 0]
Reading ./databaserelease2/NatureDataset2/train/4-meadows157.jpg
[0, 0, 0, 1, 0, 0, 0, 0, 0, 0]
Reading ./databaserelease2/NatureDataset2/train/5-forest592.jpg
[0, 0, 0, 0, 1, 0, 0, 0, 0, 0]
Reading ./databaserelease2/NatureDataset2/train/7-forest127.jpg
[0, 0, 0, 0, 0, 0, 1, 0, 0, 0]
Reading ./databaserelease2/NatureDataset2/train/8-meadows413.jpg
[0, 0, 0, 0, 0, 0, 0, 1, 0, 0]
Reading ./databaserelease2/NatureDataset2/train/7-meadows265.jpg
[0, 0, 0, 0, 0, 0, 1, 0, 0, 0]
Reading ./databaserelease2/NatureDataset2/train/7-meadows418.jpg
[0, 0, 0, 0, 0, 0, 1, 0, 0, 0]
Reading ./databaserelease2/NatureDataset2/train/2-forest326.jpg
[0, 1, 0, 0, 0, 0, 0, 0, 0, 0]
Reading ./databaserelease2/NatureDataset2/train/7-meadows360.jpg
[0, 0, 0, 0, 0, 0, 1, 0, 0, 0]
Reading ./databaserelease2/NatureDataset2/train/3-forest82.jpg
[0, 0, 1, 0, 0, 0, 0, 0, 0, 0]
Reading ./databaserelease2/NatureDataset2/train/7-meadows471.jpg
[0, 0, 0, 0, 0, 0, 1, 0, 0, 0]
Reading ./databaserelease2/NatureDataset2/train/9-forest46.jpg
[0, 0, 0, 0, 0, 0, 0, 0, 1, 0]
Reading ./databaserelease2/NatureDataset2/train/3-meadows415.jpg
[0, 0, 1, 0, 0, 0, 0, 0, 0, 0]
Reading ./databaserelease2/NatureDataset2/train/9-meadows123.jpg
[0, 0, 0, 0, 0, 0, 0, 0, 1, 0]
Reading ./databaserelease2/NatureDataset2/train/7-meadows392.jpg
[0, 0, 0, 0, 0, 0, 1, 0, 0, 0]
Reading ./databaserelease2/NatureDataset2/train/4-meadows395.jpg
[0, 0, 0, 1, 0, 0, 0, 0, 0, 0]
Reading ./databaserelease2/NatureDataset2/train/2-forest387.jpg
[0, 1, 0, 0, 0, 0, 0, 0, 0, 0]
Reading ./databaserelease2/NatureDataset2/train/7-forest551.jpg
[0, 0, 0, 0, 0, 0, 1, 0, 0, 0]
Reading ./databaserelease2/NatureDataset2/train/6-forest370.jpg
[0, 0, 0, 0, 0, 1, 0, 0, 0, 0]
Reading ./databaserelease2/NatureDataset2/train/6-meadows257.jpg
[0, 0, 0, 0, 0, 1, 0, 0, 0, 0]
Reading ./databaserelease2/NatureDataset2/train/9-forest365.jpg
[0, 0, 0, 0, 0, 0, 0, 0, 1, 0]
Reading ./databaserelease2/NatureDataset2/train/7-meadows378.jpg
[0, 0, 0, 0, 0, 0, 1, 0, 0, 0]
Reading ./databaserelease2/NatureDataset2/train/4-meadows382.jpg
[0, 0, 0, 1, 0, 0, 0, 0, 0, 0]
Reading ./databaserelease2/NatureDataset2/train/5-meadows144.jpg
[0, 0, 0, 0, 1, 0, 0, 0, 0, 0]
Reading ./databaserelease2/NatureDataset2/train/2-forest144.jpg
[0, 1, 0, 0, 0, 0, 0, 0, 0, 0]
Reading ./databaserelease2/NatureDataset2/train/2-forest135.jpg
[0, 1, 0, 0, 0, 0, 0, 0, 0, 0]
Reading ./databaserelease2/NatureDataset2/train/8-forest95.jpg
[0, 0, 0, 0, 0, 0, 0, 1, 0, 0]
Reading ./databaserelease2/NatureDataset2/train/7-forest570.jpg
[0, 0, 0, 0, 0, 0, 1, 0, 0, 0]
Reading ./databaserelease2/NatureDataset2/train/10-forest26.jpg
[0, 0, 0, 0, 0, 0, 0, 0, 0, 1]
Reading ./databaserelease2/NatureDataset2/train/6-meadows136.jpg
[0, 0, 0, 0, 0, 1, 0, 0, 0, 0]
Reading ./databaserelease2/NatureDataset2/train/1-forest78.jpg
[1, 0, 0, 0, 0, 0, 0, 0, 0, 0]
Reading ./databaserelease2/NatureDataset2/train/1-waters211.jpg
[1, 0, 0, 0, 0, 0, 0, 0, 0, 0]
Reading ./databaserelease2/NatureDataset2/train/2-forest235.jpg
[0, 1, 0, 0, 0, 0, 0, 0, 0, 0]
Reading ./databaserelease2/NatureDataset2/train/5-forest465.jpg
[0, 0, 0, 0, 1, 0, 0, 0, 0, 0]
Reading ./databaserelease2/NatureDataset2/train/2-meadows110.jpg
[0, 1, 0, 0, 0, 0, 0, 0, 0, 0]
Reading ./databaserelease2/NatureDataset2/train/3-forest541.jpg
[0, 0, 1, 0, 0, 0, 0, 0, 0, 0]
Reading ./databaserelease2/NatureDataset2/train/5-forest549.jpg
[0, 0, 0, 0, 1, 0, 0, 0, 0, 0]
Reading ./databaserelease2/NatureDataset2/train/2-meadows487.jpg
[0, 1, 0, 0, 0, 0, 0, 0, 0, 0]
Reading ./databaserelease2/NatureDataset2/train/6-forest263.jpg
[0, 0, 0, 0, 0, 1, 0, 0, 0, 0]
Reading ./databaserelease2/NatureDataset2/train/9-forest138.jpg
[0, 0, 0, 0, 0, 0, 0, 0, 1, 0]
Reading ./databaserelease2/NatureDataset2/train/5-forest535.jpg
[0, 0, 0, 0, 1, 0, 0, 0, 0, 0]
Reading ./databaserelease2/NatureDataset2/train/4-meadows236.jpg
[0, 0, 0, 1, 0, 0, 0, 0, 0, 0]
Reading ./databaserelease2/NatureDataset2/train/2-meadows253.jpg
[0, 1, 0, 0, 0, 0, 0, 0, 0, 0]
Reading ./databaserelease2/NatureDataset2/train/7-forest363.jpg
[0, 0, 0, 0, 0, 0, 1, 0, 0, 0]
Reading ./databaserelease2/NatureDataset2/train/1-forest132.jpg
[1, 0, 0, 0, 0, 0, 0, 0, 0, 0]
Reading ./databaserelease2/NatureDataset2/train/6-forest9.jpg
[0, 0, 0, 0, 0, 1, 0, 0, 0, 0]
Reading ./databaserelease2/NatureDataset2/train/5-forest384.jpg
[0, 0, 0, 0, 1, 0, 0, 0, 0, 0]
Reading ./databaserelease2/NatureDataset2/train/5-waters135.jpg
[0, 0, 0, 0, 1, 0, 0, 0, 0, 0]
Reading ./databaserelease2/NatureDataset2/train/5-forest150.jpg
[0, 0, 0, 0, 1, 0, 0, 0, 0, 0]
Reading ./databaserelease2/NatureDataset2/train/6-meadows315.jpg
[0, 0, 0, 0, 0, 1, 0, 0, 0, 0]
Reading ./databaserelease2/NatureDataset2/train/5-forest125.jpg
[0, 0, 0, 0, 1, 0, 0, 0, 0, 0]
Reading ./databaserelease2/NatureDataset2/train/3-forest507.jpg
[0, 0, 1, 0, 0, 0, 0, 0, 0, 0]
Reading ./databaserelease2/NatureDataset2/train/3-forest571.jpg
[0, 0, 1, 0, 0, 0, 0, 0, 0, 0]
Reading ./databaserelease2/NatureDataset2/train/2-forest192.jpg
[0, 1, 0, 0, 0, 0, 0, 0, 0, 0]
Reading ./databaserelease2/NatureDataset2/train/1-waters130.jpg
[1, 0, 0, 0, 0, 0, 0, 0, 0, 0]
Reading ./databaserelease2/NatureDataset2/train/8-meadows393.jpg
[0, 0, 0, 0, 0, 0, 0, 1, 0, 0]
Reading ./databaserelease2/NatureDataset2/train/4-forest361.jpg
[0, 0, 0, 1, 0, 0, 0, 0, 0, 0]
Reading ./databaserelease2/NatureDataset2/train/7-forest397.jpg
[0, 0, 0, 0, 0, 0, 1, 0, 0, 0]
Reading ./databaserelease2/NatureDataset2/train/7-forest372.jpg
[0, 0, 0, 0, 0, 0, 1, 0, 0, 0]
Reading ./databaserelease2/NatureDataset2/train/9-forest168.jpg
[0, 0, 0, 0, 0, 0, 0, 0, 1, 0]
Reading ./databaserelease2/NatureDataset2/train/9-waters122.jpg
[0, 0, 0, 0, 0, 0, 0, 0, 1, 0]
Reading ./databaserelease2/NatureDataset2/train/2-meadows462.jpg
[0, 1, 0, 0, 0, 0, 0, 0, 0, 0]
Reading ./databaserelease2/NatureDataset2/train/6-forest530.jpg
[0, 0, 0, 0, 0, 1, 0, 0, 0, 0]
Reading ./databaserelease2/NatureDataset2/train/2-meadows209.jpg
[0, 1, 0, 0, 0, 0, 0, 0, 0, 0]
Reading ./databaserelease2/NatureDataset2/train/8-meadows68.jpg
[0, 0, 0, 0, 0, 0, 0, 1, 0, 0]
Reading ./databaserelease2/NatureDataset2/train/5-forest307.jpg
[0, 0, 0, 0, 1, 0, 0, 0, 0, 0]
Reading ./databaserelease2/NatureDataset2/train/6-forest156.jpg
[0, 0, 0, 0, 0, 1, 0, 0, 0, 0]
Reading ./databaserelease2/NatureDataset2/train/3-forest182.jpg
[0, 0, 1, 0, 0, 0, 0, 0, 0, 0]
Reading ./databaserelease2/NatureDataset2/train/9-forest542.jpg
[0, 0, 0, 0, 0, 0, 0, 0, 1, 0]
Reading ./databaserelease2/NatureDataset2/train/8-forest392.jpg
[0, 0, 0, 0, 0, 0, 0, 1, 0, 0]
Reading ./databaserelease2/NatureDataset2/train/7-meadows464.jpg
[0, 0, 0, 0, 0, 0, 1, 0, 0, 0]
Reading ./databaserelease2/NatureDataset2/train/7-forest508.jpg
[0, 0, 0, 0, 0, 0, 1, 0, 0, 0]
Reading ./databaserelease2/NatureDataset2/train/6-meadows424.jpg
[0, 0, 0, 0, 0, 1, 0, 0, 0, 0]
Reading ./databaserelease2/NatureDataset2/train/1-meadows466.jpg
[1, 0, 0, 0, 0, 0, 0, 0, 0, 0]
Reading ./databaserelease2/NatureDataset2/train/6-meadows139.jpg
[0, 0, 0, 0, 0, 1, 0, 0, 0, 0]
Reading ./databaserelease2/NatureDataset2/train/7-forest532.jpg
[0, 0, 0, 0, 0, 0, 1, 0, 0, 0]
Reading ./databaserelease2/NatureDataset2/train/8-forest93.jpg
[0, 0, 0, 0, 0, 0, 0, 1, 0, 0]
Reading ./databaserelease2/NatureDataset2/train/7-meadows328.jpg
[0, 0, 0, 0, 0, 0, 1, 0, 0, 0]
Reading ./databaserelease2/NatureDataset2/train/9-meadows484.jpg
[0, 0, 0, 0, 0, 0, 0, 0, 1, 0]
Reading ./databaserelease2/NatureDataset2/train/2-forest366.jpg
[0, 1, 0, 0, 0, 0, 0, 0, 0, 0]
Reading ./databaserelease2/NatureDataset2/train/1-waters185.jpg
[1, 0, 0, 0, 0, 0, 0, 0, 0, 0]
Reading ./databaserelease2/NatureDataset2/train/7-meadows425.jpg
[0, 0, 0, 0, 0, 0, 1, 0, 0, 0]
Reading ./databaserelease2/NatureDataset2/train/1-meadows130.jpg
[1, 0, 0, 0, 0, 0, 0, 0, 0, 0]
Reading ./databaserelease2/NatureDataset2/train/5-meadows259.jpg
[0, 0, 0, 0, 1, 0, 0, 0, 0, 0]
Reading ./databaserelease2/NatureDataset2/train/6-meadows447.jpg
[0, 0, 0, 0, 0, 1, 0, 0, 0, 0]
Reading ./databaserelease2/NatureDataset2/train/6-forest199.jpg
[0, 0, 0, 0, 0, 1, 0, 0, 0, 0]
Reading ./databaserelease2/NatureDataset2/train/8-meadows317.jpg
[0, 0, 0, 0, 0, 0, 0, 1, 0, 0]
Reading ./databaserelease2/NatureDataset2/train/8-meadows182.jpg
[0, 0, 0, 0, 0, 0, 0, 1, 0, 0]
Reading ./databaserelease2/NatureDataset2/train/6-meadows119.jpg
[0, 0, 0, 0, 0, 1, 0, 0, 0, 0]
Reading ./databaserelease2/NatureDataset2/train/3-meadows472.jpg
[0, 0, 1, 0, 0, 0, 0, 0, 0, 0]
Reading ./databaserelease2/NatureDataset2/train/1-forest64.jpg
[1, 0, 0, 0, 0, 0, 0, 0, 0, 0]
Reading ./databaserelease2/NatureDataset2/train/4-forest271.jpg
[0, 0, 0, 1, 0, 0, 0, 0, 0, 0]
Reading ./databaserelease2/NatureDataset2/train/7-meadows58.jpg
[0, 0, 0, 0, 0, 0, 1, 0, 0, 0]
Reading ./databaserelease2/NatureDataset2/train/8-meadows126.jpg
[0, 0, 0, 0, 0, 0, 0, 1, 0, 0]
Reading ./databaserelease2/NatureDataset2/train/2-forest347.jpg
[0, 1, 0, 0, 0, 0, 0, 0, 0, 0]
Reading ./databaserelease2/NatureDataset2/train/7-forest105.jpg
[0, 0, 0, 0, 0, 0, 1, 0, 0, 0]
Reading ./databaserelease2/NatureDataset2/train/4-forest382.jpg
[0, 0, 0, 1, 0, 0, 0, 0, 0, 0]
Reading ./databaserelease2/NatureDataset2/train/6-meadows426.jpg
[0, 0, 0, 0, 0, 1, 0, 0, 0, 0]
Reading ./databaserelease2/NatureDataset2/train/1-meadows215.jpg
[1, 0, 0, 0, 0, 0, 0, 0, 0, 0]
Reading ./databaserelease2/NatureDataset2/train/3-forest379.jpg
[0, 0, 1, 0, 0, 0, 0, 0, 0, 0]
Reading ./databaserelease2/NatureDataset2/train/3-meadows284.jpg
[0, 0, 1, 0, 0, 0, 0, 0, 0, 0]
Reading ./databaserelease2/NatureDataset2/train/7-forest248.jpg
[0, 0, 0, 0, 0, 0, 1, 0, 0, 0]
Reading ./databaserelease2/NatureDataset2/train/5-forest600.jpg
[0, 0, 0, 0, 1, 0, 0, 0, 0, 0]
Reading ./databaserelease2/NatureDataset2/train/7-meadows29.jpg
[0, 0, 0, 0, 0, 0, 1, 0, 0, 0]
Reading ./databaserelease2/NatureDataset2/train/5-forest436.jpg
[0, 0, 0, 0, 1, 0, 0, 0, 0, 0]
Reading ./databaserelease2/NatureDataset2/train/5-meadows373.jpg
[0, 0, 0, 0, 1, 0, 0, 0, 0, 0]
Reading ./databaserelease2/NatureDataset2/train/10-waters141.jpg
[0, 0, 0, 0, 0, 0, 0, 0, 0, 1]
Reading ./databaserelease2/NatureDataset2/train/3-meadows242.jpg
[0, 0, 1, 0, 0, 0, 0, 0, 0, 0]
Reading ./databaserelease2/NatureDataset2/train/4-meadows461.jpg
[0, 0, 0, 1, 0, 0, 0, 0, 0, 0]
Reading ./databaserelease2/NatureDataset2/train/7-meadows41.jpg
[0, 0, 0, 0, 0, 0, 1, 0, 0, 0]
Reading ./databaserelease2/NatureDataset2/train/8-meadows273.jpg
[0, 0, 0, 0, 0, 0, 0, 1, 0, 0]
Reading ./databaserelease2/NatureDataset2/train/7-waters149.jpg
[0, 0, 0, 0, 0, 0, 1, 0, 0, 0]
Reading ./databaserelease2/NatureDataset2/train/3-forest42.jpg
[0, 0, 1, 0, 0, 0, 0, 0, 0, 0]
Reading ./databaserelease2/NatureDataset2/train/10-waters197.jpg
[0, 0, 0, 0, 0, 0, 0, 0, 0, 1]
Reading ./databaserelease2/NatureDataset2/train/4-meadows206.jpg
[0, 0, 0, 1, 0, 0, 0, 0, 0, 0]
Reading ./databaserelease2/NatureDataset2/train/3-forest146.jpg
[0, 0, 1, 0, 0, 0, 0, 0, 0, 0]
Reading ./databaserelease2/NatureDataset2/train/7-meadows148.jpg
[0, 0, 0, 0, 0, 0, 1, 0, 0, 0]
Reading ./databaserelease2/NatureDataset2/train/9-waters205.jpg
[0, 0, 0, 0, 0, 0, 0, 0, 1, 0]
Reading ./databaserelease2/NatureDataset2/train/7-forest594.jpg
[0, 0, 0, 0, 0, 0, 1, 0, 0, 0]
Reading ./databaserelease2/NatureDataset2/train/10-waters147.jpg
[0, 0, 0, 0, 0, 0, 0, 0, 0, 1]
Reading ./databaserelease2/NatureDataset2/train/8-meadows194.jpg
[0, 0, 0, 0, 0, 0, 0, 1, 0, 0]
Reading ./databaserelease2/NatureDataset2/train/4-forest420.jpg
[0, 0, 0, 1, 0, 0, 0, 0, 0, 0]
Reading ./databaserelease2/NatureDataset2/train/1-waters120.jpg
[1, 0, 0, 0, 0, 0, 0, 0, 0, 0]
Reading ./databaserelease2/NatureDataset2/train/6-meadows371.jpg
[0, 0, 0, 0, 0, 1, 0, 0, 0, 0]
Reading ./databaserelease2/NatureDataset2/train/8-meadows63.jpg
[0, 0, 0, 0, 0, 0, 0, 1, 0, 0]
Reading ./databaserelease2/NatureDataset2/train/2-forest330.jpg
[0, 1, 0, 0, 0, 0, 0, 0, 0, 0]
Reading ./databaserelease2/NatureDataset2/train/3-forest474.jpg
[0, 0, 1, 0, 0, 0, 0, 0, 0, 0]
Reading ./databaserelease2/NatureDataset2/train/10-forest207.jpg
[0, 0, 0, 0, 0, 0, 0, 0, 0, 1]
Reading ./databaserelease2/NatureDataset2/train/8-forest43.jpg
[0, 0, 0, 0, 0, 0, 0, 1, 0, 0]
Reading ./databaserelease2/NatureDataset2/train/5-meadows343.jpg
[0, 0, 0, 0, 1, 0, 0, 0, 0, 0]
Reading ./databaserelease2/NatureDataset2/train/2-meadows43.jpg
[0, 1, 0, 0, 0, 0, 0, 0, 0, 0]
Reading ./databaserelease2/NatureDataset2/train/10-meadows410.jpg
[0, 0, 0, 0, 0, 0, 0, 0, 0, 1]
Reading ./databaserelease2/NatureDataset2/train/3-forest107.jpg
[0, 0, 1, 0, 0, 0, 0, 0, 0, 0]
Reading ./databaserelease2/NatureDataset2/train/2-forest357.jpg
[0, 1, 0, 0, 0, 0, 0, 0, 0, 0]
Reading ./databaserelease2/NatureDataset2/train/10-waters129.jpg
[0, 0, 0, 0, 0, 0, 0, 0, 0, 1]
Reading ./databaserelease2/NatureDataset2/train/2-forest393.jpg
[0, 1, 0, 0, 0, 0, 0, 0, 0, 0]
Reading ./databaserelease2/NatureDataset2/train/6-meadows448.jpg
[0, 0, 0, 0, 0, 1, 0, 0, 0, 0]
Reading ./databaserelease2/NatureDataset2/train/5-meadows412.jpg
[0, 0, 0, 0, 1, 0, 0, 0, 0, 0]
Reading ./databaserelease2/NatureDataset2/train/7-meadows27.jpg
[0, 0, 0, 0, 0, 0, 1, 0, 0, 0]
Reading ./databaserelease2/NatureDataset2/train/8-forest389.jpg
[0, 0, 0, 0, 0, 0, 0, 1, 0, 0]
Reading ./databaserelease2/NatureDataset2/train/7-forest232.jpg
[0, 0, 0, 0, 0, 0, 1, 0, 0, 0]
Reading ./databaserelease2/NatureDataset2/train/1-forest97.jpg
[1, 0, 0, 0, 0, 0, 0, 0, 0, 0]
Reading ./databaserelease2/NatureDataset2/train/7-forest588.jpg
[0, 0, 0, 0, 0, 0, 1, 0, 0, 0]
Reading ./databaserelease2/NatureDataset2/train/5-meadows17.jpg
[0, 0, 0, 0, 1, 0, 0, 0, 0, 0]
Reading ./databaserelease2/NatureDataset2/train/7-meadows176.jpg
[0, 0, 0, 0, 0, 0, 1, 0, 0, 0]
Reading ./databaserelease2/NatureDataset2/train/10-waters399.jpg
[0, 0, 0, 0, 0, 0, 0, 0, 0, 1]
Reading ./databaserelease2/NatureDataset2/train/3-forest257.jpg
[0, 0, 1, 0, 0, 0, 0, 0, 0, 0]
Reading ./databaserelease2/NatureDataset2/train/1-forest255.jpg
[1, 0, 0, 0, 0, 0, 0, 0, 0, 0]
Reading ./databaserelease2/NatureDataset2/train/2-meadows207.jpg
[0, 1, 0, 0, 0, 0, 0, 0, 0, 0]
Reading ./databaserelease2/NatureDataset2/train/4-forest589.jpg
[0, 0, 0, 1, 0, 0, 0, 0, 0, 0]
Reading ./databaserelease2/NatureDataset2/train/6-forest596.jpg
[0, 0, 0, 0, 0, 1, 0, 0, 0, 0]
Reading ./databaserelease2/NatureDataset2/train/4-meadows274.jpg
[0, 0, 0, 1, 0, 0, 0, 0, 0, 0]
Reading ./databaserelease2/NatureDataset2/train/8-meadows146.jpg
[0, 0, 0, 0, 0, 0, 0, 1, 0, 0]
Reading ./databaserelease2/NatureDataset2/train/6-meadows474.jpg
[0, 0, 0, 0, 0, 1, 0, 0, 0, 0]
Reading ./databaserelease2/NatureDataset2/train/6-meadows385.jpg
[0, 0, 0, 0, 0, 1, 0, 0, 0, 0]
Reading ./databaserelease2/NatureDataset2/train/4-forest371.jpg
[0, 0, 0, 1, 0, 0, 0, 0, 0, 0]
Reading ./databaserelease2/NatureDataset2/train/3-meadows306.jpg
[0, 0, 1, 0, 0, 0, 0, 0, 0, 0]
Reading ./databaserelease2/NatureDataset2/train/8-meadows423.jpg
[0, 0, 0, 0, 0, 0, 0, 1, 0, 0]
Reading ./databaserelease2/NatureDataset2/train/3-meadows327.jpg
[0, 0, 1, 0, 0, 0, 0, 0, 0, 0]
Reading ./databaserelease2/NatureDataset2/train/8-meadows405.jpg
[0, 0, 0, 0, 0, 0, 0, 1, 0, 0]
Reading ./databaserelease2/NatureDataset2/train/5-meadows492.jpg
[0, 0, 0, 0, 1, 0, 0, 0, 0, 0]
Reading ./databaserelease2/NatureDataset2/train/4-meadows237.jpg
[0, 0, 0, 1, 0, 0, 0, 0, 0, 0]
Reading ./databaserelease2/NatureDataset2/train/7-forest422.jpg
[0, 0, 0, 0, 0, 0, 1, 0, 0, 0]
Reading ./databaserelease2/NatureDataset2/train/9-forest94.jpg
[0, 0, 0, 0, 0, 0, 0, 0, 1, 0]
Reading ./databaserelease2/NatureDataset2/train/8-meadows185.jpg
[0, 0, 0, 0, 0, 0, 0, 1, 0, 0]
Reading ./databaserelease2/NatureDataset2/train/6-meadows45.jpg
[0, 0, 0, 0, 0, 1, 0, 0, 0, 0]
Reading ./databaserelease2/NatureDataset2/train/2-forest158.jpg
[0, 1, 0, 0, 0, 0, 0, 0, 0, 0]
Reading ./databaserelease2/NatureDataset2/train/7-meadows223.jpg
[0, 0, 0, 0, 0, 0, 1, 0, 0, 0]
Reading ./databaserelease2/NatureDataset2/train/5-meadows338.jpg
[0, 0, 0, 0, 1, 0, 0, 0, 0, 0]
Reading ./databaserelease2/NatureDataset2/train/2-forest155.jpg
[0, 1, 0, 0, 0, 0, 0, 0, 0, 0]
Reading ./databaserelease2/NatureDataset2/train/6-meadows439.jpg
[0, 0, 0, 0, 0, 1, 0, 0, 0, 0]
Reading ./databaserelease2/NatureDataset2/train/9-forest586.jpg
[0, 0, 0, 0, 0, 0, 0, 0, 1, 0]
Reading ./databaserelease2/NatureDataset2/train/6-meadows169.jpg
[0, 0, 0, 0, 0, 1, 0, 0, 0, 0]
Reading ./databaserelease2/NatureDataset2/train/10-waters340.jpg
[0, 0, 0, 0, 0, 0, 0, 0, 0, 1]
Reading ./databaserelease2/NatureDataset2/train/6-forest411.jpg
[0, 0, 0, 0, 0, 1, 0, 0, 0, 0]
Reading ./databaserelease2/NatureDataset2/train/4-forest279.jpg
[0, 0, 0, 1, 0, 0, 0, 0, 0, 0]
Reading ./databaserelease2/NatureDataset2/train/4-meadows329.jpg
[0, 0, 0, 1, 0, 0, 0, 0, 0, 0]
Reading ./databaserelease2/NatureDataset2/train/5-meadows195.jpg
[0, 0, 0, 0, 1, 0, 0, 0, 0, 0]
Reading ./databaserelease2/NatureDataset2/train/4-forest139.jpg
[0, 0, 0, 1, 0, 0, 0, 0, 0, 0]
Reading ./databaserelease2/NatureDataset2/train/7-forest333.jpg
[0, 0, 0, 0, 0, 0, 1, 0, 0, 0]
Reading ./databaserelease2/NatureDataset2/train/1-waters204.jpg
[1, 0, 0, 0, 0, 0, 0, 0, 0, 0]
Reading ./databaserelease2/NatureDataset2/train/5-meadows249.jpg
[0, 0, 0, 0, 1, 0, 0, 0, 0, 0]
Reading ./databaserelease2/NatureDataset2/train/3-meadows270.jpg
[0, 0, 1, 0, 0, 0, 0, 0, 0, 0]
Reading ./databaserelease2/NatureDataset2/train/5-forest175.jpg
[0, 0, 0, 0, 1, 0, 0, 0, 0, 0]
Reading ./databaserelease2/NatureDataset2/train/6-waters123.jpg
[0, 0, 0, 0, 0, 1, 0, 0, 0, 0]
Reading ./databaserelease2/NatureDataset2/train/1-meadows376.jpg
[1, 0, 0, 0, 0, 0, 0, 0, 0, 0]
Reading ./databaserelease2/NatureDataset2/train/4-meadows296.jpg
[0, 0, 0, 1, 0, 0, 0, 0, 0, 0]
Reading ./databaserelease2/NatureDataset2/train/8-forest482.jpg
[0, 0, 0, 0, 0, 0, 0, 1, 0, 0]
Reading ./databaserelease2/NatureDataset2/train/2-meadows188.jpg
[0, 1, 0, 0, 0, 0, 0, 0, 0, 0]
Reading ./databaserelease2/NatureDataset2/train/5-forest131.jpg
[0, 0, 0, 0, 1, 0, 0, 0, 0, 0]
Reading ./databaserelease2/NatureDataset2/train/5-forest276.jpg
[0, 0, 0, 0, 1, 0, 0, 0, 0, 0]
Reading ./databaserelease2/NatureDataset2/train/4-meadows233.jpg
[0, 0, 0, 1, 0, 0, 0, 0, 0, 0]
Reading ./databaserelease2/NatureDataset2/train/9-meadows256.jpg
[0, 0, 0, 0, 0, 0, 0, 0, 1, 0]
Reading ./databaserelease2/NatureDataset2/train/2-forest166.jpg
[0, 1, 0, 0, 0, 0, 0, 0, 0, 0]
Reading ./databaserelease2/NatureDataset2/train/3-forest368.jpg
[0, 0, 1, 0, 0, 0, 0, 0, 0, 0]
Reading ./databaserelease2/NatureDataset2/train/10-forest513.jpg
[0, 0, 0, 0, 0, 0, 0, 0, 0, 1]
Reading ./databaserelease2/NatureDataset2/train/10-meadows90.jpg
[0, 0, 0, 0, 0, 0, 0, 0, 0, 1]
Reading ./databaserelease2/NatureDataset2/train/10-forest558.jpg
[0, 0, 0, 0, 0, 0, 0, 0, 0, 1]
Reading ./databaserelease2/NatureDataset2/train/6-forest459.jpg
[0, 0, 0, 0, 0, 1, 0, 0, 0, 0]
Reading ./databaserelease2/NatureDataset2/train/9-meadows260.jpg
[0, 0, 0, 0, 0, 0, 0, 0, 1, 0]
Reading ./databaserelease2/NatureDataset2/train/7-meadows383.jpg
[0, 0, 0, 0, 0, 0, 1, 0, 0, 0]
Reading ./databaserelease2/NatureDataset2/train/1-waters12.jpg
[1, 0, 0, 0, 0, 0, 0, 0, 0, 0]
Reading ./databaserelease2/NatureDataset2/train/6-meadows456.jpg
[0, 0, 0, 0, 0, 1, 0, 0, 0, 0]
Reading ./databaserelease2/NatureDataset2/train/7-forest453.jpg
[0, 0, 0, 0, 0, 0, 1, 0, 0, 0]
Reading ./databaserelease2/NatureDataset2/train/1-waters105.jpg
[1, 0, 0, 0, 0, 0, 0, 0, 0, 0]
Reading ./databaserelease2/NatureDataset2/train/6-waters11.jpg
[0, 0, 0, 0, 0, 1, 0, 0, 0, 0]
Reading ./databaserelease2/NatureDataset2/train/7-waters192.jpg
[0, 0, 0, 0, 0, 0, 1, 0, 0, 0]
Reading ./databaserelease2/NatureDataset2/train/10-waters218.jpg
[0, 0, 0, 0, 0, 0, 0, 0, 0, 1]
Reading ./databaserelease2/NatureDataset2/train/7-forest264.jpg
[0, 0, 0, 0, 0, 0, 1, 0, 0, 0]
Reading ./databaserelease2/NatureDataset2/train/1-forest85.jpg
[1, 0, 0, 0, 0, 0, 0, 0, 0, 0]
Reading ./databaserelease2/NatureDataset2/train/8-forest203.jpg
[0, 0, 0, 0, 0, 0, 0, 1, 0, 0]
Reading ./databaserelease2/NatureDataset2/train/1-forest165.jpg
[1, 0, 0, 0, 0, 0, 0, 0, 0, 0]
Reading ./databaserelease2/NatureDataset2/train/10-waters194.jpg
[0, 0, 0, 0, 0, 0, 0, 0, 0, 1]
Reading ./databaserelease2/NatureDataset2/train/6-forest338.jpg
[0, 0, 0, 0, 0, 1, 0, 0, 0, 0]
Reading ./databaserelease2/NatureDataset2/train/7-forest191.jpg
[0, 0, 0, 0, 0, 0, 1, 0, 0, 0]
Reading ./databaserelease2/NatureDataset2/train/10-waters257.jpg
[0, 0, 0, 0, 0, 0, 0, 0, 0, 1]
Reading ./databaserelease2/NatureDataset2/train/9-forest481.jpg
[0, 0, 0, 0, 0, 0, 0, 0, 1, 0]
Reading ./databaserelease2/NatureDataset2/train/10-waters460.jpg
[0, 0, 0, 0, 0, 0, 0, 0, 0, 1]
Reading ./databaserelease2/NatureDataset2/train/5-meadows379.jpg
[0, 0, 0, 0, 1, 0, 0, 0, 0, 0]
Reading ./databaserelease2/NatureDataset2/train/1-forest118.jpg
[1, 0, 0, 0, 0, 0, 0, 0, 0, 0]
Reading ./databaserelease2/NatureDataset2/train/2-forest424.jpg
[0, 1, 0, 0, 0, 0, 0, 0, 0, 0]
Reading ./databaserelease2/NatureDataset2/train/3-forest209.jpg
[0, 0, 1, 0, 0, 0, 0, 0, 0, 0]
Reading ./databaserelease2/NatureDataset2/train/7-forest103.jpg
[0, 0, 0, 0, 0, 0, 1, 0, 0, 0]
Reading ./databaserelease2/NatureDataset2/train/3-forest403.jpg
[0, 0, 1, 0, 0, 0, 0, 0, 0, 0]
Reading ./databaserelease2/NatureDataset2/train/2-forest253.jpg
[0, 1, 0, 0, 0, 0, 0, 0, 0, 0]
Reading ./databaserelease2/NatureDataset2/train/3-forest555.jpg
[0, 0, 1, 0, 0, 0, 0, 0, 0, 0]
Reading ./databaserelease2/NatureDataset2/train/5-forest190.jpg
[0, 0, 0, 0, 1, 0, 0, 0, 0, 0]
Reading ./databaserelease2/NatureDataset2/train/7-forest101.jpg
[0, 0, 0, 0, 0, 0, 1, 0, 0, 0]
Reading ./databaserelease2/NatureDataset2/train/8-forest553.jpg
[0, 0, 0, 0, 0, 0, 0, 1, 0, 0]
Reading ./databaserelease2/NatureDataset2/train/3-meadows13.jpg
[0, 0, 1, 0, 0, 0, 0, 0, 0, 0]
Reading ./databaserelease2/NatureDataset2/train/5-forest35.jpg
[0, 0, 0, 0, 1, 0, 0, 0, 0, 0]
Reading ./databaserelease2/NatureDataset2/train/7-forest552.jpg
[0, 0, 0, 0, 0, 0, 1, 0, 0, 0]
Reading ./databaserelease2/NatureDataset2/train/5-forest112.jpg
[0, 0, 0, 0, 1, 0, 0, 0, 0, 0]
Reading ./databaserelease2/NatureDataset2/train/1-forest455.jpg
[1, 0, 0, 0, 0, 0, 0, 0, 0, 0]
Reading ./databaserelease2/NatureDataset2/train/6-forest490.jpg
[0, 0, 0, 0, 0, 1, 0, 0, 0, 0]
Reading ./databaserelease2/NatureDataset2/train/9-forest575.jpg
[0, 0, 0, 0, 0, 0, 0, 0, 1, 0]
Reading ./databaserelease2/NatureDataset2/train/3-forest18.jpg
[0, 0, 1, 0, 0, 0, 0, 0, 0, 0]
Reading ./databaserelease2/NatureDataset2/train/2-forest7.jpg
[0, 1, 0, 0, 0, 0, 0, 0, 0, 0]
Reading ./databaserelease2/NatureDataset2/train/8-meadows485.jpg
[0, 0, 0, 0, 0, 0, 0, 1, 0, 0]
Reading ./databaserelease2/NatureDataset2/train/4-meadows100.jpg
[0, 0, 0, 1, 0, 0, 0, 0, 0, 0]
Reading ./databaserelease2/NatureDataset2/train/3-meadows334.jpg
[0, 0, 1, 0, 0, 0, 0, 0, 0, 0]
Reading ./databaserelease2/NatureDataset2/train/10-waters215.jpg
[0, 0, 0, 0, 0, 0, 0, 0, 0, 1]
Reading ./databaserelease2/NatureDataset2/train/4-forest261.jpg
[0, 0, 0, 1, 0, 0, 0, 0, 0, 0]
Reading ./databaserelease2/NatureDataset2/train/7-forest464.jpg
[0, 0, 0, 0, 0, 0, 1, 0, 0, 0]
Reading ./databaserelease2/NatureDataset2/train/8-meadows308.jpg
[0, 0, 0, 0, 0, 0, 0, 1, 0, 0]
Reading ./databaserelease2/NatureDataset2/train/1-forest328.jpg
[1, 0, 0, 0, 0, 0, 0, 0, 0, 0]
Reading ./databaserelease2/NatureDataset2/train/7-meadows189.jpg
[0, 0, 0, 0, 0, 0, 1, 0, 0, 0]
Reading ./databaserelease2/NatureDataset2/train/2-forest356.jpg
[0, 1, 0, 0, 0, 0, 0, 0, 0, 0]
Reading ./databaserelease2/NatureDataset2/train/1-meadows8.jpg
[1, 0, 0, 0, 0, 0, 0, 0, 0, 0]
Reading ./databaserelease2/NatureDataset2/train/8-waters143.jpg
[0, 0, 0, 0, 0, 0, 0, 1, 0, 0]
Reading ./databaserelease2/NatureDataset2/train/10-forest448.jpg
[0, 0, 0, 0, 0, 0, 0, 0, 0, 1]
Reading ./databaserelease2/NatureDataset2/train/7-forest80.jpg
[0, 0, 0, 0, 0, 0, 1, 0, 0, 0]
Reading ./databaserelease2/NatureDataset2/train/1-meadows199.jpg
[1, 0, 0, 0, 0, 0, 0, 0, 0, 0]
Reading ./databaserelease2/NatureDataset2/train/4-forest314.jpg
[0, 0, 0, 1, 0, 0, 0, 0, 0, 0]
Reading ./databaserelease2/NatureDataset2/train/2-forest581.jpg
[0, 1, 0, 0, 0, 0, 0, 0, 0, 0]
Reading ./databaserelease2/NatureDataset2/train/3-forest273.jpg
[0, 0, 1, 0, 0, 0, 0, 0, 0, 0]
Reading ./databaserelease2/NatureDataset2/train/5-meadows227.jpg
[0, 0, 0, 0, 1, 0, 0, 0, 0, 0]
Reading ./databaserelease2/NatureDataset2/train/3-forest65.jpg
[0, 0, 1, 0, 0, 0, 0, 0, 0, 0]
Reading ./databaserelease2/NatureDataset2/train/5-meadows201.jpg
[0, 0, 0, 0, 1, 0, 0, 0, 0, 0]
Reading ./databaserelease2/NatureDataset2/train/2-forest76.jpg
[0, 1, 0, 0, 0, 0, 0, 0, 0, 0]
Reading ./databaserelease2/NatureDataset2/train/2-meadows493.jpg
[0, 1, 0, 0, 0, 0, 0, 0, 0, 0]
Reading ./databaserelease2/NatureDataset2/train/4-meadows229.jpg
[0, 0, 0, 1, 0, 0, 0, 0, 0, 0]
Reading ./databaserelease2/NatureDataset2/train/9-waters216.jpg
[0, 0, 0, 0, 0, 0, 0, 0, 1, 0]
Reading ./databaserelease2/NatureDataset2/train/4-forest36.jpg
[0, 0, 0, 1, 0, 0, 0, 0, 0, 0]
Reading ./databaserelease2/NatureDataset2/train/10-forest160.jpg
[0, 0, 0, 0, 0, 0, 0, 0, 0, 1]
Reading ./databaserelease2/NatureDataset2/train/9-forest334.jpg
[0, 0, 0, 0, 0, 0, 0, 0, 1, 0]
Reading ./databaserelease2/NatureDataset2/train/5-meadows479.jpg
[0, 0, 0, 0, 1, 0, 0, 0, 0, 0]
Reading ./databaserelease2/NatureDataset2/train/4-forest243.jpg
[0, 0, 0, 1, 0, 0, 0, 0, 0, 0]
Reading ./databaserelease2/NatureDataset2/train/8-meadows74.jpg
[0, 0, 0, 0, 0, 0, 0, 1, 0, 0]
Reading ./databaserelease2/NatureDataset2/train/7-meadows167.jpg
[0, 0, 0, 0, 0, 0, 1, 0, 0, 0]
Reading ./databaserelease2/NatureDataset2/train/7-meadows15.jpg
[0, 0, 0, 0, 0, 0, 1, 0, 0, 0]
Reading ./databaserelease2/NatureDataset2/train/2-meadows355.jpg
[0, 1, 0, 0, 0, 0, 0, 0, 0, 0]
Reading ./databaserelease2/NatureDataset2/train/5-forest210.jpg
[0, 0, 0, 0, 1, 0, 0, 0, 0, 0]
Reading ./databaserelease2/NatureDataset2/train/4-forest566.jpg
[0, 0, 0, 1, 0, 0, 0, 0, 0, 0]
Reading ./databaserelease2/NatureDataset2/train/6-forest354.jpg
[0, 0, 0, 0, 0, 1, 0, 0, 0, 0]
Reading ./databaserelease2/NatureDataset2/train/7-waters101.jpg
[0, 0, 0, 0, 0, 0, 1, 0, 0, 0]
Reading ./databaserelease2/NatureDataset2/train/6-forest270.jpg
[0, 0, 0, 0, 0, 1, 0, 0, 0, 0]
Reading ./databaserelease2/NatureDataset2/train/2-forest72.jpg
[0, 1, 0, 0, 0, 0, 0, 0, 0, 0]
Reading ./databaserelease2/NatureDataset2/train/1-forest121.jpg
[1, 0, 0, 0, 0, 0, 0, 0, 0, 0]
Reading ./databaserelease2/NatureDataset2/train/2-meadows34.jpg
[0, 1, 0, 0, 0, 0, 0, 0, 0, 0]
Reading ./databaserelease2/NatureDataset2/train/3-forest22.jpg
[0, 0, 1, 0, 0, 0, 0, 0, 0, 0]
Reading ./databaserelease2/NatureDataset2/train/7-forest450.jpg
[0, 0, 0, 0, 0, 0, 1, 0, 0, 0]
Reading ./databaserelease2/NatureDataset2/train/9-meadows225.jpg
[0, 0, 0, 0, 0, 0, 0, 0, 1, 0]
Reading ./databaserelease2/NatureDataset2/train/7-meadows453.jpg
[0, 0, 0, 0, 0, 0, 1, 0, 0, 0]
Reading ./databaserelease2/NatureDataset2/train/7-forest381.jpg
[0, 0, 0, 0, 0, 0, 1, 0, 0, 0]
Reading ./databaserelease2/NatureDataset2/train/3-meadows203.jpg
[0, 0, 1, 0, 0, 0, 0, 0, 0, 0]
Reading ./databaserelease2/NatureDataset2/train/1-meadows285.jpg
[1, 0, 0, 0, 0, 0, 0, 0, 0, 0]
Reading ./databaserelease2/NatureDataset2/train/4-meadows187.jpg
[0, 0, 0, 1, 0, 0, 0, 0, 0, 0]
Reading ./databaserelease2/NatureDataset2/train/2-meadows266.jpg
[0, 1, 0, 0, 0, 0, 0, 0, 0, 0]
Reading ./databaserelease2/NatureDataset2/train/7-forest310.jpg
[0, 0, 0, 0, 0, 0, 1, 0, 0, 0]
Reading ./databaserelease2/NatureDataset2/train/6-waters140.jpg
[0, 0, 0, 0, 0, 1, 0, 0, 0, 0]
Reading ./databaserelease2/NatureDataset2/train/1-meadows364.jpg
[1, 0, 0, 0, 0, 0, 0, 0, 0, 0]
Reading ./databaserelease2/NatureDataset2/train/10-meadows436.jpg
[0, 0, 0, 0, 0, 0, 0, 0, 0, 1]
Reading ./databaserelease2/NatureDataset2/train/5-meadows116.jpg
[0, 0, 0, 0, 1, 0, 0, 0, 0, 0]
Reading ./databaserelease2/NatureDataset2/train/9-waters355.jpg
[0, 0, 0, 0, 0, 0, 0, 0, 1, 0]
Reading ./databaserelease2/NatureDataset2/train/10-forest41.jpg
[0, 0, 0, 0, 0, 0, 0, 0, 0, 1]
Reading ./databaserelease2/NatureDataset2/train/3-forest520.jpg
[0, 0, 1, 0, 0, 0, 0, 0, 0, 0]
Reading ./databaserelease2/NatureDataset2/train/5-meadows217.jpg
[0, 0, 0, 0, 1, 0, 0, 0, 0, 0]
Reading ./databaserelease2/NatureDataset2/train/2-meadows37.jpg
[0, 1, 0, 0, 0, 0, 0, 0, 0, 0]
Reading ./databaserelease2/NatureDataset2/train/3-meadows172.jpg
[0, 0, 1, 0, 0, 0, 0, 0, 0, 0]
Reading ./databaserelease2/NatureDataset2/train/7-waters221.jpg
[0, 0, 0, 0, 0, 0, 1, 0, 0, 0]
Reading ./databaserelease2/NatureDataset2/train/3-meadows31.jpg
[0, 0, 1, 0, 0, 0, 0, 0, 0, 0]
Reading ./databaserelease2/NatureDataset2/train/9-meadows374.jpg
[0, 0, 0, 0, 0, 0, 0, 0, 1, 0]
Reading ./databaserelease2/NatureDataset2/train/4-forest349.jpg
[0, 0, 0, 1, 0, 0, 0, 0, 0, 0]
Reading ./databaserelease2/NatureDataset2/train/6-meadows451.jpg
[0, 0, 0, 0, 0, 1, 0, 0, 0, 0]
Reading ./databaserelease2/NatureDataset2/train/4-meadows19.jpg
[0, 0, 0, 1, 0, 0, 0, 0, 0, 0]
Reading ./databaserelease2/NatureDataset2/train/2-forest66.jpg
[0, 1, 0, 0, 0, 0, 0, 0, 0, 0]
Reading ./databaserelease2/NatureDataset2/train/2-forest106.jpg
[0, 1, 0, 0, 0, 0, 0, 0, 0, 0]
Reading ./databaserelease2/NatureDataset2/train/3-meadows239.jpg
[0, 0, 1, 0, 0, 0, 0, 0, 0, 0]
Reading ./databaserelease2/NatureDataset2/train/6-meadows458.jpg
[0, 0, 0, 0, 0, 1, 0, 0, 0, 0]
Reading ./databaserelease2/NatureDataset2/train/3-meadows432.jpg
[0, 0, 1, 0, 0, 0, 0, 0, 0, 0]
Reading ./databaserelease2/NatureDataset2/train/3-meadows11.jpg
[0, 0, 1, 0, 0, 0, 0, 0, 0, 0]
Reading ./databaserelease2/NatureDataset2/train/9-meadows499.jpg
[0, 0, 0, 0, 0, 0, 0, 0, 1, 0]
Reading ./databaserelease2/NatureDataset2/train/8-meadows457.jpg
[0, 0, 0, 0, 0, 0, 0, 1, 0, 0]
Reading ./databaserelease2/NatureDataset2/train/6-forest90.jpg
[0, 0, 0, 0, 0, 1, 0, 0, 0, 0]
Reading ./databaserelease2/NatureDataset2/train/7-meadows305.jpg
[0, 0, 0, 0, 0, 0, 1, 0, 0, 0]
Reading ./databaserelease2/NatureDataset2/train/8-forest495.jpg
[0, 0, 0, 0, 0, 0, 0, 1, 0, 0]
Reading ./databaserelease2/NatureDataset2/train/6-meadows437.jpg
[0, 0, 0, 0, 0, 1, 0, 0, 0, 0]
Reading ./databaserelease2/NatureDataset2/train/8-forest205.jpg
[0, 0, 0, 0, 0, 0, 0, 1, 0, 0]
Reading ./databaserelease2/NatureDataset2/train/3-forest496.jpg
[0, 0, 1, 0, 0, 0, 0, 0, 0, 0]
Reading ./databaserelease2/NatureDataset2/train/7-forest491.jpg
[0, 0, 0, 0, 0, 0, 1, 0, 0, 0]
Reading ./databaserelease2/NatureDataset2/train/6-forest286.jpg
[0, 0, 0, 0, 0, 1, 0, 0, 0, 0]
Reading ./databaserelease2/NatureDataset2/train/4-forest409.jpg
[0, 0, 0, 1, 0, 0, 0, 0, 0, 0]
Reading ./databaserelease2/NatureDataset2/train/7-meadows438.jpg
[0, 0, 0, 0, 0, 0, 1, 0, 0, 0]
Reading ./databaserelease2/NatureDataset2/train/6-meadows486.jpg
[0, 0, 0, 0, 0, 1, 0, 0, 0, 0]
Reading ./databaserelease2/NatureDataset2/train/4-forest478.jpg
[0, 0, 0, 1, 0, 0, 0, 0, 0, 0]
Reading ./databaserelease2/NatureDataset2/train/8-forest413.jpg
[0, 0, 0, 0, 0, 0, 0, 1, 0, 0]
Reading ./databaserelease2/NatureDataset2/train/10-meadows57.jpg
[0, 0, 0, 0, 0, 0, 0, 0, 0, 1]
Reading ./databaserelease2/NatureDataset2/train/5-meadows218.jpg
[0, 0, 0, 0, 1, 0, 0, 0, 0, 0]
Reading ./databaserelease2/NatureDataset2/train/5-forest198.jpg
[0, 0, 0, 0, 1, 0, 0, 0, 0, 0]
Reading ./databaserelease2/NatureDataset2/train/2-forest536.jpg
[0, 1, 0, 0, 0, 0, 0, 0, 0, 0]
Reading ./databaserelease2/NatureDataset2/train/7-forest244.jpg
[0, 0, 0, 0, 0, 0, 1, 0, 0, 0]
Reading ./databaserelease2/NatureDataset2/train/4-forest99.jpg
[0, 0, 0, 1, 0, 0, 0, 0, 0, 0]
Reading ./databaserelease2/NatureDataset2/train/1-forest322.jpg
[1, 0, 0, 0, 0, 0, 0, 0, 0, 0]
srun: Job step aborted: Waiting up to 32 seconds for job step to finish.
slurmstepd: error: *** STEP 797750.0 ON nodegpu002 CANCELLED AT 2021-10-26T20:55:44 ***
srun: got SIGCONT
slurmstepd: error: *** JOB 797750 ON nodegpu002 CANCELLED AT 2021-10-26T20:55:44 ***
srun: forcing job termination
