2022-07-18 04:36:48.701253: I tensorflow/core/platform/cpu_feature_guard.cc:142] This TensorFlow binary is optimized with oneAPI Deep Neural Network Library (oneDNN) to use the following CPU instructions in performance-critical operations:  AVX2 FMA
To enable them in other operations, rebuild TensorFlow with the appropriate compiler flags.
2022-07-18 04:36:49.612870: I tensorflow/core/common_runtime/gpu/gpu_device.cc:1510] Created device /job:localhost/replica:0/task:0/device:GPU:0 with 38246 MB memory:  -> device: 0, name: NVIDIA A100-PCIE-40GB, pci bus id: 0000:21:00.0, compute capability: 8.0
Input file is " ./model16.1.train/model
Output file is " 
Image path is " ./databaserelease2/test.csv
--------------------


Model Loaded
Model: "model"
__________________________________________________________________________________________________
Layer (type)                    Output Shape         Param #     Connected to                     
==================================================================================================
input_1 (InputLayer)            [(None, 1024, 680, 3 0                                            
__________________________________________________________________________________________________
conv2d (Conv2D)                 (None, 1018, 674, 64 9472        input_1[0][0]                    
__________________________________________________________________________________________________
batch_normalization (BatchNorma (None, 1018, 674, 64 256         conv2d[0][0]                     
__________________________________________________________________________________________________
activation (Activation)         (None, 1018, 674, 64 0           batch_normalization[0][0]        
__________________________________________________________________________________________________
dropout (Dropout)               (None, 1018, 674, 64 0           activation[0][0]                 
__________________________________________________________________________________________________
max_pooling2d (MaxPooling2D)    (None, 509, 337, 64) 0           dropout[0][0]                    
__________________________________________________________________________________________________
conv2d_1 (Conv2D)               (None, 509, 337, 64) 36928       max_pooling2d[0][0]              
__________________________________________________________________________________________________
batch_normalization_1 (BatchNor (None, 509, 337, 64) 256         conv2d_1[0][0]                   
__________________________________________________________________________________________________
activation_1 (Activation)       (None, 509, 337, 64) 0           batch_normalization_1[0][0]      
__________________________________________________________________________________________________
conv2d_2 (Conv2D)               (None, 509, 337, 64) 36928       activation_1[0][0]               
__________________________________________________________________________________________________
batch_normalization_2 (BatchNor (None, 509, 337, 64) 256         conv2d_2[0][0]                   
__________________________________________________________________________________________________
add (Add)                       (None, 509, 337, 64) 0           batch_normalization_2[0][0]      
                                                                 max_pooling2d[0][0]              
__________________________________________________________________________________________________
activation_2 (Activation)       (None, 509, 337, 64) 0           add[0][0]                        
__________________________________________________________________________________________________
conv2d_3 (Conv2D)               (None, 509, 337, 64) 36928       activation_2[0][0]               
__________________________________________________________________________________________________
batch_normalization_3 (BatchNor (None, 509, 337, 64) 256         conv2d_3[0][0]                   
__________________________________________________________________________________________________
activation_3 (Activation)       (None, 509, 337, 64) 0           batch_normalization_3[0][0]      
__________________________________________________________________________________________________
conv2d_4 (Conv2D)               (None, 509, 337, 64) 36928       activation_3[0][0]               
__________________________________________________________________________________________________
batch_normalization_4 (BatchNor (None, 509, 337, 64) 256         conv2d_4[0][0]                   
__________________________________________________________________________________________________
add_1 (Add)                     (None, 509, 337, 64) 0           batch_normalization_4[0][0]      
                                                                 activation_2[0][0]               
__________________________________________________________________________________________________
activation_4 (Activation)       (None, 509, 337, 64) 0           add_1[0][0]                      
__________________________________________________________________________________________________
conv2d_5 (Conv2D)               (None, 509, 337, 64) 36928       activation_4[0][0]               
__________________________________________________________________________________________________
batch_normalization_5 (BatchNor (None, 509, 337, 64) 256         conv2d_5[0][0]                   
__________________________________________________________________________________________________
activation_5 (Activation)       (None, 509, 337, 64) 0           batch_normalization_5[0][0]      
__________________________________________________________________________________________________
conv2d_6 (Conv2D)               (None, 509, 337, 64) 36928       activation_5[0][0]               
__________________________________________________________________________________________________
batch_normalization_6 (BatchNor (None, 509, 337, 64) 256         conv2d_6[0][0]                   
__________________________________________________________________________________________________
add_2 (Add)                     (None, 509, 337, 64) 0           batch_normalization_6[0][0]      
                                                                 activation_4[0][0]               
__________________________________________________________________________________________________
activation_6 (Activation)       (None, 509, 337, 64) 0           add_2[0][0]                      
__________________________________________________________________________________________________
conv2d_8 (Conv2D)               (None, 255, 169, 128 73856       activation_6[0][0]               
__________________________________________________________________________________________________
batch_normalization_7 (BatchNor (None, 255, 169, 128 512         conv2d_8[0][0]                   
__________________________________________________________________________________________________
activation_7 (Activation)       (None, 255, 169, 128 0           batch_normalization_7[0][0]      
__________________________________________________________________________________________________
conv2d_9 (Conv2D)               (None, 255, 169, 128 147584      activation_7[0][0]               
__________________________________________________________________________________________________
batch_normalization_8 (BatchNor (None, 255, 169, 128 512         conv2d_9[0][0]                   
__________________________________________________________________________________________________
conv2d_7 (Conv2D)               (None, 255, 169, 128 8320        activation_6[0][0]               
__________________________________________________________________________________________________
add_3 (Add)                     (None, 255, 169, 128 0           batch_normalization_8[0][0]      
                                                                 conv2d_7[0][0]                   
__________________________________________________________________________________________________
activation_8 (Activation)       (None, 255, 169, 128 0           add_3[0][0]                      
__________________________________________________________________________________________________
conv2d_10 (Conv2D)              (None, 255, 169, 128 147584      activation_8[0][0]               
__________________________________________________________________________________________________
batch_normalization_9 (BatchNor (None, 255, 169, 128 512         conv2d_10[0][0]                  
__________________________________________________________________________________________________
activation_9 (Activation)       (None, 255, 169, 128 0           batch_normalization_9[0][0]      
__________________________________________________________________________________________________
conv2d_11 (Conv2D)              (None, 255, 169, 128 147584      activation_9[0][0]               
__________________________________________________________________________________________________
batch_normalization_10 (BatchNo (None, 255, 169, 128 512         conv2d_11[0][0]                  
__________________________________________________________________________________________________
add_4 (Add)                     (None, 255, 169, 128 0           batch_normalization_10[0][0]     
                                                                 activation_8[0][0]               
__________________________________________________________________________________________________
activation_10 (Activation)      (None, 255, 169, 128 0           add_4[0][0]                      
__________________________________________________________________________________________________
conv2d_12 (Conv2D)              (None, 255, 169, 128 147584      activation_10[0][0]              
__________________________________________________________________________________________________
batch_normalization_11 (BatchNo (None, 255, 169, 128 512         conv2d_12[0][0]                  
__________________________________________________________________________________________________
activation_11 (Activation)      (None, 255, 169, 128 0           batch_normalization_11[0][0]     
__________________________________________________________________________________________________
conv2d_13 (Conv2D)              (None, 255, 169, 128 147584      activation_11[0][0]              
__________________________________________________________________________________________________
batch_normalization_12 (BatchNo (None, 255, 169, 128 512         conv2d_13[0][0]                  
__________________________________________________________________________________________________
add_5 (Add)                     (None, 255, 169, 128 0           batch_normalization_12[0][0]     
                                                                 activation_10[0][0]              
__________________________________________________________________________________________________
activation_12 (Activation)      (None, 255, 169, 128 0           add_5[0][0]                      
__________________________________________________________________________________________________
conv2d_14 (Conv2D)              (None, 255, 169, 128 147584      activation_12[0][0]              
__________________________________________________________________________________________________
batch_normalization_13 (BatchNo (None, 255, 169, 128 512         conv2d_14[0][0]                  
__________________________________________________________________________________________________
activation_13 (Activation)      (None, 255, 169, 128 0           batch_normalization_13[0][0]     
__________________________________________________________________________________________________
conv2d_15 (Conv2D)              (None, 255, 169, 128 147584      activation_13[0][0]              
__________________________________________________________________________________________________
batch_normalization_14 (BatchNo (None, 255, 169, 128 512         conv2d_15[0][0]                  
__________________________________________________________________________________________________
add_6 (Add)                     (None, 255, 169, 128 0           batch_normalization_14[0][0]     
                                                                 activation_12[0][0]              
__________________________________________________________________________________________________
activation_14 (Activation)      (None, 255, 169, 128 0           add_6[0][0]                      
__________________________________________________________________________________________________
conv2d_17 (Conv2D)              (None, 128, 85, 256) 295168      activation_14[0][0]              
__________________________________________________________________________________________________
batch_normalization_15 (BatchNo (None, 128, 85, 256) 1024        conv2d_17[0][0]                  
__________________________________________________________________________________________________
activation_15 (Activation)      (None, 128, 85, 256) 0           batch_normalization_15[0][0]     
__________________________________________________________________________________________________
conv2d_18 (Conv2D)              (None, 128, 85, 256) 590080      activation_15[0][0]              
__________________________________________________________________________________________________
batch_normalization_16 (BatchNo (None, 128, 85, 256) 1024        conv2d_18[0][0]                  
__________________________________________________________________________________________________
conv2d_16 (Conv2D)              (None, 128, 85, 256) 33024       activation_14[0][0]              
__________________________________________________________________________________________________
add_7 (Add)                     (None, 128, 85, 256) 0           batch_normalization_16[0][0]     
                                                                 conv2d_16[0][0]                  
__________________________________________________________________________________________________
activation_16 (Activation)      (None, 128, 85, 256) 0           add_7[0][0]                      
__________________________________________________________________________________________________
conv2d_19 (Conv2D)              (None, 128, 85, 256) 590080      activation_16[0][0]              
__________________________________________________________________________________________________
batch_normalization_17 (BatchNo (None, 128, 85, 256) 1024        conv2d_19[0][0]                  
__________________________________________________________________________________________________
activation_17 (Activation)      (None, 128, 85, 256) 0           batch_normalization_17[0][0]     
__________________________________________________________________________________________________
conv2d_20 (Conv2D)              (None, 128, 85, 256) 590080      activation_17[0][0]              
__________________________________________________________________________________________________
batch_normalization_18 (BatchNo (None, 128, 85, 256) 1024        conv2d_20[0][0]                  
__________________________________________________________________________________________________
add_8 (Add)                     (None, 128, 85, 256) 0           batch_normalization_18[0][0]     
                                                                 activation_16[0][0]              
__________________________________________________________________________________________________
activation_18 (Activation)      (None, 128, 85, 256) 0           add_8[0][0]                      
__________________________________________________________________________________________________
conv2d_21 (Conv2D)              (None, 128, 85, 256) 590080      activation_18[0][0]              
__________________________________________________________________________________________________
batch_normalization_19 (BatchNo (None, 128, 85, 256) 1024        conv2d_21[0][0]                  
__________________________________________________________________________________________________
activation_19 (Activation)      (None, 128, 85, 256) 0           batch_normalization_19[0][0]     
__________________________________________________________________________________________________
conv2d_22 (Conv2D)              (None, 128, 85, 256) 590080      activation_19[0][0]              
__________________________________________________________________________________________________
batch_normalization_20 (BatchNo (None, 128, 85, 256) 1024        conv2d_22[0][0]                  
__________________________________________________________________________________________________
add_9 (Add)                     (None, 128, 85, 256) 0           batch_normalization_20[0][0]     
                                                                 activation_18[0][0]              
__________________________________________________________________________________________________
activation_20 (Activation)      (None, 128, 85, 256) 0           add_9[0][0]                      
__________________________________________________________________________________________________
conv2d_23 (Conv2D)              (None, 128, 85, 256) 590080      activation_20[0][0]              
__________________________________________________________________________________________________
batch_normalization_21 (BatchNo (None, 128, 85, 256) 1024        conv2d_23[0][0]                  
__________________________________________________________________________________________________
activation_21 (Activation)      (None, 128, 85, 256) 0           batch_normalization_21[0][0]     
__________________________________________________________________________________________________
conv2d_24 (Conv2D)              (None, 128, 85, 256) 590080      activation_21[0][0]              
__________________________________________________________________________________________________
batch_normalization_22 (BatchNo (None, 128, 85, 256) 1024        conv2d_24[0][0]                  
__________________________________________________________________________________________________
add_10 (Add)                    (None, 128, 85, 256) 0           batch_normalization_22[0][0]     
                                                                 activation_20[0][0]              
__________________________________________________________________________________________________
activation_22 (Activation)      (None, 128, 85, 256) 0           add_10[0][0]                     
__________________________________________________________________________________________________
conv2d_25 (Conv2D)              (None, 128, 85, 256) 590080      activation_22[0][0]              
__________________________________________________________________________________________________
batch_normalization_23 (BatchNo (None, 128, 85, 256) 1024        conv2d_25[0][0]                  
__________________________________________________________________________________________________
activation_23 (Activation)      (None, 128, 85, 256) 0           batch_normalization_23[0][0]     
__________________________________________________________________________________________________
conv2d_26 (Conv2D)              (None, 128, 85, 256) 590080      activation_23[0][0]              
__________________________________________________________________________________________________
batch_normalization_24 (BatchNo (None, 128, 85, 256) 1024        conv2d_26[0][0]                  
__________________________________________________________________________________________________
add_11 (Add)                    (None, 128, 85, 256) 0           batch_normalization_24[0][0]     
                                                                 activation_22[0][0]              
__________________________________________________________________________________________________
activation_24 (Activation)      (None, 128, 85, 256) 0           add_11[0][0]                     
__________________________________________________________________________________________________
conv2d_27 (Conv2D)              (None, 128, 85, 256) 590080      activation_24[0][0]              
__________________________________________________________________________________________________
batch_normalization_25 (BatchNo (None, 128, 85, 256) 1024        conv2d_27[0][0]                  
__________________________________________________________________________________________________
activation_25 (Activation)      (None, 128, 85, 256) 0           batch_normalization_25[0][0]     
__________________________________________________________________________________________________
conv2d_28 (Conv2D)              (None, 128, 85, 256) 590080      activation_25[0][0]              
__________________________________________________________________________________________________
batch_normalization_26 (BatchNo (None, 128, 85, 256) 1024        conv2d_28[0][0]                  
__________________________________________________________________________________________________
add_12 (Add)                    (None, 128, 85, 256) 0           batch_normalization_26[0][0]     
                                                                 activation_24[0][0]              
__________________________________________________________________________________________________
activation_26 (Activation)      (None, 128, 85, 256) 0           add_12[0][0]                     
__________________________________________________________________________________________________
conv2d_30 (Conv2D)              (None, 64, 43, 512)  1180160     activation_26[0][0]              
__________________________________________________________________________________________________
batch_normalization_27 (BatchNo (None, 64, 43, 512)  2048        conv2d_30[0][0]                  
__________________________________________________________________________________________________
activation_27 (Activation)      (None, 64, 43, 512)  0           batch_normalization_27[0][0]     
__________________________________________________________________________________________________
conv2d_31 (Conv2D)              (None, 64, 43, 512)  2359808     activation_27[0][0]              
__________________________________________________________________________________________________
batch_normalization_28 (BatchNo (None, 64, 43, 512)  2048        conv2d_31[0][0]                  
__________________________________________________________________________________________________
conv2d_29 (Conv2D)              (None, 64, 43, 512)  131584      activation_26[0][0]              
__________________________________________________________________________________________________
add_13 (Add)                    (None, 64, 43, 512)  0           batch_normalization_28[0][0]     
                                                                 conv2d_29[0][0]                  
__________________________________________________________________________________________________
activation_28 (Activation)      (None, 64, 43, 512)  0           add_13[0][0]                     
__________________________________________________________________________________________________
conv2d_32 (Conv2D)              (None, 64, 43, 512)  2359808     activation_28[0][0]              
__________________________________________________________________________________________________
batch_normalization_29 (BatchNo (None, 64, 43, 512)  2048        conv2d_32[0][0]                  
__________________________________________________________________________________________________
conv2d_36 (Conv2D)              (None, 255, 169, 128 73856       activation_6[0][0]               
__________________________________________________________________________________________________
activation_29 (Activation)      (None, 64, 43, 512)  0           batch_normalization_29[0][0]     
__________________________________________________________________________________________________
batch_normalization_33 (BatchNo (None, 255, 169, 128 512         conv2d_36[0][0]                  
__________________________________________________________________________________________________
conv2d_33 (Conv2D)              (None, 64, 43, 512)  2359808     activation_29[0][0]              
__________________________________________________________________________________________________
activation_33 (Activation)      (None, 255, 169, 128 0           batch_normalization_33[0][0]     
__________________________________________________________________________________________________
batch_normalization_30 (BatchNo (None, 64, 43, 512)  2048        conv2d_33[0][0]                  
__________________________________________________________________________________________________
dropout_1 (Dropout)             (None, 255, 169, 128 0           activation_33[0][0]              
__________________________________________________________________________________________________
add_14 (Add)                    (None, 64, 43, 512)  0           batch_normalization_30[0][0]     
                                                                 activation_28[0][0]              
__________________________________________________________________________________________________
conv2d_37 (Conv2D)              (None, 128, 85, 256) 131328      dropout_1[0][0]                  
__________________________________________________________________________________________________
conv2d_40 (Conv2D)              (None, 128, 85, 256) 295168      activation_14[0][0]              
__________________________________________________________________________________________________
activation_30 (Activation)      (None, 64, 43, 512)  0           add_14[0][0]                     
__________________________________________________________________________________________________
batch_normalization_34 (BatchNo (None, 128, 85, 256) 1024        conv2d_37[0][0]                  
__________________________________________________________________________________________________
batch_normalization_36 (BatchNo (None, 128, 85, 256) 1024        conv2d_40[0][0]                  
__________________________________________________________________________________________________
conv2d_34 (Conv2D)              (None, 64, 43, 512)  2359808     activation_30[0][0]              
__________________________________________________________________________________________________
activation_34 (Activation)      (None, 128, 85, 256) 0           batch_normalization_34[0][0]     
__________________________________________________________________________________________________
activation_36 (Activation)      (None, 128, 85, 256) 0           batch_normalization_36[0][0]     
__________________________________________________________________________________________________
batch_normalization_31 (BatchNo (None, 64, 43, 512)  2048        conv2d_34[0][0]                  
__________________________________________________________________________________________________
dropout_2 (Dropout)             (None, 128, 85, 256) 0           activation_34[0][0]              
__________________________________________________________________________________________________
dropout_4 (Dropout)             (None, 128, 85, 256) 0           activation_36[0][0]              
__________________________________________________________________________________________________
activation_31 (Activation)      (None, 64, 43, 512)  0           batch_normalization_31[0][0]     
__________________________________________________________________________________________________
conv2d_38 (Conv2D)              (None, 64, 43, 512)  524800      dropout_2[0][0]                  
__________________________________________________________________________________________________
conv2d_41 (Conv2D)              (None, 64, 43, 512)  524800      dropout_4[0][0]                  
__________________________________________________________________________________________________
conv2d_35 (Conv2D)              (None, 64, 43, 512)  2359808     activation_31[0][0]              
__________________________________________________________________________________________________
batch_normalization_35 (BatchNo (None, 64, 43, 512)  2048        conv2d_38[0][0]                  
__________________________________________________________________________________________________
batch_normalization_37 (BatchNo (None, 64, 43, 512)  2048        conv2d_41[0][0]                  
__________________________________________________________________________________________________
batch_normalization_32 (BatchNo (None, 64, 43, 512)  2048        conv2d_35[0][0]                  
__________________________________________________________________________________________________
activation_35 (Activation)      (None, 64, 43, 512)  0           batch_normalization_35[0][0]     
__________________________________________________________________________________________________
activation_37 (Activation)      (None, 64, 43, 512)  0           batch_normalization_37[0][0]     
__________________________________________________________________________________________________
add_15 (Add)                    (None, 64, 43, 512)  0           batch_normalization_32[0][0]     
                                                                 activation_30[0][0]              
__________________________________________________________________________________________________
dropout_3 (Dropout)             (None, 64, 43, 512)  0           activation_35[0][0]              
__________________________________________________________________________________________________
dropout_5 (Dropout)             (None, 64, 43, 512)  0           activation_37[0][0]              
__________________________________________________________________________________________________
conv2d_43 (Conv2D)              (None, 64, 43, 512)  524800      activation_26[0][0]              
__________________________________________________________________________________________________
activation_32 (Activation)      (None, 64, 43, 512)  0           add_15[0][0]                     
__________________________________________________________________________________________________
conv2d_39 (Conv2D)              (None, 32, 22, 512)  1049088     dropout_3[0][0]                  
__________________________________________________________________________________________________
conv2d_42 (Conv2D)              (None, 32, 22, 512)  1049088     dropout_5[0][0]                  
__________________________________________________________________________________________________
conv2d_44 (Conv2D)              (None, 32, 22, 512)  1049088     conv2d_43[0][0]                  
__________________________________________________________________________________________________
conv2d_45 (Conv2D)              (None, 32, 22, 512)  1049088     activation_32[0][0]              
__________________________________________________________________________________________________
add_16 (Add)                    (None, 32, 22, 512)  0           conv2d_39[0][0]                  
                                                                 conv2d_42[0][0]                  
                                                                 conv2d_44[0][0]                  
                                                                 conv2d_45[0][0]                  
__________________________________________________________________________________________________
activation_38 (Activation)      (None, 32, 22, 512)  0           add_16[0][0]                     
__________________________________________________________________________________________________
conv2d_46 (Conv2D)              (None, 10, 10, 512)  2359808     activation_38[0][0]              
__________________________________________________________________________________________________
batch_normalization_38 (BatchNo (None, 10, 10, 512)  2048        conv2d_46[0][0]                  
__________________________________________________________________________________________________
activation_39 (Activation)      (None, 10, 10, 512)  0           batch_normalization_38[0][0]     
__________________________________________________________________________________________________
dropout_6 (Dropout)             (None, 10, 10, 512)  0           activation_39[0][0]              
__________________________________________________________________________________________________
conv2d_47 (Conv2D)              (None, 4, 4, 512)    2359808     dropout_6[0][0]                  
__________________________________________________________________________________________________
batch_normalization_39 (BatchNo (None, 4, 4, 512)    2048        conv2d_47[0][0]                  
__________________________________________________________________________________________________
activation_40 (Activation)      (None, 4, 4, 512)    0           batch_normalization_39[0][0]     
__________________________________________________________________________________________________
dropout_7 (Dropout)             (None, 4, 4, 512)    0           activation_40[0][0]              
__________________________________________________________________________________________________
flatten (Flatten)               (None, 8192)         0           dropout_7[0][0]                  
__________________________________________________________________________________________________
dense (Dense)                   (None, 5)            40965       flatten[0][0]                    
==================================================================================================
Total params: 32,349,061
Trainable params: 32,328,453
Non-trainable params: 20,608
__________________________________________________________________________________________________
None
Adding Images: Error ---- 
No such file: '/mnt/beegfs/home/agolchub/repo/Aesthetic_Photo_Ranking/databaserelease2/JPEG/﻿Filename'
['\ufeffFilename', 'Source', 'Link (if available)', "Arash's Scores", "Maria's Scores", 'Color Saturation', 'Framing', 'Lighting', 'Clarity', 'Symmetry', 'Objective Score', 'ObjectiveClass', 'Objective Score Normalized', "Maria's Scores Normalized", 'Random', 'Set', "Maria's Scores 0-4", '']
2 - /mnt/beegfs/home/agolchub/repo/Aesthetic_Photo_Ranking/databaserelease2/JPEG/meadows88.jpg
2 - /mnt/beegfs/home/agolchub/repo/Aesthetic_Photo_Ranking/databaserelease2/JPEG/meadows194.jpg
1 - /mnt/beegfs/home/agolchub/repo/Aesthetic_Photo_Ranking/databaserelease2/JPEG/meadows66.jpg
2 - /mnt/beegfs/home/agolchub/repo/Aesthetic_Photo_Ranking/databaserelease2/JPEG/meadows93.jpg
3 - /mnt/beegfs/home/agolchub/repo/Aesthetic_Photo_Ranking/databaserelease2/JPEG/meadows497.jpg
2 - /mnt/beegfs/home/agolchub/repo/Aesthetic_Photo_Ranking/databaserelease2/JPEG/meadows202.jpg
1 - /mnt/beegfs/home/agolchub/repo/Aesthetic_Photo_Ranking/databaserelease2/JPEG/meadows80.jpg
1 - /mnt/beegfs/home/agolchub/repo/Aesthetic_Photo_Ranking/databaserelease2/JPEG/meadows498.jpg
1 - /mnt/beegfs/home/agolchub/repo/Aesthetic_Photo_Ranking/databaserelease2/JPEG/meadows382.jpg
2 - /mnt/beegfs/home/agolchub/repo/Aesthetic_Photo_Ranking/databaserelease2/JPEG/meadows370.jpg
1 - /mnt/beegfs/home/agolchub/repo/Aesthetic_Photo_Ranking/databaserelease2/JPEG/meadows81.jpg
2 - /mnt/beegfs/home/agolchub/repo/Aesthetic_Photo_Ranking/databaserelease2/JPEG/meadows383.jpg
3 - /mnt/beegfs/home/agolchub/repo/Aesthetic_Photo_Ranking/databaserelease2/JPEG/meadows470.jpg
1 - /mnt/beegfs/home/agolchub/repo/Aesthetic_Photo_Ranking/databaserelease2/JPEG/meadows215.jpg
3 - /mnt/beegfs/home/agolchub/repo/Aesthetic_Photo_Ranking/databaserelease2/JPEG/meadows115.jpg
2 - /mnt/beegfs/home/agolchub/repo/Aesthetic_Photo_Ranking/databaserelease2/JPEG/meadows373.jpg
2 - /mnt/beegfs/home/agolchub/repo/Aesthetic_Photo_Ranking/databaserelease2/JPEG/meadows262.jpg
2 - /mnt/beegfs/home/agolchub/repo/Aesthetic_Photo_Ranking/databaserelease2/JPEG/meadows400.jpg
0 - /mnt/beegfs/home/agolchub/repo/Aesthetic_Photo_Ranking/databaserelease2/JPEG/meadows197.jpg
2 - /mnt/beegfs/home/agolchub/repo/Aesthetic_Photo_Ranking/databaserelease2/JPEG/meadows274.jpg
1 - /mnt/beegfs/home/agolchub/repo/Aesthetic_Photo_Ranking/databaserelease2/JPEG/meadows454.jpg
1 - /mnt/beegfs/home/agolchub/repo/Aesthetic_Photo_Ranking/databaserelease2/JPEG/meadows334.jpg
1 - /mnt/beegfs/home/agolchub/repo/Aesthetic_Photo_Ranking/databaserelease2/JPEG/meadows209.jpg
3 - /mnt/beegfs/home/agolchub/repo/Aesthetic_Photo_Ranking/databaserelease2/JPEG/meadows279.jpg
2 - /mnt/beegfs/home/agolchub/repo/Aesthetic_Photo_Ranking/databaserelease2/JPEG/meadows457.jpg
3 - /mnt/beegfs/home/agolchub/repo/Aesthetic_Photo_Ranking/databaserelease2/JPEG/meadows311.jpg
3 - /mnt/beegfs/home/agolchub/repo/Aesthetic_Photo_Ranking/databaserelease2/JPEG/meadows174.jpg
1 - /mnt/beegfs/home/agolchub/repo/Aesthetic_Photo_Ranking/databaserelease2/JPEG/meadows416.jpg
3 - /mnt/beegfs/home/agolchub/repo/Aesthetic_Photo_Ranking/databaserelease2/JPEG/meadows388.jpg
2 - /mnt/beegfs/home/agolchub/repo/Aesthetic_Photo_Ranking/databaserelease2/JPEG/meadows63.jpg
1 - /mnt/beegfs/home/agolchub/repo/Aesthetic_Photo_Ranking/databaserelease2/JPEG/meadows294.jpg
1 - /mnt/beegfs/home/agolchub/repo/Aesthetic_Photo_Ranking/databaserelease2/JPEG/meadows195.jpg
1 - /mnt/beegfs/home/agolchub/repo/Aesthetic_Photo_Ranking/databaserelease2/JPEG/meadows217.jpg
2 - /mnt/beegfs/home/agolchub/repo/Aesthetic_Photo_Ranking/databaserelease2/JPEG/meadows398.jpg
2 - /mnt/beegfs/home/agolchub/repo/Aesthetic_Photo_Ranking/databaserelease2/JPEG/meadows42.jpg
2 - /mnt/beegfs/home/agolchub/repo/Aesthetic_Photo_Ranking/databaserelease2/JPEG/meadows148.jpg
3 - /mnt/beegfs/home/agolchub/repo/Aesthetic_Photo_Ranking/databaserelease2/JPEG/meadows154.jpg
0 - /mnt/beegfs/home/agolchub/repo/Aesthetic_Photo_Ranking/databaserelease2/JPEG/meadows184.jpg
3 - /mnt/beegfs/home/agolchub/repo/Aesthetic_Photo_Ranking/databaserelease2/JPEG/meadows336.jpg
1 - /mnt/beegfs/home/agolchub/repo/Aesthetic_Photo_Ranking/databaserelease2/JPEG/meadows198.jpg
2 - /mnt/beegfs/home/agolchub/repo/Aesthetic_Photo_Ranking/databaserelease2/JPEG/meadows478.jpg
1 - /mnt/beegfs/home/agolchub/repo/Aesthetic_Photo_Ranking/databaserelease2/JPEG/meadows132.jpg
1 - /mnt/beegfs/home/agolchub/repo/Aesthetic_Photo_Ranking/databaserelease2/JPEG/meadows346.jpg
1 - /mnt/beegfs/home/agolchub/repo/Aesthetic_Photo_Ranking/databaserelease2/JPEG/meadows55.jpg
2 - /mnt/beegfs/home/agolchub/repo/Aesthetic_Photo_Ranking/databaserelease2/JPEG/meadows339.jpg
2 - /mnt/beegfs/home/agolchub/repo/Aesthetic_Photo_Ranking/databaserelease2/JPEG/meadows99.jpg
2 - /mnt/beegfs/home/agolchub/repo/Aesthetic_Photo_Ranking/databaserelease2/JPEG/meadows56.jpg
3 - /mnt/beegfs/home/agolchub/repo/Aesthetic_Photo_Ranking/databaserelease2/JPEG/meadows149.jpg
1 - /mnt/beegfs/home/agolchub/repo/Aesthetic_Photo_Ranking/databaserelease2/JPEG/meadows399.jpg
2 - /mnt/beegfs/home/agolchub/repo/Aesthetic_Photo_Ranking/databaserelease2/JPEG/meadows220.jpg
2 - /mnt/beegfs/home/agolchub/repo/Aesthetic_Photo_Ranking/databaserelease2/JPEG/meadows259.jpg
1 - /mnt/beegfs/home/agolchub/repo/Aesthetic_Photo_Ranking/databaserelease2/JPEG/meadows491.jpg
1 - /mnt/beegfs/home/agolchub/repo/Aesthetic_Photo_Ranking/databaserelease2/JPEG/meadows301.jpg
0 - /mnt/beegfs/home/agolchub/repo/Aesthetic_Photo_Ranking/databaserelease2/JPEG/meadows376.jpg
3 - /mnt/beegfs/home/agolchub/repo/Aesthetic_Photo_Ranking/databaserelease2/JPEG/meadows269.jpg
1 - /mnt/beegfs/home/agolchub/repo/Aesthetic_Photo_Ranking/databaserelease2/JPEG/meadows350.jpg
2 - /mnt/beegfs/home/agolchub/repo/Aesthetic_Photo_Ranking/databaserelease2/JPEG/meadows155.jpg
0 - /mnt/beegfs/home/agolchub/repo/Aesthetic_Photo_Ranking/databaserelease2/JPEG/meadows357.jpg
3 - /mnt/beegfs/home/agolchub/repo/Aesthetic_Photo_Ranking/databaserelease2/JPEG/meadows460.jpg
1 - /mnt/beegfs/home/agolchub/repo/Aesthetic_Photo_Ranking/databaserelease2/JPEG/meadows70.jpg
1 - /mnt/beegfs/home/agolchub/repo/Aesthetic_Photo_Ranking/databaserelease2/JPEG/meadows459.jpg
2 - /mnt/beegfs/home/agolchub/repo/Aesthetic_Photo_Ranking/databaserelease2/JPEG/meadows178.jpg
3 - /mnt/beegfs/home/agolchub/repo/Aesthetic_Photo_Ranking/databaserelease2/JPEG/meadows359.jpg
1 - /mnt/beegfs/home/agolchub/repo/Aesthetic_Photo_Ranking/databaserelease2/JPEG/meadows387.jpg
2 - /mnt/beegfs/home/agolchub/repo/Aesthetic_Photo_Ranking/databaserelease2/JPEG/meadows44.jpg
1 - /mnt/beegfs/home/agolchub/repo/Aesthetic_Photo_Ranking/databaserelease2/JPEG/meadows177.jpg
3 - /mnt/beegfs/home/agolchub/repo/Aesthetic_Photo_Ranking/databaserelease2/JPEG/meadows289.jpg
2022-07-18 04:37:10.022816: I tensorflow/compiler/mlir/mlir_graph_optimization_pass.cc:185] None of the MLIR Optimization Passes are enabled (registered 2)
2022-07-18 04:37:11.561180: I tensorflow/stream_executor/cuda/cuda_dnn.cc:369] Loaded cuDNN version 8201
2022-07-18 04:37:12.819422: W tensorflow/core/kernels/gpu_utils.cc:49] Failed to allocate memory for convolution redzone checking; skipping this check. This is benign and only means that we won't check cudnn for out-of-bounds reads and writes. This message will only be printed once.
2022-07-18 04:37:13.040749: W tensorflow/stream_executor/gpu/asm_compiler.cc:77] Couldn't get ptxas version string: Internal: Running ptxas --version returned 32512
2022-07-18 04:37:13.094795: W tensorflow/stream_executor/gpu/redzone_allocator.cc:314] Internal: ptxas exited with non-zero error code 32512, output: 
Relying on driver to perform ptx compilation. 
Modify $PATH to customize ptxas location.
This message will be only logged once.
2022-07-18 04:37:16.946704: I tensorflow/stream_executor/cuda/cuda_blas.cc:1760] TensorFloat-32 will be used for the matrix multiplication. This will only be logged once.
2 - /mnt/beegfs/home/agolchub/repo/Aesthetic_Photo_Ranking/databaserelease2/JPEG/meadows158.jpg
2 - /mnt/beegfs/home/agolchub/repo/Aesthetic_Photo_Ranking/databaserelease2/JPEG/meadows187.jpg
2 - /mnt/beegfs/home/agolchub/repo/Aesthetic_Photo_Ranking/databaserelease2/JPEG/meadows295.jpg
0 - /mnt/beegfs/home/agolchub/repo/Aesthetic_Photo_Ranking/databaserelease2/JPEG/meadows319.jpg
1 - /mnt/beegfs/home/agolchub/repo/Aesthetic_Photo_Ranking/databaserelease2/JPEG/meadows453.jpg
1 - /mnt/beegfs/home/agolchub/repo/Aesthetic_Photo_Ranking/databaserelease2/JPEG/meadows14.jpg
2 - /mnt/beegfs/home/agolchub/repo/Aesthetic_Photo_Ranking/databaserelease2/JPEG/meadows196.jpg
0 - /mnt/beegfs/home/agolchub/repo/Aesthetic_Photo_Ranking/databaserelease2/JPEG/meadows343.jpg
2 - /mnt/beegfs/home/agolchub/repo/Aesthetic_Photo_Ranking/databaserelease2/JPEG/meadows244.jpg
2 - /mnt/beegfs/home/agolchub/repo/Aesthetic_Photo_Ranking/databaserelease2/JPEG/meadows414.jpg
1 - /mnt/beegfs/home/agolchub/repo/Aesthetic_Photo_Ranking/databaserelease2/JPEG/meadows96.jpg
0 - /mnt/beegfs/home/agolchub/repo/Aesthetic_Photo_Ranking/databaserelease2/JPEG/meadows234.jpg
1 - /mnt/beegfs/home/agolchub/repo/Aesthetic_Photo_Ranking/databaserelease2/JPEG/meadows223.jpg
2 - /mnt/beegfs/home/agolchub/repo/Aesthetic_Photo_Ranking/databaserelease2/JPEG/meadows151.jpg
2 - /mnt/beegfs/home/agolchub/repo/Aesthetic_Photo_Ranking/databaserelease2/JPEG/meadows200.jpg
1 - /mnt/beegfs/home/agolchub/repo/Aesthetic_Photo_Ranking/databaserelease2/JPEG/meadows54.jpg
1 - /mnt/beegfs/home/agolchub/repo/Aesthetic_Photo_Ranking/databaserelease2/JPEG/meadows417.jpg
2 - /mnt/beegfs/home/agolchub/repo/Aesthetic_Photo_Ranking/databaserelease2/JPEG/meadows260.jpg
2 - /mnt/beegfs/home/agolchub/repo/Aesthetic_Photo_Ranking/databaserelease2/JPEG/meadows356.jpg
1 - /mnt/beegfs/home/agolchub/repo/Aesthetic_Photo_Ranking/databaserelease2/JPEG/meadows232.jpg
3 - /mnt/beegfs/home/agolchub/repo/Aesthetic_Photo_Ranking/databaserelease2/JPEG/meadows401.jpg
2 - /mnt/beegfs/home/agolchub/repo/Aesthetic_Photo_Ranking/databaserelease2/JPEG/meadows30.jpg
1 - /mnt/beegfs/home/agolchub/repo/Aesthetic_Photo_Ranking/databaserelease2/JPEG/meadows433.jpg
2 - /mnt/beegfs/home/agolchub/repo/Aesthetic_Photo_Ranking/databaserelease2/JPEG/meadows68.jpg
2 - /mnt/beegfs/home/agolchub/repo/Aesthetic_Photo_Ranking/databaserelease2/JPEG/meadows104.jpg
0 - /mnt/beegfs/home/agolchub/repo/Aesthetic_Photo_Ranking/databaserelease2/JPEG/meadows362.jpg
3 - /mnt/beegfs/home/agolchub/repo/Aesthetic_Photo_Ranking/databaserelease2/JPEG/meadows5.jpg
0 - /mnt/beegfs/home/agolchub/repo/Aesthetic_Photo_Ranking/databaserelease2/JPEG/meadows23.jpg
2 - /mnt/beegfs/home/agolchub/repo/Aesthetic_Photo_Ranking/databaserelease2/JPEG/meadows418.jpg
2 - /mnt/beegfs/home/agolchub/repo/Aesthetic_Photo_Ranking/databaserelease2/JPEG/meadows300.jpg
1 - /mnt/beegfs/home/agolchub/repo/Aesthetic_Photo_Ranking/databaserelease2/JPEG/meadows471.jpg
2 - /mnt/beegfs/home/agolchub/repo/Aesthetic_Photo_Ranking/databaserelease2/JPEG/meadows265.jpg
1 - /mnt/beegfs/home/agolchub/repo/Aesthetic_Photo_Ranking/databaserelease2/JPEG/meadows369.jpg
[[0 0 1 0 0]
 [0 0 1 0 0]
 [0 1 0 0 0]
 [0 0 1 0 0]
 [0 0 0 1 0]
 [0 0 1 0 0]
 [0 1 0 0 0]
 [0 1 0 0 0]
 [0 1 0 0 0]
 [0 0 1 0 0]
 [0 1 0 0 0]
 [0 0 1 0 0]
 [0 0 0 1 0]
 [0 1 0 0 0]
 [0 0 0 1 0]
 [0 0 1 0 0]
 [0 0 1 0 0]
 [0 0 1 0 0]
 [1 0 0 0 0]
 [0 0 1 0 0]
 [0 1 0 0 0]
 [0 1 0 0 0]
 [0 1 0 0 0]
 [0 0 0 1 0]
 [0 0 1 0 0]
 [0 0 0 1 0]
 [0 0 0 1 0]
 [0 1 0 0 0]
 [0 0 0 1 0]
 [0 0 1 0 0]
 [0 1 0 0 0]
 [0 1 0 0 0]
 [0 1 0 0 0]
 [0 0 1 0 0]
 [0 0 1 0 0]
 [0 0 1 0 0]
 [0 0 0 1 0]
 [1 0 0 0 0]
 [0 0 0 1 0]
 [0 1 0 0 0]
 [0 0 1 0 0]
 [0 1 0 0 0]
 [0 1 0 0 0]
 [0 1 0 0 0]
 [0 0 1 0 0]
 [0 0 1 0 0]
 [0 0 1 0 0]
 [0 0 0 1 0]
 [0 1 0 0 0]
 [0 0 1 0 0]
 [0 0 1 0 0]
 [0 1 0 0 0]
 [0 1 0 0 0]
 [1 0 0 0 0]
 [0 0 0 1 0]
 [0 1 0 0 0]
 [0 0 1 0 0]
 [1 0 0 0 0]
 [0 0 0 1 0]
 [0 1 0 0 0]
 [0 1 0 0 0]
 [0 0 1 0 0]
 [0 0 0 1 0]
 [0 1 0 0 0]
 [0 0 1 0 0]
 [0 1 0 0 0]
 [0 0 0 1 0]
 [0 0 1 0 0]
 [0 0 1 0 0]
 [0 0 1 0 0]
 [1 0 0 0 0]
 [0 1 0 0 0]
 [0 1 0 0 0]
 [0 0 1 0 0]
 [1 0 0 0 0]
 [0 0 1 0 0]
 [0 0 1 0 0]
 [0 1 0 0 0]
 [1 0 0 0 0]
 [0 1 0 0 0]
 [0 0 1 0 0]
 [0 0 1 0 0]
 [0 1 0 0 0]
 [0 1 0 0 0]
 [0 0 1 0 0]
 [0 0 1 0 0]
 [0 1 0 0 0]
 [0 0 0 1 0]
 [0 0 1 0 0]
 [0 1 0 0 0]
 [0 0 1 0 0]
 [0 0 1 0 0]
 [1 0 0 0 0]
 [0 0 0 1 0]
 [1 0 0 0 0]
 [0 0 1 0 0]
 [0 0 1 0 0]
 [0 1 0 0 0]
 [0 0 1 0 0]
 [0 1 0 0 0]]
[[ 5.47565743e-02  3.99621397e-01  3.90215784e-01  2.01531380e-01
   5.09087853e-02]
 [ 1.49651557e-01  4.79486823e-01  2.82764822e-01  1.26362175e-01
  -5.60916066e-02]
 [ 5.65603748e-02  4.02112544e-01  3.75268757e-01  2.09117442e-01
   3.42653543e-02]
 [ 5.36262803e-02  4.04238999e-01  3.68624419e-01  2.14465350e-01
   2.82755215e-02]
 [ 8.47057849e-02  4.51324940e-01  3.45175862e-01  1.46691248e-01
   3.62103805e-02]
 [ 4.53214571e-02  3.84969950e-01  4.22784418e-01  1.37130991e-01
   1.14902899e-01]
 [ 1.47517025e-01  5.49796462e-01  2.77033359e-01  7.85257071e-02
   6.28459081e-02]
 [ 5.75884208e-02  4.08939540e-01  3.68117750e-01  2.17907667e-01
   2.51137167e-02]
 [-1.29795000e-01  5.73490620e-01  4.29497808e-01  9.95481163e-02
   2.05643520e-01]
 [ 1.07495084e-01  3.79691392e-01  3.18843007e-01  1.60749599e-01
  -4.00307328e-02]
 [ 3.22199874e-02  4.58496988e-01  3.25011164e-01  1.28529221e-01
   2.48549022e-02]
 [ 5.51744848e-02  4.08654451e-01  3.71710718e-01  2.06309766e-01
   3.45477387e-02]
 [ 5.76279312e-02  3.80419731e-01  4.35572594e-01  1.56921998e-01
   7.77670890e-02]
 [ 5.70395552e-02  3.96799266e-01  3.83480281e-01  2.05320209e-01
   4.14819345e-02]
 [ 1.66498590e-02  2.87719965e-01  4.59138781e-01  2.06399634e-01
   1.65831208e-01]
 [ 7.25589991e-02  2.40601987e-01  4.09007818e-01  2.24797457e-01
  -9.27965492e-02]
 [ 4.73532341e-02  4.00831819e-01  3.90320987e-01  1.81630462e-01
   6.30178899e-02]
 [ 1.57822408e-02  3.47921222e-01  5.17823815e-01  1.53609216e-01
   2.18826577e-01]
 [ 1.30968153e-01  4.36995268e-01  3.32322657e-01  1.26930594e-01
   2.53287330e-03]
 [ 4.70942892e-02  3.27807218e-01  3.87716323e-01  2.41554603e-01
   3.84553894e-03]
 [ 3.02798524e-02  3.50989312e-01  3.74292910e-01  2.16773778e-01
   6.08573742e-02]
 [ 5.10755293e-02  3.81469190e-01  3.79960120e-01  1.95142210e-01
   4.79685962e-02]
 [ 5.52117527e-02  3.88162464e-01  3.76522362e-01  1.94750488e-01
   4.08880375e-02]
 [-8.96412879e-04  1.87433824e-01  3.64136964e-01  4.09575939e-01
  -5.74270040e-02]
 [ 8.35605711e-02  4.38546598e-01  3.15838933e-01  1.79855794e-01
  -2.99892724e-02]
 [ 4.51360196e-02  3.74347955e-01  3.91255885e-01  1.88004255e-01
   8.11269656e-02]
 [ 5.24233803e-02  3.86981219e-01  3.75384420e-01  1.97314471e-01
   4.55860868e-02]
 [ 1.88896254e-01  5.43364048e-01  1.73570022e-01  1.45741463e-01
  -4.38043326e-02]
 [ 6.09261096e-02  4.03796047e-01  3.64065826e-01  2.14273050e-01
   8.63792747e-03]
 [ 6.35382235e-02  3.98973584e-01  3.65258574e-01  2.00071901e-01
   9.77701694e-03]
 [ 1.45424575e-01  2.65753239e-01  4.26183790e-01  1.83307290e-01
  -3.08506042e-02]
 [ 6.71881959e-02  4.42233831e-01  3.55974734e-01  1.41054794e-01
   7.71413520e-02]
 [ 1.70923740e-01  6.96081340e-01  3.01278114e-01 -6.59030527e-02
  -2.64783874e-02]
 [ 6.37804121e-02  3.35789114e-01  3.51238102e-01  2.50171989e-01
  -2.74152532e-02]
 [ 4.83390391e-02  3.88957590e-01  3.96173000e-01  1.91085592e-01
   9.33888257e-02]
 [ 4.68862467e-02  2.77003765e-01  6.36663020e-01  6.79120272e-02
   3.07524025e-01]
 [ 4.57076244e-02  3.86045039e-01  4.13619071e-01  1.87030137e-01
   7.85684437e-02]
 [ 4.77955081e-02  4.17528987e-01  3.61024082e-01  1.58860892e-01
   3.59182693e-02]
 [ 7.20667318e-02  4.02554661e-01  3.77288938e-01  1.84211299e-01
   2.25348808e-02]
 [ 7.07787871e-02  3.47766310e-01  4.48796809e-01  1.53049245e-01
   1.49785429e-01]
 [ 3.94546948e-02  3.75848830e-01  4.07428801e-01  1.98132575e-01
   8.55907202e-02]
 [ 1.50662325e-02  3.24272275e-01  5.99958777e-01  3.04612517e-03
   7.47854933e-02]
 [ 3.98049206e-02  2.96321630e-01  4.17540669e-01  2.05630124e-01
   1.34401605e-01]
 [ 4.75301184e-02  3.91615510e-01  3.66841137e-01  2.04600736e-01
   7.96176344e-02]
 [ 6.01648241e-02  3.81805897e-01  3.62305403e-01  2.06535667e-01
   3.02190408e-02]
 [ 5.78822084e-02  4.11967039e-01  3.69758815e-01  1.87149957e-01
   1.80067271e-02]
 [ 5.62950224e-02  3.77055109e-01  3.79511267e-01  2.02356875e-01
   4.96556275e-02]
 [ 2.75151916e-02  2.31695980e-01  4.34123427e-01  2.53170788e-01
   5.33983111e-04]
 [ 4.15280089e-03  1.61714539e-01  8.36190045e-01  6.97599128e-02
   1.20238614e+00]
 [ 5.31834513e-02  4.00028169e-01  3.78747016e-01  2.11346582e-01
   4.22892384e-02]
 [ 2.40357723e-02  3.21343929e-01  3.97126526e-01  2.47530341e-01
   3.94851528e-02]
 [ 1.55766711e-01  4.26819384e-01  4.47523773e-01  5.58425635e-02
  -3.07014942e-01]
 [ 6.07068837e-02  3.40128660e-01  3.69201303e-01  1.90475583e-01
   5.91081977e-02]
 [ 5.52388355e-02  3.86224151e-01  3.76182586e-01  1.92346305e-01
   4.09638807e-02]
 [-3.08426134e-02  2.84941167e-01  5.08779764e-01  2.42707387e-01
   1.69119999e-01]
 [ 6.00596070e-02  3.96567672e-01  3.64560068e-01  2.06175566e-01
   2.20905989e-02]
 [ 6.49227053e-02  8.69833827e-01  2.21991062e-01 -8.70556831e-02
  -2.92947084e-01]
 [ 8.23740363e-02  3.44934583e-01  3.59963357e-01  2.31316179e-01
  -9.19481367e-03]
 [ 4.54352386e-02  3.26737255e-01  4.70854163e-01  1.24057360e-01
   1.69752270e-01]
 [ 4.49195579e-02  3.60083044e-01  3.96064043e-01  2.03152195e-01
   1.19371735e-01]
 [ 5.22464141e-02  4.39364970e-01  3.16447675e-01  1.69504210e-01
   3.25456038e-02]
 [ 4.62364070e-02  4.12626058e-01  3.15026343e-01  2.01612055e-01
   6.12119697e-02]
 [ 5.59563972e-02  3.36131126e-01  2.73165196e-01  2.77116120e-01
   2.00268626e-01]
 [ 4.52001803e-02  3.96002144e-01  4.07279164e-01  2.04399496e-01
   7.17081130e-02]
 [ 1.55755639e-01  3.81771147e-01  3.64768833e-01  1.45968810e-01
   5.88699095e-02]
 [ 5.39512709e-02  3.87497276e-01  3.68716002e-01  2.03899145e-01
   4.17905711e-02]
 [ 5.17823286e-02  3.90077084e-01  3.74548435e-01  1.92439348e-01
   4.30997871e-02]
 [-2.12350383e-01  4.40171957e-01  8.28765213e-01 -2.97961682e-02
   6.65208757e-01]
 [-3.68985496e-02  5.33668399e-01  2.47628063e-01  2.89100945e-01
   1.42712951e-01]
 [ 1.06740490e-01  2.61717975e-01  4.03211325e-01  2.46897087e-01
   1.22939840e-01]
 [ 5.79569526e-02  3.84616733e-01  3.70188355e-01  1.81320325e-01
   2.91942582e-02]
 [ 4.90953587e-02  4.00736332e-01  3.91411006e-01  1.92332268e-01
   4.80984226e-02]
 [ 5.96996434e-02  4.08657879e-01  3.74871731e-01  1.98068082e-01
   1.76385939e-02]
 [ 6.82065636e-02  2.28788227e-01  4.10455942e-01  2.60939807e-01
  -1.09479621e-01]
 [ 9.68891531e-02  4.87992942e-01  2.98022777e-01  1.35128498e-01
   5.07714599e-03]
 [ 5.87912053e-02  4.04272079e-01  3.64864171e-01  2.09136218e-01
   1.82820708e-02]
 [ 4.98156659e-02  3.84456158e-01  3.98788631e-01  1.68596357e-01
   5.24602048e-02]
 [-5.50699420e-02  2.79906988e-01  6.56818986e-01  5.82396388e-02
   4.57226001e-02]
 [ 3.81719582e-02  3.82829368e-01  3.80454510e-01  2.12496698e-01
   7.87273347e-02]
 [ 4.82726097e-02  3.55386108e-01  3.67088258e-01  2.07479388e-01
   2.82356385e-02]
 [ 9.63515863e-02  3.93804044e-01  3.68810296e-01  1.32575527e-01
   6.80135712e-02]
 [ 4.38588299e-02  4.14631307e-01  3.79331708e-01  1.90217614e-01
   5.34402765e-02]
 [ 1.56967178e-01  4.85551655e-01  2.78704971e-01  5.74821606e-02
  -1.52879611e-01]
 [ 4.62590829e-02  3.81857634e-01  4.06473279e-01  1.89199775e-01
   6.69800043e-02]
 [ 1.02698296e-01  3.57602358e-01  4.90329355e-01  4.04389799e-02
   4.23393667e-01]
 [-3.78274173e-03  3.42897922e-01  3.85860890e-01  2.75598288e-01
  -2.70628631e-02]
 [ 3.63864526e-02  3.53090495e-01  4.22551215e-01  1.84783101e-01
   1.59183800e-01]
 [-6.15224950e-02  2.85178542e-01  6.16625488e-01  1.91280976e-01
   4.60079014e-01]
 [ 5.79000711e-02  3.77907544e-01  4.44820344e-01  1.55013740e-01
   1.34881973e-01]
 [ 5.33278771e-02  3.92584383e-01  3.58900487e-01  2.12994844e-01
   2.98500266e-02]
 [ 3.72568443e-02  3.67786199e-01  3.93170595e-01  1.70988515e-01
   1.68561593e-01]
 [ 9.79065150e-02  6.01255476e-01  2.57591873e-01  9.43384618e-02
  -3.79139110e-02]
 [ 6.54902235e-02  3.29079807e-01  3.98062319e-01  2.47172266e-01
   4.00101691e-02]
 [ 1.50055781e-01  5.29730558e-01  2.53413141e-01  8.92350152e-02
  -2.59401724e-02]
 [ 3.51902507e-02  1.47350520e-01  5.58515191e-01  2.36060172e-01
  -1.30519226e-01]
 [ 1.09131753e-01  3.10386211e-01  5.18888235e-01  9.76835638e-02
   1.27916038e-01]
 [-1.80673227e-03  4.14770335e-01  3.17860931e-01  1.80058017e-01
   1.43406585e-01]
 [ 5.28505780e-02  3.81479621e-01  4.22176063e-01  1.71483591e-01
   4.77901585e-02]
 [ 1.51788548e-01  4.65785325e-01  3.37993145e-01  4.15759310e-02
   1.22295298e-01]
 [ 4.80498448e-02  4.06394899e-01  3.78326148e-01  1.75473526e-01
   4.42472734e-02]]
[2 2 1 2 3 2 1 1 1 2 1 2 3 1 3 2 2 2 0 2 1 1 1 3 2 3 3 1 3 2 1 1 1 2 2 2 3
 0 3 1 2 1 1 1 2 2 2 3 1 2 2 1 1 0 3 1 2 0 3 1 1 2 3 1 2 1 3 2 2 2 0 1 1 2
 0 2 2 1 0 1 2 2 1 1 2 2 1 3 2 1 2 2 0 3 0 2 2 1 2 1]
[1 1 1 1 1 2 1 1 1 1 1 1 2 1 2 2 1 2 1 2 2 1 1 3 1 2 1 1 1 1 2 1 1 2 2 2 2
 1 1 2 2 2 2 1 1 1 2 2 4 1 2 2 2 1 2 1 1 2 2 2 1 1 1 2 1 1 1 2 1 2 1 1 1 2
 1 1 2 2 1 2 1 1 1 2 2 2 2 2 2 1 2 1 2 1 2 2 1 2 1 1]
4/4 - 2s - loss: 0.1457 - accuracy: 0.4000
Restored model, accuracy: 40.00%
