Requirement already satisfied: tensorflow-gpu==2.6 in /mnt/beegfs/home/agolchub/miniconda3/lib/python3.8/site-packages (2.6.0)
Requirement already satisfied: wrapt~=1.12.1 in /mnt/beegfs/home/agolchub/miniconda3/lib/python3.8/site-packages (from tensorflow-gpu==2.6) (1.12.1)
Requirement already satisfied: tensorboard~=2.6 in /mnt/beegfs/home/agolchub/miniconda3/lib/python3.8/site-packages (from tensorflow-gpu==2.6) (2.7.0)
Requirement already satisfied: typing-extensions~=3.7.4 in /mnt/beegfs/home/agolchub/miniconda3/lib/python3.8/site-packages (from tensorflow-gpu==2.6) (3.7.4.3)
Requirement already satisfied: absl-py~=0.10 in /mnt/beegfs/home/agolchub/miniconda3/lib/python3.8/site-packages (from tensorflow-gpu==2.6) (0.15.0)
Requirement already satisfied: tensorflow-estimator~=2.6 in /mnt/beegfs/home/agolchub/miniconda3/lib/python3.8/site-packages (from tensorflow-gpu==2.6) (2.6.0)
Requirement already satisfied: flatbuffers~=1.12.0 in /mnt/beegfs/home/agolchub/miniconda3/lib/python3.8/site-packages (from tensorflow-gpu==2.6) (1.12)
Requirement already satisfied: six~=1.15.0 in /mnt/beegfs/home/agolchub/miniconda3/lib/python3.8/site-packages (from tensorflow-gpu==2.6) (1.15.0)
Requirement already satisfied: keras~=2.6 in /mnt/beegfs/home/agolchub/miniconda3/lib/python3.8/site-packages (from tensorflow-gpu==2.6) (2.6.0)
Requirement already satisfied: numpy~=1.19.2 in /mnt/beegfs/home/agolchub/miniconda3/lib/python3.8/site-packages (from tensorflow-gpu==2.6) (1.19.5)
Requirement already satisfied: gast==0.4.0 in /mnt/beegfs/home/agolchub/miniconda3/lib/python3.8/site-packages (from tensorflow-gpu==2.6) (0.4.0)
Requirement already satisfied: protobuf>=3.9.2 in /mnt/beegfs/home/agolchub/miniconda3/lib/python3.8/site-packages (from tensorflow-gpu==2.6) (3.19.0)
Requirement already satisfied: wheel~=0.35 in /mnt/beegfs/home/agolchub/miniconda3/lib/python3.8/site-packages (from tensorflow-gpu==2.6) (0.35.1)
Requirement already satisfied: astunparse~=1.6.3 in /mnt/beegfs/home/agolchub/miniconda3/lib/python3.8/site-packages (from tensorflow-gpu==2.6) (1.6.3)
Requirement already satisfied: keras-preprocessing~=1.1.2 in /mnt/beegfs/home/agolchub/miniconda3/lib/python3.8/site-packages (from tensorflow-gpu==2.6) (1.1.2)
Requirement already satisfied: termcolor~=1.1.0 in /mnt/beegfs/home/agolchub/miniconda3/lib/python3.8/site-packages (from tensorflow-gpu==2.6) (1.1.0)
Requirement already satisfied: google-pasta~=0.2 in /mnt/beegfs/home/agolchub/miniconda3/lib/python3.8/site-packages (from tensorflow-gpu==2.6) (0.2.0)
Requirement already satisfied: clang~=5.0 in /mnt/beegfs/home/agolchub/miniconda3/lib/python3.8/site-packages (from tensorflow-gpu==2.6) (5.0)
Requirement already satisfied: h5py~=3.1.0 in /mnt/beegfs/home/agolchub/miniconda3/lib/python3.8/site-packages (from tensorflow-gpu==2.6) (3.1.0)
Requirement already satisfied: opt-einsum~=3.3.0 in /mnt/beegfs/home/agolchub/miniconda3/lib/python3.8/site-packages (from tensorflow-gpu==2.6) (3.3.0)
Requirement already satisfied: grpcio<2.0,>=1.37.0 in /mnt/beegfs/home/agolchub/miniconda3/lib/python3.8/site-packages (from tensorflow-gpu==2.6) (1.41.0)
Requirement already satisfied: setuptools>=41.0.0 in /mnt/beegfs/home/agolchub/miniconda3/lib/python3.8/site-packages (from tensorboard~=2.6->tensorflow-gpu==2.6) (50.3.1.post20201107)
Requirement already satisfied: google-auth<3,>=1.6.3 in /mnt/beegfs/home/agolchub/miniconda3/lib/python3.8/site-packages (from tensorboard~=2.6->tensorflow-gpu==2.6) (2.3.0)
Requirement already satisfied: werkzeug>=0.11.15 in /mnt/beegfs/home/agolchub/miniconda3/lib/python3.8/site-packages (from tensorboard~=2.6->tensorflow-gpu==2.6) (2.0.2)
Requirement already satisfied: tensorboard-plugin-wit>=1.6.0 in /mnt/beegfs/home/agolchub/miniconda3/lib/python3.8/site-packages (from tensorboard~=2.6->tensorflow-gpu==2.6) (1.8.0)
Requirement already satisfied: markdown>=2.6.8 in /mnt/beegfs/home/agolchub/miniconda3/lib/python3.8/site-packages (from tensorboard~=2.6->tensorflow-gpu==2.6) (3.3.4)
Requirement already satisfied: tensorboard-data-server<0.7.0,>=0.6.0 in /mnt/beegfs/home/agolchub/miniconda3/lib/python3.8/site-packages (from tensorboard~=2.6->tensorflow-gpu==2.6) (0.6.1)
Requirement already satisfied: requests<3,>=2.21.0 in /mnt/beegfs/home/agolchub/miniconda3/lib/python3.8/site-packages (from tensorboard~=2.6->tensorflow-gpu==2.6) (2.24.0)
Requirement already satisfied: google-auth-oauthlib<0.5,>=0.4.1 in /mnt/beegfs/home/agolchub/miniconda3/lib/python3.8/site-packages (from tensorboard~=2.6->tensorflow-gpu==2.6) (0.4.6)
Requirement already satisfied: rsa<5,>=3.1.4 in /mnt/beegfs/home/agolchub/miniconda3/lib/python3.8/site-packages (from google-auth<3,>=1.6.3->tensorboard~=2.6->tensorflow-gpu==2.6) (4.7.2)
Requirement already satisfied: cachetools<5.0,>=2.0.0 in /mnt/beegfs/home/agolchub/miniconda3/lib/python3.8/site-packages (from google-auth<3,>=1.6.3->tensorboard~=2.6->tensorflow-gpu==2.6) (4.2.4)
Requirement already satisfied: pyasn1-modules>=0.2.1 in /mnt/beegfs/home/agolchub/miniconda3/lib/python3.8/site-packages (from google-auth<3,>=1.6.3->tensorboard~=2.6->tensorflow-gpu==2.6) (0.2.8)
Requirement already satisfied: urllib3!=1.25.0,!=1.25.1,<1.26,>=1.21.1 in /mnt/beegfs/home/agolchub/miniconda3/lib/python3.8/site-packages (from requests<3,>=2.21.0->tensorboard~=2.6->tensorflow-gpu==2.6) (1.25.11)
Requirement already satisfied: idna<3,>=2.5 in /mnt/beegfs/home/agolchub/miniconda3/lib/python3.8/site-packages (from requests<3,>=2.21.0->tensorboard~=2.6->tensorflow-gpu==2.6) (2.10)
Requirement already satisfied: chardet<4,>=3.0.2 in /mnt/beegfs/home/agolchub/miniconda3/lib/python3.8/site-packages (from requests<3,>=2.21.0->tensorboard~=2.6->tensorflow-gpu==2.6) (3.0.4)
Requirement already satisfied: certifi>=2017.4.17 in /mnt/beegfs/home/agolchub/miniconda3/lib/python3.8/site-packages (from requests<3,>=2.21.0->tensorboard~=2.6->tensorflow-gpu==2.6) (2020.6.20)
Requirement already satisfied: requests-oauthlib>=0.7.0 in /mnt/beegfs/home/agolchub/miniconda3/lib/python3.8/site-packages (from google-auth-oauthlib<0.5,>=0.4.1->tensorboard~=2.6->tensorflow-gpu==2.6) (1.3.0)
Requirement already satisfied: pyasn1>=0.1.3 in /mnt/beegfs/home/agolchub/miniconda3/lib/python3.8/site-packages (from rsa<5,>=3.1.4->google-auth<3,>=1.6.3->tensorboard~=2.6->tensorflow-gpu==2.6) (0.4.8)
Requirement already satisfied: oauthlib>=3.0.0 in /mnt/beegfs/home/agolchub/miniconda3/lib/python3.8/site-packages (from requests-oauthlib>=0.7.0->google-auth-oauthlib<0.5,>=0.4.1->tensorboard~=2.6->tensorflow-gpu==2.6) (3.1.1)
Requirement already satisfied: scikit-learn in /mnt/beegfs/home/agolchub/miniconda3/lib/python3.8/site-packages (1.0)
Requirement already satisfied: threadpoolctl>=2.0.0 in /mnt/beegfs/home/agolchub/miniconda3/lib/python3.8/site-packages (from scikit-learn) (3.0.0)
Requirement already satisfied: joblib>=0.11 in /mnt/beegfs/home/agolchub/miniconda3/lib/python3.8/site-packages (from scikit-learn) (1.1.0)
Requirement already satisfied: numpy>=1.14.6 in /mnt/beegfs/home/agolchub/miniconda3/lib/python3.8/site-packages (from scikit-learn) (1.19.5)
Requirement already satisfied: scipy>=1.1.0 in /mnt/beegfs/home/agolchub/miniconda3/lib/python3.8/site-packages (from scikit-learn) (1.7.1)
Requirement already satisfied: scikit-image in /mnt/beegfs/home/agolchub/miniconda3/lib/python3.8/site-packages (0.18.3)
Requirement already satisfied: networkx>=2.0 in /mnt/beegfs/home/agolchub/miniconda3/lib/python3.8/site-packages (from scikit-image) (2.6.3)
Requirement already satisfied: imageio>=2.3.0 in /mnt/beegfs/home/agolchub/miniconda3/lib/python3.8/site-packages (from scikit-image) (2.9.0)
Requirement already satisfied: numpy>=1.16.5 in /mnt/beegfs/home/agolchub/miniconda3/lib/python3.8/site-packages (from scikit-image) (1.19.5)
Requirement already satisfied: PyWavelets>=1.1.1 in /mnt/beegfs/home/agolchub/miniconda3/lib/python3.8/site-packages (from scikit-image) (1.1.1)
Requirement already satisfied: tifffile>=2019.7.26 in /mnt/beegfs/home/agolchub/miniconda3/lib/python3.8/site-packages (from scikit-image) (2021.10.12)
Requirement already satisfied: matplotlib!=3.0.0,>=2.0.0 in /mnt/beegfs/home/agolchub/miniconda3/lib/python3.8/site-packages (from scikit-image) (3.4.3)
Requirement already satisfied: scipy>=1.0.1 in /mnt/beegfs/home/agolchub/miniconda3/lib/python3.8/site-packages (from scikit-image) (1.7.1)
Requirement already satisfied: pillow!=7.1.0,!=7.1.1,>=4.3.0 in /mnt/beegfs/home/agolchub/miniconda3/lib/python3.8/site-packages (from scikit-image) (8.4.0)
Requirement already satisfied: kiwisolver>=1.0.1 in /mnt/beegfs/home/agolchub/miniconda3/lib/python3.8/site-packages (from matplotlib!=3.0.0,>=2.0.0->scikit-image) (1.3.2)
Requirement already satisfied: python-dateutil>=2.7 in /mnt/beegfs/home/agolchub/miniconda3/lib/python3.8/site-packages (from matplotlib!=3.0.0,>=2.0.0->scikit-image) (2.8.2)
Requirement already satisfied: cycler>=0.10 in /mnt/beegfs/home/agolchub/miniconda3/lib/python3.8/site-packages (from matplotlib!=3.0.0,>=2.0.0->scikit-image) (0.10.0)
Requirement already satisfied: pyparsing>=2.2.1 in /mnt/beegfs/home/agolchub/miniconda3/lib/python3.8/site-packages (from matplotlib!=3.0.0,>=2.0.0->scikit-image) (2.4.7)
Requirement already satisfied: six>=1.5 in /mnt/beegfs/home/agolchub/miniconda3/lib/python3.8/site-packages (from python-dateutil>=2.7->matplotlib!=3.0.0,>=2.0.0->scikit-image) (1.15.0)
2021-10-22 18:03:14.442549: W tensorflow/stream_executor/platform/default/dso_loader.cc:64] Could not load dynamic library 'libcudart.so.11.0'; dlerror: libcudart.so.11.0: cannot open shared object file: No such file or directory; LD_LIBRARY_PATH: /opt/ohpc/pub/mpi/openmpi3-gnu8/3.1.4/lib:/opt/ohpc/pub/compiler/gcc/8.3.0/lib64
2021-10-22 18:03:14.442588: I tensorflow/stream_executor/cuda/cudart_stub.cc:29] Ignore above cudart dlerror if you do not have a GPU set up on your machine.
2021-10-22 18:03:27.542569: E tensorflow/stream_executor/cuda/cuda_driver.cc:271] failed call to cuInit: CUDA_ERROR_NO_DEVICE: no CUDA-capable device is detected
2021-10-22 18:03:27.542634: I tensorflow/stream_executor/cuda/cuda_diagnostics.cc:156] kernel driver does not appear to be running on this host (node054.hpc.fau.edu): /proc/driver/nvidia/version does not exist
2021-10-22 18:03:27.543228: I tensorflow/core/platform/cpu_feature_guard.cc:142] This TensorFlow binary is optimized with oneAPI Deep Neural Network Library (oneDNN) to use the following CPU instructions in performance-critical operations:  AVX2 FMA
To enable them in other operations, rebuild TensorFlow with the appropriate compiler flags.
Input file is " 
Output file is " resnet.model
Image path is " 
--------------------


flatten  re-initilized
initializing kernel weights
dense_10  could not be re-initilized (<class 'AttributeError'>, AttributeError("'NoneType' object has no attribute 'run'"), <traceback object at 0x7f9b3efebd40>)
dropout  re-initilized
initializing kernel weights
dense_11  could not be re-initilized (<class 'AttributeError'>, AttributeError("'NoneType' object has no attribute 'run'"), <traceback object at 0x7f9b3efebd40>)
dropout_1  re-initilized
initializing kernel weights
dense_12  could not be re-initilized (<class 'AttributeError'>, AttributeError("'NoneType' object has no attribute 'run'"), <traceback object at 0x7f9b3efebd40>)
Model: "model"
__________________________________________________________________________________________________
Layer (type)                    Output Shape         Param #     Connected to                     
==================================================================================================
input_1 (InputLayer)            [(None, 224, 224, 3) 0                                            
__________________________________________________________________________________________________
conv1_pad (ZeroPadding2D)       (None, 230, 230, 3)  0           input_1[0][0]                    
__________________________________________________________________________________________________
conv1_conv (Conv2D)             (None, 112, 112, 64) 9472        conv1_pad[0][0]                  
__________________________________________________________________________________________________
conv1_bn (BatchNormalization)   (None, 112, 112, 64) 256         conv1_conv[0][0]                 
__________________________________________________________________________________________________
conv1_relu (Activation)         (None, 112, 112, 64) 0           conv1_bn[0][0]                   
__________________________________________________________________________________________________
pool1_pad (ZeroPadding2D)       (None, 114, 114, 64) 0           conv1_relu[0][0]                 
__________________________________________________________________________________________________
pool1_pool (MaxPooling2D)       (None, 56, 56, 64)   0           pool1_pad[0][0]                  
__________________________________________________________________________________________________
conv2_block1_1_conv (Conv2D)    (None, 56, 56, 64)   4160        pool1_pool[0][0]                 
__________________________________________________________________________________________________
conv2_block1_1_bn (BatchNormali (None, 56, 56, 64)   256         conv2_block1_1_conv[0][0]        
__________________________________________________________________________________________________
conv2_block1_1_relu (Activation (None, 56, 56, 64)   0           conv2_block1_1_bn[0][0]          
__________________________________________________________________________________________________
conv2_block1_2_conv (Conv2D)    (None, 56, 56, 64)   36928       conv2_block1_1_relu[0][0]        
__________________________________________________________________________________________________
conv2_block1_2_bn (BatchNormali (None, 56, 56, 64)   256         conv2_block1_2_conv[0][0]        
__________________________________________________________________________________________________
conv2_block1_2_relu (Activation (None, 56, 56, 64)   0           conv2_block1_2_bn[0][0]          
__________________________________________________________________________________________________
conv2_block1_0_conv (Conv2D)    (None, 56, 56, 256)  16640       pool1_pool[0][0]                 
__________________________________________________________________________________________________
conv2_block1_3_conv (Conv2D)    (None, 56, 56, 256)  16640       conv2_block1_2_relu[0][0]        
__________________________________________________________________________________________________
conv2_block1_0_bn (BatchNormali (None, 56, 56, 256)  1024        conv2_block1_0_conv[0][0]        
__________________________________________________________________________________________________
conv2_block1_3_bn (BatchNormali (None, 56, 56, 256)  1024        conv2_block1_3_conv[0][0]        
__________________________________________________________________________________________________
conv2_block1_add (Add)          (None, 56, 56, 256)  0           conv2_block1_0_bn[0][0]          
                                                                 conv2_block1_3_bn[0][0]          
__________________________________________________________________________________________________
conv2_block1_out (Activation)   (None, 56, 56, 256)  0           conv2_block1_add[0][0]           
__________________________________________________________________________________________________
conv2_block2_1_conv (Conv2D)    (None, 56, 56, 64)   16448       conv2_block1_out[0][0]           
__________________________________________________________________________________________________
conv2_block2_1_bn (BatchNormali (None, 56, 56, 64)   256         conv2_block2_1_conv[0][0]        
__________________________________________________________________________________________________
conv2_block2_1_relu (Activation (None, 56, 56, 64)   0           conv2_block2_1_bn[0][0]          
__________________________________________________________________________________________________
conv2_block2_2_conv (Conv2D)    (None, 56, 56, 64)   36928       conv2_block2_1_relu[0][0]        
__________________________________________________________________________________________________
conv2_block2_2_bn (BatchNormali (None, 56, 56, 64)   256         conv2_block2_2_conv[0][0]        
__________________________________________________________________________________________________
conv2_block2_2_relu (Activation (None, 56, 56, 64)   0           conv2_block2_2_bn[0][0]          
__________________________________________________________________________________________________
conv2_block2_3_conv (Conv2D)    (None, 56, 56, 256)  16640       conv2_block2_2_relu[0][0]        
__________________________________________________________________________________________________
conv2_block2_3_bn (BatchNormali (None, 56, 56, 256)  1024        conv2_block2_3_conv[0][0]        
__________________________________________________________________________________________________
conv2_block2_add (Add)          (None, 56, 56, 256)  0           conv2_block1_out[0][0]           
                                                                 conv2_block2_3_bn[0][0]          
__________________________________________________________________________________________________
conv2_block2_out (Activation)   (None, 56, 56, 256)  0           conv2_block2_add[0][0]           
__________________________________________________________________________________________________
conv2_block3_1_conv (Conv2D)    (None, 56, 56, 64)   16448       conv2_block2_out[0][0]           
__________________________________________________________________________________________________
conv2_block3_1_bn (BatchNormali (None, 56, 56, 64)   256         conv2_block3_1_conv[0][0]        
__________________________________________________________________________________________________
conv2_block3_1_relu (Activation (None, 56, 56, 64)   0           conv2_block3_1_bn[0][0]          
__________________________________________________________________________________________________
conv2_block3_2_conv (Conv2D)    (None, 56, 56, 64)   36928       conv2_block3_1_relu[0][0]        
__________________________________________________________________________________________________
conv2_block3_2_bn (BatchNormali (None, 56, 56, 64)   256         conv2_block3_2_conv[0][0]        
__________________________________________________________________________________________________
conv2_block3_2_relu (Activation (None, 56, 56, 64)   0           conv2_block3_2_bn[0][0]          
__________________________________________________________________________________________________
conv2_block3_3_conv (Conv2D)    (None, 56, 56, 256)  16640       conv2_block3_2_relu[0][0]        
__________________________________________________________________________________________________
conv2_block3_3_bn (BatchNormali (None, 56, 56, 256)  1024        conv2_block3_3_conv[0][0]        
__________________________________________________________________________________________________
conv2_block3_add (Add)          (None, 56, 56, 256)  0           conv2_block2_out[0][0]           
                                                                 conv2_block3_3_bn[0][0]          
__________________________________________________________________________________________________
conv2_block3_out (Activation)   (None, 56, 56, 256)  0           conv2_block3_add[0][0]           
__________________________________________________________________________________________________
conv3_block1_1_conv (Conv2D)    (None, 28, 28, 128)  32896       conv2_block3_out[0][0]           
__________________________________________________________________________________________________
conv3_block1_1_bn (BatchNormali (None, 28, 28, 128)  512         conv3_block1_1_conv[0][0]        
__________________________________________________________________________________________________
conv3_block1_1_relu (Activation (None, 28, 28, 128)  0           conv3_block1_1_bn[0][0]          
__________________________________________________________________________________________________
conv3_block1_2_conv (Conv2D)    (None, 28, 28, 128)  147584      conv3_block1_1_relu[0][0]        
__________________________________________________________________________________________________
conv3_block1_2_bn (BatchNormali (None, 28, 28, 128)  512         conv3_block1_2_conv[0][0]        
__________________________________________________________________________________________________
conv3_block1_2_relu (Activation (None, 28, 28, 128)  0           conv3_block1_2_bn[0][0]          
__________________________________________________________________________________________________
conv3_block1_0_conv (Conv2D)    (None, 28, 28, 512)  131584      conv2_block3_out[0][0]           
__________________________________________________________________________________________________
conv3_block1_3_conv (Conv2D)    (None, 28, 28, 512)  66048       conv3_block1_2_relu[0][0]        
__________________________________________________________________________________________________
conv3_block1_0_bn (BatchNormali (None, 28, 28, 512)  2048        conv3_block1_0_conv[0][0]        
__________________________________________________________________________________________________
conv3_block1_3_bn (BatchNormali (None, 28, 28, 512)  2048        conv3_block1_3_conv[0][0]        
__________________________________________________________________________________________________
conv3_block1_add (Add)          (None, 28, 28, 512)  0           conv3_block1_0_bn[0][0]          
                                                                 conv3_block1_3_bn[0][0]          
__________________________________________________________________________________________________
conv3_block1_out (Activation)   (None, 28, 28, 512)  0           conv3_block1_add[0][0]           
__________________________________________________________________________________________________
conv3_block2_1_conv (Conv2D)    (None, 28, 28, 128)  65664       conv3_block1_out[0][0]           
__________________________________________________________________________________________________
conv3_block2_1_bn (BatchNormali (None, 28, 28, 128)  512         conv3_block2_1_conv[0][0]        
__________________________________________________________________________________________________
conv3_block2_1_relu (Activation (None, 28, 28, 128)  0           conv3_block2_1_bn[0][0]          
__________________________________________________________________________________________________
conv3_block2_2_conv (Conv2D)    (None, 28, 28, 128)  147584      conv3_block2_1_relu[0][0]        
__________________________________________________________________________________________________
conv3_block2_2_bn (BatchNormali (None, 28, 28, 128)  512         conv3_block2_2_conv[0][0]        
__________________________________________________________________________________________________
conv3_block2_2_relu (Activation (None, 28, 28, 128)  0           conv3_block2_2_bn[0][0]          
__________________________________________________________________________________________________
conv3_block2_3_conv (Conv2D)    (None, 28, 28, 512)  66048       conv3_block2_2_relu[0][0]        
__________________________________________________________________________________________________
conv3_block2_3_bn (BatchNormali (None, 28, 28, 512)  2048        conv3_block2_3_conv[0][0]        
__________________________________________________________________________________________________
conv3_block2_add (Add)          (None, 28, 28, 512)  0           conv3_block1_out[0][0]           
                                                                 conv3_block2_3_bn[0][0]          
__________________________________________________________________________________________________
conv3_block2_out (Activation)   (None, 28, 28, 512)  0           conv3_block2_add[0][0]           
__________________________________________________________________________________________________
conv3_block3_1_conv (Conv2D)    (None, 28, 28, 128)  65664       conv3_block2_out[0][0]           
__________________________________________________________________________________________________
conv3_block3_1_bn (BatchNormali (None, 28, 28, 128)  512         conv3_block3_1_conv[0][0]        
__________________________________________________________________________________________________
conv3_block3_1_relu (Activation (None, 28, 28, 128)  0           conv3_block3_1_bn[0][0]          
__________________________________________________________________________________________________
conv3_block3_2_conv (Conv2D)    (None, 28, 28, 128)  147584      conv3_block3_1_relu[0][0]        
__________________________________________________________________________________________________
conv3_block3_2_bn (BatchNormali (None, 28, 28, 128)  512         conv3_block3_2_conv[0][0]        
__________________________________________________________________________________________________
conv3_block3_2_relu (Activation (None, 28, 28, 128)  0           conv3_block3_2_bn[0][0]          
__________________________________________________________________________________________________
conv3_block3_3_conv (Conv2D)    (None, 28, 28, 512)  66048       conv3_block3_2_relu[0][0]        
__________________________________________________________________________________________________
conv3_block3_3_bn (BatchNormali (None, 28, 28, 512)  2048        conv3_block3_3_conv[0][0]        
__________________________________________________________________________________________________
conv3_block3_add (Add)          (None, 28, 28, 512)  0           conv3_block2_out[0][0]           
                                                                 conv3_block3_3_bn[0][0]          
__________________________________________________________________________________________________
conv3_block3_out (Activation)   (None, 28, 28, 512)  0           conv3_block3_add[0][0]           
__________________________________________________________________________________________________
conv3_block4_1_conv (Conv2D)    (None, 28, 28, 128)  65664       conv3_block3_out[0][0]           
__________________________________________________________________________________________________
conv3_block4_1_bn (BatchNormali (None, 28, 28, 128)  512         conv3_block4_1_conv[0][0]        
__________________________________________________________________________________________________
conv3_block4_1_relu (Activation (None, 28, 28, 128)  0           conv3_block4_1_bn[0][0]          
__________________________________________________________________________________________________
conv3_block4_2_conv (Conv2D)    (None, 28, 28, 128)  147584      conv3_block4_1_relu[0][0]        
__________________________________________________________________________________________________
conv3_block4_2_bn (BatchNormali (None, 28, 28, 128)  512         conv3_block4_2_conv[0][0]        
__________________________________________________________________________________________________
conv3_block4_2_relu (Activation (None, 28, 28, 128)  0           conv3_block4_2_bn[0][0]          
__________________________________________________________________________________________________
conv3_block4_3_conv (Conv2D)    (None, 28, 28, 512)  66048       conv3_block4_2_relu[0][0]        
__________________________________________________________________________________________________
conv3_block4_3_bn (BatchNormali (None, 28, 28, 512)  2048        conv3_block4_3_conv[0][0]        
__________________________________________________________________________________________________
conv3_block4_add (Add)          (None, 28, 28, 512)  0           conv3_block3_out[0][0]           
                                                                 conv3_block4_3_bn[0][0]          
__________________________________________________________________________________________________
conv3_block4_out (Activation)   (None, 28, 28, 512)  0           conv3_block4_add[0][0]           
__________________________________________________________________________________________________
conv4_block1_1_conv (Conv2D)    (None, 14, 14, 256)  131328      conv3_block4_out[0][0]           
__________________________________________________________________________________________________
conv4_block1_1_bn (BatchNormali (None, 14, 14, 256)  1024        conv4_block1_1_conv[0][0]        
__________________________________________________________________________________________________
conv4_block1_1_relu (Activation (None, 14, 14, 256)  0           conv4_block1_1_bn[0][0]          
__________________________________________________________________________________________________
conv4_block1_2_conv (Conv2D)    (None, 14, 14, 256)  590080      conv4_block1_1_relu[0][0]        
__________________________________________________________________________________________________
conv4_block1_2_bn (BatchNormali (None, 14, 14, 256)  1024        conv4_block1_2_conv[0][0]        
__________________________________________________________________________________________________
conv4_block1_2_relu (Activation (None, 14, 14, 256)  0           conv4_block1_2_bn[0][0]          
__________________________________________________________________________________________________
conv4_block1_0_conv (Conv2D)    (None, 14, 14, 1024) 525312      conv3_block4_out[0][0]           
__________________________________________________________________________________________________
conv4_block1_3_conv (Conv2D)    (None, 14, 14, 1024) 263168      conv4_block1_2_relu[0][0]        
__________________________________________________________________________________________________
conv4_block1_0_bn (BatchNormali (None, 14, 14, 1024) 4096        conv4_block1_0_conv[0][0]        
__________________________________________________________________________________________________
conv4_block1_3_bn (BatchNormali (None, 14, 14, 1024) 4096        conv4_block1_3_conv[0][0]        
__________________________________________________________________________________________________
conv4_block1_add (Add)          (None, 14, 14, 1024) 0           conv4_block1_0_bn[0][0]          
                                                                 conv4_block1_3_bn[0][0]          
__________________________________________________________________________________________________
conv4_block1_out (Activation)   (None, 14, 14, 1024) 0           conv4_block1_add[0][0]           
__________________________________________________________________________________________________
conv4_block2_1_conv (Conv2D)    (None, 14, 14, 256)  262400      conv4_block1_out[0][0]           
__________________________________________________________________________________________________
conv4_block2_1_bn (BatchNormali (None, 14, 14, 256)  1024        conv4_block2_1_conv[0][0]        
__________________________________________________________________________________________________
conv4_block2_1_relu (Activation (None, 14, 14, 256)  0           conv4_block2_1_bn[0][0]          
__________________________________________________________________________________________________
conv4_block2_2_conv (Conv2D)    (None, 14, 14, 256)  590080      conv4_block2_1_relu[0][0]        
__________________________________________________________________________________________________
conv4_block2_2_bn (BatchNormali (None, 14, 14, 256)  1024        conv4_block2_2_conv[0][0]        
__________________________________________________________________________________________________
conv4_block2_2_relu (Activation (None, 14, 14, 256)  0           conv4_block2_2_bn[0][0]          
__________________________________________________________________________________________________
conv4_block2_3_conv (Conv2D)    (None, 14, 14, 1024) 263168      conv4_block2_2_relu[0][0]        
__________________________________________________________________________________________________
conv4_block2_3_bn (BatchNormali (None, 14, 14, 1024) 4096        conv4_block2_3_conv[0][0]        
__________________________________________________________________________________________________
conv4_block2_add (Add)          (None, 14, 14, 1024) 0           conv4_block1_out[0][0]           
                                                                 conv4_block2_3_bn[0][0]          
__________________________________________________________________________________________________
conv4_block2_out (Activation)   (None, 14, 14, 1024) 0           conv4_block2_add[0][0]           
__________________________________________________________________________________________________
conv4_block3_1_conv (Conv2D)    (None, 14, 14, 256)  262400      conv4_block2_out[0][0]           
__________________________________________________________________________________________________
conv4_block3_1_bn (BatchNormali (None, 14, 14, 256)  1024        conv4_block3_1_conv[0][0]        
__________________________________________________________________________________________________
conv4_block3_1_relu (Activation (None, 14, 14, 256)  0           conv4_block3_1_bn[0][0]          
__________________________________________________________________________________________________
conv4_block3_2_conv (Conv2D)    (None, 14, 14, 256)  590080      conv4_block3_1_relu[0][0]        
__________________________________________________________________________________________________
conv4_block3_2_bn (BatchNormali (None, 14, 14, 256)  1024        conv4_block3_2_conv[0][0]        
__________________________________________________________________________________________________
conv4_block3_2_relu (Activation (None, 14, 14, 256)  0           conv4_block3_2_bn[0][0]          
__________________________________________________________________________________________________
conv4_block3_3_conv (Conv2D)    (None, 14, 14, 1024) 263168      conv4_block3_2_relu[0][0]        
__________________________________________________________________________________________________
conv4_block3_3_bn (BatchNormali (None, 14, 14, 1024) 4096        conv4_block3_3_conv[0][0]        
__________________________________________________________________________________________________
conv4_block3_add (Add)          (None, 14, 14, 1024) 0           conv4_block2_out[0][0]           
                                                                 conv4_block3_3_bn[0][0]          
__________________________________________________________________________________________________
conv4_block3_out (Activation)   (None, 14, 14, 1024) 0           conv4_block3_add[0][0]           
__________________________________________________________________________________________________
conv4_block4_1_conv (Conv2D)    (None, 14, 14, 256)  262400      conv4_block3_out[0][0]           
__________________________________________________________________________________________________
conv4_block4_1_bn (BatchNormali (None, 14, 14, 256)  1024        conv4_block4_1_conv[0][0]        
__________________________________________________________________________________________________
conv4_block4_1_relu (Activation (None, 14, 14, 256)  0           conv4_block4_1_bn[0][0]          
__________________________________________________________________________________________________
conv4_block4_2_conv (Conv2D)    (None, 14, 14, 256)  590080      conv4_block4_1_relu[0][0]        
__________________________________________________________________________________________________
conv4_block4_2_bn (BatchNormali (None, 14, 14, 256)  1024        conv4_block4_2_conv[0][0]        
__________________________________________________________________________________________________
conv4_block4_2_relu (Activation (None, 14, 14, 256)  0           conv4_block4_2_bn[0][0]          
__________________________________________________________________________________________________
conv4_block4_3_conv (Conv2D)    (None, 14, 14, 1024) 263168      conv4_block4_2_relu[0][0]        
__________________________________________________________________________________________________
conv4_block4_3_bn (BatchNormali (None, 14, 14, 1024) 4096        conv4_block4_3_conv[0][0]        
__________________________________________________________________________________________________
conv4_block4_add (Add)          (None, 14, 14, 1024) 0           conv4_block3_out[0][0]           
                                                                 conv4_block4_3_bn[0][0]          
__________________________________________________________________________________________________
conv4_block4_out (Activation)   (None, 14, 14, 1024) 0           conv4_block4_add[0][0]           
__________________________________________________________________________________________________
conv4_block5_1_conv (Conv2D)    (None, 14, 14, 256)  262400      conv4_block4_out[0][0]           
__________________________________________________________________________________________________
conv4_block5_1_bn (BatchNormali (None, 14, 14, 256)  1024        conv4_block5_1_conv[0][0]        
__________________________________________________________________________________________________
conv4_block5_1_relu (Activation (None, 14, 14, 256)  0           conv4_block5_1_bn[0][0]          
__________________________________________________________________________________________________
conv4_block5_2_conv (Conv2D)    (None, 14, 14, 256)  590080      conv4_block5_1_relu[0][0]        
__________________________________________________________________________________________________
conv4_block5_2_bn (BatchNormali (None, 14, 14, 256)  1024        conv4_block5_2_conv[0][0]        
__________________________________________________________________________________________________
conv4_block5_2_relu (Activation (None, 14, 14, 256)  0           conv4_block5_2_bn[0][0]          
__________________________________________________________________________________________________
conv4_block5_3_conv (Conv2D)    (None, 14, 14, 1024) 263168      conv4_block5_2_relu[0][0]        
__________________________________________________________________________________________________
conv4_block5_3_bn (BatchNormali (None, 14, 14, 1024) 4096        conv4_block5_3_conv[0][0]        
__________________________________________________________________________________________________
conv4_block5_add (Add)          (None, 14, 14, 1024) 0           conv4_block4_out[0][0]           
                                                                 conv4_block5_3_bn[0][0]          
__________________________________________________________________________________________________
conv4_block5_out (Activation)   (None, 14, 14, 1024) 0           conv4_block5_add[0][0]           
__________________________________________________________________________________________________
conv4_block6_1_conv (Conv2D)    (None, 14, 14, 256)  262400      conv4_block5_out[0][0]           
__________________________________________________________________________________________________
conv4_block6_1_bn (BatchNormali (None, 14, 14, 256)  1024        conv4_block6_1_conv[0][0]        
__________________________________________________________________________________________________
conv4_block6_1_relu (Activation (None, 14, 14, 256)  0           conv4_block6_1_bn[0][0]          
__________________________________________________________________________________________________
conv4_block6_2_conv (Conv2D)    (None, 14, 14, 256)  590080      conv4_block6_1_relu[0][0]        
__________________________________________________________________________________________________
conv4_block6_2_bn (BatchNormali (None, 14, 14, 256)  1024        conv4_block6_2_conv[0][0]        
__________________________________________________________________________________________________
conv4_block6_2_relu (Activation (None, 14, 14, 256)  0           conv4_block6_2_bn[0][0]          
__________________________________________________________________________________________________
conv4_block6_3_conv (Conv2D)    (None, 14, 14, 1024) 263168      conv4_block6_2_relu[0][0]        
__________________________________________________________________________________________________
conv4_block6_3_bn (BatchNormali (None, 14, 14, 1024) 4096        conv4_block6_3_conv[0][0]        
__________________________________________________________________________________________________
conv4_block6_add (Add)          (None, 14, 14, 1024) 0           conv4_block5_out[0][0]           
                                                                 conv4_block6_3_bn[0][0]          
__________________________________________________________________________________________________
conv4_block6_out (Activation)   (None, 14, 14, 1024) 0           conv4_block6_add[0][0]           
__________________________________________________________________________________________________
conv5_block1_1_conv (Conv2D)    (None, 7, 7, 512)    524800      conv4_block6_out[0][0]           
__________________________________________________________________________________________________
conv5_block1_1_bn (BatchNormali (None, 7, 7, 512)    2048        conv5_block1_1_conv[0][0]        
__________________________________________________________________________________________________
conv5_block1_1_relu (Activation (None, 7, 7, 512)    0           conv5_block1_1_bn[0][0]          
__________________________________________________________________________________________________
conv5_block1_2_conv (Conv2D)    (None, 7, 7, 512)    2359808     conv5_block1_1_relu[0][0]        
__________________________________________________________________________________________________
conv5_block1_2_bn (BatchNormali (None, 7, 7, 512)    2048        conv5_block1_2_conv[0][0]        
__________________________________________________________________________________________________
conv5_block1_2_relu (Activation (None, 7, 7, 512)    0           conv5_block1_2_bn[0][0]          
__________________________________________________________________________________________________
conv5_block1_0_conv (Conv2D)    (None, 7, 7, 2048)   2099200     conv4_block6_out[0][0]           
__________________________________________________________________________________________________
conv5_block1_3_conv (Conv2D)    (None, 7, 7, 2048)   1050624     conv5_block1_2_relu[0][0]        
__________________________________________________________________________________________________
conv5_block1_0_bn (BatchNormali (None, 7, 7, 2048)   8192        conv5_block1_0_conv[0][0]        
__________________________________________________________________________________________________
conv5_block1_3_bn (BatchNormali (None, 7, 7, 2048)   8192        conv5_block1_3_conv[0][0]        
__________________________________________________________________________________________________
conv5_block1_add (Add)          (None, 7, 7, 2048)   0           conv5_block1_0_bn[0][0]          
                                                                 conv5_block1_3_bn[0][0]          
__________________________________________________________________________________________________
conv5_block1_out (Activation)   (None, 7, 7, 2048)   0           conv5_block1_add[0][0]           
__________________________________________________________________________________________________
conv5_block2_1_conv (Conv2D)    (None, 7, 7, 512)    1049088     conv5_block1_out[0][0]           
__________________________________________________________________________________________________
conv5_block2_1_bn (BatchNormali (None, 7, 7, 512)    2048        conv5_block2_1_conv[0][0]        
__________________________________________________________________________________________________
conv5_block2_1_relu (Activation (None, 7, 7, 512)    0           conv5_block2_1_bn[0][0]          
__________________________________________________________________________________________________
conv5_block2_2_conv (Conv2D)    (None, 7, 7, 512)    2359808     conv5_block2_1_relu[0][0]        
__________________________________________________________________________________________________
conv5_block2_2_bn (BatchNormali (None, 7, 7, 512)    2048        conv5_block2_2_conv[0][0]        
__________________________________________________________________________________________________
conv5_block2_2_relu (Activation (None, 7, 7, 512)    0           conv5_block2_2_bn[0][0]          
__________________________________________________________________________________________________
conv5_block2_3_conv (Conv2D)    (None, 7, 7, 2048)   1050624     conv5_block2_2_relu[0][0]        
__________________________________________________________________________________________________
conv5_block2_3_bn (BatchNormali (None, 7, 7, 2048)   8192        conv5_block2_3_conv[0][0]        
__________________________________________________________________________________________________
conv5_block2_add (Add)          (None, 7, 7, 2048)   0           conv5_block1_out[0][0]           
                                                                 conv5_block2_3_bn[0][0]          
__________________________________________________________________________________________________
conv5_block2_out (Activation)   (None, 7, 7, 2048)   0           conv5_block2_add[0][0]           
__________________________________________________________________________________________________
conv5_block3_1_conv (Conv2D)    (None, 7, 7, 512)    1049088     conv5_block2_out[0][0]           
__________________________________________________________________________________________________
conv5_block3_1_bn (BatchNormali (None, 7, 7, 512)    2048        conv5_block3_1_conv[0][0]        
__________________________________________________________________________________________________
conv5_block3_1_relu (Activation (None, 7, 7, 512)    0           conv5_block3_1_bn[0][0]          
__________________________________________________________________________________________________
conv5_block3_2_conv (Conv2D)    (None, 7, 7, 512)    2359808     conv5_block3_1_relu[0][0]        
__________________________________________________________________________________________________
conv5_block3_2_bn (BatchNormali (None, 7, 7, 512)    2048        conv5_block3_2_conv[0][0]        
__________________________________________________________________________________________________
conv5_block3_2_relu (Activation (None, 7, 7, 512)    0           conv5_block3_2_bn[0][0]          
__________________________________________________________________________________________________
conv5_block3_3_conv (Conv2D)    (None, 7, 7, 2048)   1050624     conv5_block3_2_relu[0][0]        
__________________________________________________________________________________________________
conv5_block3_3_bn (BatchNormali (None, 7, 7, 2048)   8192        conv5_block3_3_conv[0][0]        
__________________________________________________________________________________________________
conv5_block3_add (Add)          (None, 7, 7, 2048)   0           conv5_block2_out[0][0]           
                                                                 conv5_block3_3_bn[0][0]          
__________________________________________________________________________________________________
conv5_block3_out (Activation)   (None, 7, 7, 2048)   0           conv5_block3_add[0][0]           
__________________________________________________________________________________________________
flatten (Flatten)               (None, 100352)       0           conv5_block3_out[0][0]           
__________________________________________________________________________________________________
dense_10 (Dense)                (None, 256)          25690368    flatten[0][0]                    
__________________________________________________________________________________________________
dropout (Dropout)               (None, 256)          0           dense_10[0][0]                   
__________________________________________________________________________________________________
dense_11 (Dense)                (None, 128)          32896       dropout[0][0]                    
__________________________________________________________________________________________________
dropout_1 (Dropout)             (None, 128)          0           dense_11[0][0]                   
__________________________________________________________________________________________________
dense_12 (Dense)                (None, 1)            129         dropout_1[0][0]                  
==================================================================================================
Total params: 49,311,105
Trainable params: 25,723,393
Non-trainable params: 23,587,712
__________________________________________________________________________________________________
None
importing images....
0 - Reading ./databaserelease2/NatureDataset/train/1-waters180.jpg
1 - Reading ./databaserelease2/NatureDataset/train/1-waters180.jpg
2 - Reading ./databaserelease2/NatureDataset/train/1-waters180.jpg
3 - Reading ./databaserelease2/NatureDataset/train/1-waters180.jpg
4 - Reading ./databaserelease2/NatureDataset/train/1-waters180.jpg
5 - Reading ./databaserelease2/NatureDataset/train/1-waters180.jpg
6 - Reading ./databaserelease2/NatureDataset/train/1-waters180.jpg
7 - Reading ./databaserelease2/NatureDataset/train/1-waters180.jpg
8 - Reading ./databaserelease2/NatureDataset/train/1-waters180.jpg
9 - Reading ./databaserelease2/NatureDataset/train/1-waters180.jpg
10 - Reading ./databaserelease2/NatureDataset/train/1-waters180.jpg
11 - Reading ./databaserelease2/NatureDataset/train/1-waters180.jpg
12 - Reading ./databaserelease2/NatureDataset/train/1-waters180.jpg
13 - Reading ./databaserelease2/NatureDataset/train/1-waters180.jpg
14 - Reading ./databaserelease2/NatureDataset/train/1-waters180.jpg
15 - Reading ./databaserelease2/NatureDataset/train/1-waters180.jpg
16 - Reading ./databaserelease2/NatureDataset/train/1-waters180.jpg
17 - Reading ./databaserelease2/NatureDataset/train/1-waters180.jpg
18 - Reading ./databaserelease2/NatureDataset/train/1-waters180.jpg
19 - Reading ./databaserelease2/NatureDataset/train/1-waters180.jpg
20 - Reading ./databaserelease2/NatureDataset/train/1-waters180.jpg
21 - Reading ./databaserelease2/NatureDataset/train/1-waters180.jpg
22 - Reading ./databaserelease2/NatureDataset/train/1-waters180.jpg
23 - Reading ./databaserelease2/NatureDataset/train/1-waters180.jpg
24 - Reading ./databaserelease2/NatureDataset/train/1-waters180.jpg
25 - Reading ./databaserelease2/NatureDataset/train/1-waters180.jpg
26 - Reading ./databaserelease2/NatureDataset/train/1-waters180.jpg
27 - Reading ./databaserelease2/NatureDataset/train/1-waters180.jpg
28 - Reading ./databaserelease2/NatureDataset/train/1-waters180.jpg
29 - Reading ./databaserelease2/NatureDataset/train/1-waters180.jpg
30 - Reading ./databaserelease2/NatureDataset/train/1-waters180.jpg
31 - Reading ./databaserelease2/NatureDataset/train/1-waters180.jpg
32 - Reading ./databaserelease2/NatureDataset/train/1-waters180.jpg
33 - Reading ./databaserelease2/NatureDataset/train/1-waters180.jpg
34 - Reading ./databaserelease2/NatureDataset/train/1-waters180.jpg
2021-10-22 18:03:38.540436: I tensorflow/compiler/mlir/mlir_graph_optimization_pass.cc:185] None of the MLIR Optimization Passes are enabled (registered 2)
35 - Reading ./databaserelease2/NatureDataset/train/1-waters180.jpg
36 - Reading ./databaserelease2/NatureDataset/train/1-waters180.jpg
37 - Reading ./databaserelease2/NatureDataset/train/1-waters180.jpg
38 - Reading ./databaserelease2/NatureDataset/train/1-waters180.jpg
39 - Reading ./databaserelease2/NatureDataset/train/1-waters180.jpg
40 - Reading ./databaserelease2/NatureDataset/train/1-waters180.jpg
41 - Reading ./databaserelease2/NatureDataset/train/1-waters180.jpg
42 - Reading ./databaserelease2/NatureDataset/train/1-waters180.jpg
43 - Reading ./databaserelease2/NatureDataset/train/1-waters180.jpg
44 - Reading ./databaserelease2/NatureDataset/train/1-waters180.jpg
45 - Reading ./databaserelease2/NatureDataset/train/1-waters180.jpg
46 - Reading ./databaserelease2/NatureDataset/train/1-waters180.jpg
47 - Reading ./databaserelease2/NatureDataset/train/1-waters180.jpg
48 - Reading ./databaserelease2/NatureDataset/train/1-waters180.jpg
49 - Reading ./databaserelease2/NatureDataset/train/1-waters180.jpg
Epoch 1/50
importing images....
350 - Reading ./databaserelease2/NatureDataset/train/10-forest12.jpg
351 - Reading ./databaserelease2/NatureDataset/train/10-forest12.jpg
352 - Reading ./databaserelease2/NatureDataset/train/10-forest12.jpg
353 - Reading ./databaserelease2/NatureDataset/train/10-forest12.jpg
354 - Reading ./databaserelease2/NatureDataset/train/10-forest12.jpg
355 - Reading ./databaserelease2/NatureDataset/train/10-forest12.jpg
356 - Reading ./databaserelease2/NatureDataset/train/10-forest12.jpg
357 - Reading ./databaserelease2/NatureDataset/train/10-forest12.jpg
358 - Reading ./databaserelease2/NatureDataset/train/10-forest12.jpg
359 - Reading ./databaserelease2/NatureDataset/train/10-forest12.jpg
360 - Reading ./databaserelease2/NatureDataset/train/10-forest12.jpg
361 - Reading ./databaserelease2/NatureDataset/train/10-forest12.jpg
362 - Reading ./databaserelease2/NatureDataset/train/10-forest12.jpg
363 - Reading ./databaserelease2/NatureDataset/train/10-forest12.jpg
364 - Reading ./databaserelease2/NatureDataset/train/10-forest12.jpg
365 - Reading ./databaserelease2/NatureDataset/train/10-forest12.jpg
366 - Reading ./databaserelease2/NatureDataset/train/10-forest12.jpg
367 - Reading ./databaserelease2/NatureDataset/train/10-forest12.jpg
368 - Reading ./databaserelease2/NatureDataset/train/10-forest12.jpg
369 - Reading ./databaserelease2/NatureDataset/train/10-forest12.jpg
370 - Reading ./databaserelease2/NatureDataset/train/10-forest12.jpg
371 - Reading ./databaserelease2/NatureDataset/train/10-forest12.jpg
372 - Reading ./databaserelease2/NatureDataset/train/10-forest12.jpg
373 - Reading ./databaserelease2/NatureDataset/train/10-forest12.jpg
374 - Reading ./databaserelease2/NatureDataset/train/10-forest12.jpg
375 - Reading ./databaserelease2/NatureDataset/train/10-forest12.jpg
376 - Reading ./databaserelease2/NatureDataset/train/10-forest12.jpg
377 - Reading ./databaserelease2/NatureDataset/train/10-forest12.jpg
378 - Reading ./databaserelease2/NatureDataset/train/10-forest12.jpg
379 - Reading ./databaserelease2/NatureDataset/train/10-forest12.jpg
380 - Reading ./databaserelease2/NatureDataset/train/10-forest12.jpg
381 - Reading ./databaserelease2/NatureDataset/train/10-forest12.jpg
382 - Reading ./databaserelease2/NatureDataset/train/10-forest12.jpg
383 - Reading ./databaserelease2/NatureDataset/train/10-forest12.jpg
384 - Reading ./databaserelease2/NatureDataset/train/10-forest12.jpg
385 - Reading ./databaserelease2/NatureDataset/train/10-forest12.jpg
386 - Reading ./databaserelease2/NatureDataset/train/10-forest12.jpg
387 - Reading ./databaserelease2/NatureDataset/train/10-forest12.jpg
388 - Reading ./databaserelease2/NatureDataset/train/10-forest12.jpg
389 - Reading ./databaserelease2/NatureDataset/train/10-forest12.jpg
390 - Reading ./databaserelease2/NatureDataset/train/10-forest12.jpg
391 - Reading ./databaserelease2/NatureDataset/train/10-forest12.jpg
392 - Reading ./databaserelease2/NatureDataset/train/10-forest12.jpg
393 - Reading ./databaserelease2/NatureDataset/train/10-forest12.jpg
394 - Reading ./databaserelease2/NatureDataset/train/10-forest12.jpg
395 - Reading ./databaserelease2/NatureDataset/train/10-forest12.jpg
396 - Reading ./databaserelease2/NatureDataset/train/10-forest12.jpg
397 - Reading ./databaserelease2/NatureDataset/train/10-forest12.jpg
398 - Reading ./databaserelease2/NatureDataset/train/10-forest12.jpg
399 - Reading ./databaserelease2/NatureDataset/train/10-forest12.jpg
importing images....
300 - Reading ./databaserelease2/NatureDataset/train/1-waters844.jpg
301 - Reading ./databaserelease2/NatureDataset/train/1-waters844.jpg
302 - Reading ./databaserelease2/NatureDataset/train/1-waters844.jpg
303 - Reading ./databaserelease2/NatureDataset/train/1-waters844.jpg
304 - Reading ./databaserelease2/NatureDataset/train/1-waters844.jpg
305 - Reading ./databaserelease2/NatureDataset/train/1-waters844.jpg
306 - Reading ./databaserelease2/NatureDataset/train/1-waters844.jpg
307 - Reading ./databaserelease2/NatureDataset/train/1-waters844.jpg
308 - Reading ./databaserelease2/NatureDataset/train/1-waters844.jpg
309 - Reading ./databaserelease2/NatureDataset/train/1-waters844.jpg
310 - Reading ./databaserelease2/NatureDataset/train/1-waters844.jpg
311 - Reading ./databaserelease2/NatureDataset/train/1-waters844.jpg
312 - Reading ./databaserelease2/NatureDataset/train/1-waters844.jpg
313 - Reading ./databaserelease2/NatureDataset/train/1-waters844.jpg
314 - Reading ./databaserelease2/NatureDataset/train/1-waters844.jpg
315 - Reading ./databaserelease2/NatureDataset/train/1-waters844.jpg
316 - Reading ./databaserelease2/NatureDataset/train/1-waters844.jpg
317 - Reading ./databaserelease2/NatureDataset/train/1-waters844.jpg
318 - Reading ./databaserelease2/NatureDataset/train/1-waters844.jpg
319 - Reading ./databaserelease2/NatureDataset/train/1-waters844.jpg
320 - Reading ./databaserelease2/NatureDataset/train/1-waters844.jpg
321 - Reading ./databaserelease2/NatureDataset/train/1-waters844.jpg
322 - Reading ./databaserelease2/NatureDataset/train/1-waters844.jpg
323 - Reading ./databaserelease2/NatureDataset/train/1-waters844.jpg
324 - Reading ./databaserelease2/NatureDataset/train/1-waters844.jpg
325 - Reading ./databaserelease2/NatureDataset/train/1-waters844.jpg
326 - Reading ./databaserelease2/NatureDataset/train/1-waters844.jpg
327 - Reading ./databaserelease2/NatureDataset/train/1-waters844.jpg
328 - Reading ./databaserelease2/NatureDataset/train/1-waters844.jpg
329 - Reading ./databaserelease2/NatureDataset/train/1-waters844.jpg
330 - Reading ./databaserelease2/NatureDataset/train/1-waters844.jpg
331 - Reading ./databaserelease2/NatureDataset/train/1-waters844.jpg
332 - Reading ./databaserelease2/NatureDataset/train/1-waters844.jpg
333 - Reading ./databaserelease2/NatureDataset/train/1-waters844.jpg
334 - Reading ./databaserelease2/NatureDataset/train/1-waters844.jpg
335 - Reading ./databaserelease2/NatureDataset/train/1-waters844.jpg
336 - Reading ./databaserelease2/NatureDataset/train/1-waters844.jpg
337 - Reading ./databaserelease2/NatureDataset/train/1-waters844.jpg
338 - Reading ./databaserelease2/NatureDataset/train/1-waters844.jpg
339 - Reading ./databaserelease2/NatureDataset/train/1-waters844.jpg
340 - Reading ./databaserelease2/NatureDataset/train/1-waters844.jpg
341 - Reading ./databaserelease2/NatureDataset/train/1-waters844.jpg
342 - Reading ./databaserelease2/NatureDataset/train/1-waters844.jpg
343 - Reading ./databaserelease2/NatureDataset/train/1-waters844.jpg
344 - Reading ./databaserelease2/NatureDataset/train/1-waters844.jpg
345 - Reading ./databaserelease2/NatureDataset/train/1-waters844.jpg
 1/23 [>.............................] - ETA: 9:50 - loss: 9.9932346 - Reading ./databaserelease2/NatureDataset/train/1-waters844.jpg
347 - Reading ./databaserelease2/NatureDataset/train/1-waters844.jpg
348 - Reading ./databaserelease2/NatureDataset/train/1-waters844.jpg
349 - Reading ./databaserelease2/NatureDataset/train/1-waters844.jpg
importing images....
550 - Reading ./databaserelease2/NatureDataset/train/10-waters222.jpg
551 - Reading ./databaserelease2/NatureDataset/train/10-waters222.jpg
552 - Reading ./databaserelease2/NatureDataset/train/10-waters222.jpg
553 - Reading ./databaserelease2/NatureDataset/train/10-waters222.jpg
554 - Reading ./databaserelease2/NatureDataset/train/10-waters222.jpg
555 - Reading ./databaserelease2/NatureDataset/train/10-waters222.jpg
556 - Reading ./databaserelease2/NatureDataset/train/10-waters222.jpg
557 - Reading ./databaserelease2/NatureDataset/train/10-waters222.jpg
558 - Reading ./databaserelease2/NatureDataset/train/10-waters222.jpg
559 - Reading ./databaserelease2/NatureDataset/train/10-waters222.jpg
560 - Reading ./databaserelease2/NatureDataset/train/10-waters222.jpg
561 - Reading ./databaserelease2/NatureDataset/train/10-waters222.jpg
562 - Reading ./databaserelease2/NatureDataset/train/10-waters222.jpg
563 - Reading ./databaserelease2/NatureDataset/train/10-waters222.jpg
564 - Reading ./databaserelease2/NatureDataset/train/10-waters222.jpg
565 - Reading ./databaserelease2/NatureDataset/train/10-waters222.jpg
566 - Reading ./databaserelease2/NatureDataset/train/10-waters222.jpg
567 - Reading ./databaserelease2/NatureDataset/train/10-waters222.jpg
568 - Reading ./databaserelease2/NatureDataset/train/10-waters222.jpg
569 - Reading ./databaserelease2/NatureDataset/train/10-waters222.jpg
570 - Reading ./databaserelease2/NatureDataset/train/10-waters222.jpg
571 - Reading ./databaserelease2/NatureDataset/train/10-waters222.jpg
572 - Reading ./databaserelease2/NatureDataset/train/10-waters222.jpg
573 - Reading ./databaserelease2/NatureDataset/train/10-waters222.jpg
574 - Reading ./databaserelease2/NatureDataset/train/10-waters222.jpg
575 - Reading ./databaserelease2/NatureDataset/train/10-waters222.jpg
576 - Reading ./databaserelease2/NatureDataset/train/10-waters222.jpg
577 - Reading ./databaserelease2/NatureDataset/train/10-waters222.jpg
578 - Reading ./databaserelease2/NatureDataset/train/10-waters222.jpg
579 - Reading ./databaserelease2/NatureDataset/train/10-waters222.jpg
580 - Reading ./databaserelease2/NatureDataset/train/10-waters222.jpg
581 - Reading ./databaserelease2/NatureDataset/train/10-waters222.jpg
582 - Reading ./databaserelease2/NatureDataset/train/10-waters222.jpg
583 - Reading ./databaserelease2/NatureDataset/train/10-waters222.jpg
584 - Reading ./databaserelease2/NatureDataset/train/10-waters222.jpg
 2/23 [=>............................] - ETA: 5:12 - loss: 13.6894585 - Reading ./databaserelease2/NatureDataset/train/10-waters222.jpg
586 - Reading ./databaserelease2/NatureDataset/train/10-waters222.jpg
587 - Reading ./databaserelease2/NatureDataset/train/10-waters222.jpg
588 - Reading ./databaserelease2/NatureDataset/train/10-waters222.jpg
589 - Reading ./databaserelease2/NatureDataset/train/10-waters222.jpg
590 - Reading ./databaserelease2/NatureDataset/train/10-waters222.jpg
591 - Reading ./databaserelease2/NatureDataset/train/10-waters222.jpg
592 - Reading ./databaserelease2/NatureDataset/train/10-waters222.jpg
593 - Reading ./databaserelease2/NatureDataset/train/10-waters222.jpg
594 - Reading ./databaserelease2/NatureDataset/train/10-waters222.jpg
595 - Reading ./databaserelease2/NatureDataset/train/10-waters222.jpg
596 - Reading ./databaserelease2/NatureDataset/train/10-waters222.jpg
597 - Reading ./databaserelease2/NatureDataset/train/10-waters222.jpg
598 - Reading ./databaserelease2/NatureDataset/train/10-waters222.jpg
599 - Reading ./databaserelease2/NatureDataset/train/10-waters222.jpg
importing images....
100 - Reading ./databaserelease2/NatureDataset/train/1-waters458.jpg
101 - Reading ./databaserelease2/NatureDataset/train/1-waters458.jpg
102 - Reading ./databaserelease2/NatureDataset/train/1-waters458.jpg
103 - Reading ./databaserelease2/NatureDataset/train/1-waters458.jpg
104 - Reading ./databaserelease2/NatureDataset/train/1-waters458.jpg
105 - Reading ./databaserelease2/NatureDataset/train/1-waters458.jpg
106 - Reading ./databaserelease2/NatureDataset/train/1-waters458.jpg
107 - Reading ./databaserelease2/NatureDataset/train/1-waters458.jpg
108 - Reading ./databaserelease2/NatureDataset/train/1-waters458.jpg
109 - Reading ./databaserelease2/NatureDataset/train/1-waters458.jpg
110 - Reading ./databaserelease2/NatureDataset/train/1-waters458.jpg
111 - Reading ./databaserelease2/NatureDataset/train/1-waters458.jpg
112 - Reading ./databaserelease2/NatureDataset/train/1-waters458.jpg
113 - Reading ./databaserelease2/NatureDataset/train/1-waters458.jpg
114 - Reading ./databaserelease2/NatureDataset/train/1-waters458.jpg
115 - Reading ./databaserelease2/NatureDataset/train/1-waters458.jpg
116 - Reading ./databaserelease2/NatureDataset/train/1-waters458.jpg
117 - Reading ./databaserelease2/NatureDataset/train/1-waters458.jpg
118 - Reading ./databaserelease2/NatureDataset/train/1-waters458.jpg
119 - Reading ./databaserelease2/NatureDataset/train/1-waters458.jpg
120 - Reading ./databaserelease2/NatureDataset/train/1-waters458.jpg
121 - Reading ./databaserelease2/NatureDataset/train/1-waters458.jpg
122 - Reading ./databaserelease2/NatureDataset/train/1-waters458.jpg
123 - Reading ./databaserelease2/NatureDataset/train/1-waters458.jpg
124 - Reading ./databaserelease2/NatureDataset/train/1-waters458.jpg
125 - Reading ./databaserelease2/NatureDataset/train/1-waters458.jpg
126 - Reading ./databaserelease2/NatureDataset/train/1-waters458.jpg
127 - Reading ./databaserelease2/NatureDataset/train/1-waters458.jpg
128 - Reading ./databaserelease2/NatureDataset/train/1-waters458.jpg
129 - Reading ./databaserelease2/NatureDataset/train/1-waters458.jpg
130 - Reading ./databaserelease2/NatureDataset/train/1-waters458.jpg
131 - Reading ./databaserelease2/NatureDataset/train/1-waters458.jpg
132 - Reading ./databaserelease2/NatureDataset/train/1-waters458.jpg
133 - Reading ./databaserelease2/NatureDataset/train/1-waters458.jpg
134 - Reading ./databaserelease2/NatureDataset/train/1-waters458.jpg
 3/23 [==>...........................] - ETA: 5:21 - loss: 11.6309135 - Reading ./databaserelease2/NatureDataset/train/1-waters458.jpg
136 - Reading ./databaserelease2/NatureDataset/train/1-waters458.jpg
137 - Reading ./databaserelease2/NatureDataset/train/1-waters458.jpg
138 - Reading ./databaserelease2/NatureDataset/train/1-waters458.jpg
139 - Reading ./databaserelease2/NatureDataset/train/1-waters458.jpg
140 - Reading ./databaserelease2/NatureDataset/train/1-waters458.jpg
141 - Reading ./databaserelease2/NatureDataset/train/1-waters458.jpg
142 - Reading ./databaserelease2/NatureDataset/train/1-waters458.jpg
143 - Reading ./databaserelease2/NatureDataset/train/1-waters458.jpg
144 - Reading ./databaserelease2/NatureDataset/train/1-waters458.jpg
145 - Reading ./databaserelease2/NatureDataset/train/1-waters458.jpg
146 - Reading ./databaserelease2/NatureDataset/train/1-waters458.jpg
147 - Reading ./databaserelease2/NatureDataset/train/1-waters458.jpg
148 - Reading ./databaserelease2/NatureDataset/train/1-waters458.jpg
149 - Reading ./databaserelease2/NatureDataset/train/1-waters458.jpg
importing images....
450 - Reading ./databaserelease2/NatureDataset/train/10-waters147.jpg
451 - Reading ./databaserelease2/NatureDataset/train/10-waters147.jpg
452 - Reading ./databaserelease2/NatureDataset/train/10-waters147.jpg
453 - Reading ./databaserelease2/NatureDataset/train/10-waters147.jpg
454 - Reading ./databaserelease2/NatureDataset/train/10-waters147.jpg
455 - Reading ./databaserelease2/NatureDataset/train/10-waters147.jpg
456 - Reading ./databaserelease2/NatureDataset/train/10-waters147.jpg
457 - Reading ./databaserelease2/NatureDataset/train/10-waters147.jpg
458 - Reading ./databaserelease2/NatureDataset/train/10-waters147.jpg
459 - Reading ./databaserelease2/NatureDataset/train/10-waters147.jpg
460 - Reading ./databaserelease2/NatureDataset/train/10-waters147.jpg
461 - Reading ./databaserelease2/NatureDataset/train/10-waters147.jpg
462 - Reading ./databaserelease2/NatureDataset/train/10-waters147.jpg
463 - Reading ./databaserelease2/NatureDataset/train/10-waters147.jpg
464 - Reading ./databaserelease2/NatureDataset/train/10-waters147.jpg
465 - Reading ./databaserelease2/NatureDataset/train/10-waters147.jpg
466 - Reading ./databaserelease2/NatureDataset/train/10-waters147.jpg
467 - Reading ./databaserelease2/NatureDataset/train/10-waters147.jpg
468 - Reading ./databaserelease2/NatureDataset/train/10-waters147.jpg
469 - Reading ./databaserelease2/NatureDataset/train/10-waters147.jpg
470 - Reading ./databaserelease2/NatureDataset/train/10-waters147.jpg
471 - Reading ./databaserelease2/NatureDataset/train/10-waters147.jpg
472 - Reading ./databaserelease2/NatureDataset/train/10-waters147.jpg
473 - Reading ./databaserelease2/NatureDataset/train/10-waters147.jpg
474 - Reading ./databaserelease2/NatureDataset/train/10-waters147.jpg
475 - Reading ./databaserelease2/NatureDataset/train/10-waters147.jpg
476 - Reading ./databaserelease2/NatureDataset/train/10-waters147.jpg
477 - Reading ./databaserelease2/NatureDataset/train/10-waters147.jpg
478 - Reading ./databaserelease2/NatureDataset/train/10-waters147.jpg
479 - Reading ./databaserelease2/NatureDataset/train/10-waters147.jpg
480 - Reading ./databaserelease2/NatureDataset/train/10-waters147.jpg
481 - Reading ./databaserelease2/NatureDataset/train/10-waters147.jpg
482 - Reading ./databaserelease2/NatureDataset/train/10-waters147.jpg
483 - Reading ./databaserelease2/NatureDataset/train/10-waters147.jpg
484 - Reading ./databaserelease2/NatureDataset/train/10-waters147.jpg
485 - Reading ./databaserelease2/NatureDataset/train/10-waters147.jpg
486 - Reading ./databaserelease2/NatureDataset/train/10-waters147.jpg
487 - Reading ./databaserelease2/NatureDataset/train/10-waters147.jpg
 4/23 [====>.........................] - ETA: 5:12 - loss: 11.2522488 - Reading ./databaserelease2/NatureDataset/train/10-waters147.jpg
489 - Reading ./databaserelease2/NatureDataset/train/10-waters147.jpg
490 - Reading ./databaserelease2/NatureDataset/train/10-waters147.jpg
491 - Reading ./databaserelease2/NatureDataset/train/10-waters147.jpg
492 - Reading ./databaserelease2/NatureDataset/train/10-waters147.jpg
493 - Reading ./databaserelease2/NatureDataset/train/10-waters147.jpg
494 - Reading ./databaserelease2/NatureDataset/train/10-waters147.jpg
495 - Reading ./databaserelease2/NatureDataset/train/10-waters147.jpg
496 - Reading ./databaserelease2/NatureDataset/train/10-waters147.jpg
497 - Reading ./databaserelease2/NatureDataset/train/10-waters147.jpg
498 - Reading ./databaserelease2/NatureDataset/train/10-waters147.jpg
499 - Reading ./databaserelease2/NatureDataset/train/10-waters147.jpg
importing images....
500 - Reading ./databaserelease2/NatureDataset/train/10-waters159.jpg
501 - Reading ./databaserelease2/NatureDataset/train/10-waters159.jpg
502 - Reading ./databaserelease2/NatureDataset/train/10-waters159.jpg
503 - Reading ./databaserelease2/NatureDataset/train/10-waters159.jpg
504 - Reading ./databaserelease2/NatureDataset/train/10-waters159.jpg
505 - Reading ./databaserelease2/NatureDataset/train/10-waters159.jpg
506 - Reading ./databaserelease2/NatureDataset/train/10-waters159.jpg
507 - Reading ./databaserelease2/NatureDataset/train/10-waters159.jpg
508 - Reading ./databaserelease2/NatureDataset/train/10-waters159.jpg
509 - Reading ./databaserelease2/NatureDataset/train/10-waters159.jpg
510 - Reading ./databaserelease2/NatureDataset/train/10-waters159.jpg
511 - Reading ./databaserelease2/NatureDataset/train/10-waters159.jpg
512 - Reading ./databaserelease2/NatureDataset/train/10-waters159.jpg
513 - Reading ./databaserelease2/NatureDataset/train/10-waters159.jpg
514 - Reading ./databaserelease2/NatureDataset/train/10-waters159.jpg
515 - Reading ./databaserelease2/NatureDataset/train/10-waters159.jpg
516 - Reading ./databaserelease2/NatureDataset/train/10-waters159.jpg
517 - Reading ./databaserelease2/NatureDataset/train/10-waters159.jpg
518 - Reading ./databaserelease2/NatureDataset/train/10-waters159.jpg
519 - Reading ./databaserelease2/NatureDataset/train/10-waters159.jpg
520 - Reading ./databaserelease2/NatureDataset/train/10-waters159.jpg
521 - Reading ./databaserelease2/NatureDataset/train/10-waters159.jpg
522 - Reading ./databaserelease2/NatureDataset/train/10-waters159.jpg
523 - Reading ./databaserelease2/NatureDataset/train/10-waters159.jpg
524 - Reading ./databaserelease2/NatureDataset/train/10-waters159.jpg
525 - Reading ./databaserelease2/NatureDataset/train/10-waters159.jpg
526 - Reading ./databaserelease2/NatureDataset/train/10-waters159.jpg
527 - Reading ./databaserelease2/NatureDataset/train/10-waters159.jpg
528 - Reading ./databaserelease2/NatureDataset/train/10-waters159.jpg
529 - Reading ./databaserelease2/NatureDataset/train/10-waters159.jpg
530 - Reading ./databaserelease2/NatureDataset/train/10-waters159.jpg
531 - Reading ./databaserelease2/NatureDataset/train/10-waters159.jpg
532 - Reading ./databaserelease2/NatureDataset/train/10-waters159.jpg
533 - Reading ./databaserelease2/NatureDataset/train/10-waters159.jpg
534 - Reading ./databaserelease2/NatureDataset/train/10-waters159.jpg
535 - Reading ./databaserelease2/NatureDataset/train/10-waters159.jpg
 5/23 [=====>........................] - ETA: 4:56 - loss: 10.4774536 - Reading ./databaserelease2/NatureDataset/train/10-waters159.jpg
537 - Reading ./databaserelease2/NatureDataset/train/10-waters159.jpg
538 - Reading ./databaserelease2/NatureDataset/train/10-waters159.jpg
539 - Reading ./databaserelease2/NatureDataset/train/10-waters159.jpg
540 - Reading ./databaserelease2/NatureDataset/train/10-waters159.jpg
541 - Reading ./databaserelease2/NatureDataset/train/10-waters159.jpg
542 - Reading ./databaserelease2/NatureDataset/train/10-waters159.jpg
543 - Reading ./databaserelease2/NatureDataset/train/10-waters159.jpg
544 - Reading ./databaserelease2/NatureDataset/train/10-waters159.jpg
545 - Reading ./databaserelease2/NatureDataset/train/10-waters159.jpg
546 - Reading ./databaserelease2/NatureDataset/train/10-waters159.jpg
547 - Reading ./databaserelease2/NatureDataset/train/10-waters159.jpg
548 - Reading ./databaserelease2/NatureDataset/train/10-waters159.jpg
549 - Reading ./databaserelease2/NatureDataset/train/10-waters159.jpg
importing images....
1000 - Reading ./databaserelease2/NatureDataset/train/10-waters740.jpg
1001 - Reading ./databaserelease2/NatureDataset/train/10-waters740.jpg
1002 - Reading ./databaserelease2/NatureDataset/train/10-waters740.jpg
1003 - Reading ./databaserelease2/NatureDataset/train/10-waters740.jpg
1004 - Reading ./databaserelease2/NatureDataset/train/10-waters740.jpg
1005 - Reading ./databaserelease2/NatureDataset/train/10-waters740.jpg
1006 - Reading ./databaserelease2/NatureDataset/train/10-waters740.jpg
1007 - Reading ./databaserelease2/NatureDataset/train/10-waters740.jpg
1008 - Reading ./databaserelease2/NatureDataset/train/10-waters740.jpg
1009 - Reading ./databaserelease2/NatureDataset/train/10-waters740.jpg
1010 - Reading ./databaserelease2/NatureDataset/train/10-waters740.jpg
1011 - Reading ./databaserelease2/NatureDataset/train/10-waters740.jpg
1012 - Reading ./databaserelease2/NatureDataset/train/10-waters740.jpg
1013 - Reading ./databaserelease2/NatureDataset/train/10-waters740.jpg
1014 - Reading ./databaserelease2/NatureDataset/train/10-waters740.jpg
1015 - Reading ./databaserelease2/NatureDataset/train/10-waters740.jpg
1016 - Reading ./databaserelease2/NatureDataset/train/10-waters740.jpg
1017 - Reading ./databaserelease2/NatureDataset/train/10-waters740.jpg
1018 - Reading ./databaserelease2/NatureDataset/train/10-waters740.jpg
1019 - Reading ./databaserelease2/NatureDataset/train/10-waters740.jpg
1020 - Reading ./databaserelease2/NatureDataset/train/10-waters740.jpg
1021 - Reading ./databaserelease2/NatureDataset/train/10-waters740.jpg
1022 - Reading ./databaserelease2/NatureDataset/train/10-waters740.jpg
1023 - Reading ./databaserelease2/NatureDataset/train/10-waters740.jpg
1024 - Reading ./databaserelease2/NatureDataset/train/10-waters740.jpg
1025 - Reading ./databaserelease2/NatureDataset/train/10-waters740.jpg
1026 - Reading ./databaserelease2/NatureDataset/train/10-waters740.jpg
1027 - Reading ./databaserelease2/NatureDataset/train/10-waters740.jpg
1028 - Reading ./databaserelease2/NatureDataset/train/10-waters740.jpg
1029 - Reading ./databaserelease2/NatureDataset/train/10-waters740.jpg
1030 - Reading ./databaserelease2/NatureDataset/train/10-waters740.jpg
1031 - Reading ./databaserelease2/NatureDataset/train/10-waters740.jpg
1032 - Reading ./databaserelease2/NatureDataset/train/10-waters740.jpg
1033 - Reading ./databaserelease2/NatureDataset/train/10-waters740.jpg
1034 - Reading ./databaserelease2/NatureDataset/train/10-waters740.jpg
1035 - Reading ./databaserelease2/NatureDataset/train/10-waters740.jpg
1036 - Reading ./databaserelease2/NatureDataset/train/10-waters740.jpg
1037 - Reading ./databaserelease2/NatureDataset/train/10-waters740.jpg
 6/23 [======>.......................] - ETA: 4:41 - loss: 9.2757 1038 - Reading ./databaserelease2/NatureDataset/train/10-waters740.jpg
1039 - Reading ./databaserelease2/NatureDataset/train/10-waters740.jpg
1040 - Reading ./databaserelease2/NatureDataset/train/10-waters740.jpg
1041 - Reading ./databaserelease2/NatureDataset/train/10-waters740.jpg
1042 - Reading ./databaserelease2/NatureDataset/train/10-waters740.jpg
1043 - Reading ./databaserelease2/NatureDataset/train/10-waters740.jpg
1044 - Reading ./databaserelease2/NatureDataset/train/10-waters740.jpg
1045 - Reading ./databaserelease2/NatureDataset/train/10-waters740.jpg
1046 - Reading ./databaserelease2/NatureDataset/train/10-waters740.jpg
1047 - Reading ./databaserelease2/NatureDataset/train/10-waters740.jpg
1048 - Reading ./databaserelease2/NatureDataset/train/10-waters740.jpg
1049 - Reading ./databaserelease2/NatureDataset/train/10-waters740.jpg
importing images....
250 - Reading ./databaserelease2/NatureDataset/train/1-waters820.jpg
251 - Reading ./databaserelease2/NatureDataset/train/1-waters820.jpg
252 - Reading ./databaserelease2/NatureDataset/train/1-waters820.jpg
253 - Reading ./databaserelease2/NatureDataset/train/1-waters820.jpg
254 - Reading ./databaserelease2/NatureDataset/train/1-waters820.jpg
255 - Reading ./databaserelease2/NatureDataset/train/1-waters820.jpg
256 - Reading ./databaserelease2/NatureDataset/train/1-waters820.jpg
257 - Reading ./databaserelease2/NatureDataset/train/1-waters820.jpg
258 - Reading ./databaserelease2/NatureDataset/train/1-waters820.jpg
259 - Reading ./databaserelease2/NatureDataset/train/1-waters820.jpg
260 - Reading ./databaserelease2/NatureDataset/train/1-waters820.jpg
261 - Reading ./databaserelease2/NatureDataset/train/1-waters820.jpg
262 - Reading ./databaserelease2/NatureDataset/train/1-waters820.jpg
263 - Reading ./databaserelease2/NatureDataset/train/1-waters820.jpg
264 - Reading ./databaserelease2/NatureDataset/train/1-waters820.jpg
265 - Reading ./databaserelease2/NatureDataset/train/1-waters820.jpg
266 - Reading ./databaserelease2/NatureDataset/train/1-waters820.jpg
267 - Reading ./databaserelease2/NatureDataset/train/1-waters820.jpg
268 - Reading ./databaserelease2/NatureDataset/train/1-waters820.jpg
269 - Reading ./databaserelease2/NatureDataset/train/1-waters820.jpg
270 - Reading ./databaserelease2/NatureDataset/train/1-waters820.jpg
271 - Reading ./databaserelease2/NatureDataset/train/1-waters820.jpg
272 - Reading ./databaserelease2/NatureDataset/train/1-waters820.jpg
273 - Reading ./databaserelease2/NatureDataset/train/1-waters820.jpg
274 - Reading ./databaserelease2/NatureDataset/train/1-waters820.jpg
275 - Reading ./databaserelease2/NatureDataset/train/1-waters820.jpg
276 - Reading ./databaserelease2/NatureDataset/train/1-waters820.jpg
277 - Reading ./databaserelease2/NatureDataset/train/1-waters820.jpg
278 - Reading ./databaserelease2/NatureDataset/train/1-waters820.jpg
279 - Reading ./databaserelease2/NatureDataset/train/1-waters820.jpg
280 - Reading ./databaserelease2/NatureDataset/train/1-waters820.jpg
281 - Reading ./databaserelease2/NatureDataset/train/1-waters820.jpg
282 - Reading ./databaserelease2/NatureDataset/train/1-waters820.jpg
283 - Reading ./databaserelease2/NatureDataset/train/1-waters820.jpg
284 - Reading ./databaserelease2/NatureDataset/train/1-waters820.jpg
285 - Reading ./databaserelease2/NatureDataset/train/1-waters820.jpg
286 - Reading ./databaserelease2/NatureDataset/train/1-waters820.jpg
287 - Reading ./databaserelease2/NatureDataset/train/1-waters820.jpg
288 - Reading ./databaserelease2/NatureDataset/train/1-waters820.jpg
289 - Reading ./databaserelease2/NatureDataset/train/1-waters820.jpg
290 - Reading ./databaserelease2/NatureDataset/train/1-waters820.jpg
291 - Reading ./databaserelease2/NatureDataset/train/1-waters820.jpg
292 - Reading ./databaserelease2/NatureDataset/train/1-waters820.jpg
293 - Reading ./databaserelease2/NatureDataset/train/1-waters820.jpg
294 - Reading ./databaserelease2/NatureDataset/train/1-waters820.jpg
295 - Reading ./databaserelease2/NatureDataset/train/1-waters820.jpg
296 - Reading ./databaserelease2/NatureDataset/train/1-waters820.jpg
297 - Reading ./databaserelease2/NatureDataset/train/1-waters820.jpg
298 - Reading ./databaserelease2/NatureDataset/train/1-waters820.jpg
299 - Reading ./databaserelease2/NatureDataset/train/1-waters820.jpg
srun: got SIGCONT
slurmstepd: error: *** JOB 796378 ON node054 CANCELLED AT 2021-10-22T18:05:42 ***
srun: forcing job termination
slurmstepd: error: *** STEP 796378.0 ON node054 CANCELLED AT 2021-10-22T18:05:42 ***
srun: Job step aborted: Waiting up to 32 seconds for job step to finish.
