Requirement already satisfied: tensorflow-gpu==2.6 in /mnt/beegfs/home/agolchub/miniconda3/lib/python3.8/site-packages (2.6.0)
Requirement already satisfied: wheel~=0.35 in /mnt/beegfs/home/agolchub/miniconda3/lib/python3.8/site-packages (from tensorflow-gpu==2.6) (0.35.1)
Requirement already satisfied: absl-py~=0.10 in /mnt/beegfs/home/agolchub/miniconda3/lib/python3.8/site-packages (from tensorflow-gpu==2.6) (0.15.0)
Requirement already satisfied: six~=1.15.0 in /mnt/beegfs/home/agolchub/miniconda3/lib/python3.8/site-packages (from tensorflow-gpu==2.6) (1.15.0)
Requirement already satisfied: keras-preprocessing~=1.1.2 in /mnt/beegfs/home/agolchub/miniconda3/lib/python3.8/site-packages (from tensorflow-gpu==2.6) (1.1.2)
Requirement already satisfied: clang~=5.0 in /mnt/beegfs/home/agolchub/miniconda3/lib/python3.8/site-packages (from tensorflow-gpu==2.6) (5.0)
Requirement already satisfied: h5py~=3.1.0 in /mnt/beegfs/home/agolchub/miniconda3/lib/python3.8/site-packages (from tensorflow-gpu==2.6) (3.1.0)
Requirement already satisfied: tensorboard~=2.6 in /mnt/beegfs/home/agolchub/miniconda3/lib/python3.8/site-packages (from tensorflow-gpu==2.6) (2.7.0)
Requirement already satisfied: google-pasta~=0.2 in /mnt/beegfs/home/agolchub/miniconda3/lib/python3.8/site-packages (from tensorflow-gpu==2.6) (0.2.0)
Requirement already satisfied: termcolor~=1.1.0 in /mnt/beegfs/home/agolchub/miniconda3/lib/python3.8/site-packages (from tensorflow-gpu==2.6) (1.1.0)
Requirement already satisfied: opt-einsum~=3.3.0 in /mnt/beegfs/home/agolchub/miniconda3/lib/python3.8/site-packages (from tensorflow-gpu==2.6) (3.3.0)
Requirement already satisfied: gast==0.4.0 in /mnt/beegfs/home/agolchub/miniconda3/lib/python3.8/site-packages (from tensorflow-gpu==2.6) (0.4.0)
Requirement already satisfied: keras~=2.6 in /mnt/beegfs/home/agolchub/miniconda3/lib/python3.8/site-packages (from tensorflow-gpu==2.6) (2.6.0)
Requirement already satisfied: grpcio<2.0,>=1.37.0 in /mnt/beegfs/home/agolchub/miniconda3/lib/python3.8/site-packages (from tensorflow-gpu==2.6) (1.41.0)
Requirement already satisfied: numpy~=1.19.2 in /mnt/beegfs/home/agolchub/miniconda3/lib/python3.8/site-packages (from tensorflow-gpu==2.6) (1.19.5)
Requirement already satisfied: typing-extensions~=3.7.4 in /mnt/beegfs/home/agolchub/miniconda3/lib/python3.8/site-packages (from tensorflow-gpu==2.6) (3.7.4.3)
Requirement already satisfied: protobuf>=3.9.2 in /mnt/beegfs/home/agolchub/miniconda3/lib/python3.8/site-packages (from tensorflow-gpu==2.6) (3.19.0)
Requirement already satisfied: flatbuffers~=1.12.0 in /mnt/beegfs/home/agolchub/miniconda3/lib/python3.8/site-packages (from tensorflow-gpu==2.6) (1.12)
Requirement already satisfied: wrapt~=1.12.1 in /mnt/beegfs/home/agolchub/miniconda3/lib/python3.8/site-packages (from tensorflow-gpu==2.6) (1.12.1)
Requirement already satisfied: astunparse~=1.6.3 in /mnt/beegfs/home/agolchub/miniconda3/lib/python3.8/site-packages (from tensorflow-gpu==2.6) (1.6.3)
Requirement already satisfied: tensorflow-estimator~=2.6 in /mnt/beegfs/home/agolchub/miniconda3/lib/python3.8/site-packages (from tensorflow-gpu==2.6) (2.6.0)
Requirement already satisfied: markdown>=2.6.8 in /mnt/beegfs/home/agolchub/miniconda3/lib/python3.8/site-packages (from tensorboard~=2.6->tensorflow-gpu==2.6) (3.3.4)
Requirement already satisfied: google-auth<3,>=1.6.3 in /mnt/beegfs/home/agolchub/miniconda3/lib/python3.8/site-packages (from tensorboard~=2.6->tensorflow-gpu==2.6) (2.3.0)
Requirement already satisfied: tensorboard-plugin-wit>=1.6.0 in /mnt/beegfs/home/agolchub/miniconda3/lib/python3.8/site-packages (from tensorboard~=2.6->tensorflow-gpu==2.6) (1.8.0)
Requirement already satisfied: requests<3,>=2.21.0 in /mnt/beegfs/home/agolchub/miniconda3/lib/python3.8/site-packages (from tensorboard~=2.6->tensorflow-gpu==2.6) (2.24.0)
Requirement already satisfied: werkzeug>=0.11.15 in /mnt/beegfs/home/agolchub/miniconda3/lib/python3.8/site-packages (from tensorboard~=2.6->tensorflow-gpu==2.6) (2.0.2)
Requirement already satisfied: google-auth-oauthlib<0.5,>=0.4.1 in /mnt/beegfs/home/agolchub/miniconda3/lib/python3.8/site-packages (from tensorboard~=2.6->tensorflow-gpu==2.6) (0.4.6)
Requirement already satisfied: setuptools>=41.0.0 in /mnt/beegfs/home/agolchub/miniconda3/lib/python3.8/site-packages (from tensorboard~=2.6->tensorflow-gpu==2.6) (50.3.1.post20201107)
Requirement already satisfied: tensorboard-data-server<0.7.0,>=0.6.0 in /mnt/beegfs/home/agolchub/miniconda3/lib/python3.8/site-packages (from tensorboard~=2.6->tensorflow-gpu==2.6) (0.6.1)
Requirement already satisfied: cachetools<5.0,>=2.0.0 in /mnt/beegfs/home/agolchub/miniconda3/lib/python3.8/site-packages (from google-auth<3,>=1.6.3->tensorboard~=2.6->tensorflow-gpu==2.6) (4.2.4)
Requirement already satisfied: pyasn1-modules>=0.2.1 in /mnt/beegfs/home/agolchub/miniconda3/lib/python3.8/site-packages (from google-auth<3,>=1.6.3->tensorboard~=2.6->tensorflow-gpu==2.6) (0.2.8)
Requirement already satisfied: rsa<5,>=3.1.4 in /mnt/beegfs/home/agolchub/miniconda3/lib/python3.8/site-packages (from google-auth<3,>=1.6.3->tensorboard~=2.6->tensorflow-gpu==2.6) (4.7.2)
Requirement already satisfied: idna<3,>=2.5 in /mnt/beegfs/home/agolchub/miniconda3/lib/python3.8/site-packages (from requests<3,>=2.21.0->tensorboard~=2.6->tensorflow-gpu==2.6) (2.10)
Requirement already satisfied: chardet<4,>=3.0.2 in /mnt/beegfs/home/agolchub/miniconda3/lib/python3.8/site-packages (from requests<3,>=2.21.0->tensorboard~=2.6->tensorflow-gpu==2.6) (3.0.4)
Requirement already satisfied: certifi>=2017.4.17 in /mnt/beegfs/home/agolchub/miniconda3/lib/python3.8/site-packages (from requests<3,>=2.21.0->tensorboard~=2.6->tensorflow-gpu==2.6) (2020.6.20)
Requirement already satisfied: urllib3!=1.25.0,!=1.25.1,<1.26,>=1.21.1 in /mnt/beegfs/home/agolchub/miniconda3/lib/python3.8/site-packages (from requests<3,>=2.21.0->tensorboard~=2.6->tensorflow-gpu==2.6) (1.25.11)
Requirement already satisfied: requests-oauthlib>=0.7.0 in /mnt/beegfs/home/agolchub/miniconda3/lib/python3.8/site-packages (from google-auth-oauthlib<0.5,>=0.4.1->tensorboard~=2.6->tensorflow-gpu==2.6) (1.3.0)
Requirement already satisfied: pyasn1<0.5.0,>=0.4.6 in /mnt/beegfs/home/agolchub/miniconda3/lib/python3.8/site-packages (from pyasn1-modules>=0.2.1->google-auth<3,>=1.6.3->tensorboard~=2.6->tensorflow-gpu==2.6) (0.4.8)
Requirement already satisfied: oauthlib>=3.0.0 in /mnt/beegfs/home/agolchub/miniconda3/lib/python3.8/site-packages (from requests-oauthlib>=0.7.0->google-auth-oauthlib<0.5,>=0.4.1->tensorboard~=2.6->tensorflow-gpu==2.6) (3.1.1)
Collecting scikit-learn
  Using cached scikit_learn-1.0-cp38-cp38-manylinux_2_12_x86_64.manylinux2010_x86_64.whl (25.8 MB)
Collecting joblib>=0.11
  Downloading joblib-1.1.0-py2.py3-none-any.whl (306 kB)
Collecting threadpoolctl>=2.0.0
  Downloading threadpoolctl-3.0.0-py3-none-any.whl (14 kB)
Requirement already satisfied: numpy>=1.14.6 in /mnt/beegfs/home/agolchub/miniconda3/lib/python3.8/site-packages (from scikit-learn) (1.19.5)
Collecting scipy>=1.1.0
  Downloading scipy-1.7.1-cp38-cp38-manylinux_2_5_x86_64.manylinux1_x86_64.whl (28.4 MB)
Installing collected packages: joblib, threadpoolctl, scipy, scikit-learn
Successfully installed joblib-1.1.0 scikit-learn-1.0 scipy-1.7.1 threadpoolctl-3.0.0
Collecting scikit-image
  Downloading scikit_image-0.18.3-cp38-cp38-manylinux_2_5_x86_64.manylinux1_x86_64.whl (30.2 MB)
Collecting pillow!=7.1.0,!=7.1.1,>=4.3.0
  Downloading Pillow-8.4.0-cp38-cp38-manylinux_2_17_x86_64.manylinux2014_x86_64.whl (3.1 MB)
Collecting networkx>=2.0
  Downloading networkx-2.6.3-py3-none-any.whl (1.9 MB)
Collecting tifffile>=2019.7.26
  Downloading tifffile-2021.10.12-py3-none-any.whl (175 kB)
Requirement already satisfied: scipy>=1.0.1 in /mnt/beegfs/home/agolchub/miniconda3/lib/python3.8/site-packages (from scikit-image) (1.7.1)
Collecting imageio>=2.3.0
  Using cached imageio-2.9.0-py3-none-any.whl (3.3 MB)
Collecting matplotlib!=3.0.0,>=2.0.0
  Downloading matplotlib-3.4.3-cp38-cp38-manylinux1_x86_64.whl (10.3 MB)
Collecting PyWavelets>=1.1.1
  Downloading PyWavelets-1.1.1-cp38-cp38-manylinux1_x86_64.whl (4.4 MB)
Requirement already satisfied: numpy>=1.16.5 in /mnt/beegfs/home/agolchub/miniconda3/lib/python3.8/site-packages (from scikit-image) (1.19.5)
Collecting kiwisolver>=1.0.1
  Downloading kiwisolver-1.3.2-cp38-cp38-manylinux_2_5_x86_64.manylinux1_x86_64.whl (1.2 MB)
Collecting cycler>=0.10
  Using cached cycler-0.10.0-py2.py3-none-any.whl (6.5 kB)
Collecting pyparsing>=2.2.1
  Using cached pyparsing-2.4.7-py2.py3-none-any.whl (67 kB)
Collecting python-dateutil>=2.7
  Downloading python_dateutil-2.8.2-py2.py3-none-any.whl (247 kB)
Requirement already satisfied: six in /mnt/beegfs/home/agolchub/miniconda3/lib/python3.8/site-packages (from cycler>=0.10->matplotlib!=3.0.0,>=2.0.0->scikit-image) (1.15.0)
Installing collected packages: pillow, networkx, tifffile, imageio, kiwisolver, cycler, pyparsing, python-dateutil, matplotlib, PyWavelets, scikit-image
Successfully installed PyWavelets-1.1.1 cycler-0.10.0 imageio-2.9.0 kiwisolver-1.3.2 matplotlib-3.4.3 networkx-2.6.3 pillow-8.4.0 pyparsing-2.4.7 python-dateutil-2.8.2 scikit-image-0.18.3 tifffile-2021.10.12
2021-10-22 12:55:41.389878: W tensorflow/stream_executor/platform/default/dso_loader.cc:64] Could not load dynamic library 'libcudart.so.11.0'; dlerror: libcudart.so.11.0: cannot open shared object file: No such file or directory; LD_LIBRARY_PATH: /opt/ohpc/pub/mpi/openmpi3-gnu8/3.1.4/lib:/opt/ohpc/pub/compiler/gcc/8.3.0/lib64
2021-10-22 12:55:41.389927: I tensorflow/stream_executor/cuda/cudart_stub.cc:29] Ignore above cudart dlerror if you do not have a GPU set up on your machine.
2021-10-22 12:55:58.031630: W tensorflow/stream_executor/platform/default/dso_loader.cc:64] Could not load dynamic library 'libcudart.so.11.0'; dlerror: libcudart.so.11.0: cannot open shared object file: No such file or directory; LD_LIBRARY_PATH: /opt/ohpc/pub/mpi/openmpi3-gnu8/3.1.4/lib:/opt/ohpc/pub/compiler/gcc/8.3.0/lib64
2021-10-22 12:55:58.035050: W tensorflow/stream_executor/platform/default/dso_loader.cc:64] Could not load dynamic library 'libcublas.so.11'; dlerror: libcublas.so.11: cannot open shared object file: No such file or directory; LD_LIBRARY_PATH: /opt/ohpc/pub/mpi/openmpi3-gnu8/3.1.4/lib:/opt/ohpc/pub/compiler/gcc/8.3.0/lib64
2021-10-22 12:55:58.036856: W tensorflow/stream_executor/platform/default/dso_loader.cc:64] Could not load dynamic library 'libcublasLt.so.11'; dlerror: libcublasLt.so.11: cannot open shared object file: No such file or directory; LD_LIBRARY_PATH: /opt/ohpc/pub/mpi/openmpi3-gnu8/3.1.4/lib:/opt/ohpc/pub/compiler/gcc/8.3.0/lib64
2021-10-22 12:55:58.039620: W tensorflow/stream_executor/platform/default/dso_loader.cc:64] Could not load dynamic library 'libcufft.so.10'; dlerror: libcufft.so.10: cannot open shared object file: No such file or directory; LD_LIBRARY_PATH: /opt/ohpc/pub/mpi/openmpi3-gnu8/3.1.4/lib:/opt/ohpc/pub/compiler/gcc/8.3.0/lib64
2021-10-22 12:55:58.041061: W tensorflow/stream_executor/platform/default/dso_loader.cc:64] Could not load dynamic library 'libcurand.so.10'; dlerror: libcurand.so.10: cannot open shared object file: No such file or directory; LD_LIBRARY_PATH: /opt/ohpc/pub/mpi/openmpi3-gnu8/3.1.4/lib:/opt/ohpc/pub/compiler/gcc/8.3.0/lib64
2021-10-22 12:55:58.042574: W tensorflow/stream_executor/platform/default/dso_loader.cc:64] Could not load dynamic library 'libcusolver.so.11'; dlerror: libcusolver.so.11: cannot open shared object file: No such file or directory; LD_LIBRARY_PATH: /opt/ohpc/pub/mpi/openmpi3-gnu8/3.1.4/lib:/opt/ohpc/pub/compiler/gcc/8.3.0/lib64
2021-10-22 12:55:58.043936: W tensorflow/stream_executor/platform/default/dso_loader.cc:64] Could not load dynamic library 'libcusparse.so.11'; dlerror: libcusparse.so.11: cannot open shared object file: No such file or directory; LD_LIBRARY_PATH: /opt/ohpc/pub/mpi/openmpi3-gnu8/3.1.4/lib:/opt/ohpc/pub/compiler/gcc/8.3.0/lib64
2021-10-22 12:55:58.045225: W tensorflow/stream_executor/platform/default/dso_loader.cc:64] Could not load dynamic library 'libcudnn.so.8'; dlerror: libcudnn.so.8: cannot open shared object file: No such file or directory; LD_LIBRARY_PATH: /opt/ohpc/pub/mpi/openmpi3-gnu8/3.1.4/lib:/opt/ohpc/pub/compiler/gcc/8.3.0/lib64
2021-10-22 12:55:58.045268: W tensorflow/core/common_runtime/gpu/gpu_device.cc:1835] Cannot dlopen some GPU libraries. Please make sure the missing libraries mentioned above are installed properly if you would like to use GPU. Follow the guide at https://www.tensorflow.org/install/gpu for how to download and setup the required libraries for your platform.
Skipping registering GPU devices...
Input file is " 
Output file is " model2.train
Image path is " 
--------------------


input_1  re-initilized
initializing kernel weights
conv2d  could not be re-initilized (<class 'AttributeError'>, AttributeError("'NoneType' object has no attribute 'run'"), <traceback object at 0x7f75b8afa100>)
batch_normalization  re-initilized
dropout  re-initilized
initializing kernel weights
conv2d_1  could not be re-initilized (<class 'AttributeError'>, AttributeError("'NoneType' object has no attribute 'run'"), <traceback object at 0x7f75b8af9e40>)
batch_normalization_1  re-initilized
dropout_1  re-initilized
initializing kernel weights
conv2d_2  could not be re-initilized (<class 'AttributeError'>, AttributeError("'NoneType' object has no attribute 'run'"), <traceback object at 0x7f75b8af9140>)
batch_normalization_2  re-initilized
dropout_2  re-initilized
initializing kernel weights
conv2d_3  could not be re-initilized (<class 'AttributeError'>, AttributeError("'NoneType' object has no attribute 'run'"), <traceback object at 0x7f75b8bbe2c0>)
batch_normalization_3  re-initilized
dropout_3  re-initilized
initializing kernel weights
conv2d_4  could not be re-initilized (<class 'AttributeError'>, AttributeError("'NoneType' object has no attribute 'run'"), <traceback object at 0x7f75b8af39c0>)
batch_normalization_4  re-initilized
dropout_4  re-initilized
initializing kernel weights
conv2d_5  could not be re-initilized (<class 'AttributeError'>, AttributeError("'NoneType' object has no attribute 'run'"), <traceback object at 0x7f75b8af3e40>)
batch_normalization_5  re-initilized
dropout_5  re-initilized
initializing kernel weights
conv2d_6  could not be re-initilized (<class 'AttributeError'>, AttributeError("'NoneType' object has no attribute 'run'"), <traceback object at 0x7f75b8af3d40>)
batch_normalization_6  re-initilized
dropout_6  re-initilized
initializing kernel weights
conv2d_7  could not be re-initilized (<class 'AttributeError'>, AttributeError("'NoneType' object has no attribute 'run'"), <traceback object at 0x7f75b8af3ec0>)
batch_normalization_7  re-initilized
dropout_7  re-initilized
initializing kernel weights
conv2d_8  could not be re-initilized (<class 'AttributeError'>, AttributeError("'NoneType' object has no attribute 'run'"), <traceback object at 0x7f75b8af3d40>)
batch_normalization_8  re-initilized
dropout_8  re-initilized
flatten  re-initilized
flatten_5  re-initilized
initializing kernel weights
dense  could not be re-initilized (<class 'AttributeError'>, AttributeError("'NoneType' object has no attribute 'run'"), <traceback object at 0x7f75b8af3ec0>)
initializing kernel weights
dense_1  could not be re-initilized (<class 'AttributeError'>, AttributeError("'NoneType' object has no attribute 'run'"), <traceback object at 0x7f75b8af3d40>)
concatenate  re-initilized
initializing kernel weights
dense_12  could not be re-initilized (<class 'AttributeError'>, AttributeError("'NoneType' object has no attribute 'run'"), <traceback object at 0x7f75b8af3d40>)
dropout_9  re-initilized
initializing kernel weights
dense_13  could not be re-initilized (<class 'AttributeError'>, AttributeError("'NoneType' object has no attribute 'run'"), <traceback object at 0x7f75b8af3d40>)
dropout_10  re-initilized
initializing kernel weights
dense_14  could not be re-initilized (<class 'AttributeError'>, AttributeError("'NoneType' object has no attribute 'run'"), <traceback object at 0x7f75b8af3d40>)
Model: "model"
__________________________________________________________________________________________________
Layer (type)                    Output Shape         Param #     Connected to                     
==================================================================================================
input_1 (InputLayer)            [(None, 1024, 680, 3 0                                            
__________________________________________________________________________________________________
conv2d (Conv2D)                 (None, 298, 297, 32) 1115168     input_1[0][0]                    
__________________________________________________________________________________________________
batch_normalization (BatchNorma (None, 298, 297, 32) 128         conv2d[0][0]                     
__________________________________________________________________________________________________
dropout (Dropout)               (None, 298, 297, 32) 0           batch_normalization[0][0]        
__________________________________________________________________________________________________
conv2d_1 (Conv2D)               (None, 117, 116, 64) 8921152     dropout[0][0]                    
__________________________________________________________________________________________________
batch_normalization_1 (BatchNor (None, 117, 116, 64) 256         conv2d_1[0][0]                   
__________________________________________________________________________________________________
dropout_1 (Dropout)             (None, 117, 116, 64) 0           batch_normalization_1[0][0]      
__________________________________________________________________________________________________
conv2d_2 (Conv2D)               (None, 51, 51, 128)  2097280     dropout_1[0][0]                  
__________________________________________________________________________________________________
batch_normalization_2 (BatchNor (None, 51, 51, 128)  512         conv2d_2[0][0]                   
__________________________________________________________________________________________________
dropout_2 (Dropout)             (None, 51, 51, 128)  0           batch_normalization_2[0][0]      
__________________________________________________________________________________________________
conv2d_3 (Conv2D)               (None, 23, 23, 256)  1605888     dropout_2[0][0]                  
__________________________________________________________________________________________________
batch_normalization_3 (BatchNor (None, 23, 23, 256)  1024        conv2d_3[0][0]                   
__________________________________________________________________________________________________
dropout_3 (Dropout)             (None, 23, 23, 256)  0           batch_normalization_3[0][0]      
__________________________________________________________________________________________________
conv2d_4 (Conv2D)               (None, 21, 21, 512)  1180160     dropout_3[0][0]                  
__________________________________________________________________________________________________
batch_normalization_4 (BatchNor (None, 21, 21, 512)  2048        conv2d_4[0][0]                   
__________________________________________________________________________________________________
dropout_4 (Dropout)             (None, 21, 21, 512)  0           batch_normalization_4[0][0]      
__________________________________________________________________________________________________
conv2d_5 (Conv2D)               (None, 20, 20, 256)  524544      dropout_4[0][0]                  
__________________________________________________________________________________________________
batch_normalization_5 (BatchNor (None, 20, 20, 256)  1024        conv2d_5[0][0]                   
__________________________________________________________________________________________________
dropout_5 (Dropout)             (None, 20, 20, 256)  0           batch_normalization_5[0][0]      
__________________________________________________________________________________________________
conv2d_6 (Conv2D)               (None, 19, 19, 128)  131200      dropout_5[0][0]                  
__________________________________________________________________________________________________
batch_normalization_6 (BatchNor (None, 19, 19, 128)  512         conv2d_6[0][0]                   
__________________________________________________________________________________________________
dropout_6 (Dropout)             (None, 19, 19, 128)  0           batch_normalization_6[0][0]      
__________________________________________________________________________________________________
conv2d_7 (Conv2D)               (None, 18, 18, 64)   32832       dropout_6[0][0]                  
__________________________________________________________________________________________________
batch_normalization_7 (BatchNor (None, 18, 18, 64)   256         conv2d_7[0][0]                   
__________________________________________________________________________________________________
dropout_7 (Dropout)             (None, 18, 18, 64)   0           batch_normalization_7[0][0]      
__________________________________________________________________________________________________
conv2d_8 (Conv2D)               (None, 17, 17, 64)   16448       dropout_7[0][0]                  
__________________________________________________________________________________________________
batch_normalization_8 (BatchNor (None, 17, 17, 64)   256         conv2d_8[0][0]                   
__________________________________________________________________________________________________
dropout_8 (Dropout)             (None, 17, 17, 64)   0           batch_normalization_8[0][0]      
__________________________________________________________________________________________________
flatten (Flatten)               (None, 2832192)      0           dropout[0][0]                    
__________________________________________________________________________________________________
flatten_5 (Flatten)             (None, 18496)        0           dropout_8[0][0]                  
__________________________________________________________________________________________________
dense (Dense)                   (None, 5)            14160965    flatten[0][0]                    
__________________________________________________________________________________________________
dense_1 (Dense)                 (None, 128)          2367616     flatten_5[0][0]                  
__________________________________________________________________________________________________
concatenate (Concatenate)       (None, 133)          0           dense[0][0]                      
                                                                 dense_1[0][0]                    
__________________________________________________________________________________________________
dense_12 (Dense)                (None, 256)          34304       concatenate[0][0]                
__________________________________________________________________________________________________
dropout_9 (Dropout)             (None, 256)          0           dense_12[0][0]                   
__________________________________________________________________________________________________
dense_13 (Dense)                (None, 128)          32896       dropout_9[0][0]                  
__________________________________________________________________________________________________
dropout_10 (Dropout)            (None, 128)          0           dense_13[0][0]                   
__________________________________________________________________________________________________
dense_14 (Dense)                (None, 1)            129         dropout_10[0][0]                 
==================================================================================================
Total params: 32,226,598
Trainable params: 32,223,590
Non-trainable params: 3,008
__________________________________________________________________________________________________
None
/mnt/beegfs/home/agolchub/miniconda3/lib/python3.8/site-packages/keras/optimizer_v2/optimizer_v2.py:355: UserWarning: The `lr` argument is deprecated, use `learning_rate` instead.
  warnings.warn(
Traceback (most recent call last):
  File "./train.py", line 422, in <module>
    main(sys.argv[1:])
  File "./train.py", line 418, in main
    train(modelin,modelout,imagepath,epochs,batch_size,lr,decay,nesterov,checkpoint_filepath,train_path,val_path,transfer_learning,randomize_weights,use_resnet,special_model,build_only)
  File "./train.py", line 301, in train
    tf.keras.utils.plot_model(model, to_file=img_file, show_shapes=True, show_layer_names=True)
  File "/mnt/beegfs/home/agolchub/miniconda3/lib/python3.8/site-packages/keras/utils/vis_utils.py", line 384, in plot_model
    dot = model_to_dot(
  File "/mnt/beegfs/home/agolchub/miniconda3/lib/python3.8/site-packages/keras/utils/vis_utils.py", line 150, in model_to_dot
    raise ImportError(message)
ImportError: ('You must install pydot (`pip install pydot`) and install graphviz (see instructions at https://graphviz.gitlab.io/download/) ', 'for plot_model/model_to_dot to work.')
srun: error: node030: task 0: Exited with exit code 1
