Requirement already satisfied: tensorflow-gpu==2.6 in /mnt/beegfs/home/agolchub/miniconda3/lib/python3.8/site-packages (2.6.0)
Requirement already satisfied: clang~=5.0 in /mnt/beegfs/home/agolchub/miniconda3/lib/python3.8/site-packages (from tensorflow-gpu==2.6) (5.0)
Requirement already satisfied: keras-preprocessing~=1.1.2 in /mnt/beegfs/home/agolchub/miniconda3/lib/python3.8/site-packages (from tensorflow-gpu==2.6) (1.1.2)
Requirement already satisfied: wrapt~=1.12.1 in /mnt/beegfs/home/agolchub/miniconda3/lib/python3.8/site-packages (from tensorflow-gpu==2.6) (1.12.1)
Requirement already satisfied: grpcio<2.0,>=1.37.0 in /mnt/beegfs/home/agolchub/miniconda3/lib/python3.8/site-packages (from tensorflow-gpu==2.6) (1.41.0)
Requirement already satisfied: astunparse~=1.6.3 in /mnt/beegfs/home/agolchub/miniconda3/lib/python3.8/site-packages (from tensorflow-gpu==2.6) (1.6.3)
Requirement already satisfied: tensorflow-estimator~=2.6 in /mnt/beegfs/home/agolchub/miniconda3/lib/python3.8/site-packages (from tensorflow-gpu==2.6) (2.6.0)
Requirement already satisfied: absl-py~=0.10 in /mnt/beegfs/home/agolchub/miniconda3/lib/python3.8/site-packages (from tensorflow-gpu==2.6) (0.15.0)
Requirement already satisfied: wheel~=0.35 in /mnt/beegfs/home/agolchub/miniconda3/lib/python3.8/site-packages (from tensorflow-gpu==2.6) (0.35.1)
Requirement already satisfied: six~=1.15.0 in /mnt/beegfs/home/agolchub/miniconda3/lib/python3.8/site-packages (from tensorflow-gpu==2.6) (1.15.0)
Requirement already satisfied: gast==0.4.0 in /mnt/beegfs/home/agolchub/miniconda3/lib/python3.8/site-packages (from tensorflow-gpu==2.6) (0.4.0)
Requirement already satisfied: flatbuffers~=1.12.0 in /mnt/beegfs/home/agolchub/miniconda3/lib/python3.8/site-packages (from tensorflow-gpu==2.6) (1.12)
Requirement already satisfied: opt-einsum~=3.3.0 in /mnt/beegfs/home/agolchub/miniconda3/lib/python3.8/site-packages (from tensorflow-gpu==2.6) (3.3.0)
Requirement already satisfied: google-pasta~=0.2 in /mnt/beegfs/home/agolchub/miniconda3/lib/python3.8/site-packages (from tensorflow-gpu==2.6) (0.2.0)
Requirement already satisfied: tensorboard~=2.6 in /mnt/beegfs/home/agolchub/miniconda3/lib/python3.8/site-packages (from tensorflow-gpu==2.6) (2.7.0)
Requirement already satisfied: typing-extensions~=3.7.4 in /mnt/beegfs/home/agolchub/miniconda3/lib/python3.8/site-packages (from tensorflow-gpu==2.6) (3.7.4.3)
Requirement already satisfied: numpy~=1.19.2 in /mnt/beegfs/home/agolchub/miniconda3/lib/python3.8/site-packages (from tensorflow-gpu==2.6) (1.19.5)
Requirement already satisfied: protobuf>=3.9.2 in /mnt/beegfs/home/agolchub/miniconda3/lib/python3.8/site-packages (from tensorflow-gpu==2.6) (3.19.0)
Requirement already satisfied: termcolor~=1.1.0 in /mnt/beegfs/home/agolchub/miniconda3/lib/python3.8/site-packages (from tensorflow-gpu==2.6) (1.1.0)
Requirement already satisfied: h5py~=3.1.0 in /mnt/beegfs/home/agolchub/miniconda3/lib/python3.8/site-packages (from tensorflow-gpu==2.6) (3.1.0)
Requirement already satisfied: keras~=2.6 in /mnt/beegfs/home/agolchub/miniconda3/lib/python3.8/site-packages (from tensorflow-gpu==2.6) (2.6.0)
Requirement already satisfied: tensorboard-plugin-wit>=1.6.0 in /mnt/beegfs/home/agolchub/miniconda3/lib/python3.8/site-packages (from tensorboard~=2.6->tensorflow-gpu==2.6) (1.8.0)
Requirement already satisfied: werkzeug>=0.11.15 in /mnt/beegfs/home/agolchub/miniconda3/lib/python3.8/site-packages (from tensorboard~=2.6->tensorflow-gpu==2.6) (2.0.2)
Requirement already satisfied: markdown>=2.6.8 in /mnt/beegfs/home/agolchub/miniconda3/lib/python3.8/site-packages (from tensorboard~=2.6->tensorflow-gpu==2.6) (3.3.4)
Requirement already satisfied: google-auth<3,>=1.6.3 in /mnt/beegfs/home/agolchub/miniconda3/lib/python3.8/site-packages (from tensorboard~=2.6->tensorflow-gpu==2.6) (2.3.0)
Requirement already satisfied: google-auth-oauthlib<0.5,>=0.4.1 in /mnt/beegfs/home/agolchub/miniconda3/lib/python3.8/site-packages (from tensorboard~=2.6->tensorflow-gpu==2.6) (0.4.6)
Requirement already satisfied: setuptools>=41.0.0 in /mnt/beegfs/home/agolchub/miniconda3/lib/python3.8/site-packages (from tensorboard~=2.6->tensorflow-gpu==2.6) (50.3.1.post20201107)
Requirement already satisfied: tensorboard-data-server<0.7.0,>=0.6.0 in /mnt/beegfs/home/agolchub/miniconda3/lib/python3.8/site-packages (from tensorboard~=2.6->tensorflow-gpu==2.6) (0.6.1)
Requirement already satisfied: requests<3,>=2.21.0 in /mnt/beegfs/home/agolchub/miniconda3/lib/python3.8/site-packages (from tensorboard~=2.6->tensorflow-gpu==2.6) (2.24.0)
Requirement already satisfied: cachetools<5.0,>=2.0.0 in /mnt/beegfs/home/agolchub/miniconda3/lib/python3.8/site-packages (from google-auth<3,>=1.6.3->tensorboard~=2.6->tensorflow-gpu==2.6) (4.2.4)
Requirement already satisfied: pyasn1-modules>=0.2.1 in /mnt/beegfs/home/agolchub/miniconda3/lib/python3.8/site-packages (from google-auth<3,>=1.6.3->tensorboard~=2.6->tensorflow-gpu==2.6) (0.2.8)
Requirement already satisfied: rsa<5,>=3.1.4 in /mnt/beegfs/home/agolchub/miniconda3/lib/python3.8/site-packages (from google-auth<3,>=1.6.3->tensorboard~=2.6->tensorflow-gpu==2.6) (4.7.2)
Requirement already satisfied: requests-oauthlib>=0.7.0 in /mnt/beegfs/home/agolchub/miniconda3/lib/python3.8/site-packages (from google-auth-oauthlib<0.5,>=0.4.1->tensorboard~=2.6->tensorflow-gpu==2.6) (1.3.0)
Requirement already satisfied: idna<3,>=2.5 in /mnt/beegfs/home/agolchub/miniconda3/lib/python3.8/site-packages (from requests<3,>=2.21.0->tensorboard~=2.6->tensorflow-gpu==2.6) (2.10)
Requirement already satisfied: chardet<4,>=3.0.2 in /mnt/beegfs/home/agolchub/miniconda3/lib/python3.8/site-packages (from requests<3,>=2.21.0->tensorboard~=2.6->tensorflow-gpu==2.6) (3.0.4)
Requirement already satisfied: urllib3!=1.25.0,!=1.25.1,<1.26,>=1.21.1 in /mnt/beegfs/home/agolchub/miniconda3/lib/python3.8/site-packages (from requests<3,>=2.21.0->tensorboard~=2.6->tensorflow-gpu==2.6) (1.25.11)
Requirement already satisfied: certifi>=2017.4.17 in /mnt/beegfs/home/agolchub/miniconda3/lib/python3.8/site-packages (from requests<3,>=2.21.0->tensorboard~=2.6->tensorflow-gpu==2.6) (2020.6.20)
Requirement already satisfied: pyasn1<0.5.0,>=0.4.6 in /mnt/beegfs/home/agolchub/miniconda3/lib/python3.8/site-packages (from pyasn1-modules>=0.2.1->google-auth<3,>=1.6.3->tensorboard~=2.6->tensorflow-gpu==2.6) (0.4.8)
Requirement already satisfied: oauthlib>=3.0.0 in /mnt/beegfs/home/agolchub/miniconda3/lib/python3.8/site-packages (from requests-oauthlib>=0.7.0->google-auth-oauthlib<0.5,>=0.4.1->tensorboard~=2.6->tensorflow-gpu==2.6) (3.1.1)
Requirement already satisfied: scikit-learn in /mnt/beegfs/home/agolchub/miniconda3/lib/python3.8/site-packages (1.0)
Requirement already satisfied: scipy>=1.1.0 in /mnt/beegfs/home/agolchub/miniconda3/lib/python3.8/site-packages (from scikit-learn) (1.7.1)
Requirement already satisfied: joblib>=0.11 in /mnt/beegfs/home/agolchub/miniconda3/lib/python3.8/site-packages (from scikit-learn) (1.1.0)
Requirement already satisfied: numpy>=1.14.6 in /mnt/beegfs/home/agolchub/miniconda3/lib/python3.8/site-packages (from scikit-learn) (1.19.5)
Requirement already satisfied: threadpoolctl>=2.0.0 in /mnt/beegfs/home/agolchub/miniconda3/lib/python3.8/site-packages (from scikit-learn) (3.0.0)
Requirement already satisfied: scikit-image in /mnt/beegfs/home/agolchub/miniconda3/lib/python3.8/site-packages (0.18.3)
Requirement already satisfied: matplotlib!=3.0.0,>=2.0.0 in /mnt/beegfs/home/agolchub/miniconda3/lib/python3.8/site-packages (from scikit-image) (3.4.3)
Requirement already satisfied: networkx>=2.0 in /mnt/beegfs/home/agolchub/miniconda3/lib/python3.8/site-packages (from scikit-image) (2.6.3)
Requirement already satisfied: PyWavelets>=1.1.1 in /mnt/beegfs/home/agolchub/miniconda3/lib/python3.8/site-packages (from scikit-image) (1.1.1)
Requirement already satisfied: scipy>=1.0.1 in /mnt/beegfs/home/agolchub/miniconda3/lib/python3.8/site-packages (from scikit-image) (1.7.1)
Requirement already satisfied: tifffile>=2019.7.26 in /mnt/beegfs/home/agolchub/miniconda3/lib/python3.8/site-packages (from scikit-image) (2021.10.12)
Requirement already satisfied: pillow!=7.1.0,!=7.1.1,>=4.3.0 in /mnt/beegfs/home/agolchub/miniconda3/lib/python3.8/site-packages (from scikit-image) (8.4.0)
Requirement already satisfied: imageio>=2.3.0 in /mnt/beegfs/home/agolchub/miniconda3/lib/python3.8/site-packages (from scikit-image) (2.9.0)
Requirement already satisfied: numpy>=1.16.5 in /mnt/beegfs/home/agolchub/miniconda3/lib/python3.8/site-packages (from scikit-image) (1.19.5)
Requirement already satisfied: python-dateutil>=2.7 in /mnt/beegfs/home/agolchub/miniconda3/lib/python3.8/site-packages (from matplotlib!=3.0.0,>=2.0.0->scikit-image) (2.8.2)
Requirement already satisfied: cycler>=0.10 in /mnt/beegfs/home/agolchub/miniconda3/lib/python3.8/site-packages (from matplotlib!=3.0.0,>=2.0.0->scikit-image) (0.10.0)
Requirement already satisfied: pyparsing>=2.2.1 in /mnt/beegfs/home/agolchub/miniconda3/lib/python3.8/site-packages (from matplotlib!=3.0.0,>=2.0.0->scikit-image) (2.4.7)
Requirement already satisfied: kiwisolver>=1.0.1 in /mnt/beegfs/home/agolchub/miniconda3/lib/python3.8/site-packages (from matplotlib!=3.0.0,>=2.0.0->scikit-image) (1.3.2)
Requirement already satisfied: six>=1.5 in /mnt/beegfs/home/agolchub/miniconda3/lib/python3.8/site-packages (from python-dateutil>=2.7->matplotlib!=3.0.0,>=2.0.0->scikit-image) (1.15.0)
2021-10-22 13:48:41.192655: W tensorflow/stream_executor/platform/default/dso_loader.cc:64] Could not load dynamic library 'libcudart.so.11.0'; dlerror: libcudart.so.11.0: cannot open shared object file: No such file or directory; LD_LIBRARY_PATH: /opt/ohpc/pub/mpi/openmpi3-gnu8/3.1.4/lib:/opt/ohpc/pub/compiler/gcc/8.3.0/lib64
2021-10-22 13:48:41.192715: I tensorflow/stream_executor/cuda/cudart_stub.cc:29] Ignore above cudart dlerror if you do not have a GPU set up on your machine.
2021-10-22 13:48:50.054384: E tensorflow/stream_executor/cuda/cuda_driver.cc:271] failed call to cuInit: CUDA_ERROR_NO_DEVICE: no CUDA-capable device is detected
2021-10-22 13:48:50.054450: I tensorflow/stream_executor/cuda/cuda_diagnostics.cc:169] retrieving CUDA diagnostic information for host: nodegpu002.hpc.fau.edu
2021-10-22 13:48:50.054462: I tensorflow/stream_executor/cuda/cuda_diagnostics.cc:176] hostname: nodegpu002.hpc.fau.edu
2021-10-22 13:48:50.054550: I tensorflow/stream_executor/cuda/cuda_diagnostics.cc:200] libcuda reported version is: 460.32.3
2021-10-22 13:48:50.054592: I tensorflow/stream_executor/cuda/cuda_diagnostics.cc:204] kernel reported version is: 460.32.3
2021-10-22 13:48:50.054604: I tensorflow/stream_executor/cuda/cuda_diagnostics.cc:310] kernel version seems to match DSO: 460.32.3
2021-10-22 13:48:50.054961: I tensorflow/core/platform/cpu_feature_guard.cc:142] This TensorFlow binary is optimized with oneAPI Deep Neural Network Library (oneDNN) to use the following CPU instructions in performance-critical operations:  AVX2 FMA
To enable them in other operations, rebuild TensorFlow with the appropriate compiler flags.
Input file is " 
Output file is " model2.train
Image path is " 
--------------------


input_1  re-initilized
initializing kernel weights
conv2d  could not be re-initilized (<class 'AttributeError'>, AttributeError("'NoneType' object has no attribute 'run'"), <traceback object at 0x7f8dec3b5f80>)
batch_normalization  re-initilized
dropout  re-initilized
initializing kernel weights
conv2d_1  could not be re-initilized (<class 'AttributeError'>, AttributeError("'NoneType' object has no attribute 'run'"), <traceback object at 0x7f8dec3b5ec0>)
batch_normalization_1  re-initilized
dropout_1  re-initilized
initializing kernel weights
conv2d_2  could not be re-initilized (<class 'AttributeError'>, AttributeError("'NoneType' object has no attribute 'run'"), <traceback object at 0x7f8dec3b5a00>)
batch_normalization_2  re-initilized
dropout_2  re-initilized
initializing kernel weights
conv2d_3  could not be re-initilized (<class 'AttributeError'>, AttributeError("'NoneType' object has no attribute 'run'"), <traceback object at 0x7f8dec488240>)
batch_normalization_3  re-initilized
dropout_3  re-initilized
initializing kernel weights
conv2d_4  could not be re-initilized (<class 'AttributeError'>, AttributeError("'NoneType' object has no attribute 'run'"), <traceback object at 0x7f8dec3b0540>)
batch_normalization_4  re-initilized
dropout_4  re-initilized
initializing kernel weights
conv2d_5  could not be re-initilized (<class 'AttributeError'>, AttributeError("'NoneType' object has no attribute 'run'"), <traceback object at 0x7f8dec3b0380>)
batch_normalization_5  re-initilized
dropout_5  re-initilized
initializing kernel weights
conv2d_6  could not be re-initilized (<class 'AttributeError'>, AttributeError("'NoneType' object has no attribute 'run'"), <traceback object at 0x7f8dec3b3b40>)
batch_normalization_6  re-initilized
dropout_6  re-initilized
initializing kernel weights
conv2d_7  could not be re-initilized (<class 'AttributeError'>, AttributeError("'NoneType' object has no attribute 'run'"), <traceback object at 0x7f8dec3b3e40>)
batch_normalization_7  re-initilized
dropout_7  re-initilized
initializing kernel weights
conv2d_8  could not be re-initilized (<class 'AttributeError'>, AttributeError("'NoneType' object has no attribute 'run'"), <traceback object at 0x7f8dec3b3b40>)
batch_normalization_8  re-initilized
dropout_8  re-initilized
flatten  re-initilized
flatten_5  re-initilized
initializing kernel weights
dense  could not be re-initilized (<class 'AttributeError'>, AttributeError("'NoneType' object has no attribute 'run'"), <traceback object at 0x7f8dec3b3e40>)
initializing kernel weights
dense_1  could not be re-initilized (<class 'AttributeError'>, AttributeError("'NoneType' object has no attribute 'run'"), <traceback object at 0x7f8dec3b3b40>)
concatenate  re-initilized
initializing kernel weights
dense_12  could not be re-initilized (<class 'AttributeError'>, AttributeError("'NoneType' object has no attribute 'run'"), <traceback object at 0x7f8dec3b3b40>)
dropout_9  re-initilized
initializing kernel weights
dense_13  could not be re-initilized (<class 'AttributeError'>, AttributeError("'NoneType' object has no attribute 'run'"), <traceback object at 0x7f8dec3b3b40>)
dropout_10  re-initilized
initializing kernel weights
dense_14  could not be re-initilized (<class 'AttributeError'>, AttributeError("'NoneType' object has no attribute 'run'"), <traceback object at 0x7f8dec3b3b40>)
Model: "model"
__________________________________________________________________________________________________
Layer (type)                    Output Shape         Param #     Connected to                     
==================================================================================================
input_1 (InputLayer)            [(None, 1024, 680, 3 0                                            
__________________________________________________________________________________________________
conv2d (Conv2D)                 (None, 298, 297, 32) 1115168     input_1[0][0]                    
__________________________________________________________________________________________________
batch_normalization (BatchNorma (None, 298, 297, 32) 128         conv2d[0][0]                     
__________________________________________________________________________________________________
dropout (Dropout)               (None, 298, 297, 32) 0           batch_normalization[0][0]        
__________________________________________________________________________________________________
conv2d_1 (Conv2D)               (None, 117, 116, 64) 8921152     dropout[0][0]                    
__________________________________________________________________________________________________
batch_normalization_1 (BatchNor (None, 117, 116, 64) 256         conv2d_1[0][0]                   
__________________________________________________________________________________________________
dropout_1 (Dropout)             (None, 117, 116, 64) 0           batch_normalization_1[0][0]      
__________________________________________________________________________________________________
conv2d_2 (Conv2D)               (None, 51, 51, 128)  2097280     dropout_1[0][0]                  
__________________________________________________________________________________________________
batch_normalization_2 (BatchNor (None, 51, 51, 128)  512         conv2d_2[0][0]                   
__________________________________________________________________________________________________
dropout_2 (Dropout)             (None, 51, 51, 128)  0           batch_normalization_2[0][0]      
__________________________________________________________________________________________________
conv2d_3 (Conv2D)               (None, 23, 23, 256)  1605888     dropout_2[0][0]                  
__________________________________________________________________________________________________
batch_normalization_3 (BatchNor (None, 23, 23, 256)  1024        conv2d_3[0][0]                   
__________________________________________________________________________________________________
dropout_3 (Dropout)             (None, 23, 23, 256)  0           batch_normalization_3[0][0]      
__________________________________________________________________________________________________
conv2d_4 (Conv2D)               (None, 21, 21, 512)  1180160     dropout_3[0][0]                  
__________________________________________________________________________________________________
batch_normalization_4 (BatchNor (None, 21, 21, 512)  2048        conv2d_4[0][0]                   
__________________________________________________________________________________________________
dropout_4 (Dropout)             (None, 21, 21, 512)  0           batch_normalization_4[0][0]      
__________________________________________________________________________________________________
conv2d_5 (Conv2D)               (None, 20, 20, 256)  524544      dropout_4[0][0]                  
__________________________________________________________________________________________________
batch_normalization_5 (BatchNor (None, 20, 20, 256)  1024        conv2d_5[0][0]                   
__________________________________________________________________________________________________
dropout_5 (Dropout)             (None, 20, 20, 256)  0           batch_normalization_5[0][0]      
__________________________________________________________________________________________________
conv2d_6 (Conv2D)               (None, 19, 19, 128)  131200      dropout_5[0][0]                  
__________________________________________________________________________________________________
batch_normalization_6 (BatchNor (None, 19, 19, 128)  512         conv2d_6[0][0]                   
__________________________________________________________________________________________________
dropout_6 (Dropout)             (None, 19, 19, 128)  0           batch_normalization_6[0][0]      
__________________________________________________________________________________________________
2021-10-22 13:48:51.512244: I tensorflow/compiler/mlir/mlir_graph_optimization_pass.cc:185] None of the MLIR Optimization Passes are enabled (registered 2)
conv2d_7 (Conv2D)               (None, 18, 18, 64)   32832       dropout_6[0][0]                  
__________________________________________________________________________________________________
batch_normalization_7 (BatchNor (None, 18, 18, 64)   256         conv2d_7[0][0]                   
__________________________________________________________________________________________________
dropout_7 (Dropout)             (None, 18, 18, 64)   0           batch_normalization_7[0][0]      
__________________________________________________________________________________________________
conv2d_8 (Conv2D)               (None, 17, 17, 64)   16448       dropout_7[0][0]                  
__________________________________________________________________________________________________
batch_normalization_8 (BatchNor (None, 17, 17, 64)   256         conv2d_8[0][0]                   
__________________________________________________________________________________________________
dropout_8 (Dropout)             (None, 17, 17, 64)   0           batch_normalization_8[0][0]      
__________________________________________________________________________________________________
flatten (Flatten)               (None, 2832192)      0           dropout[0][0]                    
__________________________________________________________________________________________________
flatten_5 (Flatten)             (None, 18496)        0           dropout_8[0][0]                  
__________________________________________________________________________________________________
dense (Dense)                   (None, 5)            14160965    flatten[0][0]                    
__________________________________________________________________________________________________
dense_1 (Dense)                 (None, 128)          2367616     flatten_5[0][0]                  
__________________________________________________________________________________________________
concatenate (Concatenate)       (None, 133)          0           dense[0][0]                      
                                                                 dense_1[0][0]                    
__________________________________________________________________________________________________
dense_12 (Dense)                (None, 256)          34304       concatenate[0][0]                
__________________________________________________________________________________________________
dropout_9 (Dropout)             (None, 256)          0           dense_12[0][0]                   
__________________________________________________________________________________________________
dense_13 (Dense)                (None, 128)          32896       dropout_9[0][0]                  
__________________________________________________________________________________________________
dropout_10 (Dropout)            (None, 128)          0           dense_13[0][0]                   
__________________________________________________________________________________________________
dense_14 (Dense)                (None, 1)            129         dropout_10[0][0]                 
==================================================================================================
Total params: 32,226,598
Trainable params: 32,223,590
Non-trainable params: 3,008
__________________________________________________________________________________________________
None
slurmstepd: error: *** STEP 796305.0 ON nodegpu002 CANCELLED AT 2021-10-22T14:01:19 ***
slurmstepd: error: *** JOB 796305 ON nodegpu002 CANCELLED AT 2021-10-22T14:01:19 ***
srun: got SIGCONT
srun: forcing job termination
srun: Job step aborted: Waiting up to 32 seconds for job step to finish.
