2021-10-26 11:47:35.307903: I tensorflow/core/platform/cpu_feature_guard.cc:142] This TensorFlow binary is optimized with oneAPI Deep Neural Network Library (oneDNN) to use the following CPU instructions in performance-critical operations:  AVX2 FMA
To enable them in other operations, rebuild TensorFlow with the appropriate compiler flags.
2021-10-26 11:47:36.129319: I tensorflow/core/common_runtime/gpu/gpu_device.cc:1510] Created device /job:localhost/replica:0/task:0/device:GPU:0 with 38426 MB memory:  -> device: 0, name: A100-PCIE-40GB, pci bus id: 0000:21:00.0, compute capability: 8.0
Input file is " ./agnet.model.3.checkpoint
Output file is " 
Image path is " ./databaserelease2/NatureDataset2/test
--------------------


Model Loaded
Model: "model"
__________________________________________________________________________________________________
Layer (type)                    Output Shape         Param #     Connected to                     
==================================================================================================
input_1 (InputLayer)            [(None, 1024, 680, 3 0                                            
__________________________________________________________________________________________________
conv2d (Conv2D)                 (None, 298, 297, 32) 1115168     input_1[0][0]                    
__________________________________________________________________________________________________
batch_normalization (BatchNorma (None, 298, 297, 32) 128         conv2d[0][0]                     
__________________________________________________________________________________________________
dropout (Dropout)               (None, 298, 297, 32) 0           batch_normalization[0][0]        
__________________________________________________________________________________________________
conv2d_1 (Conv2D)               (None, 117, 116, 64) 8921152     dropout[0][0]                    
__________________________________________________________________________________________________
batch_normalization_1 (BatchNor (None, 117, 116, 64) 256         conv2d_1[0][0]                   
__________________________________________________________________________________________________
dropout_1 (Dropout)             (None, 117, 116, 64) 0           batch_normalization_1[0][0]      
__________________________________________________________________________________________________
conv2d_2 (Conv2D)               (None, 51, 51, 128)  2097280     dropout_1[0][0]                  
__________________________________________________________________________________________________
batch_normalization_2 (BatchNor (None, 51, 51, 128)  512         conv2d_2[0][0]                   
__________________________________________________________________________________________________
dropout_2 (Dropout)             (None, 51, 51, 128)  0           batch_normalization_2[0][0]      
__________________________________________________________________________________________________
conv2d_3 (Conv2D)               (None, 23, 23, 256)  1605888     dropout_2[0][0]                  
__________________________________________________________________________________________________
batch_normalization_3 (BatchNor (None, 23, 23, 256)  1024        conv2d_3[0][0]                   
__________________________________________________________________________________________________
dropout_3 (Dropout)             (None, 23, 23, 256)  0           batch_normalization_3[0][0]      
__________________________________________________________________________________________________
conv2d_4 (Conv2D)               (None, 21, 21, 512)  1180160     dropout_3[0][0]                  
__________________________________________________________________________________________________
batch_normalization_4 (BatchNor (None, 21, 21, 512)  2048        conv2d_4[0][0]                   
__________________________________________________________________________________________________
dropout_4 (Dropout)             (None, 21, 21, 512)  0           batch_normalization_4[0][0]      
__________________________________________________________________________________________________
conv2d_5 (Conv2D)               (None, 20, 20, 256)  524544      dropout_4[0][0]                  
__________________________________________________________________________________________________
batch_normalization_5 (BatchNor (None, 20, 20, 256)  1024        conv2d_5[0][0]                   
__________________________________________________________________________________________________
dropout_5 (Dropout)             (None, 20, 20, 256)  0           batch_normalization_5[0][0]      
__________________________________________________________________________________________________
conv2d_6 (Conv2D)               (None, 19, 19, 128)  131200      dropout_5[0][0]                  
__________________________________________________________________________________________________
batch_normalization_6 (BatchNor (None, 19, 19, 128)  512         conv2d_6[0][0]                   
__________________________________________________________________________________________________
dropout_6 (Dropout)             (None, 19, 19, 128)  0           batch_normalization_6[0][0]      
__________________________________________________________________________________________________
conv2d_7 (Conv2D)               (None, 18, 18, 64)   32832       dropout_6[0][0]                  
__________________________________________________________________________________________________
batch_normalization_7 (BatchNor (None, 18, 18, 64)   256         conv2d_7[0][0]                   
__________________________________________________________________________________________________
dropout_7 (Dropout)             (None, 18, 18, 64)   0           batch_normalization_7[0][0]      
__________________________________________________________________________________________________
conv2d_8 (Conv2D)               (None, 17, 17, 64)   16448       dropout_7[0][0]                  
__________________________________________________________________________________________________
batch_normalization_8 (BatchNor (None, 17, 17, 64)   256         conv2d_8[0][0]                   
__________________________________________________________________________________________________
dropout_8 (Dropout)             (None, 17, 17, 64)   0           batch_normalization_8[0][0]      
__________________________________________________________________________________________________
flatten (Flatten)               (None, 2832192)      0           dropout[0][0]                    
__________________________________________________________________________________________________
flatten_1 (Flatten)             (None, 868608)       0           dropout_1[0][0]                  
__________________________________________________________________________________________________
flatten_2 (Flatten)             (None, 332928)       0           dropout_2[0][0]                  
__________________________________________________________________________________________________
flatten_3 (Flatten)             (None, 135424)       0           dropout_3[0][0]                  
__________________________________________________________________________________________________
flatten_4 (Flatten)             (None, 225792)       0           dropout_4[0][0]                  
__________________________________________________________________________________________________
flatten_5 (Flatten)             (None, 102400)       0           dropout_5[0][0]                  
__________________________________________________________________________________________________
flatten_6 (Flatten)             (None, 46208)        0           dropout_6[0][0]                  
__________________________________________________________________________________________________
flatten_7 (Flatten)             (None, 20736)        0           dropout_7[0][0]                  
__________________________________________________________________________________________________
flatten_8 (Flatten)             (None, 18496)        0           dropout_8[0][0]                  
__________________________________________________________________________________________________
dense (Dense)                   (None, 5)            14160965    flatten[0][0]                    
__________________________________________________________________________________________________
dense_1 (Dense)                 (None, 5)            4343045     flatten_1[0][0]                  
__________________________________________________________________________________________________
dense_2 (Dense)                 (None, 5)            1664645     flatten_2[0][0]                  
__________________________________________________________________________________________________
dense_3 (Dense)                 (None, 5)            677125      flatten_3[0][0]                  
__________________________________________________________________________________________________
dense_4 (Dense)                 (None, 5)            1128965     flatten_4[0][0]                  
__________________________________________________________________________________________________
dense_5 (Dense)                 (None, 5)            512005      flatten_5[0][0]                  
__________________________________________________________________________________________________
dense_6 (Dense)                 (None, 5)            231045      flatten_6[0][0]                  
__________________________________________________________________________________________________
dense_7 (Dense)                 (None, 5)            103685      flatten_7[0][0]                  
__________________________________________________________________________________________________
dense_8 (Dense)                 (None, 128)          2367616     flatten_8[0][0]                  
__________________________________________________________________________________________________
concatenate (Concatenate)       (None, 168)          0           dense[0][0]                      
                                                                 dense_1[0][0]                    
                                                                 dense_2[0][0]                    
                                                                 dense_3[0][0]                    
                                                                 dense_4[0][0]                    
                                                                 dense_5[0][0]                    
                                                                 dense_6[0][0]                    
                                                                 dense_7[0][0]                    
                                                                 dense_8[0][0]                    
__________________________________________________________________________________________________
dense_9 (Dense)                 (None, 256)          43264       concatenate[0][0]                
__________________________________________________________________________________________________
dropout_9 (Dropout)             (None, 256)          0           dense_9[0][0]                    
__________________________________________________________________________________________________
dense_10 (Dense)                (None, 128)          32896       dropout_9[0][0]                  
__________________________________________________________________________________________________
dropout_10 (Dropout)            (None, 128)          0           dense_10[0][0]                   
__________________________________________________________________________________________________
dense_11 (Dense)                (None, 10)           1290        dropout_10[0][0]                 
==================================================================================================
Total params: 40,897,234
Trainable params: 40,894,226
Non-trainable params: 3,008
__________________________________________________________________________________________________
None
Adding Images: Reading ./databaserelease2/NatureDataset2/test/1-waters511.jpg
[1, 0, 0, 0, 0, 0, 0, 0, 0, 0]
Reading ./databaserelease2/NatureDataset2/test/1-waters524.jpg
[1, 0, 0, 0, 0, 0, 0, 0, 0, 0]
Reading ./databaserelease2/NatureDataset2/test/1-waters530.jpg
[1, 0, 0, 0, 0, 0, 0, 0, 0, 0]
Reading ./databaserelease2/NatureDataset2/test/1-waters544.jpg
[1, 0, 0, 0, 0, 0, 0, 0, 0, 0]
Reading ./databaserelease2/NatureDataset2/test/1-waters549.jpg
[1, 0, 0, 0, 0, 0, 0, 0, 0, 0]
Reading ./databaserelease2/NatureDataset2/test/1-waters556.jpg
[1, 0, 0, 0, 0, 0, 0, 0, 0, 0]
Reading ./databaserelease2/NatureDataset2/test/1-waters584.jpg
[1, 0, 0, 0, 0, 0, 0, 0, 0, 0]
Reading ./databaserelease2/NatureDataset2/test/1-waters602.jpg
[1, 0, 0, 0, 0, 0, 0, 0, 0, 0]
Reading ./databaserelease2/NatureDataset2/test/1-waters607.jpg
[1, 0, 0, 0, 0, 0, 0, 0, 0, 0]
Reading ./databaserelease2/NatureDataset2/test/1-waters621.jpg
[1, 0, 0, 0, 0, 0, 0, 0, 0, 0]
Reading ./databaserelease2/NatureDataset2/test/1-waters651.jpg
[1, 0, 0, 0, 0, 0, 0, 0, 0, 0]
Reading ./databaserelease2/NatureDataset2/test/1-waters653.jpg
[1, 0, 0, 0, 0, 0, 0, 0, 0, 0]
Reading ./databaserelease2/NatureDataset2/test/1-waters657.jpg
[1, 0, 0, 0, 0, 0, 0, 0, 0, 0]
Reading ./databaserelease2/NatureDataset2/test/1-waters685.jpg
[1, 0, 0, 0, 0, 0, 0, 0, 0, 0]
Reading ./databaserelease2/NatureDataset2/test/1-waters691.jpg
[1, 0, 0, 0, 0, 0, 0, 0, 0, 0]
Reading ./databaserelease2/NatureDataset2/test/1-waters716.jpg
[1, 0, 0, 0, 0, 0, 0, 0, 0, 0]
Reading ./databaserelease2/NatureDataset2/test/1-waters72.jpg
[1, 0, 0, 0, 0, 0, 0, 0, 0, 0]
Reading ./databaserelease2/NatureDataset2/test/1-waters723.jpg
[1, 0, 0, 0, 0, 0, 0, 0, 0, 0]
Reading ./databaserelease2/NatureDataset2/test/1-waters725.jpg
[1, 0, 0, 0, 0, 0, 0, 0, 0, 0]
Reading ./databaserelease2/NatureDataset2/test/1-waters747.jpg
[1, 0, 0, 0, 0, 0, 0, 0, 0, 0]
Reading ./databaserelease2/NatureDataset2/test/1-waters767.jpg
[1, 0, 0, 0, 0, 0, 0, 0, 0, 0]
Reading ./databaserelease2/NatureDataset2/test/1-waters78.jpg
[1, 0, 0, 0, 0, 0, 0, 0, 0, 0]
Reading ./databaserelease2/NatureDataset2/test/1-waters785.jpg
[1, 0, 0, 0, 0, 0, 0, 0, 0, 0]
Reading ./databaserelease2/NatureDataset2/test/1-waters79.jpg
[1, 0, 0, 0, 0, 0, 0, 0, 0, 0]
Reading ./databaserelease2/NatureDataset2/test/1-waters791.jpg
[1, 0, 0, 0, 0, 0, 0, 0, 0, 0]
Reading ./databaserelease2/NatureDataset2/test/1-waters810.jpg
[1, 0, 0, 0, 0, 0, 0, 0, 0, 0]
Reading ./databaserelease2/NatureDataset2/test/1-waters811.jpg
[1, 0, 0, 0, 0, 0, 0, 0, 0, 0]
Reading ./databaserelease2/NatureDataset2/test/1-waters815.jpg
[1, 0, 0, 0, 0, 0, 0, 0, 0, 0]
Reading ./databaserelease2/NatureDataset2/test/1-waters819.jpg
[1, 0, 0, 0, 0, 0, 0, 0, 0, 0]
Reading ./databaserelease2/NatureDataset2/test/1-waters820.jpg
[1, 0, 0, 0, 0, 0, 0, 0, 0, 0]
Reading ./databaserelease2/NatureDataset2/test/1-waters838.jpg
[1, 0, 0, 0, 0, 0, 0, 0, 0, 0]
Reading ./databaserelease2/NatureDataset2/test/1-waters844.jpg
[1, 0, 0, 0, 0, 0, 0, 0, 0, 0]
Reading ./databaserelease2/NatureDataset2/test/1-waters850.jpg
[1, 0, 0, 0, 0, 0, 0, 0, 0, 0]
Reading ./databaserelease2/NatureDataset2/test/1-waters893.jpg
[1, 0, 0, 0, 0, 0, 0, 0, 0, 0]
Reading ./databaserelease2/NatureDataset2/test/10-waters696.jpg
[0, 0, 0, 0, 0, 0, 0, 0, 0, 1]
Reading ./databaserelease2/NatureDataset2/test/10-waters701.jpg
[0, 0, 0, 0, 0, 0, 0, 0, 0, 1]
Reading ./databaserelease2/NatureDataset2/test/10-waters702.jpg
[0, 0, 0, 0, 0, 0, 0, 0, 0, 1]
Reading ./databaserelease2/NatureDataset2/test/10-waters707.jpg
[0, 0, 0, 0, 0, 0, 0, 0, 0, 1]
Reading ./databaserelease2/NatureDataset2/test/10-waters708.jpg
[0, 0, 0, 0, 0, 0, 0, 0, 0, 1]
Reading ./databaserelease2/NatureDataset2/test/10-waters714.jpg
[0, 0, 0, 0, 0, 0, 0, 0, 0, 1]
Reading ./databaserelease2/NatureDataset2/test/10-waters717.jpg
[0, 0, 0, 0, 0, 0, 0, 0, 0, 1]
Reading ./databaserelease2/NatureDataset2/test/10-waters722.jpg
[0, 0, 0, 0, 0, 0, 0, 0, 0, 1]
Reading ./databaserelease2/NatureDataset2/test/10-waters731.jpg
[0, 0, 0, 0, 0, 0, 0, 0, 0, 1]
Reading ./databaserelease2/NatureDataset2/test/10-waters740.jpg
[0, 0, 0, 0, 0, 0, 0, 0, 0, 1]
Reading ./databaserelease2/NatureDataset2/test/10-waters745.jpg
[0, 0, 0, 0, 0, 0, 0, 0, 0, 1]
Reading ./databaserelease2/NatureDataset2/test/10-waters746.jpg
[0, 0, 0, 0, 0, 0, 0, 0, 0, 1]
Reading ./databaserelease2/NatureDataset2/test/10-waters757.jpg
[0, 0, 0, 0, 0, 0, 0, 0, 0, 1]
Reading ./databaserelease2/NatureDataset2/test/10-waters792.jpg
[0, 0, 0, 0, 0, 0, 0, 0, 0, 1]
Reading ./databaserelease2/NatureDataset2/test/10-waters797.jpg
[0, 0, 0, 0, 0, 0, 0, 0, 0, 1]
Reading ./databaserelease2/NatureDataset2/test/10-waters798.jpg
[0, 0, 0, 0, 0, 0, 0, 0, 0, 1]
Reading ./databaserelease2/NatureDataset2/test/10-waters800.jpg
[0, 0, 0, 0, 0, 0, 0, 0, 0, 1]
Reading ./databaserelease2/NatureDataset2/test/10-waters812.jpg
[0, 0, 0, 0, 0, 0, 0, 0, 0, 1]
Reading ./databaserelease2/NatureDataset2/test/10-waters831.jpg
[0, 0, 0, 0, 0, 0, 0, 0, 0, 1]
Reading ./databaserelease2/NatureDataset2/test/10-waters834.jpg
[0, 0, 0, 0, 0, 0, 0, 0, 0, 1]
Reading ./databaserelease2/NatureDataset2/test/10-waters840.jpg
[0, 0, 0, 0, 0, 0, 0, 0, 0, 1]
Reading ./databaserelease2/NatureDataset2/test/10-waters842.jpg
[0, 0, 0, 0, 0, 0, 0, 0, 0, 1]
Reading ./databaserelease2/NatureDataset2/test/10-waters847.jpg
[0, 0, 0, 0, 0, 0, 0, 0, 0, 1]
Reading ./databaserelease2/NatureDataset2/test/10-waters849.jpg
[0, 0, 0, 0, 0, 0, 0, 0, 0, 1]
Reading ./databaserelease2/NatureDataset2/test/10-waters873.jpg
[0, 0, 0, 0, 0, 0, 0, 0, 0, 1]
Reading ./databaserelease2/NatureDataset2/test/10-waters876.jpg
[0, 0, 0, 0, 0, 0, 0, 0, 0, 1]
Reading ./databaserelease2/NatureDataset2/test/10-waters879.jpg
[0, 0, 0, 0, 0, 0, 0, 0, 0, 1]
Reading ./databaserelease2/NatureDataset2/test/10-waters89.jpg
[0, 0, 0, 0, 0, 0, 0, 0, 0, 1]
Reading ./databaserelease2/NatureDataset2/test/2-waters412.jpg
[0, 1, 0, 0, 0, 0, 0, 0, 0, 0]
Reading ./databaserelease2/NatureDataset2/test/2-waters414.jpg
[0, 1, 0, 0, 0, 0, 0, 0, 0, 0]
Reading ./databaserelease2/NatureDataset2/test/2-waters43.jpg
[0, 1, 0, 0, 0, 0, 0, 0, 0, 0]
Reading ./databaserelease2/NatureDataset2/test/2-waters440.jpg
[0, 1, 0, 0, 0, 0, 0, 0, 0, 0]
Reading ./databaserelease2/NatureDataset2/test/2-waters459.jpg
[0, 1, 0, 0, 0, 0, 0, 0, 0, 0]
Reading ./databaserelease2/NatureDataset2/test/2-waters466.jpg
[0, 1, 0, 0, 0, 0, 0, 0, 0, 0]
Reading ./databaserelease2/NatureDataset2/test/2-waters479.jpg
[0, 1, 0, 0, 0, 0, 0, 0, 0, 0]
Reading ./databaserelease2/NatureDataset2/test/2-waters48.jpg
[0, 1, 0, 0, 0, 0, 0, 0, 0, 0]
Reading ./databaserelease2/NatureDataset2/test/2-waters510.jpg
[0, 1, 0, 0, 0, 0, 0, 0, 0, 0]
Reading ./databaserelease2/NatureDataset2/test/2-waters522.jpg
[0, 1, 0, 0, 0, 0, 0, 0, 0, 0]
Reading ./databaserelease2/NatureDataset2/test/2-waters523.jpg
[0, 1, 0, 0, 0, 0, 0, 0, 0, 0]
Reading ./databaserelease2/NatureDataset2/test/2-waters533.jpg
[0, 1, 0, 0, 0, 0, 0, 0, 0, 0]
Reading ./databaserelease2/NatureDataset2/test/2-waters539.jpg
[0, 1, 0, 0, 0, 0, 0, 0, 0, 0]
Reading ./databaserelease2/NatureDataset2/test/2-waters567.jpg
[0, 1, 0, 0, 0, 0, 0, 0, 0, 0]
Reading ./databaserelease2/NatureDataset2/test/2-waters568.jpg
[0, 1, 0, 0, 0, 0, 0, 0, 0, 0]
Reading ./databaserelease2/NatureDataset2/test/2-waters589.jpg
[0, 1, 0, 0, 0, 0, 0, 0, 0, 0]
Reading ./databaserelease2/NatureDataset2/test/2-waters595.jpg
[0, 1, 0, 0, 0, 0, 0, 0, 0, 0]
Reading ./databaserelease2/NatureDataset2/test/2-waters596.jpg
[0, 1, 0, 0, 0, 0, 0, 0, 0, 0]
Reading ./databaserelease2/NatureDataset2/test/2-waters61.jpg
[0, 1, 0, 0, 0, 0, 0, 0, 0, 0]
Reading ./databaserelease2/NatureDataset2/test/2-waters612.jpg
[0, 1, 0, 0, 0, 0, 0, 0, 0, 0]
Reading ./databaserelease2/NatureDataset2/test/2-waters62.jpg
[0, 1, 0, 0, 0, 0, 0, 0, 0, 0]
Reading ./databaserelease2/NatureDataset2/test/2-waters67.jpg
[0, 1, 0, 0, 0, 0, 0, 0, 0, 0]
Reading ./databaserelease2/NatureDataset2/test/2-waters674.jpg
[0, 1, 0, 0, 0, 0, 0, 0, 0, 0]
Reading ./databaserelease2/NatureDataset2/test/2-waters700.jpg
[0, 1, 0, 0, 0, 0, 0, 0, 0, 0]
Reading ./databaserelease2/NatureDataset2/test/2-waters71.jpg
[0, 1, 0, 0, 0, 0, 0, 0, 0, 0]
Reading ./databaserelease2/NatureDataset2/test/2-waters737.jpg
[0, 1, 0, 0, 0, 0, 0, 0, 0, 0]
Reading ./databaserelease2/NatureDataset2/test/2-waters742.jpg
[0, 1, 0, 0, 0, 0, 0, 0, 0, 0]
Reading ./databaserelease2/NatureDataset2/test/2-waters766.jpg
[0, 1, 0, 0, 0, 0, 0, 0, 0, 0]
Reading ./databaserelease2/NatureDataset2/test/2-waters769.jpg
[0, 1, 0, 0, 0, 0, 0, 0, 0, 0]
Reading ./databaserelease2/NatureDataset2/test/2-waters770.jpg
[0, 1, 0, 0, 0, 0, 0, 0, 0, 0]
Reading ./databaserelease2/NatureDataset2/test/2-waters822.jpg
[0, 1, 0, 0, 0, 0, 0, 0, 0, 0]
Reading ./databaserelease2/NatureDataset2/test/2-waters827.jpg
[0, 1, 0, 0, 0, 0, 0, 0, 0, 0]
Reading ./databaserelease2/NatureDataset2/test/2-waters84.jpg
[0, 1, 0, 0, 0, 0, 0, 0, 0, 0]
Reading ./databaserelease2/NatureDataset2/test/2-waters86.jpg
[0, 1, 0, 0, 0, 0, 0, 0, 0, 0]
Reading ./databaserelease2/NatureDataset2/test/2-waters862.jpg
[0, 1, 0, 0, 0, 0, 0, 0, 0, 0]
Reading ./databaserelease2/NatureDataset2/test/2-waters881.jpg
[0, 1, 0, 0, 0, 0, 0, 0, 0, 0]
Reading ./databaserelease2/NatureDataset2/test/2-waters885.jpg
[0, 1, 0, 0, 0, 0, 0, 0, 0, 0]
Reading ./databaserelease2/NatureDataset2/test/2-waters890.jpg
[0, 1, 0, 0, 0, 0, 0, 0, 0, 0]
Reading ./databaserelease2/NatureDataset2/test/2-waters892.jpg
[0, 1, 0, 0, 0, 0, 0, 0, 0, 0]
Reading ./databaserelease2/NatureDataset2/test/2-waters895.jpg
[0, 1, 0, 0, 0, 0, 0, 0, 0, 0]
Reading ./databaserelease2/NatureDataset2/test/2-waters99.jpg
[0, 1, 0, 0, 0, 0, 0, 0, 0, 0]
Reading ./databaserelease2/NatureDataset2/test/3-waters402.jpg
[0, 0, 1, 0, 0, 0, 0, 0, 0, 0]
Reading ./databaserelease2/NatureDataset2/test/3-waters408.jpg
[0, 0, 1, 0, 0, 0, 0, 0, 0, 0]
Reading ./databaserelease2/NatureDataset2/test/3-waters419.jpg
[0, 0, 1, 0, 0, 0, 0, 0, 0, 0]
Reading ./databaserelease2/NatureDataset2/test/3-waters450.jpg
[0, 0, 1, 0, 0, 0, 0, 0, 0, 0]
Reading ./databaserelease2/NatureDataset2/test/3-waters455.jpg
[0, 0, 1, 0, 0, 0, 0, 0, 0, 0]
Reading ./databaserelease2/NatureDataset2/test/3-waters46.jpg
[0, 0, 1, 0, 0, 0, 0, 0, 0, 0]
Reading ./databaserelease2/NatureDataset2/test/3-waters476.jpg
[0, 0, 1, 0, 0, 0, 0, 0, 0, 0]
Reading ./databaserelease2/NatureDataset2/test/3-waters486.jpg
[0, 0, 1, 0, 0, 0, 0, 0, 0, 0]
Reading ./databaserelease2/NatureDataset2/test/3-waters490.jpg
[0, 0, 1, 0, 0, 0, 0, 0, 0, 0]
Reading ./databaserelease2/NatureDataset2/test/3-waters495.jpg
[0, 0, 1, 0, 0, 0, 0, 0, 0, 0]
Reading ./databaserelease2/NatureDataset2/test/3-waters5.jpg
[0, 0, 1, 0, 0, 0, 0, 0, 0, 0]
Reading ./databaserelease2/NatureDataset2/test/3-waters52.jpg
[0, 0, 1, 0, 0, 0, 0, 0, 0, 0]
Reading ./databaserelease2/NatureDataset2/test/3-waters526.jpg
[0, 0, 1, 0, 0, 0, 0, 0, 0, 0]
Reading ./databaserelease2/NatureDataset2/test/3-waters54.jpg
[0, 0, 1, 0, 0, 0, 0, 0, 0, 0]
Reading ./databaserelease2/NatureDataset2/test/3-waters541.jpg
[0, 0, 1, 0, 0, 0, 0, 0, 0, 0]
Reading ./databaserelease2/NatureDataset2/test/3-waters545.jpg
[0, 0, 1, 0, 0, 0, 0, 0, 0, 0]
Reading ./databaserelease2/NatureDataset2/test/3-waters546.jpg
[0, 0, 1, 0, 0, 0, 0, 0, 0, 0]
Reading ./databaserelease2/NatureDataset2/test/3-waters57.jpg
[0, 0, 1, 0, 0, 0, 0, 0, 0, 0]
Reading ./databaserelease2/NatureDataset2/test/3-waters588.jpg
[0, 0, 1, 0, 0, 0, 0, 0, 0, 0]
Reading ./databaserelease2/NatureDataset2/test/3-waters610.jpg
[0, 0, 1, 0, 0, 0, 0, 0, 0, 0]
Reading ./databaserelease2/NatureDataset2/test/3-waters628.jpg
[0, 0, 1, 0, 0, 0, 0, 0, 0, 0]
Reading ./databaserelease2/NatureDataset2/test/3-waters630.jpg
[0, 0, 1, 0, 0, 0, 0, 0, 0, 0]
Reading ./databaserelease2/NatureDataset2/test/3-waters642.jpg
[0, 0, 1, 0, 0, 0, 0, 0, 0, 0]
Reading ./databaserelease2/NatureDataset2/test/3-waters656.jpg
[0, 0, 1, 0, 0, 0, 0, 0, 0, 0]
Reading ./databaserelease2/NatureDataset2/test/3-waters669.jpg
[0, 0, 1, 0, 0, 0, 0, 0, 0, 0]
Reading ./databaserelease2/NatureDataset2/test/3-waters670.jpg
[0, 0, 1, 0, 0, 0, 0, 0, 0, 0]
Reading ./databaserelease2/NatureDataset2/test/3-waters689.jpg
[0, 0, 1, 0, 0, 0, 0, 0, 0, 0]
Reading ./databaserelease2/NatureDataset2/test/3-waters710.jpg
[0, 0, 1, 0, 0, 0, 0, 0, 0, 0]
Reading ./databaserelease2/NatureDataset2/test/3-waters724.jpg
[0, 0, 1, 0, 0, 0, 0, 0, 0, 0]
Reading ./databaserelease2/NatureDataset2/test/3-waters74.jpg
[0, 0, 1, 0, 0, 0, 0, 0, 0, 0]
Reading ./databaserelease2/NatureDataset2/test/3-waters75.jpg
[0, 0, 1, 0, 0, 0, 0, 0, 0, 0]
Reading ./databaserelease2/NatureDataset2/test/3-waters780.jpg
[0, 0, 1, 0, 0, 0, 0, 0, 0, 0]
Reading ./databaserelease2/NatureDataset2/test/3-waters781.jpg
[0, 0, 1, 0, 0, 0, 0, 0, 0, 0]
Reading ./databaserelease2/NatureDataset2/test/3-waters821.jpg
[0, 0, 1, 0, 0, 0, 0, 0, 0, 0]
Reading ./databaserelease2/NatureDataset2/test/3-waters829.jpg
[0, 0, 1, 0, 0, 0, 0, 0, 0, 0]
Reading ./databaserelease2/NatureDataset2/test/3-waters848.jpg
[0, 0, 1, 0, 0, 0, 0, 0, 0, 0]
Reading ./databaserelease2/NatureDataset2/test/3-waters858.jpg
[0, 0, 1, 0, 0, 0, 0, 0, 0, 0]
Reading ./databaserelease2/NatureDataset2/test/3-waters87.jpg
[0, 0, 1, 0, 0, 0, 0, 0, 0, 0]
Reading ./databaserelease2/NatureDataset2/test/3-waters877.jpg
[0, 0, 1, 0, 0, 0, 0, 0, 0, 0]
Reading ./databaserelease2/NatureDataset2/test/3-waters882.jpg
[0, 0, 1, 0, 0, 0, 0, 0, 0, 0]
Reading ./databaserelease2/NatureDataset2/test/3-waters896.jpg
[0, 0, 1, 0, 0, 0, 0, 0, 0, 0]
Reading ./databaserelease2/NatureDataset2/test/3-waters90.jpg
[0, 0, 1, 0, 0, 0, 0, 0, 0, 0]
Reading ./databaserelease2/NatureDataset2/test/3-waters93.jpg
[0, 0, 1, 0, 0, 0, 0, 0, 0, 0]
Reading ./databaserelease2/NatureDataset2/test/4-waters449.jpg
[0, 0, 0, 1, 0, 0, 0, 0, 0, 0]
Reading ./databaserelease2/NatureDataset2/test/4-waters461.jpg
[0, 0, 0, 1, 0, 0, 0, 0, 0, 0]
Reading ./databaserelease2/NatureDataset2/test/4-waters465.jpg
[0, 0, 0, 1, 0, 0, 0, 0, 0, 0]
Reading ./databaserelease2/NatureDataset2/test/4-waters467.jpg
[0, 0, 0, 1, 0, 0, 0, 0, 0, 0]
Reading ./databaserelease2/NatureDataset2/test/4-waters468.jpg
[0, 0, 0, 1, 0, 0, 0, 0, 0, 0]
Reading ./databaserelease2/NatureDataset2/test/4-waters471.jpg
[0, 0, 0, 1, 0, 0, 0, 0, 0, 0]
Reading ./databaserelease2/NatureDataset2/test/4-waters483.jpg
[0, 0, 0, 1, 0, 0, 0, 0, 0, 0]
Reading ./databaserelease2/NatureDataset2/test/4-waters488.jpg
[0, 0, 0, 1, 0, 0, 0, 0, 0, 0]
Reading ./databaserelease2/NatureDataset2/test/4-waters493.jpg
[0, 0, 0, 1, 0, 0, 0, 0, 0, 0]
Reading ./databaserelease2/NatureDataset2/test/4-waters496.jpg
[0, 0, 0, 1, 0, 0, 0, 0, 0, 0]
Reading ./databaserelease2/NatureDataset2/test/4-waters517.jpg
[0, 0, 0, 1, 0, 0, 0, 0, 0, 0]
Reading ./databaserelease2/NatureDataset2/test/4-waters528.jpg
[0, 0, 0, 1, 0, 0, 0, 0, 0, 0]
Reading ./databaserelease2/NatureDataset2/test/4-waters537.jpg
[0, 0, 0, 1, 0, 0, 0, 0, 0, 0]
Reading ./databaserelease2/NatureDataset2/test/4-waters557.jpg
[0, 0, 0, 1, 0, 0, 0, 0, 0, 0]
Reading ./databaserelease2/NatureDataset2/test/4-waters574.jpg
[0, 0, 0, 1, 0, 0, 0, 0, 0, 0]
Reading ./databaserelease2/NatureDataset2/test/4-waters58.jpg
[0, 0, 0, 1, 0, 0, 0, 0, 0, 0]
Reading ./databaserelease2/NatureDataset2/test/4-waters609.jpg
[0, 0, 0, 1, 0, 0, 0, 0, 0, 0]
Reading ./databaserelease2/NatureDataset2/test/4-waters614.jpg
[0, 0, 0, 1, 0, 0, 0, 0, 0, 0]
Reading ./databaserelease2/NatureDataset2/test/4-waters617.jpg
[0, 0, 0, 1, 0, 0, 0, 0, 0, 0]
Reading ./databaserelease2/NatureDataset2/test/4-waters641.jpg
[0, 0, 0, 1, 0, 0, 0, 0, 0, 0]
Reading ./databaserelease2/NatureDataset2/test/4-waters672.jpg
[0, 0, 0, 1, 0, 0, 0, 0, 0, 0]
Reading ./databaserelease2/NatureDataset2/test/4-waters715.jpg
[0, 0, 0, 1, 0, 0, 0, 0, 0, 0]
Reading ./databaserelease2/NatureDataset2/test/4-waters748.jpg
[0, 0, 0, 1, 0, 0, 0, 0, 0, 0]
Reading ./databaserelease2/NatureDataset2/test/4-waters764.jpg
[0, 0, 0, 1, 0, 0, 0, 0, 0, 0]
Reading ./databaserelease2/NatureDataset2/test/4-waters796.jpg
[0, 0, 0, 1, 0, 0, 0, 0, 0, 0]
Reading ./databaserelease2/NatureDataset2/test/4-waters809.jpg
[0, 0, 0, 1, 0, 0, 0, 0, 0, 0]
Reading ./databaserelease2/NatureDataset2/test/4-waters814.jpg
[0, 0, 0, 1, 0, 0, 0, 0, 0, 0]
Reading ./databaserelease2/NatureDataset2/test/4-waters837.jpg
[0, 0, 0, 1, 0, 0, 0, 0, 0, 0]
Reading ./databaserelease2/NatureDataset2/test/4-waters839.jpg
[0, 0, 0, 1, 0, 0, 0, 0, 0, 0]
Reading ./databaserelease2/NatureDataset2/test/4-waters85.jpg
[0, 0, 0, 1, 0, 0, 0, 0, 0, 0]
Reading ./databaserelease2/NatureDataset2/test/4-waters868.jpg
[0, 0, 0, 1, 0, 0, 0, 0, 0, 0]
Reading ./databaserelease2/NatureDataset2/test/4-waters872.jpg
[0, 0, 0, 1, 0, 0, 0, 0, 0, 0]
Reading ./databaserelease2/NatureDataset2/test/4-waters874.jpg
[0, 0, 0, 1, 0, 0, 0, 0, 0, 0]
Reading ./databaserelease2/NatureDataset2/test/4-waters887.jpg
[0, 0, 0, 1, 0, 0, 0, 0, 0, 0]
Reading ./databaserelease2/NatureDataset2/test/4-waters888.jpg
[0, 0, 0, 1, 0, 0, 0, 0, 0, 0]
Reading ./databaserelease2/NatureDataset2/test/4-waters891.jpg
[0, 0, 0, 1, 0, 0, 0, 0, 0, 0]
Reading ./databaserelease2/NatureDataset2/test/4-waters92.jpg
[0, 0, 0, 1, 0, 0, 0, 0, 0, 0]
Reading ./databaserelease2/NatureDataset2/test/4-waters95.jpg
[0, 0, 0, 1, 0, 0, 0, 0, 0, 0]
Reading ./databaserelease2/NatureDataset2/test/4-waters96.jpg
[0, 0, 0, 1, 0, 0, 0, 0, 0, 0]
Reading ./databaserelease2/NatureDataset2/test/5-waters575.jpg
[0, 0, 0, 0, 1, 0, 0, 0, 0, 0]
Reading ./databaserelease2/NatureDataset2/test/5-waters587.jpg
[0, 0, 0, 0, 1, 0, 0, 0, 0, 0]
Reading ./databaserelease2/NatureDataset2/test/5-waters598.jpg
[0, 0, 0, 0, 1, 0, 0, 0, 0, 0]
Reading ./databaserelease2/NatureDataset2/test/5-waters60.jpg
[0, 0, 0, 0, 1, 0, 0, 0, 0, 0]
Reading ./databaserelease2/NatureDataset2/test/5-waters601.jpg
[0, 0, 0, 0, 1, 0, 0, 0, 0, 0]
Reading ./databaserelease2/NatureDataset2/test/5-waters605.jpg
[0, 0, 0, 0, 1, 0, 0, 0, 0, 0]
Reading ./databaserelease2/NatureDataset2/test/5-waters620.jpg
[0, 0, 0, 0, 1, 0, 0, 0, 0, 0]
Reading ./databaserelease2/NatureDataset2/test/5-waters634.jpg
[0, 0, 0, 0, 1, 0, 0, 0, 0, 0]
Reading ./databaserelease2/NatureDataset2/test/5-waters658.jpg
[0, 0, 0, 0, 1, 0, 0, 0, 0, 0]
Reading ./databaserelease2/NatureDataset2/test/5-waters659.jpg
[0, 0, 0, 0, 1, 0, 0, 0, 0, 0]
Reading ./databaserelease2/NatureDataset2/test/5-waters66.jpg
[0, 0, 0, 0, 1, 0, 0, 0, 0, 0]
Reading ./databaserelease2/NatureDataset2/test/5-waters660.jpg
[0, 0, 0, 0, 1, 0, 0, 0, 0, 0]
Reading ./databaserelease2/NatureDataset2/test/5-waters665.jpg
[0, 0, 0, 0, 1, 0, 0, 0, 0, 0]
Reading ./databaserelease2/NatureDataset2/test/5-waters671.jpg
[0, 0, 0, 0, 1, 0, 0, 0, 0, 0]
Reading ./databaserelease2/NatureDataset2/test/5-waters681.jpg
[0, 0, 0, 0, 1, 0, 0, 0, 0, 0]
Reading ./databaserelease2/NatureDataset2/test/5-waters694.jpg
[0, 0, 0, 0, 1, 0, 0, 0, 0, 0]
Reading ./databaserelease2/NatureDataset2/test/5-waters697.jpg
[0, 0, 0, 0, 1, 0, 0, 0, 0, 0]
Reading ./databaserelease2/NatureDataset2/test/5-waters706.jpg
[0, 0, 0, 0, 1, 0, 0, 0, 0, 0]
Reading ./databaserelease2/NatureDataset2/test/5-waters713.jpg
[0, 0, 0, 0, 1, 0, 0, 0, 0, 0]
Reading ./databaserelease2/NatureDataset2/test/5-waters718.jpg
[0, 0, 0, 0, 1, 0, 0, 0, 0, 0]
Reading ./databaserelease2/NatureDataset2/test/5-waters728.jpg
[0, 0, 0, 0, 1, 0, 0, 0, 0, 0]
Reading ./databaserelease2/NatureDataset2/test/5-waters736.jpg
[0, 0, 0, 0, 1, 0, 0, 0, 0, 0]
Reading ./databaserelease2/NatureDataset2/test/5-waters741.jpg
[0, 0, 0, 0, 1, 0, 0, 0, 0, 0]
Reading ./databaserelease2/NatureDataset2/test/5-waters750.jpg
[0, 0, 0, 0, 1, 0, 0, 0, 0, 0]
Reading ./databaserelease2/NatureDataset2/test/5-waters758.jpg
[0, 0, 0, 0, 1, 0, 0, 0, 0, 0]
Reading ./databaserelease2/NatureDataset2/test/5-waters760.jpg
[0, 0, 0, 0, 1, 0, 0, 0, 0, 0]
Reading ./databaserelease2/NatureDataset2/test/5-waters762.jpg
[0, 0, 0, 0, 1, 0, 0, 0, 0, 0]
Reading ./databaserelease2/NatureDataset2/test/5-waters763.jpg
[0, 0, 0, 0, 1, 0, 0, 0, 0, 0]
Reading ./databaserelease2/NatureDataset2/test/5-waters774.jpg
[0, 0, 0, 0, 1, 0, 0, 0, 0, 0]
Reading ./databaserelease2/NatureDataset2/test/5-waters779.jpg
[0, 0, 0, 0, 1, 0, 0, 0, 0, 0]
Reading ./databaserelease2/NatureDataset2/test/5-waters8.jpg
[0, 0, 0, 0, 1, 0, 0, 0, 0, 0]
Reading ./databaserelease2/NatureDataset2/test/5-waters804.jpg
[0, 0, 0, 0, 1, 0, 0, 0, 0, 0]
Reading ./databaserelease2/NatureDataset2/test/5-waters817.jpg
[0, 0, 0, 0, 1, 0, 0, 0, 0, 0]
Reading ./databaserelease2/NatureDataset2/test/5-waters823.jpg
[0, 0, 0, 0, 1, 0, 0, 0, 0, 0]
Reading ./databaserelease2/NatureDataset2/test/5-waters826.jpg
[0, 0, 0, 0, 1, 0, 0, 0, 0, 0]
Reading ./databaserelease2/NatureDataset2/test/5-waters835.jpg
[0, 0, 0, 0, 1, 0, 0, 0, 0, 0]
Reading ./databaserelease2/NatureDataset2/test/5-waters846.jpg
[0, 0, 0, 0, 1, 0, 0, 0, 0, 0]
Reading ./databaserelease2/NatureDataset2/test/5-waters854.jpg
[0, 0, 0, 0, 1, 0, 0, 0, 0, 0]
Reading ./databaserelease2/NatureDataset2/test/5-waters860.jpg
[0, 0, 0, 0, 1, 0, 0, 0, 0, 0]
Reading ./databaserelease2/NatureDataset2/test/5-waters864.jpg
[0, 0, 0, 0, 1, 0, 0, 0, 0, 0]
Reading ./databaserelease2/NatureDataset2/test/5-waters869.jpg
[0, 0, 0, 0, 1, 0, 0, 0, 0, 0]
Reading ./databaserelease2/NatureDataset2/test/5-waters88.jpg
[0, 0, 0, 0, 1, 0, 0, 0, 0, 0]
Reading ./databaserelease2/NatureDataset2/test/5-waters880.jpg
[0, 0, 0, 0, 1, 0, 0, 0, 0, 0]
Reading ./databaserelease2/NatureDataset2/test/5-waters884.jpg
[0, 0, 0, 0, 1, 0, 0, 0, 0, 0]
Reading ./databaserelease2/NatureDataset2/test/5-waters894.jpg
[0, 0, 0, 0, 1, 0, 0, 0, 0, 0]
Reading ./databaserelease2/NatureDataset2/test/5-waters91.jpg
[0, 0, 0, 0, 1, 0, 0, 0, 0, 0]
Reading ./databaserelease2/NatureDataset2/test/6-waters543.jpg
[0, 0, 0, 0, 0, 1, 0, 0, 0, 0]
Reading ./databaserelease2/NatureDataset2/test/6-waters569.jpg
[0, 0, 0, 0, 0, 1, 0, 0, 0, 0]
Reading ./databaserelease2/NatureDataset2/test/6-waters582.jpg
[0, 0, 0, 0, 0, 1, 0, 0, 0, 0]
Reading ./databaserelease2/NatureDataset2/test/6-waters615.jpg
[0, 0, 0, 0, 0, 1, 0, 0, 0, 0]
Reading ./databaserelease2/NatureDataset2/test/6-waters637.jpg
[0, 0, 0, 0, 0, 1, 0, 0, 0, 0]
Reading ./databaserelease2/NatureDataset2/test/6-waters638.jpg
[0, 0, 0, 0, 0, 1, 0, 0, 0, 0]
Reading ./databaserelease2/NatureDataset2/test/6-waters661.jpg
[0, 0, 0, 0, 0, 1, 0, 0, 0, 0]
Reading ./databaserelease2/NatureDataset2/test/6-waters662.jpg
[0, 0, 0, 0, 0, 1, 0, 0, 0, 0]
Reading ./databaserelease2/NatureDataset2/test/6-waters673.jpg
[0, 0, 0, 0, 0, 1, 0, 0, 0, 0]
Reading ./databaserelease2/NatureDataset2/test/6-waters678.jpg
[0, 0, 0, 0, 0, 1, 0, 0, 0, 0]
Reading ./databaserelease2/NatureDataset2/test/6-waters68.jpg
[0, 0, 0, 0, 0, 1, 0, 0, 0, 0]
Reading ./databaserelease2/NatureDataset2/test/6-waters699.jpg
[0, 0, 0, 0, 0, 1, 0, 0, 0, 0]
Reading ./databaserelease2/NatureDataset2/test/6-waters70.jpg
[0, 0, 0, 0, 0, 1, 0, 0, 0, 0]
Reading ./databaserelease2/NatureDataset2/test/6-waters711.jpg
[0, 0, 0, 0, 0, 1, 0, 0, 0, 0]
Reading ./databaserelease2/NatureDataset2/test/6-waters721.jpg
[0, 0, 0, 0, 0, 1, 0, 0, 0, 0]
Reading ./databaserelease2/NatureDataset2/test/6-waters727.jpg
[0, 0, 0, 0, 0, 1, 0, 0, 0, 0]
Reading ./databaserelease2/NatureDataset2/test/6-waters733.jpg
[0, 0, 0, 0, 0, 1, 0, 0, 0, 0]
Reading ./databaserelease2/NatureDataset2/test/6-waters734.jpg
[0, 0, 0, 0, 0, 1, 0, 0, 0, 0]
Reading ./databaserelease2/NatureDataset2/test/6-waters738.jpg
[0, 0, 0, 0, 0, 1, 0, 0, 0, 0]
Reading ./databaserelease2/NatureDataset2/test/6-waters739.jpg
[0, 0, 0, 0, 0, 1, 0, 0, 0, 0]
Reading ./databaserelease2/NatureDataset2/test/6-waters759.jpg
[0, 0, 0, 0, 0, 1, 0, 0, 0, 0]
Reading ./databaserelease2/NatureDataset2/test/6-waters76.jpg
[0, 0, 0, 0, 0, 1, 0, 0, 0, 0]
Reading ./databaserelease2/NatureDataset2/test/6-waters782.jpg
[0, 0, 0, 0, 0, 1, 0, 0, 0, 0]
Reading ./databaserelease2/NatureDataset2/test/6-waters786.jpg
[0, 0, 0, 0, 0, 1, 0, 0, 0, 0]
Reading ./databaserelease2/NatureDataset2/test/6-waters790.jpg
[0, 0, 0, 0, 0, 1, 0, 0, 0, 0]
Reading ./databaserelease2/NatureDataset2/test/6-waters794.jpg
[0, 0, 0, 0, 0, 1, 0, 0, 0, 0]
Reading ./databaserelease2/NatureDataset2/test/6-waters802.jpg
[0, 0, 0, 0, 0, 1, 0, 0, 0, 0]
Reading ./databaserelease2/NatureDataset2/test/6-waters803.jpg
[0, 0, 0, 0, 0, 1, 0, 0, 0, 0]
Reading ./databaserelease2/NatureDataset2/test/6-waters805.jpg
[0, 0, 0, 0, 0, 1, 0, 0, 0, 0]
Reading ./databaserelease2/NatureDataset2/test/6-waters808.jpg
[0, 0, 0, 0, 0, 1, 0, 0, 0, 0]
Reading ./databaserelease2/NatureDataset2/test/6-waters825.jpg
[0, 0, 0, 0, 0, 1, 0, 0, 0, 0]
Reading ./databaserelease2/NatureDataset2/test/6-waters828.jpg
[0, 0, 0, 0, 0, 1, 0, 0, 0, 0]
Reading ./databaserelease2/NatureDataset2/test/6-waters83.jpg
[0, 0, 0, 0, 0, 1, 0, 0, 0, 0]
Reading ./databaserelease2/NatureDataset2/test/6-waters832.jpg
[0, 0, 0, 0, 0, 1, 0, 0, 0, 0]
Reading ./databaserelease2/NatureDataset2/test/6-waters851.jpg
[0, 0, 0, 0, 0, 1, 0, 0, 0, 0]
Reading ./databaserelease2/NatureDataset2/test/6-waters855.jpg
[0, 0, 0, 0, 0, 1, 0, 0, 0, 0]
Reading ./databaserelease2/NatureDataset2/test/6-waters878.jpg
[0, 0, 0, 0, 0, 1, 0, 0, 0, 0]
Reading ./databaserelease2/NatureDataset2/test/6-waters889.jpg
[0, 0, 0, 0, 0, 1, 0, 0, 0, 0]
Reading ./databaserelease2/NatureDataset2/test/6-waters897.jpg
[0, 0, 0, 0, 0, 1, 0, 0, 0, 0]
Reading ./databaserelease2/NatureDataset2/test/6-waters9.jpg
[0, 0, 0, 0, 0, 1, 0, 0, 0, 0]
Reading ./databaserelease2/NatureDataset2/test/6-waters97.jpg
[0, 0, 0, 0, 0, 1, 0, 0, 0, 0]
Reading ./databaserelease2/NatureDataset2/test/7-waters548.jpg
[0, 0, 0, 0, 0, 0, 1, 0, 0, 0]
Reading ./databaserelease2/NatureDataset2/test/7-waters550.jpg
[0, 0, 0, 0, 0, 0, 1, 0, 0, 0]
Reading ./databaserelease2/NatureDataset2/test/7-waters553.jpg
[0, 0, 0, 0, 0, 0, 1, 0, 0, 0]
Reading ./databaserelease2/NatureDataset2/test/7-waters560.jpg
[0, 0, 0, 0, 0, 0, 1, 0, 0, 0]
Reading ./databaserelease2/NatureDataset2/test/7-waters562.jpg
[0, 0, 0, 0, 0, 0, 1, 0, 0, 0]
Reading ./databaserelease2/NatureDataset2/test/7-waters565.jpg
[0, 0, 0, 0, 0, 0, 1, 0, 0, 0]
Reading ./databaserelease2/NatureDataset2/test/7-waters571.jpg
[0, 0, 0, 0, 0, 0, 1, 0, 0, 0]
Reading ./databaserelease2/NatureDataset2/test/7-waters583.jpg
[0, 0, 0, 0, 0, 0, 1, 0, 0, 0]
Reading ./databaserelease2/NatureDataset2/test/7-waters586.jpg
[0, 0, 0, 0, 0, 0, 1, 0, 0, 0]
Reading ./databaserelease2/NatureDataset2/test/7-waters594.jpg
[0, 0, 0, 0, 0, 0, 1, 0, 0, 0]
Reading ./databaserelease2/NatureDataset2/test/7-waters599.jpg
[0, 0, 0, 0, 0, 0, 1, 0, 0, 0]
Reading ./databaserelease2/NatureDataset2/test/7-waters6.jpg
[0, 0, 0, 0, 0, 0, 1, 0, 0, 0]
Reading ./databaserelease2/NatureDataset2/test/7-waters604.jpg
[0, 0, 0, 0, 0, 0, 1, 0, 0, 0]
Reading ./databaserelease2/NatureDataset2/test/7-waters618.jpg
[0, 0, 0, 0, 0, 0, 1, 0, 0, 0]
Reading ./databaserelease2/NatureDataset2/test/7-waters635.jpg
[0, 0, 0, 0, 0, 0, 1, 0, 0, 0]
Reading ./databaserelease2/NatureDataset2/test/7-waters645.jpg
[0, 0, 0, 0, 0, 0, 1, 0, 0, 0]
Reading ./databaserelease2/NatureDataset2/test/7-waters647.jpg
[0, 0, 0, 0, 0, 0, 1, 0, 0, 0]
Reading ./databaserelease2/NatureDataset2/test/7-waters649.jpg
[0, 0, 0, 0, 0, 0, 1, 0, 0, 0]
Reading ./databaserelease2/NatureDataset2/test/7-waters65.jpg
[0, 0, 0, 0, 0, 0, 1, 0, 0, 0]
Reading ./databaserelease2/NatureDataset2/test/7-waters652.jpg
[0, 0, 0, 0, 0, 0, 1, 0, 0, 0]
Reading ./databaserelease2/NatureDataset2/test/7-waters664.jpg
[0, 0, 0, 0, 0, 0, 1, 0, 0, 0]
Reading ./databaserelease2/NatureDataset2/test/7-waters676.jpg
[0, 0, 0, 0, 0, 0, 1, 0, 0, 0]
Reading ./databaserelease2/NatureDataset2/test/7-waters683.jpg
[0, 0, 0, 0, 0, 0, 1, 0, 0, 0]
Reading ./databaserelease2/NatureDataset2/test/7-waters686.jpg
[0, 0, 0, 0, 0, 0, 1, 0, 0, 0]
Reading ./databaserelease2/NatureDataset2/test/7-waters687.jpg
[0, 0, 0, 0, 0, 0, 1, 0, 0, 0]
Reading ./databaserelease2/NatureDataset2/test/7-waters69.jpg
[0, 0, 0, 0, 0, 0, 1, 0, 0, 0]
Reading ./databaserelease2/NatureDataset2/test/7-waters7.jpg
[0, 0, 0, 0, 0, 0, 1, 0, 0, 0]
Reading ./databaserelease2/NatureDataset2/test/7-waters705.jpg
[0, 0, 0, 0, 0, 0, 1, 0, 0, 0]
Reading ./databaserelease2/NatureDataset2/test/7-waters712.jpg
[0, 0, 0, 0, 0, 0, 1, 0, 0, 0]
Reading ./databaserelease2/NatureDataset2/test/7-waters720.jpg
[0, 0, 0, 0, 0, 0, 1, 0, 0, 0]
Reading ./databaserelease2/NatureDataset2/test/7-waters726.jpg
[0, 0, 0, 0, 0, 0, 1, 0, 0, 0]
Reading ./databaserelease2/NatureDataset2/test/7-waters754.jpg
[0, 0, 0, 0, 0, 0, 1, 0, 0, 0]
Reading ./databaserelease2/NatureDataset2/test/7-waters756.jpg
[0, 0, 0, 0, 0, 0, 1, 0, 0, 0]
Reading ./databaserelease2/NatureDataset2/test/7-waters768.jpg
[0, 0, 0, 0, 0, 0, 1, 0, 0, 0]
Reading ./databaserelease2/NatureDataset2/test/7-waters771.jpg
[0, 0, 0, 0, 0, 0, 1, 0, 0, 0]
Reading ./databaserelease2/NatureDataset2/test/7-waters775.jpg
[0, 0, 0, 0, 0, 0, 1, 0, 0, 0]
Reading ./databaserelease2/NatureDataset2/test/7-waters776.jpg
[0, 0, 0, 0, 0, 0, 1, 0, 0, 0]
Reading ./databaserelease2/NatureDataset2/test/7-waters777.jpg
[0, 0, 0, 0, 0, 0, 1, 0, 0, 0]
Reading ./databaserelease2/NatureDataset2/test/7-waters789.jpg
[0, 0, 0, 0, 0, 0, 1, 0, 0, 0]
Reading ./databaserelease2/NatureDataset2/test/7-waters795.jpg
[0, 0, 0, 0, 0, 0, 1, 0, 0, 0]
Reading ./databaserelease2/NatureDataset2/test/7-waters80.jpg
[0, 0, 0, 0, 0, 0, 1, 0, 0, 0]
Reading ./databaserelease2/NatureDataset2/test/7-waters801.jpg
[0, 0, 0, 0, 0, 0, 1, 0, 0, 0]
Reading ./databaserelease2/NatureDataset2/test/7-waters806.jpg
[0, 0, 0, 0, 0, 0, 1, 0, 0, 0]
Reading ./databaserelease2/NatureDataset2/test/7-waters81.jpg
[0, 0, 0, 0, 0, 0, 1, 0, 0, 0]
Reading ./databaserelease2/NatureDataset2/test/7-waters813.jpg
[0, 0, 0, 0, 0, 0, 1, 0, 0, 0]
Reading ./databaserelease2/NatureDataset2/test/7-waters82.jpg
[0, 0, 0, 0, 0, 0, 1, 0, 0, 0]
Reading ./databaserelease2/NatureDataset2/test/7-waters830.jpg
[0, 0, 0, 0, 0, 0, 1, 0, 0, 0]
Reading ./databaserelease2/NatureDataset2/test/7-waters841.jpg
[0, 0, 0, 0, 0, 0, 1, 0, 0, 0]
Reading ./databaserelease2/NatureDataset2/test/7-waters845.jpg
[0, 0, 0, 0, 0, 0, 1, 0, 0, 0]
Reading ./databaserelease2/NatureDataset2/test/7-waters859.jpg
[0, 0, 0, 0, 0, 0, 1, 0, 0, 0]
Reading ./databaserelease2/NatureDataset2/test/7-waters863.jpg
[0, 0, 0, 0, 0, 0, 1, 0, 0, 0]
Reading ./databaserelease2/NatureDataset2/test/7-waters866.jpg
[0, 0, 0, 0, 0, 0, 1, 0, 0, 0]
Reading ./databaserelease2/NatureDataset2/test/7-waters870.jpg
[0, 0, 0, 0, 0, 0, 1, 0, 0, 0]
Reading ./databaserelease2/NatureDataset2/test/7-waters883.jpg
[0, 0, 0, 0, 0, 0, 1, 0, 0, 0]
Reading ./databaserelease2/NatureDataset2/test/7-waters94.jpg
[0, 0, 0, 0, 0, 0, 1, 0, 0, 0]
Reading ./databaserelease2/NatureDataset2/test/7-waters98.jpg
[0, 0, 0, 0, 0, 0, 1, 0, 0, 0]
Reading ./databaserelease2/NatureDataset2/test/8-waters613.jpg
[0, 0, 0, 0, 0, 0, 0, 1, 0, 0]
Reading ./databaserelease2/NatureDataset2/test/8-waters627.jpg
[0, 0, 0, 0, 0, 0, 0, 1, 0, 0]
Reading ./databaserelease2/NatureDataset2/test/8-waters631.jpg
[0, 0, 0, 0, 0, 0, 0, 1, 0, 0]
Reading ./databaserelease2/NatureDataset2/test/8-waters632.jpg
[0, 0, 0, 0, 0, 0, 0, 1, 0, 0]
Reading ./databaserelease2/NatureDataset2/test/8-waters64.jpg
[0, 0, 0, 0, 0, 0, 0, 1, 0, 0]
Reading ./databaserelease2/NatureDataset2/test/8-waters650.jpg
[0, 0, 0, 0, 0, 0, 0, 1, 0, 0]
Reading ./databaserelease2/NatureDataset2/test/8-waters654.jpg
[0, 0, 0, 0, 0, 0, 0, 1, 0, 0]
Reading ./databaserelease2/NatureDataset2/test/8-waters663.jpg
[0, 0, 0, 0, 0, 0, 0, 1, 0, 0]
Reading ./databaserelease2/NatureDataset2/test/8-waters666.jpg
[0, 0, 0, 0, 0, 0, 0, 1, 0, 0]
Reading ./databaserelease2/NatureDataset2/test/8-waters668.jpg
[0, 0, 0, 0, 0, 0, 0, 1, 0, 0]
Reading ./databaserelease2/NatureDataset2/test/8-waters675.jpg
[0, 0, 0, 0, 0, 0, 0, 1, 0, 0]
Reading ./databaserelease2/NatureDataset2/test/8-waters677.jpg
[0, 0, 0, 0, 0, 0, 0, 1, 0, 0]
Reading ./databaserelease2/NatureDataset2/test/8-waters684.jpg
[0, 0, 0, 0, 0, 0, 0, 1, 0, 0]
Reading ./databaserelease2/NatureDataset2/test/8-waters695.jpg
[0, 0, 0, 0, 0, 0, 0, 1, 0, 0]
Reading ./databaserelease2/NatureDataset2/test/8-waters698.jpg
[0, 0, 0, 0, 0, 0, 0, 1, 0, 0]
Reading ./databaserelease2/NatureDataset2/test/8-waters704.jpg
[0, 0, 0, 0, 0, 0, 0, 1, 0, 0]
Reading ./databaserelease2/NatureDataset2/test/8-waters729.jpg
[0, 0, 0, 0, 0, 0, 0, 1, 0, 0]
Reading ./databaserelease2/NatureDataset2/test/8-waters73.jpg
[0, 0, 0, 0, 0, 0, 0, 1, 0, 0]
Reading ./databaserelease2/NatureDataset2/test/8-waters732.jpg
[0, 0, 0, 0, 0, 0, 0, 1, 0, 0]
Reading ./databaserelease2/NatureDataset2/test/8-waters735.jpg
[0, 0, 0, 0, 0, 0, 0, 1, 0, 0]
Reading ./databaserelease2/NatureDataset2/test/8-waters744.jpg
[0, 0, 0, 0, 0, 0, 0, 1, 0, 0]
Reading ./databaserelease2/NatureDataset2/test/8-waters752.jpg
[0, 0, 0, 0, 0, 0, 0, 1, 0, 0]
Reading ./databaserelease2/NatureDataset2/test/8-waters753.jpg
[0, 0, 0, 0, 0, 0, 0, 1, 0, 0]
Reading ./databaserelease2/NatureDataset2/test/8-waters755.jpg
[0, 0, 0, 0, 0, 0, 0, 1, 0, 0]
Reading ./databaserelease2/NatureDataset2/test/8-waters765.jpg
[0, 0, 0, 0, 0, 0, 0, 1, 0, 0]
Reading ./databaserelease2/NatureDataset2/test/8-waters773.jpg
[0, 0, 0, 0, 0, 0, 0, 1, 0, 0]
Reading ./databaserelease2/NatureDataset2/test/8-waters783.jpg
[0, 0, 0, 0, 0, 0, 0, 1, 0, 0]
Reading ./databaserelease2/NatureDataset2/test/8-waters787.jpg
[0, 0, 0, 0, 0, 0, 0, 1, 0, 0]
Reading ./databaserelease2/NatureDataset2/test/8-waters799.jpg
[0, 0, 0, 0, 0, 0, 0, 1, 0, 0]
Reading ./databaserelease2/NatureDataset2/test/8-waters856.jpg
[0, 0, 0, 0, 0, 0, 0, 1, 0, 0]
Reading ./databaserelease2/NatureDataset2/test/8-waters857.jpg
[0, 0, 0, 0, 0, 0, 0, 1, 0, 0]
Reading ./databaserelease2/NatureDataset2/test/8-waters861.jpg
[0, 0, 0, 0, 0, 0, 0, 1, 0, 0]
Reading ./databaserelease2/NatureDataset2/test/8-waters865.jpg
[0, 0, 0, 0, 0, 0, 0, 1, 0, 0]
Reading ./databaserelease2/NatureDataset2/test/8-waters871.jpg
[0, 0, 0, 0, 0, 0, 0, 1, 0, 0]
Reading ./databaserelease2/NatureDataset2/test/8-waters886.jpg
[0, 0, 0, 0, 0, 0, 0, 1, 0, 0]
Reading ./databaserelease2/NatureDataset2/test/8-waters898.jpg
[0, 0, 0, 0, 0, 0, 0, 1, 0, 0]
Reading ./databaserelease2/NatureDataset2/test/8-waters899.jpg
[0, 0, 0, 0, 0, 0, 0, 1, 0, 0]
Reading ./databaserelease2/NatureDataset2/test/8-waters900.jpg
[0, 0, 0, 0, 0, 0, 0, 1, 0, 0]
Reading ./databaserelease2/NatureDataset2/test/9-waters593.jpg
[0, 0, 0, 0, 0, 0, 0, 0, 1, 0]
Reading ./databaserelease2/NatureDataset2/test/9-waters597.jpg
[0, 0, 0, 0, 0, 0, 0, 0, 1, 0]
Reading ./databaserelease2/NatureDataset2/test/9-waters606.jpg
[0, 0, 0, 0, 0, 0, 0, 0, 1, 0]
Reading ./databaserelease2/NatureDataset2/test/9-waters63.jpg
[0, 0, 0, 0, 0, 0, 0, 0, 1, 0]
Reading ./databaserelease2/NatureDataset2/test/9-waters633.jpg
[0, 0, 0, 0, 0, 0, 0, 0, 1, 0]
Reading ./databaserelease2/NatureDataset2/test/9-waters639.jpg
[0, 0, 0, 0, 0, 0, 0, 0, 1, 0]
Reading ./databaserelease2/NatureDataset2/test/9-waters640.jpg
[0, 0, 0, 0, 0, 0, 0, 0, 1, 0]
Reading ./databaserelease2/NatureDataset2/test/9-waters688.jpg
[0, 0, 0, 0, 0, 0, 0, 0, 1, 0]
Reading ./databaserelease2/NatureDataset2/test/9-waters690.jpg
[0, 0, 0, 0, 0, 0, 0, 0, 1, 0]
Reading ./databaserelease2/NatureDataset2/test/9-waters693.jpg
[0, 0, 0, 0, 0, 0, 0, 0, 1, 0]
Reading ./databaserelease2/NatureDataset2/test/9-waters703.jpg
[0, 0, 0, 0, 0, 0, 0, 0, 1, 0]
Reading ./databaserelease2/NatureDataset2/test/9-waters709.jpg
[0, 0, 0, 0, 0, 0, 0, 0, 1, 0]
Reading ./databaserelease2/NatureDataset2/test/9-waters719.jpg
[0, 0, 0, 0, 0, 0, 0, 0, 1, 0]
Reading ./databaserelease2/NatureDataset2/test/9-waters730.jpg
[0, 0, 0, 0, 0, 0, 0, 0, 1, 0]
Reading ./databaserelease2/NatureDataset2/test/9-waters743.jpg
[0, 0, 0, 0, 0, 0, 0, 0, 1, 0]
Reading ./databaserelease2/NatureDataset2/test/9-waters749.jpg
[0, 0, 0, 0, 0, 0, 0, 0, 1, 0]
Reading ./databaserelease2/NatureDataset2/test/9-waters751.jpg
[0, 0, 0, 0, 0, 0, 0, 0, 1, 0]
Reading ./databaserelease2/NatureDataset2/test/9-waters761.jpg
[0, 0, 0, 0, 0, 0, 0, 0, 1, 0]
Reading ./databaserelease2/NatureDataset2/test/9-waters77.jpg
[0, 0, 0, 0, 0, 0, 0, 0, 1, 0]
Reading ./databaserelease2/NatureDataset2/test/9-waters772.jpg
[0, 0, 0, 0, 0, 0, 0, 0, 1, 0]
Reading ./databaserelease2/NatureDataset2/test/9-waters778.jpg
[0, 0, 0, 0, 0, 0, 0, 0, 1, 0]
Reading ./databaserelease2/NatureDataset2/test/9-waters784.jpg
[0, 0, 0, 0, 0, 0, 0, 0, 1, 0]
Reading ./databaserelease2/NatureDataset2/test/9-waters788.jpg
[0, 0, 0, 0, 0, 0, 0, 0, 1, 0]
Reading ./databaserelease2/NatureDataset2/test/9-waters793.jpg
[0, 0, 0, 0, 0, 0, 0, 0, 1, 0]
Reading ./databaserelease2/NatureDataset2/test/9-waters807.jpg
[0, 0, 0, 0, 0, 0, 0, 0, 1, 0]
Reading ./databaserelease2/NatureDataset2/test/9-waters816.jpg
[0, 0, 0, 0, 0, 0, 0, 0, 1, 0]
Reading ./databaserelease2/NatureDataset2/test/9-waters818.jpg
[0, 0, 0, 0, 0, 0, 0, 0, 1, 0]
Reading ./databaserelease2/NatureDataset2/test/9-waters824.jpg
[0, 0, 0, 0, 0, 0, 0, 0, 1, 0]
Reading ./databaserelease2/NatureDataset2/test/9-waters833.jpg
[0, 0, 0, 0, 0, 0, 0, 0, 1, 0]
Reading ./databaserelease2/NatureDataset2/test/9-waters836.jpg
[0, 0, 0, 0, 0, 0, 0, 0, 1, 0]
Reading ./databaserelease2/NatureDataset2/test/9-waters843.jpg
[0, 0, 0, 0, 0, 0, 0, 0, 1, 0]
2021-10-26 11:48:28.281153: I tensorflow/compiler/mlir/mlir_graph_optimization_pass.cc:185] None of the MLIR Optimization Passes are enabled (registered 2)
2021-10-26 11:48:29.529644: I tensorflow/stream_executor/cuda/cuda_dnn.cc:369] Loaded cuDNN version 8201
2021-10-26 11:48:31.587200: W tensorflow/stream_executor/gpu/asm_compiler.cc:77] Couldn't get ptxas version string: Internal: Running ptxas --version returned 32512
2021-10-26 11:48:31.630470: W tensorflow/stream_executor/gpu/redzone_allocator.cc:314] Internal: ptxas exited with non-zero error code 32512, output: 
Relying on driver to perform ptx compilation. 
Modify $PATH to customize ptxas location.
This message will be only logged once.
2021-10-26 11:48:51.493116: I tensorflow/stream_executor/cuda/cuda_blas.cc:1760] TensorFloat-32 will be used for the matrix multiplication. This will only be logged once.
Reading ./databaserelease2/NatureDataset2/test/9-waters852.jpg
[0, 0, 0, 0, 0, 0, 0, 0, 1, 0]
Reading ./databaserelease2/NatureDataset2/test/9-waters853.jpg
[0, 0, 0, 0, 0, 0, 0, 0, 1, 0]
Reading ./databaserelease2/NatureDataset2/test/9-waters867.jpg
[0, 0, 0, 0, 0, 0, 0, 0, 1, 0]
Reading ./databaserelease2/NatureDataset2/test/9-waters875.jpg
[0, 0, 0, 0, 0, 0, 0, 0, 1, 0]

Read 401 images.


[[1 0 0 ... 0 0 0]
 [1 0 0 ... 0 0 0]
 [1 0 0 ... 0 0 0]
 ...
 [0 0 0 ... 0 1 0]
 [0 0 0 ... 0 1 0]
 [0 0 0 ... 0 1 0]]
[[0.46139532 0.5093272  0.5290637  ... 0.48614156 0.4707601  0.40916255]
 [0.46139532 0.5093272  0.5290637  ... 0.48614156 0.4707601  0.40916255]
 [0.46139532 0.5093272  0.5290637  ... 0.48614156 0.4707601  0.40916255]
 ...
 [0.46139532 0.5093272  0.5290637  ... 0.48614156 0.4707601  0.40916255]
 [0.46139532 0.5093272  0.5290637  ... 0.48614156 0.4707601  0.40916255]
 [0.46139532 0.5093272  0.5290637  ... 0.48614156 0.4707601  0.40916255]]
13/13 - 9s - loss: 2.2871
Traceback (most recent call last):
  File "/mnt/beegfs/home/agolchub/repo/Aesthetic_Photo_Ranking/./train.py", line 558, in <module>
    main(sys.argv[1:])
  File "/mnt/beegfs/home/agolchub/repo/Aesthetic_Photo_Ranking/./train.py", line 553, in main
    test(modelin,imagepath)
  File "/mnt/beegfs/home/agolchub/repo/Aesthetic_Photo_Ranking/./train.py", line 464, in test
    loss, acc = model.evaluate(a, np.array(y), verbose=2)
TypeError: cannot unpack non-iterable float object
srun: error: nodegpu002: task 0: Exited with exit code 1
