
CommandNotFoundError: Your shell has not been properly configured to use 'conda activate'.
To initialize your shell, run

    $ conda init <SHELL_NAME>

Currently supported shells are:
  - bash
  - fish
  - tcsh
  - xonsh
  - zsh
  - powershell

See 'conda init --help' for more information and options.

IMPORTANT: You may need to close and restart your shell after running 'conda init'.


Wed Nov 10 03:13:27 2021       
+-----------------------------------------------------------------------------+
| NVIDIA-SMI 460.32.03    Driver Version: 460.32.03    CUDA Version: 11.2     |
|-------------------------------+----------------------+----------------------+
| GPU  Name        Persistence-M| Bus-Id        Disp.A | Volatile Uncorr. ECC |
| Fan  Temp  Perf  Pwr:Usage/Cap|         Memory-Usage | GPU-Util  Compute M. |
|                               |                      |               MIG M. |
|===============================+======================+======================|
|   0  A100-PCIE-40GB      Off  | 00000000:21:00.0 Off |                    0 |
| N/A   37C    P0    39W / 250W |      0MiB / 40536MiB |      0%      Default |
|                               |                      |             Disabled |
+-------------------------------+----------------------+----------------------+
                                                                               
+-----------------------------------------------------------------------------+
| Processes:                                                                  |
|  GPU   GI   CI        PID   Type   Process name                  GPU Memory |
|        ID   ID                                                   Usage      |
|=============================================================================|
|  No running processes found                                                 |
+-----------------------------------------------------------------------------+
2021-11-10 03:13:36.996198: I tensorflow/core/platform/cpu_feature_guard.cc:142] This TensorFlow binary is optimized with oneAPI Deep Neural Network Library (oneDNN) to use the following CPU instructions in performance-critical operations:  AVX2 FMA
To enable them in other operations, rebuild TensorFlow with the appropriate compiler flags.
2021-11-10 03:13:37.760171: I tensorflow/core/common_runtime/gpu/gpu_device.cc:1510] Created device /job:localhost/replica:0/task:0/device:GPU:0 with 38426 MB memory:  -> device: 0, name: A100-PCIE-40GB, pci bus id: 0000:21:00.0, compute capability: 8.0
2021-11-10 03:13:38.551722: I tensorflow/core/profiler/lib/profiler_session.cc:131] Profiler session initializing.
2021-11-10 03:13:38.551773: I tensorflow/core/profiler/lib/profiler_session.cc:146] Profiler session started.
2021-11-10 03:13:38.552776: I tensorflow/core/profiler/internal/gpu/cupti_tracer.cc:1614] Profiler found 1 GPUs
2021-11-10 03:13:38.555390: W tensorflow/stream_executor/platform/default/dso_loader.cc:64] Could not load dynamic library 'libcupti.so.11.2'; dlerror: libcupti.so.11.2: cannot open shared object file: No such file or directory; LD_LIBRARY_PATH: /opt/ohpc/pub/mpi/openmpi3-gnu8/3.1.4/lib:/opt/ohpc/pub/compiler/gcc/8.3.0/lib64
2021-11-10 03:13:38.555718: W tensorflow/stream_executor/platform/default/dso_loader.cc:64] Could not load dynamic library 'libcupti.so'; dlerror: libcupti.so: cannot open shared object file: No such file or directory; LD_LIBRARY_PATH: /opt/ohpc/pub/mpi/openmpi3-gnu8/3.1.4/lib:/opt/ohpc/pub/compiler/gcc/8.3.0/lib64
2021-11-10 03:13:38.555735: E tensorflow/core/profiler/internal/gpu/cupti_tracer.cc:1666] function cupti_interface_->Subscribe( &subscriber_, (CUpti_CallbackFunc)ApiCallback, this)failed with error CUPTI could not be loaded or symbol could not be found.
2021-11-10 03:13:38.555753: I tensorflow/core/profiler/lib/profiler_session.cc:164] Profiler session tear down.
2021-11-10 03:13:38.555770: E tensorflow/core/profiler/internal/gpu/cupti_tracer.cc:1757] function cupti_interface_->Finalize()failed with error CUPTI could not be loaded or symbol could not be found.
/mnt/beegfs/home/agolchub/miniconda3/envs/tf2-gpu/lib/python3.9/site-packages/keras/optimizer_v2/optimizer_v2.py:355: UserWarning: The `lr` argument is deprecated, use `learning_rate` instead.
  warnings.warn(
Input file is " 
Output file is " agnet.16.res
Image path is " 
--------------------


Model: "model"
__________________________________________________________________________________________________
Layer (type)                    Output Shape         Param #     Connected to                     
==================================================================================================
input_1 (InputLayer)            [(None, 1024, 680, 3 0                                            
__________________________________________________________________________________________________
conv2d (Conv2D)                 (None, 165, 162, 96) 352896      input_1[0][0]                    
__________________________________________________________________________________________________
conv2d_20 (Conv2D)              (None, 170, 168, 96) 23424       input_1[0][0]                    
__________________________________________________________________________________________________
batch_normalization (BatchNorma (None, 165, 162, 96) 384         conv2d[0][0]                     
__________________________________________________________________________________________________
batch_normalization_20 (BatchNo (None, 170, 168, 96) 384         conv2d_20[0][0]                  
__________________________________________________________________________________________________
activation (Activation)         (None, 165, 162, 96) 0           batch_normalization[0][0]        
__________________________________________________________________________________________________
activation_15 (Activation)      (None, 170, 168, 96) 0           batch_normalization_20[0][0]     
__________________________________________________________________________________________________
conv2d_1 (Conv2D)               (None, 164, 161, 192 73920       activation[0][0]                 
__________________________________________________________________________________________________
conv2d_21 (Conv2D)              (None, 169, 167, 192 73920       activation_15[0][0]              
__________________________________________________________________________________________________
batch_normalization_1 (BatchNor (None, 164, 161, 192 768         conv2d_1[0][0]                   
__________________________________________________________________________________________________
batch_normalization_21 (BatchNo (None, 169, 167, 192 768         conv2d_21[0][0]                  
__________________________________________________________________________________________________
activation_1 (Activation)       (None, 164, 161, 192 0           batch_normalization_1[0][0]      
__________________________________________________________________________________________________
activation_16 (Activation)      (None, 169, 167, 192 0           batch_normalization_21[0][0]     
__________________________________________________________________________________________________
conv2d_2 (Conv2D)               (None, 163, 160, 384 295296      activation_1[0][0]               
__________________________________________________________________________________________________
conv2d_3 (Conv2D)               (None, 163, 160, 384 332160      activation[0][0]                 
__________________________________________________________________________________________________
conv2d_22 (Conv2D)              (None, 168, 166, 384 295296      activation_16[0][0]              
__________________________________________________________________________________________________
conv2d_23 (Conv2D)              (None, 168, 166, 384 332160      activation_15[0][0]              
__________________________________________________________________________________________________
batch_normalization_2 (BatchNor (None, 163, 160, 384 1536        conv2d_2[0][0]                   
__________________________________________________________________________________________________
batch_normalization_3 (BatchNor (None, 163, 160, 384 1536        conv2d_3[0][0]                   
__________________________________________________________________________________________________
batch_normalization_22 (BatchNo (None, 168, 166, 384 1536        conv2d_22[0][0]                  
__________________________________________________________________________________________________
batch_normalization_23 (BatchNo (None, 168, 166, 384 1536        conv2d_23[0][0]                  
__________________________________________________________________________________________________
add (Add)                       (None, 163, 160, 384 0           batch_normalization_2[0][0]      
                                                                 batch_normalization_3[0][0]      
__________________________________________________________________________________________________
add_5 (Add)                     (None, 168, 166, 384 0           batch_normalization_22[0][0]     
                                                                 batch_normalization_23[0][0]     
__________________________________________________________________________________________________
activation_2 (Activation)       (None, 163, 160, 384 0           add[0][0]                        
__________________________________________________________________________________________________
activation_17 (Activation)      (None, 168, 166, 384 0           add_5[0][0]                      
__________________________________________________________________________________________________
conv2d_4 (Conv2D)               (None, 78, 76, 384)  11944320    activation_2[0][0]               
__________________________________________________________________________________________________
conv2d_24 (Conv2D)              (None, 81, 80, 384)  7225728     activation_17[0][0]              
__________________________________________________________________________________________________
batch_normalization_4 (BatchNor (None, 78, 76, 384)  1536        conv2d_4[0][0]                   
__________________________________________________________________________________________________
batch_normalization_24 (BatchNo (None, 81, 80, 384)  1536        conv2d_24[0][0]                  
__________________________________________________________________________________________________
activation_3 (Activation)       (None, 78, 76, 384)  0           batch_normalization_4[0][0]      
__________________________________________________________________________________________________
activation_18 (Activation)      (None, 81, 80, 384)  0           batch_normalization_24[0][0]     
__________________________________________________________________________________________________
conv2d_5 (Conv2D)               (None, 77, 75, 192)  295104      activation_3[0][0]               
__________________________________________________________________________________________________
conv2d_25 (Conv2D)              (None, 80, 79, 192)  295104      activation_18[0][0]              
__________________________________________________________________________________________________
batch_normalization_5 (BatchNor (None, 77, 75, 192)  768         conv2d_5[0][0]                   
__________________________________________________________________________________________________
batch_normalization_25 (BatchNo (None, 80, 79, 192)  768         conv2d_25[0][0]                  
__________________________________________________________________________________________________
activation_4 (Activation)       (None, 77, 75, 192)  0           batch_normalization_5[0][0]      
__________________________________________________________________________________________________
activation_19 (Activation)      (None, 80, 79, 192)  0           batch_normalization_25[0][0]     
__________________________________________________________________________________________________
conv2d_6 (Conv2D)               (None, 76, 74, 96)   73824       activation_4[0][0]               
__________________________________________________________________________________________________
conv2d_7 (Conv2D)               (None, 76, 74, 96)   331872      activation_3[0][0]               
__________________________________________________________________________________________________
conv2d_26 (Conv2D)              (None, 79, 78, 96)   73824       activation_19[0][0]              
__________________________________________________________________________________________________
conv2d_27 (Conv2D)              (None, 79, 78, 96)   331872      activation_18[0][0]              
__________________________________________________________________________________________________
batch_normalization_6 (BatchNor (None, 76, 74, 96)   384         conv2d_6[0][0]                   
__________________________________________________________________________________________________
batch_normalization_7 (BatchNor (None, 76, 74, 96)   384         conv2d_7[0][0]                   
__________________________________________________________________________________________________
batch_normalization_26 (BatchNo (None, 79, 78, 96)   384         conv2d_26[0][0]                  
__________________________________________________________________________________________________
batch_normalization_27 (BatchNo (None, 79, 78, 96)   384         conv2d_27[0][0]                  
__________________________________________________________________________________________________
add_1 (Add)                     (None, 76, 74, 96)   0           batch_normalization_6[0][0]      
                                                                 batch_normalization_7[0][0]      
__________________________________________________________________________________________________
add_6 (Add)                     (None, 79, 78, 96)   0           batch_normalization_26[0][0]     
                                                                 batch_normalization_27[0][0]     
__________________________________________________________________________________________________
activation_5 (Activation)       (None, 76, 74, 96)   0           add_1[0][0]                      
__________________________________________________________________________________________________
activation_20 (Activation)      (None, 79, 78, 96)   0           add_6[0][0]                      
__________________________________________________________________________________________________
conv2d_8 (Conv2D)               (None, 36, 35, 384)  921984      activation_5[0][0]               
__________________________________________________________________________________________________
conv2d_28 (Conv2D)              (None, 38, 37, 384)  921984      activation_20[0][0]              
__________________________________________________________________________________________________
batch_normalization_8 (BatchNor (None, 36, 35, 384)  1536        conv2d_8[0][0]                   
__________________________________________________________________________________________________
batch_normalization_28 (BatchNo (None, 38, 37, 384)  1536        conv2d_28[0][0]                  
__________________________________________________________________________________________________
activation_6 (Activation)       (None, 36, 35, 384)  0           batch_normalization_8[0][0]      
__________________________________________________________________________________________________
activation_21 (Activation)      (None, 38, 37, 384)  0           batch_normalization_28[0][0]     
__________________________________________________________________________________________________
conv2d_9 (Conv2D)               (None, 35, 34, 768)  1180416     activation_6[0][0]               
__________________________________________________________________________________________________
conv2d_29 (Conv2D)              (None, 37, 36, 768)  1180416     activation_21[0][0]              
__________________________________________________________________________________________________
batch_normalization_9 (BatchNor (None, 35, 34, 768)  3072        conv2d_9[0][0]                   
__________________________________________________________________________________________________
batch_normalization_29 (BatchNo (None, 37, 36, 768)  3072        conv2d_29[0][0]                  
__________________________________________________________________________________________________
activation_7 (Activation)       (None, 35, 34, 768)  0           batch_normalization_9[0][0]      
__________________________________________________________________________________________________
activation_22 (Activation)      (None, 37, 36, 768)  0           batch_normalization_29[0][0]     
__________________________________________________________________________________________________
conv2d_10 (Conv2D)              (None, 34, 33, 1536) 4720128     activation_7[0][0]               
__________________________________________________________________________________________________
conv2d_11 (Conv2D)              (None, 34, 33, 1536) 5309952     activation_6[0][0]               
__________________________________________________________________________________________________
conv2d_30 (Conv2D)              (None, 36, 35, 1536) 4720128     activation_22[0][0]              
__________________________________________________________________________________________________
conv2d_31 (Conv2D)              (None, 36, 35, 1536) 5309952     activation_21[0][0]              
__________________________________________________________________________________________________
batch_normalization_10 (BatchNo (None, 34, 33, 1536) 6144        conv2d_10[0][0]                  
__________________________________________________________________________________________________
batch_normalization_11 (BatchNo (None, 34, 33, 1536) 6144        conv2d_11[0][0]                  
__________________________________________________________________________________________________
batch_normalization_30 (BatchNo (None, 36, 35, 1536) 6144        conv2d_30[0][0]                  
__________________________________________________________________________________________________
batch_normalization_31 (BatchNo (None, 36, 35, 1536) 6144        conv2d_31[0][0]                  
__________________________________________________________________________________________________
add_2 (Add)                     (None, 34, 33, 1536) 0           batch_normalization_10[0][0]     
                                                                 batch_normalization_11[0][0]     
__________________________________________________________________________________________________
add_7 (Add)                     (None, 36, 35, 1536) 0           batch_normalization_30[0][0]     
                                                                 batch_normalization_31[0][0]     
__________________________________________________________________________________________________
activation_8 (Activation)       (None, 34, 33, 1536) 0           add_2[0][0]                      
__________________________________________________________________________________________________
activation_23 (Activation)      (None, 36, 35, 1536) 0           add_7[0][0]                      
__________________________________________________________________________________________________
conv2d_12 (Conv2D)              (None, 16, 16, 384)  5308800     activation_8[0][0]               
__________________________________________________________________________________________________
conv2d_32 (Conv2D)              (None, 17, 17, 384)  5308800     activation_23[0][0]              
__________________________________________________________________________________________________
batch_normalization_12 (BatchNo (None, 16, 16, 384)  1536        conv2d_12[0][0]                  
__________________________________________________________________________________________________
batch_normalization_32 (BatchNo (None, 17, 17, 384)  1536        conv2d_32[0][0]                  
__________________________________________________________________________________________________
activation_9 (Activation)       (None, 16, 16, 384)  0           batch_normalization_12[0][0]     
__________________________________________________________________________________________________
activation_24 (Activation)      (None, 17, 17, 384)  0           batch_normalization_32[0][0]     
__________________________________________________________________________________________________
conv2d_13 (Conv2D)              (None, 15, 15, 192)  295104      activation_9[0][0]               
__________________________________________________________________________________________________
conv2d_33 (Conv2D)              (None, 16, 16, 192)  295104      activation_24[0][0]              
__________________________________________________________________________________________________
batch_normalization_13 (BatchNo (None, 15, 15, 192)  768         conv2d_13[0][0]                  
__________________________________________________________________________________________________
batch_normalization_33 (BatchNo (None, 16, 16, 192)  768         conv2d_33[0][0]                  
__________________________________________________________________________________________________
activation_10 (Activation)      (None, 15, 15, 192)  0           batch_normalization_13[0][0]     
__________________________________________________________________________________________________
activation_25 (Activation)      (None, 16, 16, 192)  0           batch_normalization_33[0][0]     
__________________________________________________________________________________________________
conv2d_14 (Conv2D)              (None, 14, 14, 96)   73824       activation_10[0][0]              
__________________________________________________________________________________________________
conv2d_15 (Conv2D)              (None, 14, 14, 96)   331872      activation_9[0][0]               
__________________________________________________________________________________________________
conv2d_34 (Conv2D)              (None, 15, 15, 96)   73824       activation_25[0][0]              
__________________________________________________________________________________________________
conv2d_35 (Conv2D)              (None, 15, 15, 96)   331872      activation_24[0][0]              
__________________________________________________________________________________________________
batch_normalization_14 (BatchNo (None, 14, 14, 96)   384         conv2d_14[0][0]                  
__________________________________________________________________________________________________
batch_normalization_15 (BatchNo (None, 14, 14, 96)   384         conv2d_15[0][0]                  
__________________________________________________________________________________________________
batch_normalization_34 (BatchNo (None, 15, 15, 96)   384         conv2d_34[0][0]                  
__________________________________________________________________________________________________
batch_normalization_35 (BatchNo (None, 15, 15, 96)   384         conv2d_35[0][0]                  
__________________________________________________________________________________________________
add_3 (Add)                     (None, 14, 14, 96)   0           batch_normalization_14[0][0]     
                                                                 batch_normalization_15[0][0]     
__________________________________________________________________________________________________
add_8 (Add)                     (None, 15, 15, 96)   0           batch_normalization_34[0][0]     
                                                                 batch_normalization_35[0][0]     
__________________________________________________________________________________________________
activation_11 (Activation)      (None, 14, 14, 96)   0           add_3[0][0]                      
__________________________________________________________________________________________________
activation_26 (Activation)      (None, 15, 15, 96)   0           add_8[0][0]                      
__________________________________________________________________________________________________
conv2d_16 (Conv2D)              (None, 6, 6, 160)    138400      activation_11[0][0]              
__________________________________________________________________________________________________
conv2d_36 (Conv2D)              (None, 7, 7, 160)    138400      activation_26[0][0]              
__________________________________________________________________________________________________
batch_normalization_16 (BatchNo (None, 6, 6, 160)    640         conv2d_16[0][0]                  
__________________________________________________________________________________________________
batch_normalization_36 (BatchNo (None, 7, 7, 160)    640         conv2d_36[0][0]                  
__________________________________________________________________________________________________
activation_12 (Activation)      (None, 6, 6, 160)    0           batch_normalization_16[0][0]     
__________________________________________________________________________________________________
activation_27 (Activation)      (None, 7, 7, 160)    0           batch_normalization_36[0][0]     
__________________________________________________________________________________________________
conv2d_17 (Conv2D)              (None, 5, 5, 160)    102560      activation_12[0][0]              
__________________________________________________________________________________________________
conv2d_37 (Conv2D)              (None, 6, 6, 160)    102560      activation_27[0][0]              
__________________________________________________________________________________________________
batch_normalization_17 (BatchNo (None, 5, 5, 160)    640         conv2d_17[0][0]                  
__________________________________________________________________________________________________
batch_normalization_37 (BatchNo (None, 6, 6, 160)    640         conv2d_37[0][0]                  
__________________________________________________________________________________________________
activation_13 (Activation)      (None, 5, 5, 160)    0           batch_normalization_17[0][0]     
__________________________________________________________________________________________________
activation_28 (Activation)      (None, 6, 6, 160)    0           batch_normalization_37[0][0]     
__________________________________________________________________________________________________
conv2d_18 (Conv2D)              (None, 4, 4, 160)    102560      activation_13[0][0]              
__________________________________________________________________________________________________
conv2d_19 (Conv2D)              (None, 4, 4, 160)    230560      activation_12[0][0]              
__________________________________________________________________________________________________
conv2d_38 (Conv2D)              (None, 5, 5, 160)    102560      activation_28[0][0]              
__________________________________________________________________________________________________
conv2d_39 (Conv2D)              (None, 5, 5, 160)    230560      activation_27[0][0]              
__________________________________________________________________________________________________
batch_normalization_18 (BatchNo (None, 4, 4, 160)    640         conv2d_18[0][0]                  
__________________________________________________________________________________________________
batch_normalization_19 (BatchNo (None, 4, 4, 160)    640         conv2d_19[0][0]                  
__________________________________________________________________________________________________
batch_normalization_38 (BatchNo (None, 5, 5, 160)    640         conv2d_38[0][0]                  
__________________________________________________________________________________________________
batch_normalization_39 (BatchNo (None, 5, 5, 160)    640         conv2d_39[0][0]                  
__________________________________________________________________________________________________
add_4 (Add)                     (None, 4, 4, 160)    0           batch_normalization_18[0][0]     
                                                                 batch_normalization_19[0][0]     
__________________________________________________________________________________________________
add_9 (Add)                     (None, 5, 5, 160)    0           batch_normalization_38[0][0]     
                                                                 batch_normalization_39[0][0]     
__________________________________________________________________________________________________
activation_14 (Activation)      (None, 4, 4, 160)    0           add_4[0][0]                      
__________________________________________________________________________________________________
activation_29 (Activation)      (None, 5, 5, 160)    0           add_9[0][0]                      
__________________________________________________________________________________________________
flatten (Flatten)               (None, 2560)         0           activation_14[0][0]              
__________________________________________________________________________________________________
flatten_1 (Flatten)             (None, 4000)         0           activation_29[0][0]              
__________________________________________________________________________________________________
concatenate (Concatenate)       (None, 6560)         0           flatten[0][0]                    
                                                                 flatten_1[0][0]                  
__________________________________________________________________________________________________
dense (Dense)                   (None, 2048)         13436928    concatenate[0][0]                
__________________________________________________________________________________________________
dropout (Dropout)               (None, 2048)         0           dense[0][0]                      
__________________________________________________________________________________________________
dense_1 (Dense)                 (None, 1024)         2098176     dropout[0][0]                    
__________________________________________________________________________________________________
dropout_1 (Dropout)             (None, 1024)         0           dense_1[0][0]                    
__________________________________________________________________________________________________
dense_2 (Dense)                 (None, 512)          524800      dropout_1[0][0]                  
__________________________________________________________________________________________________
dropout_2 (Dropout)             (None, 512)          0           dense_2[0][0]                    
__________________________________________________________________________________________________
dense_3 (Dense)                 (None, 256)          131328      dropout_2[0][0]                  
__________________________________________________________________________________________________
dropout_3 (Dropout)             (None, 256)          0           dense_3[0][0]                    
__________________________________________________________________________________________________
dense_4 (Dense)                 (None, 128)          32896       dropout_3[0][0]                  
__________________________________________________________________________________________________
dropout_4 (Dropout)             (None, 128)          0           dense_4[0][0]                    
__________________________________________________________________________________________________
dense_5 (Dense)                 (None, 64)           8256        dropout_4[0][0]                  
__________________________________________________________________________________________________
dropout_5 (Dropout)             (None, 64)           0           dense_5[0][0]                    
__________________________________________________________________________________________________
dense_6 (Dense)                 (None, 1)            65          dropout_5[0][0]                  
==================================================================================================
Total params: 76,075,137
Trainable params: 76,045,313
Non-trainable params: 29,824
__________________________________________________________________________________________________
None
Adding Images: Reading ./databaserelease2/MixedDataset/train/1-110.jpg
1.0
Reading ./databaserelease2/MixedDataset/train/1-107.jpg
1.0
Reading ./databaserelease2/MixedDataset/train/0-13.jpg
0.0
Reading ./databaserelease2/MixedDataset/train/0-17.jpg
0.0
Reading ./databaserelease2/MixedDataset/train/0-46.jpg
0.0
Reading ./databaserelease2/MixedDataset/train/1-18.jpg
1.0
Reading ./databaserelease2/MixedDataset/train/0-43.jpg
0.0
Reading ./databaserelease2/MixedDataset/train/0-128.jpg
0.0
Reading ./databaserelease2/MixedDataset/train/0-11.jpg
0.0
Reading ./databaserelease2/MixedDataset/train/0-69.jpg
0.0
Reading ./databaserelease2/MixedDataset/train/0-5.jpg
0.0
Reading ./databaserelease2/MixedDataset/train/0-72.jpg
0.0
Reading ./databaserelease2/MixedDataset/train/1-62.jpg
1.0
Reading ./databaserelease2/MixedDataset/train/0-64.jpg
0.0
Reading ./databaserelease2/MixedDataset/train/0-49.jpg
0.0
Reading ./databaserelease2/MixedDataset/train/1-57.jpg
1.0
Reading ./databaserelease2/MixedDataset/train/1-134.jpg
1.0
Reading ./databaserelease2/MixedDataset/train/1-128.jpg
1.0
Reading ./databaserelease2/MixedDataset/train/0-6.jpg
0.0
Reading ./databaserelease2/MixedDataset/train/0-23.jpg
0.0
Reading ./databaserelease2/MixedDataset/train/1-61.jpg
1.0
Reading ./databaserelease2/MixedDataset/train/0-33.jpg
0.0
Reading ./databaserelease2/MixedDataset/train/0-85.jpg
0.0
Reading ./databaserelease2/MixedDataset/train/1-40.jpg
1.0
Reading ./databaserelease2/MixedDataset/train/0-83.jpg
0.0
Reading ./databaserelease2/MixedDataset/train/0-66.jpg
0.0
Reading ./databaserelease2/MixedDataset/train/1-95.jpg
1.0
Reading ./databaserelease2/MixedDataset/train/0-9.jpg
0.0
Reading ./databaserelease2/MixedDataset/train/1-129.jpg
1.0
Reading ./databaserelease2/MixedDataset/train/0-52.jpg
0.0
Reading ./databaserelease2/MixedDataset/train/1-120.jpg
1.0
Reading ./databaserelease2/MixedDataset/train/1-22.jpg
1.0
Reading ./databaserelease2/MixedDataset/train/1-44.jpg
1.0
Reading ./databaserelease2/MixedDataset/train/1-35.jpg
1.0
Reading ./databaserelease2/MixedDataset/train/0-123.jpg
0.0
Reading ./databaserelease2/MixedDataset/train/0-80.jpg
0.0
Reading ./databaserelease2/MixedDataset/train/0-36.jpg
0.0
Reading ./databaserelease2/MixedDataset/train/0-8.jpg
0.0
Reading ./databaserelease2/MixedDataset/train/0-15.jpg
0.0
Reading ./databaserelease2/MixedDataset/train/1-38.jpg
1.0
Reading ./databaserelease2/MixedDataset/train/0-25.jpg
0.0
Reading ./databaserelease2/MixedDataset/train/1-80.jpg
1.0
Reading ./databaserelease2/MixedDataset/train/0-139.jpg
0.0
Reading ./databaserelease2/MixedDataset/train/0-1.jpg
0.0
Reading ./databaserelease2/MixedDataset/train/1-13.jpg
1.0
Reading ./databaserelease2/MixedDataset/train/0-42.jpg
0.0
Reading ./databaserelease2/MixedDataset/train/0-115.jpg
0.0
Reading ./databaserelease2/MixedDataset/train/1-84.jpg
1.0
Reading ./databaserelease2/MixedDataset/train/0-71.jpg
0.0
Reading ./databaserelease2/MixedDataset/train/1-96.jpg
1.0
Reading ./databaserelease2/MixedDataset/train/0-124.jpg
0.0
Reading ./databaserelease2/MixedDataset/train/0-74.jpg
0.0
Reading ./databaserelease2/MixedDataset/train/1-19.jpg
1.0
Reading ./databaserelease2/MixedDataset/train/0-110.jpg
0.0
Reading ./databaserelease2/MixedDataset/train/1-121.jpg
1.0
Reading ./databaserelease2/MixedDataset/train/0-30.jpg
0.0
Reading ./databaserelease2/MixedDataset/train/1-105.jpg
1.0
Reading ./databaserelease2/MixedDataset/train/0-58.jpg
0.0
Reading ./databaserelease2/MixedDataset/train/1-33.jpg
1.0
Reading ./databaserelease2/MixedDataset/train/0-95.jpg
0.0
Reading ./databaserelease2/MixedDataset/train/1-64.jpg
1.0
Reading ./databaserelease2/MixedDataset/train/1-133.jpg
1.0
Reading ./databaserelease2/MixedDataset/train/0-114.jpg
0.0
Reading ./databaserelease2/MixedDataset/train/1-76.jpg
1.0
Reading ./databaserelease2/MixedDataset/train/0-24.jpg
0.0
Reading ./databaserelease2/MixedDataset/train/0-81.jpg
0.0
Reading ./databaserelease2/MixedDataset/train/1-47.jpg
1.0
Reading ./databaserelease2/MixedDataset/train/1-10.jpg
1.0
Reading ./databaserelease2/MixedDataset/train/1-100.jpg
1.0
Reading ./databaserelease2/MixedDataset/train/1-39.jpg
1.0
Reading ./databaserelease2/MixedDataset/train/1-51.jpg
1.0
Reading ./databaserelease2/MixedDataset/train/1-125.jpg
1.0
Reading ./databaserelease2/MixedDataset/train/1-138.jpg
1.0
Reading ./databaserelease2/MixedDataset/train/0-104.jpg
0.0
Reading ./databaserelease2/MixedDataset/train/1-109.jpg
1.0
Reading ./databaserelease2/MixedDataset/train/1-81.jpg
1.0
Reading ./databaserelease2/MixedDataset/train/1-31.jpg
1.0
Reading ./databaserelease2/MixedDataset/train/1-113.jpg
1.0
Reading ./databaserelease2/MixedDataset/train/1-132.jpg
1.0
Reading ./databaserelease2/MixedDataset/train/1-131.jpg
1.0
Reading ./databaserelease2/MixedDataset/train/0-22.jpg
0.0
Reading ./databaserelease2/MixedDataset/train/1-127.jpg
1.0
Reading ./databaserelease2/MixedDataset/train/1-93.jpg
1.0
Reading ./databaserelease2/MixedDataset/train/1-48.jpg
1.0
Reading ./databaserelease2/MixedDataset/train/1-86.jpg
1.0
Reading ./databaserelease2/MixedDataset/train/0-62.jpg
0.0
Reading ./databaserelease2/MixedDataset/train/0-75.jpg
0.0
Reading ./databaserelease2/MixedDataset/train/0-61.jpg
0.0
Reading ./databaserelease2/MixedDataset/train/0-38.jpg
0.0
Reading ./databaserelease2/MixedDataset/train/0-117.jpg
0.0
Reading ./databaserelease2/MixedDataset/train/0-4.jpg
0.0
Reading ./databaserelease2/MixedDataset/train/1-101.jpg
1.0
Reading ./databaserelease2/MixedDataset/train/1-82.jpg
1.0
Reading ./databaserelease2/MixedDataset/train/0-34.jpg
0.0
Reading ./databaserelease2/MixedDataset/train/0-68.jpg
0.0
Reading ./databaserelease2/MixedDataset/train/0-118.jpg
0.0
Reading ./databaserelease2/MixedDataset/train/0-28.jpg
0.0
Reading ./databaserelease2/MixedDataset/train/1-43.jpg
1.0
Reading ./databaserelease2/MixedDataset/train/0-103.jpg
0.0
Reading ./databaserelease2/MixedDataset/train/1-5.jpg
1.0
Reading ./databaserelease2/MixedDataset/train/1-77.jpg
1.0
Reading ./databaserelease2/MixedDataset/train/1-88.jpg
1.0
Reading ./databaserelease2/MixedDataset/train/0-100.jpg
0.0
Reading ./databaserelease2/MixedDataset/train/1-60.jpg
1.0
Reading ./databaserelease2/MixedDataset/train/0-39.jpg
0.0
Reading ./databaserelease2/MixedDataset/train/0-112.jpg
0.0
Reading ./databaserelease2/MixedDataset/train/0-90.jpg
0.0
Reading ./databaserelease2/MixedDataset/train/1-72.jpg
1.0
Reading ./databaserelease2/MixedDataset/train/0-119.jpg
0.0
Reading ./databaserelease2/MixedDataset/train/0-67.jpg
0.0
Reading ./databaserelease2/MixedDataset/train/1-137.jpg
1.0
Reading ./databaserelease2/MixedDataset/train/0-35.jpg
0.0
Reading ./databaserelease2/MixedDataset/train/1-78.jpg
1.0
Reading ./databaserelease2/MixedDataset/train/1-24.jpg
1.0
Reading ./databaserelease2/MixedDataset/train/1-27.jpg
1.0
Reading ./databaserelease2/MixedDataset/train/1-54.jpg
1.0
Reading ./databaserelease2/MixedDataset/train/1-49.jpg
1.0
Reading ./databaserelease2/MixedDataset/train/1-71.jpg
1.0
Reading ./databaserelease2/MixedDataset/train/1-12.jpg
1.0
Reading ./databaserelease2/MixedDataset/train/0-31.jpg
0.0
Reading ./databaserelease2/MixedDataset/train/0-41.jpg
0.0
Reading ./databaserelease2/MixedDataset/train/1-91.jpg
1.0
Reading ./databaserelease2/MixedDataset/train/1-16.jpg
1.0
Reading ./databaserelease2/MixedDataset/train/1-73.jpg
1.0
Reading ./databaserelease2/MixedDataset/train/1-117.jpg
1.0
Reading ./databaserelease2/MixedDataset/train/0-131.jpg
0.0
Reading ./databaserelease2/MixedDataset/train/0-121.jpg
0.0
Reading ./databaserelease2/MixedDataset/train/0-125.jpg
0.0
Reading ./databaserelease2/MixedDataset/train/1-89.jpg
1.0
Reading ./databaserelease2/MixedDataset/train/1-98.jpg
1.0
Reading ./databaserelease2/MixedDataset/train/1-21.jpg
1.0
Reading ./databaserelease2/MixedDataset/train/0-73.jpg
0.0
Reading ./databaserelease2/MixedDataset/train/1-122.jpg
1.0
Reading ./databaserelease2/MixedDataset/train/1-119.jpg
1.0
Reading ./databaserelease2/MixedDataset/train/1-65.jpg
1.0
Reading ./databaserelease2/MixedDataset/train/1-8.jpg
1.0
Reading ./databaserelease2/MixedDataset/train/1-30.jpg
1.0
Reading ./databaserelease2/MixedDataset/train/1-87.jpg
1.0
Reading ./databaserelease2/MixedDataset/train/1-66.jpg
1.0
Reading ./databaserelease2/MixedDataset/train/1-114.jpg
1.0
Reading ./databaserelease2/MixedDataset/train/0-70.jpg
0.0
Reading ./databaserelease2/MixedDataset/train/1-53.jpg
1.0
Reading ./databaserelease2/MixedDataset/train/0-109.jpg
0.0
Reading ./databaserelease2/MixedDataset/train/1-50.jpg
1.0
Reading ./databaserelease2/MixedDataset/train/0-63.jpg
0.0
Reading ./databaserelease2/MixedDataset/train/0-99.jpg
0.0
Reading ./databaserelease2/MixedDataset/train/0-10.jpg
0.0
Reading ./databaserelease2/MixedDataset/train/0-137.jpg
0.0
Reading ./databaserelease2/MixedDataset/train/0-59.jpg
0.0
Reading ./databaserelease2/MixedDataset/train/1-115.jpg
1.0
Reading ./databaserelease2/MixedDataset/train/0-84.jpg
0.0
Reading ./databaserelease2/MixedDataset/train/0-108.jpg
0.0
Reading ./databaserelease2/MixedDataset/train/1-135.jpg
1.0
Reading ./databaserelease2/MixedDataset/train/0-2.jpg
0.0
Reading ./databaserelease2/MixedDataset/train/1-136.jpg
1.0
Reading ./databaserelease2/MixedDataset/train/0-44.jpg
0.0
Reading ./databaserelease2/MixedDataset/train/0-20.jpg
0.0
Reading ./databaserelease2/MixedDataset/train/0-60.jpg
0.0
Reading ./databaserelease2/MixedDataset/train/0-48.jpg
0.0
Reading ./databaserelease2/MixedDataset/train/1-94.jpg
1.0
Reading ./databaserelease2/MixedDataset/train/0-54.jpg
0.0
Reading ./databaserelease2/MixedDataset/train/1-28.jpg
1.0
Reading ./databaserelease2/MixedDataset/train/1-1.jpg
1.0
Reading ./databaserelease2/MixedDataset/train/1-103.jpg
1.0
Reading ./databaserelease2/MixedDataset/train/0-65.jpg
0.0
Reading ./databaserelease2/MixedDataset/train/1-9.jpg
1.0
Reading ./databaserelease2/MixedDataset/train/1-7.jpg
1.0
Reading ./databaserelease2/MixedDataset/train/0-45.jpg
0.0
Reading ./databaserelease2/MixedDataset/train/1-69.jpg
1.0
Reading ./databaserelease2/MixedDataset/train/0-135.jpg
0.0
Reading ./databaserelease2/MixedDataset/train/1-17.jpg
1.0
Reading ./databaserelease2/MixedDataset/train/0-86.jpg
0.0
Reading ./databaserelease2/MixedDataset/train/1-139.jpg
1.0
Reading ./databaserelease2/MixedDataset/train/1-108.jpg
1.0
Reading ./databaserelease2/MixedDataset/train/0-79.jpg
0.0
Reading ./databaserelease2/MixedDataset/train/0-19.jpg
0.0
Reading ./databaserelease2/MixedDataset/train/0-136.jpg
0.0
Reading ./databaserelease2/MixedDataset/train/1-29.jpg
1.0
Reading ./databaserelease2/MixedDataset/train/1-52.jpg
1.0
Reading ./databaserelease2/MixedDataset/train/1-116.jpg
1.0
Reading ./databaserelease2/MixedDataset/train/1-90.jpg
1.0
Reading ./databaserelease2/MixedDataset/train/0-56.jpg
0.0
Reading ./databaserelease2/MixedDataset/train/0-107.jpg
0.0
Reading ./databaserelease2/MixedDataset/train/0-122.jpg
0.0
Reading ./databaserelease2/MixedDataset/train/0-82.jpg
0.0
Reading ./databaserelease2/MixedDataset/train/1-32.jpg
1.0
Reading ./databaserelease2/MixedDataset/train/0-37.jpg
0.0
Reading ./databaserelease2/MixedDataset/train/1-112.jpg
1.0
Reading ./databaserelease2/MixedDataset/train/1-46.jpg
1.0
Reading ./databaserelease2/MixedDataset/train/0-14.jpg
0.0
Reading ./databaserelease2/MixedDataset/train/0-138.jpg
0.0
Reading ./databaserelease2/MixedDataset/train/0-78.jpg
0.0
Reading ./databaserelease2/MixedDataset/train/0-130.jpg
0.0
Reading ./databaserelease2/MixedDataset/train/1-37.jpg
1.0
Reading ./databaserelease2/MixedDataset/train/1-123.jpg
1.0
Reading ./databaserelease2/MixedDataset/train/0-26.jpg
0.0
Reading ./databaserelease2/MixedDataset/train/1-6.jpg
1.0
Reading ./databaserelease2/MixedDataset/train/0-120.jpg
0.0
Reading ./databaserelease2/MixedDataset/train/0-127.jpg
0.0
Reading ./databaserelease2/MixedDataset/train/1-34.jpg
1.0
Reading ./databaserelease2/MixedDataset/train/0-93.jpg
0.0
Reading ./databaserelease2/MixedDataset/train/1-2.jpg
1.0
Reading ./databaserelease2/MixedDataset/train/1-3.jpg
1.0
Reading ./databaserelease2/MixedDataset/train/0-92.jpg
0.0
Reading ./databaserelease2/MixedDataset/train/0-57.jpg
0.0
Reading ./databaserelease2/MixedDataset/train/1-126.jpg
1.0
Reading ./databaserelease2/MixedDataset/train/0-53.jpg
0.0
Reading ./databaserelease2/MixedDataset/train/1-118.jpg
1.0
Reading ./databaserelease2/MixedDataset/train/0-51.jpg
0.0
Reading ./databaserelease2/MixedDataset/train/0-132.jpg
0.0
Reading ./databaserelease2/MixedDataset/train/1-42.jpg
1.0
Reading ./databaserelease2/MixedDataset/train/1-104.jpg
1.0
Reading ./databaserelease2/MixedDataset/train/0-111.jpg
0.0
Reading ./databaserelease2/MixedDataset/train/0-12.jpg
0.0
Reading ./databaserelease2/MixedDataset/train/1-58.jpg
1.0
Reading ./databaserelease2/MixedDataset/train/0-98.jpg
0.0
Reading ./databaserelease2/MixedDataset/train/0-7.jpg
0.0
Reading ./databaserelease2/MixedDataset/train/0-101.jpg
0.0
Reading ./databaserelease2/MixedDataset/train/0-3.jpg
0.0
Reading ./databaserelease2/MixedDataset/train/1-85.jpg
1.0
Reading ./databaserelease2/MixedDataset/train/0-47.jpg
0.0
Reading ./databaserelease2/MixedDataset/train/1-75.jpg
1.0
Reading ./databaserelease2/MixedDataset/train/0-94.jpg
0.0
Reading ./databaserelease2/MixedDataset/train/1-70.jpg
1.0
Reading ./databaserelease2/MixedDataset/train/0-18.jpg
0.0
Reading ./databaserelease2/MixedDataset/train/0-21.jpg
0.0
Reading ./databaserelease2/MixedDataset/train/1-106.jpg
1.0
Reading ./databaserelease2/MixedDataset/train/0-16.jpg
0.0
Reading ./databaserelease2/MixedDataset/train/1-56.jpg
1.0
Reading ./databaserelease2/MixedDataset/train/1-25.jpg
1.0
Reading ./databaserelease2/MixedDataset/train/0-87.jpg
0.0
Reading ./databaserelease2/MixedDataset/train/1-55.jpg
1.0
Reading ./databaserelease2/MixedDataset/train/1-15.jpg
1.0
Reading ./databaserelease2/MixedDataset/train/1-63.jpg
1.0
Reading ./databaserelease2/MixedDataset/train/1-102.jpg
1.0
Reading ./databaserelease2/MixedDataset/train/1-41.jpg
1.0
Reading ./databaserelease2/MixedDataset/train/1-23.jpg
1.0
Reading ./databaserelease2/MixedDataset/train/1-79.jpg
1.0
Reading ./databaserelease2/MixedDataset/train/0-88.jpg
0.0
Reading ./databaserelease2/MixedDataset/train/1-111.jpg
1.0
Reading ./databaserelease2/MixedDataset/train/1-92.jpg
1.0
Reading ./databaserelease2/MixedDataset/train/0-97.jpg
0.0
Reading ./databaserelease2/MixedDataset/train/1-45.jpg
1.0
Reading ./databaserelease2/MixedDataset/train/1-59.jpg
1.0
Reading ./databaserelease2/MixedDataset/train/1-130.jpg
1.0
Reading ./databaserelease2/MixedDataset/train/0-27.jpg
0.0
Reading ./databaserelease2/MixedDataset/train/1-67.jpg
1.0
Reading ./databaserelease2/MixedDataset/train/0-76.jpg
0.0
Reading ./databaserelease2/MixedDataset/train/0-91.jpg
0.0
Reading ./databaserelease2/MixedDataset/train/1-68.jpg
1.0
Reading ./databaserelease2/MixedDataset/train/0-113.jpg
0.0
Reading ./databaserelease2/MixedDataset/train/1-124.jpg
1.0
Reading ./databaserelease2/MixedDataset/train/0-96.jpg
0.0
Reading ./databaserelease2/MixedDataset/train/1-26.jpg
1.0
Reading ./databaserelease2/MixedDataset/train/1-97.jpg
1.0
Reading ./databaserelease2/MixedDataset/train/0-126.jpg
0.0
Reading ./databaserelease2/MixedDataset/train/1-99.jpg
1.0
Reading ./databaserelease2/MixedDataset/train/1-74.jpg
1.0
Reading ./databaserelease2/MixedDataset/train/0-32.jpg
0.0
Reading ./databaserelease2/MixedDataset/train/0-106.jpg
0.0
Reading ./databaserelease2/MixedDataset/train/0-116.jpg
0.0
Reading ./databaserelease2/MixedDataset/train/0-40.jpg
0.0
Reading ./databaserelease2/MixedDataset/train/0-89.jpg
0.0
Reading ./databaserelease2/MixedDataset/train/1-36.jpg
1.0
Reading ./databaserelease2/MixedDataset/train/1-83.jpg
1.0
Reading ./databaserelease2/MixedDataset/train/0-55.jpg
0.0
Reading ./databaserelease2/MixedDataset/train/0-50.jpg
0.0
Reading ./databaserelease2/MixedDataset/train/1-4.jpg
1.0
Reading ./databaserelease2/MixedDataset/train/0-105.jpg
0.0
Reading ./databaserelease2/MixedDataset/train/0-129.jpg
0.0
Reading ./databaserelease2/MixedDataset/train/1-14.jpg
1.0
Reading ./databaserelease2/MixedDataset/train/0-133.jpg
0.0
Reading ./databaserelease2/MixedDataset/train/0-102.jpg
0.0
Reading ./databaserelease2/MixedDataset/train/0-134.jpg
0.0
Reading ./databaserelease2/MixedDataset/train/0-77.jpg
0.0
Reading ./databaserelease2/MixedDataset/train/1-20.jpg
1.0
Reading ./databaserelease2/MixedDataset/train/1-11.jpg
1.0
Reading ./databaserelease2/MixedDataset/train/0-29.jpg
0.0

Read 278 images.


Adding Images: Reading ./databaserelease2/MixedDataset/val/1-154.jpg
1.0
Reading ./databaserelease2/MixedDataset/val/0-142.jpg
0.0
Reading ./databaserelease2/MixedDataset/val/0-141.jpg
0.0
Reading ./databaserelease2/MixedDataset/val/1-165.jpg
1.0
Reading ./databaserelease2/MixedDataset/val/1-180.jpg
1.0
Reading ./databaserelease2/MixedDataset/val/0-175.jpg
0.0
Reading ./databaserelease2/MixedDataset/val/1-173.jpg
1.0
Reading ./databaserelease2/MixedDataset/val/0-174.jpg
0.0
Reading ./databaserelease2/MixedDataset/val/0-183.jpg
0.0
Reading ./databaserelease2/MixedDataset/val/1-179.jpg
1.0
Reading ./databaserelease2/MixedDataset/val/1-168.jpg
1.0
Reading ./databaserelease2/MixedDataset/val/1-148.jpg
1.0
Reading ./databaserelease2/MixedDataset/val/0-187.jpg
0.0
Reading ./databaserelease2/MixedDataset/val/0-158.jpg
0.0
Reading ./databaserelease2/MixedDataset/val/1-177.jpg
1.0
Reading ./databaserelease2/MixedDataset/val/0-185.jpg
0.0
Reading ./databaserelease2/MixedDataset/val/0-176.jpg
0.0
Reading ./databaserelease2/MixedDataset/val/0-177.jpg
0.0
Reading ./databaserelease2/MixedDataset/val/0-165.jpg
0.0
Reading ./databaserelease2/MixedDataset/val/0-144.jpg
0.0
Reading ./databaserelease2/MixedDataset/val/0-159.jpg
0.0
Reading ./databaserelease2/MixedDataset/val/1-170.jpg
1.0
Reading ./databaserelease2/MixedDataset/val/1-189.jpg
1.0
Reading ./databaserelease2/MixedDataset/val/1-152.jpg
1.0
Reading ./databaserelease2/MixedDataset/val/1-150.jpg
1.0
Reading ./databaserelease2/MixedDataset/val/1-174.jpg
1.0
Reading ./databaserelease2/MixedDataset/val/0-155.jpg
0.0
Reading ./databaserelease2/MixedDataset/val/1-140.jpg
1.0
Reading ./databaserelease2/MixedDataset/val/1-161.jpg
1.0
Reading ./databaserelease2/MixedDataset/val/0-164.jpg
0.0
Reading ./databaserelease2/MixedDataset/val/1-181.jpg
1.0
Reading ./databaserelease2/MixedDataset/val/1-155.jpg
1.0
Reading ./databaserelease2/MixedDataset/val/1-187.jpg
1.0
Reading ./databaserelease2/MixedDataset/val/1-185.jpg
1.0
Reading ./databaserelease2/MixedDataset/val/1-182.jpg
1.0
Reading ./databaserelease2/MixedDataset/val/0-166.jpg
0.0
Reading ./databaserelease2/MixedDataset/val/0-188.jpg
0.0
Reading ./databaserelease2/MixedDataset/val/1-157.jpg
1.0
Reading ./databaserelease2/MixedDataset/val/0-163.jpg
0.0
Reading ./databaserelease2/MixedDataset/val/0-150.jpg
0.0
Reading ./databaserelease2/MixedDataset/val/0-186.jpg
0.0
Reading ./databaserelease2/MixedDataset/val/0-140.jpg
0.0
Reading ./databaserelease2/MixedDataset/val/0-154.jpg
0.0
Reading ./databaserelease2/MixedDataset/val/0-161.jpg
0.0
Reading ./databaserelease2/MixedDataset/val/1-178.jpg
1.0
Reading ./databaserelease2/MixedDataset/val/1-164.jpg
1.0
Reading ./databaserelease2/MixedDataset/val/0-173.jpg
0.0
Reading ./databaserelease2/MixedDataset/val/1-153.jpg
1.0
Reading ./databaserelease2/MixedDataset/val/1-156.jpg
1.0
Reading ./databaserelease2/MixedDataset/val/0-184.jpg
0.0
Reading ./databaserelease2/MixedDataset/val/0-149.jpg
0.0
Reading ./databaserelease2/MixedDataset/val/0-151.jpg
0.0
Reading ./databaserelease2/MixedDataset/val/1-171.jpg
1.0
Reading ./databaserelease2/MixedDataset/val/1-158.jpg
1.0
Reading ./databaserelease2/MixedDataset/val/0-167.jpg
0.0
Reading ./databaserelease2/MixedDataset/val/1-142.jpg
1.0
Reading ./databaserelease2/MixedDataset/val/1-183.jpg
1.0
Reading ./databaserelease2/MixedDataset/val/0-156.jpg
0.0
Reading ./databaserelease2/MixedDataset/val/1-172.jpg
1.0
Reading ./databaserelease2/MixedDataset/val/0-143.jpg
0.0
Reading ./databaserelease2/MixedDataset/val/1-186.jpg
1.0
Reading ./databaserelease2/MixedDataset/val/0-148.jpg
0.0
/mnt/beegfs/home/agolchub/miniconda3/envs/tf2-gpu/lib/python3.9/site-packages/keras/utils/generic_utils.py:494: CustomMaskWarning: Custom mask layers require a config and must override get_config. When loading, the custom mask layer must be passed to the custom_objects argument.
  warnings.warn('Custom mask layers require a config and must override '
2021-11-10 03:14:10.491719: I tensorflow/compiler/mlir/mlir_graph_optimization_pass.cc:185] None of the MLIR Optimization Passes are enabled (registered 2)
2021-11-10 03:14:13.706503: I tensorflow/stream_executor/cuda/cuda_dnn.cc:369] Loaded cuDNN version 8201
2021-11-10 03:14:15.093114: W tensorflow/stream_executor/gpu/asm_compiler.cc:77] Couldn't get ptxas version string: Internal: Running ptxas --version returned 32512
2021-11-10 03:14:15.138154: W tensorflow/stream_executor/gpu/redzone_allocator.cc:314] Internal: ptxas exited with non-zero error code 32512, output: 
Relying on driver to perform ptx compilation. 
Modify $PATH to customize ptxas location.
This message will be only logged once.
2021-11-10 03:14:21.677655: I tensorflow/stream_executor/cuda/cuda_blas.cc:1760] TensorFloat-32 will be used for the matrix multiplication. This will only be logged once.
Reading ./databaserelease2/MixedDataset/val/1-163.jpg
1.0
Reading ./databaserelease2/MixedDataset/val/1-146.jpg
1.0
Reading ./databaserelease2/MixedDataset/val/0-162.jpg
0.0
Reading ./databaserelease2/MixedDataset/val/0-181.jpg
0.0
Reading ./databaserelease2/MixedDataset/val/1-143.jpg
1.0
Reading ./databaserelease2/MixedDataset/val/1-184.jpg
1.0
Reading ./databaserelease2/MixedDataset/val/1-162.jpg
1.0
Reading ./databaserelease2/MixedDataset/val/1-169.jpg
1.0
Reading ./databaserelease2/MixedDataset/val/0-169.jpg
0.0
Reading ./databaserelease2/MixedDataset/val/0-179.jpg
0.0
Reading ./databaserelease2/MixedDataset/val/1-176.jpg
1.0
Reading ./databaserelease2/MixedDataset/val/0-180.jpg
0.0
Reading ./databaserelease2/MixedDataset/val/0-178.jpg
0.0
Reading ./databaserelease2/MixedDataset/val/0-172.jpg
0.0
Reading ./databaserelease2/MixedDataset/val/1-159.jpg
1.0
Reading ./databaserelease2/MixedDataset/val/1-145.jpg
1.0
Reading ./databaserelease2/MixedDataset/val/1-188.jpg
1.0
Reading ./databaserelease2/MixedDataset/val/0-157.jpg
0.0
Reading ./databaserelease2/MixedDataset/val/0-146.jpg
0.0
Reading ./databaserelease2/MixedDataset/val/0-152.jpg
0.0
Reading ./databaserelease2/MixedDataset/val/1-160.jpg
1.0
Reading ./databaserelease2/MixedDataset/val/1-141.jpg
1.0
Reading ./databaserelease2/MixedDataset/val/0-145.jpg
0.0
Reading ./databaserelease2/MixedDataset/val/0-153.jpg
0.0
Reading ./databaserelease2/MixedDataset/val/0-189.jpg
0.0
Reading ./databaserelease2/MixedDataset/val/0-160.jpg
0.0
Reading ./databaserelease2/MixedDataset/val/0-171.jpg
0.0
Reading ./databaserelease2/MixedDataset/val/1-147.jpg
1.0
Reading ./databaserelease2/MixedDataset/val/1-144.jpg
1.0
Reading ./databaserelease2/MixedDataset/val/1-166.jpg
1.0
Reading ./databaserelease2/MixedDataset/val/0-182.jpg
0.0
Reading ./databaserelease2/MixedDataset/val/1-175.jpg
1.0
Reading ./databaserelease2/MixedDataset/val/0-170.jpg
0.0
Reading ./databaserelease2/MixedDataset/val/1-151.jpg
1.0
Reading ./databaserelease2/MixedDataset/val/0-168.jpg
0.0
Reading ./databaserelease2/MixedDataset/val/1-167.jpg
1.0
Reading ./databaserelease2/MixedDataset/val/0-147.jpg
0.0
Reading ./databaserelease2/MixedDataset/val/1-149.jpg
1.0

Read 100 images.


Epoch 1/1000
2021-11-10 03:14:33.615043: I tensorflow/core/profiler/lib/profiler_session.cc:131] Profiler session initializing.
2021-11-10 03:14:33.615105: I tensorflow/core/profiler/lib/profiler_session.cc:146] Profiler session started.
2021-11-10 03:14:33.615155: E tensorflow/core/profiler/internal/gpu/cupti_tracer.cc:1666] function cupti_interface_->Subscribe( &subscriber_, (CUpti_CallbackFunc)ApiCallback, this)failed with error CUPTI could not be loaded or symbol could not be found.
2021-11-10 03:14:34.213720: I tensorflow/core/profiler/lib/profiler_session.cc:66] Profiler session collecting data.
2021-11-10 03:14:34.213814: E tensorflow/core/profiler/internal/gpu/cupti_tracer.cc:1757] function cupti_interface_->Finalize()failed with error CUPTI could not be loaded or symbol could not be found.
2021-11-10 03:14:34.224846: I tensorflow/core/profiler/internal/gpu/cupti_collector.cc:673]  GpuTracer has collected 0 callback api events and 0 activity events. 
2021-11-10 03:14:34.227101: I tensorflow/core/profiler/lib/profiler_session.cc:164] Profiler session tear down.
2021-11-10 03:14:34.631236: I tensorflow/core/profiler/rpc/client/save_profile.cc:136] Creating directory: agnet.16.res.logs/fit/20211110-031338/train/plugins/profile/2021_11_10_03_14_34

2021-11-10 03:14:34.633885: I tensorflow/core/profiler/rpc/client/save_profile.cc:142] Dumped gzipped tool data for trace.json.gz to agnet.16.res.logs/fit/20211110-031338/train/plugins/profile/2021_11_10_03_14_34/nodegpu002.hpc.fau.edu.trace.json.gz
2021-11-10 03:14:34.664958: I tensorflow/core/profiler/rpc/client/save_profile.cc:136] Creating directory: agnet.16.res.logs/fit/20211110-031338/train/plugins/profile/2021_11_10_03_14_34

2021-11-10 03:14:34.671820: I tensorflow/core/profiler/rpc/client/save_profile.cc:142] Dumped gzipped tool data for memory_profile.json.gz to agnet.16.res.logs/fit/20211110-031338/train/plugins/profile/2021_11_10_03_14_34/nodegpu002.hpc.fau.edu.memory_profile.json.gz
2021-11-10 03:14:34.678311: I tensorflow/core/profiler/rpc/client/capture_profile.cc:251] Creating directory: agnet.16.res.logs/fit/20211110-031338/train/plugins/profile/2021_11_10_03_14_34
Dumped tool data for xplane.pb to agnet.16.res.logs/fit/20211110-031338/train/plugins/profile/2021_11_10_03_14_34/nodegpu002.hpc.fau.edu.xplane.pb
Dumped tool data for overview_page.pb to agnet.16.res.logs/fit/20211110-031338/train/plugins/profile/2021_11_10_03_14_34/nodegpu002.hpc.fau.edu.overview_page.pb
Dumped tool data for input_pipeline.pb to agnet.16.res.logs/fit/20211110-031338/train/plugins/profile/2021_11_10_03_14_34/nodegpu002.hpc.fau.edu.input_pipeline.pb
Dumped tool data for tensorflow_stats.pb to agnet.16.res.logs/fit/20211110-031338/train/plugins/profile/2021_11_10_03_14_34/nodegpu002.hpc.fau.edu.tensorflow_stats.pb
Dumped tool data for kernel_stats.pb to agnet.16.res.logs/fit/20211110-031338/train/plugins/profile/2021_11_10_03_14_34/nodegpu002.hpc.fau.edu.kernel_stats.pb

WARNING:tensorflow:Callback method `on_train_batch_end` is slow compared to the batch time (batch time: 0.2537s vs `on_train_batch_end` time: 0.3824s). Check your callbacks.
 1/12 [=>............................] - ETA: 4:13 - loss: 0.2527 - accuracy: 0.6000 2/12 [====>.........................] - ETA: 6s - loss: 0.2582 - accuracy: 0.5400   3/12 [======>.......................] - ETA: 7s - loss: 0.2590 - accuracy: 0.5067 4/12 [=========>....................] - ETA: 6s - loss: 0.2571 - accuracy: 0.5100 5/12 [===========>..................] - ETA: 5s - loss: 0.2633 - accuracy: 0.4960 6/12 [==============>...............] - ETA: 4s - loss: 0.2783 - accuracy: 0.4800 7/12 [================>.............] - ETA: 3s - loss: 0.2774 - accuracy: 0.4914 8/12 [===================>..........] - ETA: 2s - loss: 0.2704 - accuracy: 0.5100 9/12 [=====================>........] - ETA: 2s - loss: 0.2628 - accuracy: 0.542210/12 [========================>.....] - ETA: 1s - loss: 0.2684 - accuracy: 0.524011/12 [==========================>...] - ETA: 0s - loss: 0.2661 - accuracy: 0.520012/12 [==============================] - ETA: 0s - loss: 0.2663 - accuracy: 0.518012/12 [==============================] - 38s 1s/step - loss: 0.2663 - accuracy: 0.5180 - val_loss: 0.5000 - val_accuracy: 0.5000
2021-11-10 03:14:53.458667: W tensorflow/python/util/util.cc:348] Sets are not currently considered sequences, but this may change in the future, so consider avoiding using them.
/mnt/beegfs/home/agolchub/miniconda3/envs/tf2-gpu/lib/python3.9/site-packages/keras/utils/generic_utils.py:494: CustomMaskWarning: Custom mask layers require a config and must override get_config. When loading, the custom mask layer must be passed to the custom_objects argument.
  warnings.warn('Custom mask layers require a config and must override '
The temperature of the GPU is  41
Epoch 2/1000
 1/12 [=>............................] - ETA: 7s - loss: 0.2012 - accuracy: 0.7600 2/12 [====>.........................] - ETA: 6s - loss: 0.2263 - accuracy: 0.6800 3/12 [======>.......................] - ETA: 5s - loss: 0.2247 - accuracy: 0.7067 4/12 [=========>....................] - ETA: 4s - loss: 0.2261 - accuracy: 0.6900 5/12 [===========>..................] - ETA: 4s - loss: 0.2279 - accuracy: 0.7040 6/12 [==============>...............] - ETA: 3s - loss: 0.2288 - accuracy: 0.6867 7/12 [================>.............] - ETA: 3s - loss: 0.2317 - accuracy: 0.6743 8/12 [===================>..........] - ETA: 2s - loss: 0.2336 - accuracy: 0.6550 9/12 [=====================>........] - ETA: 1s - loss: 0.2385 - accuracy: 0.635610/12 [========================>.....] - ETA: 1s - loss: 0.2427 - accuracy: 0.628011/12 [==========================>...] - ETA: 0s - loss: 0.2500 - accuracy: 0.603612/12 [==============================] - ETA: 0s - loss: 0.2498 - accuracy: 0.604312/12 [==============================] - 8s 673ms/step - loss: 0.2498 - accuracy: 0.6043 - val_loss: 0.5000 - val_accuracy: 0.5000
The temperature of the GPU is  47
Epoch 3/1000
 1/12 [=>............................] - ETA: 6s - loss: 0.2690 - accuracy: 0.5600 2/12 [====>.........................] - ETA: 6s - loss: 0.2414 - accuracy: 0.6000 3/12 [======>.......................] - ETA: 5s - loss: 0.2264 - accuracy: 0.6400 4/12 [=========>....................] - ETA: 4s - loss: 0.2236 - accuracy: 0.6300 5/12 [===========>..................] - ETA: 4s - loss: 0.2243 - accuracy: 0.6320 6/12 [==============>...............] - ETA: 3s - loss: 0.2199 - accuracy: 0.6467 7/12 [================>.............] - ETA: 3s - loss: 0.2162 - accuracy: 0.6571 8/12 [===================>..........] - ETA: 2s - loss: 0.2121 - accuracy: 0.6700 9/12 [=====================>........] - ETA: 1s - loss: 0.2046 - accuracy: 0.688910/12 [========================>.....] - ETA: 1s - loss: 0.2002 - accuracy: 0.696011/12 [==========================>...] - ETA: 0s - loss: 0.2091 - accuracy: 0.676412/12 [==============================] - ETA: 0s - loss: 0.2098 - accuracy: 0.672712/12 [==============================] - 8s 675ms/step - loss: 0.2098 - accuracy: 0.6727 - val_loss: 0.5000 - val_accuracy: 0.5000
The temperature of the GPU is  50
Epoch 4/1000
srun: Job step aborted: Waiting up to 32 seconds for job step to finish.
srun: got SIGCONT
slurmstepd: error: *** JOB 818809 ON nodegpu002 CANCELLED AT 2021-11-10T03:15:19 ***
srun: forcing job termination
slurmstepd: error: *** STEP 818809.0 ON nodegpu002 CANCELLED AT 2021-11-10T03:15:19 ***
