2022-07-10 11:58:27.006797: I tensorflow/core/platform/cpu_feature_guard.cc:142] This TensorFlow binary is optimized with oneAPI Deep Neural Network Library (oneDNN) to use the following CPU instructions in performance-critical operations:  AVX2 FMA
To enable them in other operations, rebuild TensorFlow with the appropriate compiler flags.
2022-07-10 11:58:27.929988: I tensorflow/core/common_runtime/gpu/gpu_device.cc:1510] Created device /job:localhost/replica:0/task:0/device:GPU:0 with 38246 MB memory:  -> device: 0, name: NVIDIA A100-PCIE-40GB, pci bus id: 0000:21:00.0, compute capability: 8.0
Input file is " ./model3.1.train
Output file is " 
Image path is " ./databaserelease2/train_limited.csv
--------------------


Model Loaded
Model: "model"
__________________________________________________________________________________________________
Layer (type)                    Output Shape         Param #     Connected to                     
==================================================================================================
input_1 (InputLayer)            [(None, 1024, 1024,  0                                            
__________________________________________________________________________________________________
conv2d (Conv2D)                 (None, 1018, 1018, 6 9472        input_1[0][0]                    
__________________________________________________________________________________________________
batch_normalization (BatchNorma (None, 1018, 1018, 6 256         conv2d[0][0]                     
__________________________________________________________________________________________________
activation (Activation)         (None, 1018, 1018, 6 0           batch_normalization[0][0]        
__________________________________________________________________________________________________
dropout (Dropout)               (None, 1018, 1018, 6 0           activation[0][0]                 
__________________________________________________________________________________________________
max_pooling2d (MaxPooling2D)    (None, 509, 509, 64) 0           dropout[0][0]                    
__________________________________________________________________________________________________
conv2d_1 (Conv2D)               (None, 509, 509, 64) 36928       max_pooling2d[0][0]              
__________________________________________________________________________________________________
batch_normalization_1 (BatchNor (None, 509, 509, 64) 256         conv2d_1[0][0]                   
__________________________________________________________________________________________________
activation_1 (Activation)       (None, 509, 509, 64) 0           batch_normalization_1[0][0]      
__________________________________________________________________________________________________
conv2d_2 (Conv2D)               (None, 509, 509, 64) 36928       activation_1[0][0]               
__________________________________________________________________________________________________
batch_normalization_2 (BatchNor (None, 509, 509, 64) 256         conv2d_2[0][0]                   
__________________________________________________________________________________________________
add (Add)                       (None, 509, 509, 64) 0           batch_normalization_2[0][0]      
                                                                 max_pooling2d[0][0]              
__________________________________________________________________________________________________
activation_2 (Activation)       (None, 509, 509, 64) 0           add[0][0]                        
__________________________________________________________________________________________________
conv2d_3 (Conv2D)               (None, 509, 509, 64) 36928       activation_2[0][0]               
__________________________________________________________________________________________________
batch_normalization_3 (BatchNor (None, 509, 509, 64) 256         conv2d_3[0][0]                   
__________________________________________________________________________________________________
activation_3 (Activation)       (None, 509, 509, 64) 0           batch_normalization_3[0][0]      
__________________________________________________________________________________________________
conv2d_4 (Conv2D)               (None, 509, 509, 64) 36928       activation_3[0][0]               
__________________________________________________________________________________________________
batch_normalization_4 (BatchNor (None, 509, 509, 64) 256         conv2d_4[0][0]                   
__________________________________________________________________________________________________
add_1 (Add)                     (None, 509, 509, 64) 0           batch_normalization_4[0][0]      
                                                                 activation_2[0][0]               
__________________________________________________________________________________________________
activation_4 (Activation)       (None, 509, 509, 64) 0           add_1[0][0]                      
__________________________________________________________________________________________________
conv2d_5 (Conv2D)               (None, 509, 509, 64) 36928       activation_4[0][0]               
__________________________________________________________________________________________________
batch_normalization_5 (BatchNor (None, 509, 509, 64) 256         conv2d_5[0][0]                   
__________________________________________________________________________________________________
activation_5 (Activation)       (None, 509, 509, 64) 0           batch_normalization_5[0][0]      
__________________________________________________________________________________________________
conv2d_6 (Conv2D)               (None, 509, 509, 64) 36928       activation_5[0][0]               
__________________________________________________________________________________________________
batch_normalization_6 (BatchNor (None, 509, 509, 64) 256         conv2d_6[0][0]                   
__________________________________________________________________________________________________
add_2 (Add)                     (None, 509, 509, 64) 0           batch_normalization_6[0][0]      
                                                                 activation_4[0][0]               
__________________________________________________________________________________________________
activation_6 (Activation)       (None, 509, 509, 64) 0           add_2[0][0]                      
__________________________________________________________________________________________________
conv2d_8 (Conv2D)               (None, 255, 255, 128 73856       activation_6[0][0]               
__________________________________________________________________________________________________
batch_normalization_7 (BatchNor (None, 255, 255, 128 512         conv2d_8[0][0]                   
__________________________________________________________________________________________________
activation_7 (Activation)       (None, 255, 255, 128 0           batch_normalization_7[0][0]      
__________________________________________________________________________________________________
conv2d_9 (Conv2D)               (None, 255, 255, 128 147584      activation_7[0][0]               
__________________________________________________________________________________________________
batch_normalization_8 (BatchNor (None, 255, 255, 128 512         conv2d_9[0][0]                   
__________________________________________________________________________________________________
conv2d_7 (Conv2D)               (None, 255, 255, 128 8320        activation_6[0][0]               
__________________________________________________________________________________________________
add_3 (Add)                     (None, 255, 255, 128 0           batch_normalization_8[0][0]      
                                                                 conv2d_7[0][0]                   
__________________________________________________________________________________________________
activation_8 (Activation)       (None, 255, 255, 128 0           add_3[0][0]                      
__________________________________________________________________________________________________
conv2d_10 (Conv2D)              (None, 255, 255, 128 147584      activation_8[0][0]               
__________________________________________________________________________________________________
batch_normalization_9 (BatchNor (None, 255, 255, 128 512         conv2d_10[0][0]                  
__________________________________________________________________________________________________
activation_9 (Activation)       (None, 255, 255, 128 0           batch_normalization_9[0][0]      
__________________________________________________________________________________________________
conv2d_11 (Conv2D)              (None, 255, 255, 128 147584      activation_9[0][0]               
__________________________________________________________________________________________________
batch_normalization_10 (BatchNo (None, 255, 255, 128 512         conv2d_11[0][0]                  
__________________________________________________________________________________________________
add_4 (Add)                     (None, 255, 255, 128 0           batch_normalization_10[0][0]     
                                                                 activation_8[0][0]               
__________________________________________________________________________________________________
activation_10 (Activation)      (None, 255, 255, 128 0           add_4[0][0]                      
__________________________________________________________________________________________________
conv2d_12 (Conv2D)              (None, 255, 255, 128 147584      activation_10[0][0]              
__________________________________________________________________________________________________
batch_normalization_11 (BatchNo (None, 255, 255, 128 512         conv2d_12[0][0]                  
__________________________________________________________________________________________________
activation_11 (Activation)      (None, 255, 255, 128 0           batch_normalization_11[0][0]     
__________________________________________________________________________________________________
conv2d_13 (Conv2D)              (None, 255, 255, 128 147584      activation_11[0][0]              
__________________________________________________________________________________________________
batch_normalization_12 (BatchNo (None, 255, 255, 128 512         conv2d_13[0][0]                  
__________________________________________________________________________________________________
add_5 (Add)                     (None, 255, 255, 128 0           batch_normalization_12[0][0]     
                                                                 activation_10[0][0]              
__________________________________________________________________________________________________
activation_12 (Activation)      (None, 255, 255, 128 0           add_5[0][0]                      
__________________________________________________________________________________________________
conv2d_14 (Conv2D)              (None, 255, 255, 128 147584      activation_12[0][0]              
__________________________________________________________________________________________________
batch_normalization_13 (BatchNo (None, 255, 255, 128 512         conv2d_14[0][0]                  
__________________________________________________________________________________________________
activation_13 (Activation)      (None, 255, 255, 128 0           batch_normalization_13[0][0]     
__________________________________________________________________________________________________
conv2d_15 (Conv2D)              (None, 255, 255, 128 147584      activation_13[0][0]              
__________________________________________________________________________________________________
batch_normalization_14 (BatchNo (None, 255, 255, 128 512         conv2d_15[0][0]                  
__________________________________________________________________________________________________
add_6 (Add)                     (None, 255, 255, 128 0           batch_normalization_14[0][0]     
                                                                 activation_12[0][0]              
__________________________________________________________________________________________________
activation_14 (Activation)      (None, 255, 255, 128 0           add_6[0][0]                      
__________________________________________________________________________________________________
conv2d_17 (Conv2D)              (None, 128, 128, 256 295168      activation_14[0][0]              
__________________________________________________________________________________________________
batch_normalization_15 (BatchNo (None, 128, 128, 256 1024        conv2d_17[0][0]                  
__________________________________________________________________________________________________
activation_15 (Activation)      (None, 128, 128, 256 0           batch_normalization_15[0][0]     
__________________________________________________________________________________________________
conv2d_18 (Conv2D)              (None, 128, 128, 256 590080      activation_15[0][0]              
__________________________________________________________________________________________________
batch_normalization_16 (BatchNo (None, 128, 128, 256 1024        conv2d_18[0][0]                  
__________________________________________________________________________________________________
conv2d_16 (Conv2D)              (None, 128, 128, 256 33024       activation_14[0][0]              
__________________________________________________________________________________________________
add_7 (Add)                     (None, 128, 128, 256 0           batch_normalization_16[0][0]     
                                                                 conv2d_16[0][0]                  
__________________________________________________________________________________________________
activation_16 (Activation)      (None, 128, 128, 256 0           add_7[0][0]                      
__________________________________________________________________________________________________
conv2d_19 (Conv2D)              (None, 128, 128, 256 590080      activation_16[0][0]              
__________________________________________________________________________________________________
batch_normalization_17 (BatchNo (None, 128, 128, 256 1024        conv2d_19[0][0]                  
__________________________________________________________________________________________________
activation_17 (Activation)      (None, 128, 128, 256 0           batch_normalization_17[0][0]     
__________________________________________________________________________________________________
conv2d_20 (Conv2D)              (None, 128, 128, 256 590080      activation_17[0][0]              
__________________________________________________________________________________________________
batch_normalization_18 (BatchNo (None, 128, 128, 256 1024        conv2d_20[0][0]                  
__________________________________________________________________________________________________
add_8 (Add)                     (None, 128, 128, 256 0           batch_normalization_18[0][0]     
                                                                 activation_16[0][0]              
__________________________________________________________________________________________________
activation_18 (Activation)      (None, 128, 128, 256 0           add_8[0][0]                      
__________________________________________________________________________________________________
conv2d_21 (Conv2D)              (None, 128, 128, 256 590080      activation_18[0][0]              
__________________________________________________________________________________________________
batch_normalization_19 (BatchNo (None, 128, 128, 256 1024        conv2d_21[0][0]                  
__________________________________________________________________________________________________
activation_19 (Activation)      (None, 128, 128, 256 0           batch_normalization_19[0][0]     
__________________________________________________________________________________________________
conv2d_22 (Conv2D)              (None, 128, 128, 256 590080      activation_19[0][0]              
__________________________________________________________________________________________________
batch_normalization_20 (BatchNo (None, 128, 128, 256 1024        conv2d_22[0][0]                  
__________________________________________________________________________________________________
add_9 (Add)                     (None, 128, 128, 256 0           batch_normalization_20[0][0]     
                                                                 activation_18[0][0]              
__________________________________________________________________________________________________
activation_20 (Activation)      (None, 128, 128, 256 0           add_9[0][0]                      
__________________________________________________________________________________________________
conv2d_23 (Conv2D)              (None, 128, 128, 256 590080      activation_20[0][0]              
__________________________________________________________________________________________________
batch_normalization_21 (BatchNo (None, 128, 128, 256 1024        conv2d_23[0][0]                  
__________________________________________________________________________________________________
activation_21 (Activation)      (None, 128, 128, 256 0           batch_normalization_21[0][0]     
__________________________________________________________________________________________________
conv2d_24 (Conv2D)              (None, 128, 128, 256 590080      activation_21[0][0]              
__________________________________________________________________________________________________
batch_normalization_22 (BatchNo (None, 128, 128, 256 1024        conv2d_24[0][0]                  
__________________________________________________________________________________________________
add_10 (Add)                    (None, 128, 128, 256 0           batch_normalization_22[0][0]     
                                                                 activation_20[0][0]              
__________________________________________________________________________________________________
activation_22 (Activation)      (None, 128, 128, 256 0           add_10[0][0]                     
__________________________________________________________________________________________________
conv2d_25 (Conv2D)              (None, 128, 128, 256 590080      activation_22[0][0]              
__________________________________________________________________________________________________
batch_normalization_23 (BatchNo (None, 128, 128, 256 1024        conv2d_25[0][0]                  
__________________________________________________________________________________________________
activation_23 (Activation)      (None, 128, 128, 256 0           batch_normalization_23[0][0]     
__________________________________________________________________________________________________
conv2d_26 (Conv2D)              (None, 128, 128, 256 590080      activation_23[0][0]              
__________________________________________________________________________________________________
batch_normalization_24 (BatchNo (None, 128, 128, 256 1024        conv2d_26[0][0]                  
__________________________________________________________________________________________________
add_11 (Add)                    (None, 128, 128, 256 0           batch_normalization_24[0][0]     
                                                                 activation_22[0][0]              
__________________________________________________________________________________________________
activation_24 (Activation)      (None, 128, 128, 256 0           add_11[0][0]                     
__________________________________________________________________________________________________
conv2d_27 (Conv2D)              (None, 128, 128, 256 590080      activation_24[0][0]              
__________________________________________________________________________________________________
batch_normalization_25 (BatchNo (None, 128, 128, 256 1024        conv2d_27[0][0]                  
__________________________________________________________________________________________________
activation_25 (Activation)      (None, 128, 128, 256 0           batch_normalization_25[0][0]     
__________________________________________________________________________________________________
conv2d_28 (Conv2D)              (None, 128, 128, 256 590080      activation_25[0][0]              
__________________________________________________________________________________________________
batch_normalization_26 (BatchNo (None, 128, 128, 256 1024        conv2d_28[0][0]                  
__________________________________________________________________________________________________
add_12 (Add)                    (None, 128, 128, 256 0           batch_normalization_26[0][0]     
                                                                 activation_24[0][0]              
__________________________________________________________________________________________________
activation_26 (Activation)      (None, 128, 128, 256 0           add_12[0][0]                     
__________________________________________________________________________________________________
conv2d_30 (Conv2D)              (None, 64, 64, 512)  1180160     activation_26[0][0]              
__________________________________________________________________________________________________
batch_normalization_27 (BatchNo (None, 64, 64, 512)  2048        conv2d_30[0][0]                  
__________________________________________________________________________________________________
activation_27 (Activation)      (None, 64, 64, 512)  0           batch_normalization_27[0][0]     
__________________________________________________________________________________________________
conv2d_31 (Conv2D)              (None, 64, 64, 512)  2359808     activation_27[0][0]              
__________________________________________________________________________________________________
batch_normalization_28 (BatchNo (None, 64, 64, 512)  2048        conv2d_31[0][0]                  
__________________________________________________________________________________________________
conv2d_29 (Conv2D)              (None, 64, 64, 512)  131584      activation_26[0][0]              
__________________________________________________________________________________________________
add_13 (Add)                    (None, 64, 64, 512)  0           batch_normalization_28[0][0]     
                                                                 conv2d_29[0][0]                  
__________________________________________________________________________________________________
activation_28 (Activation)      (None, 64, 64, 512)  0           add_13[0][0]                     
__________________________________________________________________________________________________
conv2d_32 (Conv2D)              (None, 64, 64, 512)  2359808     activation_28[0][0]              
__________________________________________________________________________________________________
batch_normalization_29 (BatchNo (None, 64, 64, 512)  2048        conv2d_32[0][0]                  
__________________________________________________________________________________________________
activation_29 (Activation)      (None, 64, 64, 512)  0           batch_normalization_29[0][0]     
__________________________________________________________________________________________________
conv2d_33 (Conv2D)              (None, 64, 64, 512)  2359808     activation_29[0][0]              
__________________________________________________________________________________________________
batch_normalization_30 (BatchNo (None, 64, 64, 512)  2048        conv2d_33[0][0]                  
__________________________________________________________________________________________________
add_14 (Add)                    (None, 64, 64, 512)  0           batch_normalization_30[0][0]     
                                                                 activation_28[0][0]              
__________________________________________________________________________________________________
activation_30 (Activation)      (None, 64, 64, 512)  0           add_14[0][0]                     
__________________________________________________________________________________________________
conv2d_34 (Conv2D)              (None, 64, 64, 512)  2359808     activation_30[0][0]              
__________________________________________________________________________________________________
batch_normalization_31 (BatchNo (None, 64, 64, 512)  2048        conv2d_34[0][0]                  
__________________________________________________________________________________________________
activation_31 (Activation)      (None, 64, 64, 512)  0           batch_normalization_31[0][0]     
__________________________________________________________________________________________________
conv2d_35 (Conv2D)              (None, 64, 64, 512)  2359808     activation_31[0][0]              
__________________________________________________________________________________________________
batch_normalization_32 (BatchNo (None, 64, 64, 512)  2048        conv2d_35[0][0]                  
__________________________________________________________________________________________________
add_15 (Add)                    (None, 64, 64, 512)  0           batch_normalization_32[0][0]     
                                                                 activation_30[0][0]              
__________________________________________________________________________________________________
activation_32 (Activation)      (None, 64, 64, 512)  0           add_15[0][0]                     
__________________________________________________________________________________________________
flatten (Flatten)               (None, 2097152)      0           activation_32[0][0]              
__________________________________________________________________________________________________
dense (Dense)                   (None, 1)            2097153     flatten[0][0]                    
==================================================================================================
Total params: 23,403,777
Trainable params: 23,388,545
Non-trainable params: 15,232
__________________________________________________________________________________________________
None
Adding Images: Error ---- 
No such file: '/mnt/beegfs/home/agolchub/repo/Aesthetic_Photo_Ranking/databaserelease2/JPEG/﻿Filename'
['\ufeffFilename', 'Source', 'Link (if available)', "Arash's Scores", "Maria's Scores", 'Color Saturation', 'Framing', 'Lighting', 'Clarity', 'Symmetry', 'Objective Score', 'ObjectiveClass', 'Random', 'Set']
2 - /mnt/beegfs/home/agolchub/repo/Aesthetic_Photo_Ranking/databaserelease2/JPEG/meadows466.jpg
3 - /mnt/beegfs/home/agolchub/repo/Aesthetic_Photo_Ranking/databaserelease2/JPEG/meadows467.jpg
3 - /mnt/beegfs/home/agolchub/repo/Aesthetic_Photo_Ranking/databaserelease2/JPEG/meadows396.jpg
3 - /mnt/beegfs/home/agolchub/repo/Aesthetic_Photo_Ranking/databaserelease2/JPEG/meadows435.jpg
1 - /mnt/beegfs/home/agolchub/repo/Aesthetic_Photo_Ranking/databaserelease2/JPEG/meadows481.jpg
2 - /mnt/beegfs/home/agolchub/repo/Aesthetic_Photo_Ranking/databaserelease2/JPEG/meadows422.jpg
3 - /mnt/beegfs/home/agolchub/repo/Aesthetic_Photo_Ranking/databaserelease2/JPEG/meadows484.jpg
4 - /mnt/beegfs/home/agolchub/repo/Aesthetic_Photo_Ranking/databaserelease2/JPEG/meadows105.jpg
3 - /mnt/beegfs/home/agolchub/repo/Aesthetic_Photo_Ranking/databaserelease2/JPEG/meadows493.jpg
2 - /mnt/beegfs/home/agolchub/repo/Aesthetic_Photo_Ranking/databaserelease2/JPEG/meadows276.jpg
2 - /mnt/beegfs/home/agolchub/repo/Aesthetic_Photo_Ranking/databaserelease2/JPEG/meadows363.jpg
3 - /mnt/beegfs/home/agolchub/repo/Aesthetic_Photo_Ranking/databaserelease2/JPEG/meadows461.jpg
3 - /mnt/beegfs/home/agolchub/repo/Aesthetic_Photo_Ranking/databaserelease2/JPEG/meadows228.jpg
3 - /mnt/beegfs/home/agolchub/repo/Aesthetic_Photo_Ranking/databaserelease2/JPEG/meadows127.jpg
3 - /mnt/beegfs/home/agolchub/repo/Aesthetic_Photo_Ranking/databaserelease2/JPEG/meadows142.jpg
3 - /mnt/beegfs/home/agolchub/repo/Aesthetic_Photo_Ranking/databaserelease2/JPEG/meadows338.jpg
2 - /mnt/beegfs/home/agolchub/repo/Aesthetic_Photo_Ranking/databaserelease2/JPEG/meadows496.jpg
3 - /mnt/beegfs/home/agolchub/repo/Aesthetic_Photo_Ranking/databaserelease2/JPEG/meadows434.jpg
3 - /mnt/beegfs/home/agolchub/repo/Aesthetic_Photo_Ranking/databaserelease2/JPEG/meadows248.jpg
3 - /mnt/beegfs/home/agolchub/repo/Aesthetic_Photo_Ranking/databaserelease2/JPEG/meadows297.jpg
2 - /mnt/beegfs/home/agolchub/repo/Aesthetic_Photo_Ranking/databaserelease2/JPEG/meadows415.jpg
1 - /mnt/beegfs/home/agolchub/repo/Aesthetic_Photo_Ranking/databaserelease2/JPEG/meadows226.jpg
1 - /mnt/beegfs/home/agolchub/repo/Aesthetic_Photo_Ranking/databaserelease2/JPEG/meadows450.jpg
0 - /mnt/beegfs/home/agolchub/repo/Aesthetic_Photo_Ranking/databaserelease2/JPEG/meadows252.jpg
2 - /mnt/beegfs/home/agolchub/repo/Aesthetic_Photo_Ranking/databaserelease2/JPEG/meadows79.jpg
1 - /mnt/beegfs/home/agolchub/repo/Aesthetic_Photo_Ranking/databaserelease2/JPEG/meadows404.jpg
3 - /mnt/beegfs/home/agolchub/repo/Aesthetic_Photo_Ranking/databaserelease2/JPEG/meadows424.jpg
3 - /mnt/beegfs/home/agolchub/repo/Aesthetic_Photo_Ranking/databaserelease2/JPEG/meadows21.jpg
2 - /mnt/beegfs/home/agolchub/repo/Aesthetic_Photo_Ranking/databaserelease2/JPEG/meadows94.jpg
4 - /mnt/beegfs/home/agolchub/repo/Aesthetic_Photo_Ranking/databaserelease2/JPEG/meadows325.jpg
3 - /mnt/beegfs/home/agolchub/repo/Aesthetic_Photo_Ranking/databaserelease2/JPEG/meadows192.jpg
2 - /mnt/beegfs/home/agolchub/repo/Aesthetic_Photo_Ranking/databaserelease2/JPEG/meadows285.jpg
2 - /mnt/beegfs/home/agolchub/repo/Aesthetic_Photo_Ranking/databaserelease2/JPEG/meadows39.jpg
0 - /mnt/beegfs/home/agolchub/repo/Aesthetic_Photo_Ranking/databaserelease2/JPEG/meadows31.jpg
3 - /mnt/beegfs/home/agolchub/repo/Aesthetic_Photo_Ranking/databaserelease2/JPEG/meadows328.jpg
3 - /mnt/beegfs/home/agolchub/repo/Aesthetic_Photo_Ranking/databaserelease2/JPEG/meadows275.jpg
2 - /mnt/beegfs/home/agolchub/repo/Aesthetic_Photo_Ranking/databaserelease2/JPEG/meadows323.jpg
3 - /mnt/beegfs/home/agolchub/repo/Aesthetic_Photo_Ranking/databaserelease2/JPEG/meadows273.jpg
3 - /mnt/beegfs/home/agolchub/repo/Aesthetic_Photo_Ranking/databaserelease2/JPEG/meadows92.jpg
3 - /mnt/beegfs/home/agolchub/repo/Aesthetic_Photo_Ranking/databaserelease2/JPEG/meadows284.jpg
1 - /mnt/beegfs/home/agolchub/repo/Aesthetic_Photo_Ranking/databaserelease2/JPEG/meadows296.jpg
4 - /mnt/beegfs/home/agolchub/repo/Aesthetic_Photo_Ranking/databaserelease2/JPEG/meadows286.jpg
3 - /mnt/beegfs/home/agolchub/repo/Aesthetic_Photo_Ranking/databaserelease2/JPEG/meadows113.jpg
3 - /mnt/beegfs/home/agolchub/repo/Aesthetic_Photo_Ranking/databaserelease2/JPEG/meadows302.jpg
4 - /mnt/beegfs/home/agolchub/repo/Aesthetic_Photo_Ranking/databaserelease2/JPEG/meadows89.jpg
1 - /mnt/beegfs/home/agolchub/repo/Aesthetic_Photo_Ranking/databaserelease2/JPEG/meadows354.jpg
3 - /mnt/beegfs/home/agolchub/repo/Aesthetic_Photo_Ranking/databaserelease2/JPEG/meadows169.jpg
2 - /mnt/beegfs/home/agolchub/repo/Aesthetic_Photo_Ranking/databaserelease2/JPEG/meadows389.jpg
4 - /mnt/beegfs/home/agolchub/repo/Aesthetic_Photo_Ranking/databaserelease2/JPEG/meadows51.jpg
1 - /mnt/beegfs/home/agolchub/repo/Aesthetic_Photo_Ranking/databaserelease2/JPEG/meadows28.jpg
4 - /mnt/beegfs/home/agolchub/repo/Aesthetic_Photo_Ranking/databaserelease2/JPEG/meadows230.jpg
3 - /mnt/beegfs/home/agolchub/repo/Aesthetic_Photo_Ranking/databaserelease2/JPEG/meadows482.jpg
3 - /mnt/beegfs/home/agolchub/repo/Aesthetic_Photo_Ranking/databaserelease2/JPEG/meadows487.jpg
3 - /mnt/beegfs/home/agolchub/repo/Aesthetic_Photo_Ranking/databaserelease2/JPEG/meadows137.jpg
1 - /mnt/beegfs/home/agolchub/repo/Aesthetic_Photo_Ranking/databaserelease2/JPEG/meadows172.jpg
2 - /mnt/beegfs/home/agolchub/repo/Aesthetic_Photo_Ranking/databaserelease2/JPEG/meadows271.jpg
4 - /mnt/beegfs/home/agolchub/repo/Aesthetic_Photo_Ranking/databaserelease2/JPEG/meadows436.jpg
2 - /mnt/beegfs/home/agolchub/repo/Aesthetic_Photo_Ranking/databaserelease2/JPEG/meadows87.jpg
3 - /mnt/beegfs/home/agolchub/repo/Aesthetic_Photo_Ranking/databaserelease2/JPEG/meadows46.jpg
3 - /mnt/beegfs/home/agolchub/repo/Aesthetic_Photo_Ranking/databaserelease2/JPEG/meadows211.jpg
5 - /mnt/beegfs/home/agolchub/repo/Aesthetic_Photo_Ranking/databaserelease2/JPEG/meadows123.jpg
2 - /mnt/beegfs/home/agolchub/repo/Aesthetic_Photo_Ranking/databaserelease2/JPEG/meadows164.jpg
2 - /mnt/beegfs/home/agolchub/repo/Aesthetic_Photo_Ranking/databaserelease2/JPEG/meadows291.jpg
3 - /mnt/beegfs/home/agolchub/repo/Aesthetic_Photo_Ranking/databaserelease2/JPEG/meadows175.jpg
3 - /mnt/beegfs/home/agolchub/repo/Aesthetic_Photo_Ranking/databaserelease2/JPEG/meadows185.jpg
3 - /mnt/beegfs/home/agolchub/repo/Aesthetic_Photo_Ranking/databaserelease2/JPEG/meadows442.jpg
4 - /mnt/beegfs/home/agolchub/repo/Aesthetic_Photo_Ranking/databaserelease2/JPEG/meadows427.jpg
2 - /mnt/beegfs/home/agolchub/repo/Aesthetic_Photo_Ranking/databaserelease2/JPEG/meadows332.jpg
3 - /mnt/beegfs/home/agolchub/repo/Aesthetic_Photo_Ranking/databaserelease2/JPEG/meadows256.jpg
3 - /mnt/beegfs/home/agolchub/repo/Aesthetic_Photo_Ranking/databaserelease2/JPEG/meadows465.jpg
2 - /mnt/beegfs/home/agolchub/repo/Aesthetic_Photo_Ranking/databaserelease2/JPEG/meadows443.jpg
4 - /mnt/beegfs/home/agolchub/repo/Aesthetic_Photo_Ranking/databaserelease2/JPEG/meadows312.jpg
4 - /mnt/beegfs/home/agolchub/repo/Aesthetic_Photo_Ranking/databaserelease2/JPEG/meadows71.jpg
1 - /mnt/beegfs/home/agolchub/repo/Aesthetic_Photo_Ranking/databaserelease2/JPEG/meadows33.jpg
2 - /mnt/beegfs/home/agolchub/repo/Aesthetic_Photo_Ranking/databaserelease2/JPEG/meadows499.jpg
3 - /mnt/beegfs/home/agolchub/repo/Aesthetic_Photo_Ranking/databaserelease2/JPEG/meadows168.jpg
1 - /mnt/beegfs/home/agolchub/repo/Aesthetic_Photo_Ranking/databaserelease2/JPEG/meadows130.jpg
1 - /mnt/beegfs/home/agolchub/repo/Aesthetic_Photo_Ranking/databaserelease2/JPEG/meadows205.jpg
1 - /mnt/beegfs/home/agolchub/repo/Aesthetic_Photo_Ranking/databaserelease2/JPEG/meadows135.jpg
4 - /mnt/beegfs/home/agolchub/repo/Aesthetic_Photo_Ranking/databaserelease2/JPEG/meadows345.jpg
3 - /mnt/beegfs/home/agolchub/repo/Aesthetic_Photo_Ranking/databaserelease2/JPEG/meadows272.jpg
2 - /mnt/beegfs/home/agolchub/repo/Aesthetic_Photo_Ranking/databaserelease2/JPEG/meadows190.jpg
3 - /mnt/beegfs/home/agolchub/repo/Aesthetic_Photo_Ranking/databaserelease2/JPEG/meadows355.jpg
3 - /mnt/beegfs/home/agolchub/repo/Aesthetic_Photo_Ranking/databaserelease2/JPEG/meadows430.jpg
3 - /mnt/beegfs/home/agolchub/repo/Aesthetic_Photo_Ranking/databaserelease2/JPEG/meadows124.jpg
1 - /mnt/beegfs/home/agolchub/repo/Aesthetic_Photo_Ranking/databaserelease2/JPEG/meadows40.jpg
3 - /mnt/beegfs/home/agolchub/repo/Aesthetic_Photo_Ranking/databaserelease2/JPEG/meadows407.jpg
3 - /mnt/beegfs/home/agolchub/repo/Aesthetic_Photo_Ranking/databaserelease2/JPEG/meadows12.jpg
2 - /mnt/beegfs/home/agolchub/repo/Aesthetic_Photo_Ranking/databaserelease2/JPEG/meadows463.jpg
3 - /mnt/beegfs/home/agolchub/repo/Aesthetic_Photo_Ranking/databaserelease2/JPEG/meadows456.jpg
2 - /mnt/beegfs/home/agolchub/repo/Aesthetic_Photo_Ranking/databaserelease2/JPEG/meadows67.jpg
2 - /mnt/beegfs/home/agolchub/repo/Aesthetic_Photo_Ranking/databaserelease2/JPEG/meadows7.jpg
4 - /mnt/beegfs/home/agolchub/repo/Aesthetic_Photo_Ranking/databaserelease2/JPEG/meadows150.jpg
3 - /mnt/beegfs/home/agolchub/repo/Aesthetic_Photo_Ranking/databaserelease2/JPEG/meadows227.jpg
3 - /mnt/beegfs/home/agolchub/repo/Aesthetic_Photo_Ranking/databaserelease2/JPEG/meadows203.jpg
0 - /mnt/beegfs/home/agolchub/repo/Aesthetic_Photo_Ranking/databaserelease2/JPEG/meadows65.jpg
1 - /mnt/beegfs/home/agolchub/repo/Aesthetic_Photo_Ranking/databaserelease2/JPEG/meadows431.jpg
1 - /mnt/beegfs/home/agolchub/repo/Aesthetic_Photo_Ranking/databaserelease2/JPEG/meadows364.jpg
3 - /mnt/beegfs/home/agolchub/repo/Aesthetic_Photo_Ranking/databaserelease2/JPEG/meadows425.jpg
3 - /mnt/beegfs/home/agolchub/repo/Aesthetic_Photo_Ranking/databaserelease2/JPEG/meadows263.jpg
2 - /mnt/beegfs/home/agolchub/repo/Aesthetic_Photo_Ranking/databaserelease2/JPEG/meadows166.jpg
1 - /mnt/beegfs/home/agolchub/repo/Aesthetic_Photo_Ranking/databaserelease2/JPEG/meadows333.jpg
4 - /mnt/beegfs/home/agolchub/repo/Aesthetic_Photo_Ranking/databaserelease2/JPEG/meadows159.jpg
4 - /mnt/beegfs/home/agolchub/repo/Aesthetic_Photo_Ranking/databaserelease2/JPEG/meadows59.jpg
3 - /mnt/beegfs/home/agolchub/repo/Aesthetic_Photo_Ranking/databaserelease2/JPEG/meadows170.jpg
4 - /mnt/beegfs/home/agolchub/repo/Aesthetic_Photo_Ranking/databaserelease2/JPEG/meadows171.jpg
2 - /mnt/beegfs/home/agolchub/repo/Aesthetic_Photo_Ranking/databaserelease2/JPEG/meadows249.jpg
2 - /mnt/beegfs/home/agolchub/repo/Aesthetic_Photo_Ranking/databaserelease2/JPEG/meadows186.jpg
4 - /mnt/beegfs/home/agolchub/repo/Aesthetic_Photo_Ranking/databaserelease2/JPEG/meadows6.jpg
2 - /mnt/beegfs/home/agolchub/repo/Aesthetic_Photo_Ranking/databaserelease2/JPEG/meadows160.jpg
2 - /mnt/beegfs/home/agolchub/repo/Aesthetic_Photo_Ranking/databaserelease2/JPEG/meadows229.jpg
3 - /mnt/beegfs/home/agolchub/repo/Aesthetic_Photo_Ranking/databaserelease2/JPEG/meadows77.jpg
4 - /mnt/beegfs/home/agolchub/repo/Aesthetic_Photo_Ranking/databaserelease2/JPEG/meadows321.jpg
3 - /mnt/beegfs/home/agolchub/repo/Aesthetic_Photo_Ranking/databaserelease2/JPEG/meadows266.jpg
4 - /mnt/beegfs/home/agolchub/repo/Aesthetic_Photo_Ranking/databaserelease2/JPEG/meadows451.jpg
4 - /mnt/beegfs/home/agolchub/repo/Aesthetic_Photo_Ranking/databaserelease2/JPEG/meadows366.jpg
3 - /mnt/beegfs/home/agolchub/repo/Aesthetic_Photo_Ranking/databaserelease2/JPEG/meadows318.jpg
2 - /mnt/beegfs/home/agolchub/repo/Aesthetic_Photo_Ranking/databaserelease2/JPEG/meadows112.jpg
2 - /mnt/beegfs/home/agolchub/repo/Aesthetic_Photo_Ranking/databaserelease2/JPEG/meadows34.jpg
3 - /mnt/beegfs/home/agolchub/repo/Aesthetic_Photo_Ranking/databaserelease2/JPEG/meadows18.jpg
4 - /mnt/beegfs/home/agolchub/repo/Aesthetic_Photo_Ranking/databaserelease2/JPEG/meadows75.jpg
3 - /mnt/beegfs/home/agolchub/repo/Aesthetic_Photo_Ranking/databaserelease2/JPEG/meadows337.jpg
3 - /mnt/beegfs/home/agolchub/repo/Aesthetic_Photo_Ranking/databaserelease2/JPEG/meadows3.jpg
1 - /mnt/beegfs/home/agolchub/repo/Aesthetic_Photo_Ranking/databaserelease2/JPEG/meadows406.jpg
3 - /mnt/beegfs/home/agolchub/repo/Aesthetic_Photo_Ranking/databaserelease2/JPEG/meadows250.jpg
4 - /mnt/beegfs/home/agolchub/repo/Aesthetic_Photo_Ranking/databaserelease2/JPEG/meadows330.jpg
2 - /mnt/beegfs/home/agolchub/repo/Aesthetic_Photo_Ranking/databaserelease2/JPEG/meadows384.jpg
2 - /mnt/beegfs/home/agolchub/repo/Aesthetic_Photo_Ranking/databaserelease2/JPEG/meadows306.jpg
3 - /mnt/beegfs/home/agolchub/repo/Aesthetic_Photo_Ranking/databaserelease2/JPEG/meadows199.jpg
3 - /mnt/beegfs/home/agolchub/repo/Aesthetic_Photo_Ranking/databaserelease2/JPEG/meadows111.jpg
4 - /mnt/beegfs/home/agolchub/repo/Aesthetic_Photo_Ranking/databaserelease2/JPEG/meadows278.jpg
2 - /mnt/beegfs/home/agolchub/repo/Aesthetic_Photo_Ranking/databaserelease2/JPEG/meadows267.jpg
1 - /mnt/beegfs/home/agolchub/repo/Aesthetic_Photo_Ranking/databaserelease2/JPEG/meadows41.jpg
4 - /mnt/beegfs/home/agolchub/repo/Aesthetic_Photo_Ranking/databaserelease2/JPEG/meadows107.jpg
2 - /mnt/beegfs/home/agolchub/repo/Aesthetic_Photo_Ranking/databaserelease2/JPEG/meadows109.jpg
5 - /mnt/beegfs/home/agolchub/repo/Aesthetic_Photo_Ranking/databaserelease2/JPEG/meadows74.jpg
2 - /mnt/beegfs/home/agolchub/repo/Aesthetic_Photo_Ranking/databaserelease2/JPEG/meadows84.jpg
3 - /mnt/beegfs/home/agolchub/repo/Aesthetic_Photo_Ranking/databaserelease2/JPEG/meadows317.jpg
3 - /mnt/beegfs/home/agolchub/repo/Aesthetic_Photo_Ranking/databaserelease2/JPEG/meadows146.jpg
4 - /mnt/beegfs/home/agolchub/repo/Aesthetic_Photo_Ranking/databaserelease2/JPEG/meadows455.jpg
4 - /mnt/beegfs/home/agolchub/repo/Aesthetic_Photo_Ranking/databaserelease2/JPEG/meadows492.jpg
3 - /mnt/beegfs/home/agolchub/repo/Aesthetic_Photo_Ranking/databaserelease2/JPEG/meadows288.jpg
3 - /mnt/beegfs/home/agolchub/repo/Aesthetic_Photo_Ranking/databaserelease2/JPEG/meadows17.jpg
4 - /mnt/beegfs/home/agolchub/repo/Aesthetic_Photo_Ranking/databaserelease2/JPEG/meadows413.jpg
2022-07-10 11:58:59.970823: I tensorflow/compiler/mlir/mlir_graph_optimization_pass.cc:185] None of the MLIR Optimization Passes are enabled (registered 2)
2022-07-10 11:59:01.467916: I tensorflow/stream_executor/cuda/cuda_dnn.cc:369] Loaded cuDNN version 8201
2022-07-10 11:59:02.763126: W tensorflow/core/kernels/gpu_utils.cc:49] Failed to allocate memory for convolution redzone checking; skipping this check. This is benign and only means that we won't check cudnn for out-of-bounds reads and writes. This message will only be printed once.
2022-07-10 11:59:03.010313: W tensorflow/stream_executor/gpu/asm_compiler.cc:77] Couldn't get ptxas version string: Internal: Running ptxas --version returned 32512
2022-07-10 11:59:03.067824: W tensorflow/stream_executor/gpu/redzone_allocator.cc:314] Internal: ptxas exited with non-zero error code 32512, output: 
Relying on driver to perform ptx compilation. 
Modify $PATH to customize ptxas location.
This message will be only logged once.
4 - /mnt/beegfs/home/agolchub/repo/Aesthetic_Photo_Ranking/databaserelease2/JPEG/meadows38.jpg
1 - /mnt/beegfs/home/agolchub/repo/Aesthetic_Photo_Ranking/databaserelease2/JPEG/meadows43.jpg
1 - /mnt/beegfs/home/agolchub/repo/Aesthetic_Photo_Ranking/databaserelease2/JPEG/meadows486.jpg
3 - /mnt/beegfs/home/agolchub/repo/Aesthetic_Photo_Ranking/databaserelease2/JPEG/meadows488.jpg
2 - /mnt/beegfs/home/agolchub/repo/Aesthetic_Photo_Ranking/databaserelease2/JPEG/meadows473.jpg
1 - /mnt/beegfs/home/agolchub/repo/Aesthetic_Photo_Ranking/databaserelease2/JPEG/meadows131.jpg
2 - /mnt/beegfs/home/agolchub/repo/Aesthetic_Photo_Ranking/databaserelease2/JPEG/meadows239.jpg
2 - /mnt/beegfs/home/agolchub/repo/Aesthetic_Photo_Ranking/databaserelease2/JPEG/meadows474.jpg
1 - /mnt/beegfs/home/agolchub/repo/Aesthetic_Photo_Ranking/databaserelease2/JPEG/meadows258.jpg
2 - /mnt/beegfs/home/agolchub/repo/Aesthetic_Photo_Ranking/databaserelease2/JPEG/meadows235.jpg
3 - /mnt/beegfs/home/agolchub/repo/Aesthetic_Photo_Ranking/databaserelease2/JPEG/meadows246.jpg
2 - /mnt/beegfs/home/agolchub/repo/Aesthetic_Photo_Ranking/databaserelease2/JPEG/meadows282.jpg
2 - /mnt/beegfs/home/agolchub/repo/Aesthetic_Photo_Ranking/databaserelease2/JPEG/meadows251.jpg
[2. 3. 3. 3. 1. 2. 3. 4. 3. 2. 2. 3. 3. 3. 3. 3. 2. 3. 3. 3. 2. 1. 1. 0.
 2. 1. 3. 3. 2. 4. 3. 2. 2. 0. 3. 3. 2. 3. 3. 3. 1. 4. 3. 3. 4. 1. 3. 2.
 4. 1. 4. 3. 3. 3. 1. 2. 4. 2. 3. 3. 5. 2. 2. 3. 3. 3. 4. 2. 3. 3. 2. 4.
 4. 1. 2. 3. 1. 1. 1. 4. 3. 2. 3. 3. 3. 1. 3. 3. 2. 3. 2. 2. 4. 3. 3. 0.
 1. 1. 3. 3. 2. 1. 4. 4. 3. 4. 2. 2. 4. 2. 2. 3. 4. 3. 4. 4. 3. 2. 2. 3.
 4. 3. 3. 1. 3. 4. 2. 2. 3. 3. 4. 2. 1. 4. 2. 5. 2. 3. 3. 4. 4. 3. 3. 4.
 4. 1. 1. 3. 2. 1. 2. 2. 1. 2. 3. 2. 2.]
[[2.124721  ]
 [2.9430242 ]
 [2.9080324 ]
 [3.0283422 ]
 [1.1233809 ]
 [2.0246782 ]
 [3.046167  ]
 [3.8193598 ]
 [2.959364  ]
 [1.9738493 ]
 [2.0876215 ]
 [2.9575768 ]
 [3.0103264 ]
 [2.9545078 ]
 [2.872841  ]
 [2.986477  ]
 [2.1215916 ]
 [2.9097514 ]
 [2.966168  ]
 [2.979672  ]
 [2.0332794 ]
 [1.2680467 ]
 [1.2046974 ]
 [0.26124895]
 [1.9935929 ]
 [1.1607214 ]
 [2.9689293 ]
 [2.9618497 ]
 [2.141077  ]
 [3.847931  ]
 [2.900189  ]
 [2.031647  ]
 [2.0200012 ]
 [0.16854903]
 [3.0483851 ]
 [3.0036287 ]
 [2.0234027 ]
 [3.0487452 ]
 [2.9146209 ]
 [2.8953662 ]
 [1.1965234 ]
 [3.7870717 ]
 [2.942062  ]
 [2.8370504 ]
 [3.7343106 ]
 [1.1400214 ]
 [3.0614185 ]
 [2.0885768 ]
 [3.817441  ]
 [1.1348269 ]
 [3.8280654 ]
 [3.0466046 ]
 [2.9956946 ]
 [2.9023027 ]
 [1.2429398 ]
 [1.9390692 ]
 [3.8239155 ]
 [2.0659454 ]
 [2.9859533 ]
 [2.9334803 ]
 [4.790776  ]
 [2.093211  ]
 [1.9831542 ]
 [2.9303327 ]
 [3.1394014 ]
 [3.0480957 ]
 [3.8551455 ]
 [2.0665145 ]
 [3.0166574 ]
 [2.909545  ]
 [2.0391297 ]
 [3.960795  ]
 [3.5840917 ]
 [1.1218007 ]
 [2.0248456 ]
 [2.982729  ]
 [1.1592098 ]
 [1.1316208 ]
 [1.1274081 ]
 [3.8721004 ]
 [3.0265484 ]
 [2.014843  ]
 [2.996398  ]
 [2.9071636 ]
 [2.986453  ]
 [1.229211  ]
 [2.9384675 ]
 [2.937275  ]
 [1.9593911 ]
 [2.903164  ]
 [2.0717988 ]
 [2.1667814 ]
 [3.7159557 ]
 [2.9169188 ]
 [2.967     ]
 [0.25512713]
 [1.1222839 ]
 [1.1919014 ]
 [3.024972  ]
 [2.965313  ]
 [2.0759883 ]
 [1.186316  ]
 [3.8400412 ]
 [3.795045  ]
 [2.9383216 ]
 [3.8222175 ]
 [1.8795824 ]
 [2.071191  ]
 [3.8474922 ]
 [2.039956  ]
 [2.021656  ]
 [2.8847651 ]
 [3.8277035 ]
 [2.970385  ]
 [3.8231664 ]
 [3.6579452 ]
 [2.9280968 ]
 [2.063674  ]
 [2.0256062 ]
 [2.9243402 ]
 [3.942315  ]
 [2.9140258 ]
 [2.9523048 ]
 [1.0754957 ]
 [2.8984375 ]
 [3.8993483 ]
 [2.039439  ]
 [2.059836  ]
 [2.9833508 ]
 [2.9107342 ]
 [3.8336167 ]
 [2.0397453 ]
 [1.119158  ]
 [3.7966099 ]
 [1.9734545 ]
 [4.644051  ]
 [2.0378268 ]
 [2.9304442 ]
 [3.001957  ]
 [3.9107008 ]
 [3.853609  ]
 [2.8909569 ]
 [2.9420195 ]
 [3.7338285 ]
 [3.8869753 ]
 [1.1737897 ]
 [1.1030395 ]
 [2.984335  ]
 [2.0164957 ]
 [1.2577902 ]
 [2.071827  ]
 [1.958403  ]
 [1.1234087 ]
 [2.0873947 ]
 [3.0470366 ]
 [2.0298555 ]
 [2.0333436 ]]
Traceback (most recent call last):
  File "/mnt/beegfs/home/agolchub/repo/Aesthetic_Photo_Ranking/./train_segmented.py", line 639, in <module>
    main(sys.argv[1:])
  File "/mnt/beegfs/home/agolchub/repo/Aesthetic_Photo_Ranking/./train_segmented.py", line 634, in main
    test(modelin,imagepath,WIDTH,HEIGHT,outColumn)
  File "/mnt/beegfs/home/agolchub/repo/Aesthetic_Photo_Ranking/./train_segmented.py", line 515, in test
    print(np.argmax(np.array(y),axis=1))
  File "<__array_function__ internals>", line 5, in argmax
  File "/mnt/beegfs/home/agolchub/miniconda3/envs/tf2-gpu/lib/python3.9/site-packages/numpy/core/fromnumeric.py", line 1188, in argmax
    return _wrapfunc(a, 'argmax', axis=axis, out=out)
  File "/mnt/beegfs/home/agolchub/miniconda3/envs/tf2-gpu/lib/python3.9/site-packages/numpy/core/fromnumeric.py", line 58, in _wrapfunc
    return bound(*args, **kwds)
numpy.AxisError: axis 1 is out of bounds for array of dimension 1
srun: error: nodegpu002: task 0: Exited with exit code 1
