2022-07-10 11:46:44.952247: I tensorflow/core/platform/cpu_feature_guard.cc:142] This TensorFlow binary is optimized with oneAPI Deep Neural Network Library (oneDNN) to use the following CPU instructions in performance-critical operations:  AVX2 FMA
To enable them in other operations, rebuild TensorFlow with the appropriate compiler flags.
2022-07-10 11:46:45.844114: I tensorflow/core/common_runtime/gpu/gpu_device.cc:1510] Created device /job:localhost/replica:0/task:0/device:GPU:0 with 38246 MB memory:  -> device: 0, name: NVIDIA A100-PCIE-40GB, pci bus id: 0000:21:00.0, compute capability: 8.0
Input file is " ./model3.1.train
Output file is " 
Image path is " ./databaserelease2/test.csv
--------------------


Model Loaded
Model: "model"
__________________________________________________________________________________________________
Layer (type)                    Output Shape         Param #     Connected to                     
==================================================================================================
input_1 (InputLayer)            [(None, 1024, 1024,  0                                            
__________________________________________________________________________________________________
conv2d (Conv2D)                 (None, 1018, 1018, 6 9472        input_1[0][0]                    
__________________________________________________________________________________________________
batch_normalization (BatchNorma (None, 1018, 1018, 6 256         conv2d[0][0]                     
__________________________________________________________________________________________________
activation (Activation)         (None, 1018, 1018, 6 0           batch_normalization[0][0]        
__________________________________________________________________________________________________
dropout (Dropout)               (None, 1018, 1018, 6 0           activation[0][0]                 
__________________________________________________________________________________________________
max_pooling2d (MaxPooling2D)    (None, 509, 509, 64) 0           dropout[0][0]                    
__________________________________________________________________________________________________
conv2d_1 (Conv2D)               (None, 509, 509, 64) 36928       max_pooling2d[0][0]              
__________________________________________________________________________________________________
batch_normalization_1 (BatchNor (None, 509, 509, 64) 256         conv2d_1[0][0]                   
__________________________________________________________________________________________________
activation_1 (Activation)       (None, 509, 509, 64) 0           batch_normalization_1[0][0]      
__________________________________________________________________________________________________
conv2d_2 (Conv2D)               (None, 509, 509, 64) 36928       activation_1[0][0]               
__________________________________________________________________________________________________
batch_normalization_2 (BatchNor (None, 509, 509, 64) 256         conv2d_2[0][0]                   
__________________________________________________________________________________________________
add (Add)                       (None, 509, 509, 64) 0           batch_normalization_2[0][0]      
                                                                 max_pooling2d[0][0]              
__________________________________________________________________________________________________
activation_2 (Activation)       (None, 509, 509, 64) 0           add[0][0]                        
__________________________________________________________________________________________________
conv2d_3 (Conv2D)               (None, 509, 509, 64) 36928       activation_2[0][0]               
__________________________________________________________________________________________________
batch_normalization_3 (BatchNor (None, 509, 509, 64) 256         conv2d_3[0][0]                   
__________________________________________________________________________________________________
activation_3 (Activation)       (None, 509, 509, 64) 0           batch_normalization_3[0][0]      
__________________________________________________________________________________________________
conv2d_4 (Conv2D)               (None, 509, 509, 64) 36928       activation_3[0][0]               
__________________________________________________________________________________________________
batch_normalization_4 (BatchNor (None, 509, 509, 64) 256         conv2d_4[0][0]                   
__________________________________________________________________________________________________
add_1 (Add)                     (None, 509, 509, 64) 0           batch_normalization_4[0][0]      
                                                                 activation_2[0][0]               
__________________________________________________________________________________________________
activation_4 (Activation)       (None, 509, 509, 64) 0           add_1[0][0]                      
__________________________________________________________________________________________________
conv2d_5 (Conv2D)               (None, 509, 509, 64) 36928       activation_4[0][0]               
__________________________________________________________________________________________________
batch_normalization_5 (BatchNor (None, 509, 509, 64) 256         conv2d_5[0][0]                   
__________________________________________________________________________________________________
activation_5 (Activation)       (None, 509, 509, 64) 0           batch_normalization_5[0][0]      
__________________________________________________________________________________________________
conv2d_6 (Conv2D)               (None, 509, 509, 64) 36928       activation_5[0][0]               
__________________________________________________________________________________________________
batch_normalization_6 (BatchNor (None, 509, 509, 64) 256         conv2d_6[0][0]                   
__________________________________________________________________________________________________
add_2 (Add)                     (None, 509, 509, 64) 0           batch_normalization_6[0][0]      
                                                                 activation_4[0][0]               
__________________________________________________________________________________________________
activation_6 (Activation)       (None, 509, 509, 64) 0           add_2[0][0]                      
__________________________________________________________________________________________________
conv2d_8 (Conv2D)               (None, 255, 255, 128 73856       activation_6[0][0]               
__________________________________________________________________________________________________
batch_normalization_7 (BatchNor (None, 255, 255, 128 512         conv2d_8[0][0]                   
__________________________________________________________________________________________________
activation_7 (Activation)       (None, 255, 255, 128 0           batch_normalization_7[0][0]      
__________________________________________________________________________________________________
conv2d_9 (Conv2D)               (None, 255, 255, 128 147584      activation_7[0][0]               
__________________________________________________________________________________________________
batch_normalization_8 (BatchNor (None, 255, 255, 128 512         conv2d_9[0][0]                   
__________________________________________________________________________________________________
conv2d_7 (Conv2D)               (None, 255, 255, 128 8320        activation_6[0][0]               
__________________________________________________________________________________________________
add_3 (Add)                     (None, 255, 255, 128 0           batch_normalization_8[0][0]      
                                                                 conv2d_7[0][0]                   
__________________________________________________________________________________________________
activation_8 (Activation)       (None, 255, 255, 128 0           add_3[0][0]                      
__________________________________________________________________________________________________
conv2d_10 (Conv2D)              (None, 255, 255, 128 147584      activation_8[0][0]               
__________________________________________________________________________________________________
batch_normalization_9 (BatchNor (None, 255, 255, 128 512         conv2d_10[0][0]                  
__________________________________________________________________________________________________
activation_9 (Activation)       (None, 255, 255, 128 0           batch_normalization_9[0][0]      
__________________________________________________________________________________________________
conv2d_11 (Conv2D)              (None, 255, 255, 128 147584      activation_9[0][0]               
__________________________________________________________________________________________________
batch_normalization_10 (BatchNo (None, 255, 255, 128 512         conv2d_11[0][0]                  
__________________________________________________________________________________________________
add_4 (Add)                     (None, 255, 255, 128 0           batch_normalization_10[0][0]     
                                                                 activation_8[0][0]               
__________________________________________________________________________________________________
activation_10 (Activation)      (None, 255, 255, 128 0           add_4[0][0]                      
__________________________________________________________________________________________________
conv2d_12 (Conv2D)              (None, 255, 255, 128 147584      activation_10[0][0]              
__________________________________________________________________________________________________
batch_normalization_11 (BatchNo (None, 255, 255, 128 512         conv2d_12[0][0]                  
__________________________________________________________________________________________________
activation_11 (Activation)      (None, 255, 255, 128 0           batch_normalization_11[0][0]     
__________________________________________________________________________________________________
conv2d_13 (Conv2D)              (None, 255, 255, 128 147584      activation_11[0][0]              
__________________________________________________________________________________________________
batch_normalization_12 (BatchNo (None, 255, 255, 128 512         conv2d_13[0][0]                  
__________________________________________________________________________________________________
add_5 (Add)                     (None, 255, 255, 128 0           batch_normalization_12[0][0]     
                                                                 activation_10[0][0]              
__________________________________________________________________________________________________
activation_12 (Activation)      (None, 255, 255, 128 0           add_5[0][0]                      
__________________________________________________________________________________________________
conv2d_14 (Conv2D)              (None, 255, 255, 128 147584      activation_12[0][0]              
__________________________________________________________________________________________________
batch_normalization_13 (BatchNo (None, 255, 255, 128 512         conv2d_14[0][0]                  
__________________________________________________________________________________________________
activation_13 (Activation)      (None, 255, 255, 128 0           batch_normalization_13[0][0]     
__________________________________________________________________________________________________
conv2d_15 (Conv2D)              (None, 255, 255, 128 147584      activation_13[0][0]              
__________________________________________________________________________________________________
batch_normalization_14 (BatchNo (None, 255, 255, 128 512         conv2d_15[0][0]                  
__________________________________________________________________________________________________
add_6 (Add)                     (None, 255, 255, 128 0           batch_normalization_14[0][0]     
                                                                 activation_12[0][0]              
__________________________________________________________________________________________________
activation_14 (Activation)      (None, 255, 255, 128 0           add_6[0][0]                      
__________________________________________________________________________________________________
conv2d_17 (Conv2D)              (None, 128, 128, 256 295168      activation_14[0][0]              
__________________________________________________________________________________________________
batch_normalization_15 (BatchNo (None, 128, 128, 256 1024        conv2d_17[0][0]                  
__________________________________________________________________________________________________
activation_15 (Activation)      (None, 128, 128, 256 0           batch_normalization_15[0][0]     
__________________________________________________________________________________________________
conv2d_18 (Conv2D)              (None, 128, 128, 256 590080      activation_15[0][0]              
__________________________________________________________________________________________________
batch_normalization_16 (BatchNo (None, 128, 128, 256 1024        conv2d_18[0][0]                  
__________________________________________________________________________________________________
conv2d_16 (Conv2D)              (None, 128, 128, 256 33024       activation_14[0][0]              
__________________________________________________________________________________________________
add_7 (Add)                     (None, 128, 128, 256 0           batch_normalization_16[0][0]     
                                                                 conv2d_16[0][0]                  
__________________________________________________________________________________________________
activation_16 (Activation)      (None, 128, 128, 256 0           add_7[0][0]                      
__________________________________________________________________________________________________
conv2d_19 (Conv2D)              (None, 128, 128, 256 590080      activation_16[0][0]              
__________________________________________________________________________________________________
batch_normalization_17 (BatchNo (None, 128, 128, 256 1024        conv2d_19[0][0]                  
__________________________________________________________________________________________________
activation_17 (Activation)      (None, 128, 128, 256 0           batch_normalization_17[0][0]     
__________________________________________________________________________________________________
conv2d_20 (Conv2D)              (None, 128, 128, 256 590080      activation_17[0][0]              
__________________________________________________________________________________________________
batch_normalization_18 (BatchNo (None, 128, 128, 256 1024        conv2d_20[0][0]                  
__________________________________________________________________________________________________
add_8 (Add)                     (None, 128, 128, 256 0           batch_normalization_18[0][0]     
                                                                 activation_16[0][0]              
__________________________________________________________________________________________________
activation_18 (Activation)      (None, 128, 128, 256 0           add_8[0][0]                      
__________________________________________________________________________________________________
conv2d_21 (Conv2D)              (None, 128, 128, 256 590080      activation_18[0][0]              
__________________________________________________________________________________________________
batch_normalization_19 (BatchNo (None, 128, 128, 256 1024        conv2d_21[0][0]                  
__________________________________________________________________________________________________
activation_19 (Activation)      (None, 128, 128, 256 0           batch_normalization_19[0][0]     
__________________________________________________________________________________________________
conv2d_22 (Conv2D)              (None, 128, 128, 256 590080      activation_19[0][0]              
__________________________________________________________________________________________________
batch_normalization_20 (BatchNo (None, 128, 128, 256 1024        conv2d_22[0][0]                  
__________________________________________________________________________________________________
add_9 (Add)                     (None, 128, 128, 256 0           batch_normalization_20[0][0]     
                                                                 activation_18[0][0]              
__________________________________________________________________________________________________
activation_20 (Activation)      (None, 128, 128, 256 0           add_9[0][0]                      
__________________________________________________________________________________________________
conv2d_23 (Conv2D)              (None, 128, 128, 256 590080      activation_20[0][0]              
__________________________________________________________________________________________________
batch_normalization_21 (BatchNo (None, 128, 128, 256 1024        conv2d_23[0][0]                  
__________________________________________________________________________________________________
activation_21 (Activation)      (None, 128, 128, 256 0           batch_normalization_21[0][0]     
__________________________________________________________________________________________________
conv2d_24 (Conv2D)              (None, 128, 128, 256 590080      activation_21[0][0]              
__________________________________________________________________________________________________
batch_normalization_22 (BatchNo (None, 128, 128, 256 1024        conv2d_24[0][0]                  
__________________________________________________________________________________________________
add_10 (Add)                    (None, 128, 128, 256 0           batch_normalization_22[0][0]     
                                                                 activation_20[0][0]              
__________________________________________________________________________________________________
activation_22 (Activation)      (None, 128, 128, 256 0           add_10[0][0]                     
__________________________________________________________________________________________________
conv2d_25 (Conv2D)              (None, 128, 128, 256 590080      activation_22[0][0]              
__________________________________________________________________________________________________
batch_normalization_23 (BatchNo (None, 128, 128, 256 1024        conv2d_25[0][0]                  
__________________________________________________________________________________________________
activation_23 (Activation)      (None, 128, 128, 256 0           batch_normalization_23[0][0]     
__________________________________________________________________________________________________
conv2d_26 (Conv2D)              (None, 128, 128, 256 590080      activation_23[0][0]              
__________________________________________________________________________________________________
batch_normalization_24 (BatchNo (None, 128, 128, 256 1024        conv2d_26[0][0]                  
__________________________________________________________________________________________________
add_11 (Add)                    (None, 128, 128, 256 0           batch_normalization_24[0][0]     
                                                                 activation_22[0][0]              
__________________________________________________________________________________________________
activation_24 (Activation)      (None, 128, 128, 256 0           add_11[0][0]                     
__________________________________________________________________________________________________
conv2d_27 (Conv2D)              (None, 128, 128, 256 590080      activation_24[0][0]              
__________________________________________________________________________________________________
batch_normalization_25 (BatchNo (None, 128, 128, 256 1024        conv2d_27[0][0]                  
__________________________________________________________________________________________________
activation_25 (Activation)      (None, 128, 128, 256 0           batch_normalization_25[0][0]     
__________________________________________________________________________________________________
conv2d_28 (Conv2D)              (None, 128, 128, 256 590080      activation_25[0][0]              
__________________________________________________________________________________________________
batch_normalization_26 (BatchNo (None, 128, 128, 256 1024        conv2d_28[0][0]                  
__________________________________________________________________________________________________
add_12 (Add)                    (None, 128, 128, 256 0           batch_normalization_26[0][0]     
                                                                 activation_24[0][0]              
__________________________________________________________________________________________________
activation_26 (Activation)      (None, 128, 128, 256 0           add_12[0][0]                     
__________________________________________________________________________________________________
conv2d_30 (Conv2D)              (None, 64, 64, 512)  1180160     activation_26[0][0]              
__________________________________________________________________________________________________
batch_normalization_27 (BatchNo (None, 64, 64, 512)  2048        conv2d_30[0][0]                  
__________________________________________________________________________________________________
activation_27 (Activation)      (None, 64, 64, 512)  0           batch_normalization_27[0][0]     
__________________________________________________________________________________________________
conv2d_31 (Conv2D)              (None, 64, 64, 512)  2359808     activation_27[0][0]              
__________________________________________________________________________________________________
batch_normalization_28 (BatchNo (None, 64, 64, 512)  2048        conv2d_31[0][0]                  
__________________________________________________________________________________________________
conv2d_29 (Conv2D)              (None, 64, 64, 512)  131584      activation_26[0][0]              
__________________________________________________________________________________________________
add_13 (Add)                    (None, 64, 64, 512)  0           batch_normalization_28[0][0]     
                                                                 conv2d_29[0][0]                  
__________________________________________________________________________________________________
activation_28 (Activation)      (None, 64, 64, 512)  0           add_13[0][0]                     
__________________________________________________________________________________________________
conv2d_32 (Conv2D)              (None, 64, 64, 512)  2359808     activation_28[0][0]              
__________________________________________________________________________________________________
batch_normalization_29 (BatchNo (None, 64, 64, 512)  2048        conv2d_32[0][0]                  
__________________________________________________________________________________________________
activation_29 (Activation)      (None, 64, 64, 512)  0           batch_normalization_29[0][0]     
__________________________________________________________________________________________________
conv2d_33 (Conv2D)              (None, 64, 64, 512)  2359808     activation_29[0][0]              
__________________________________________________________________________________________________
batch_normalization_30 (BatchNo (None, 64, 64, 512)  2048        conv2d_33[0][0]                  
__________________________________________________________________________________________________
add_14 (Add)                    (None, 64, 64, 512)  0           batch_normalization_30[0][0]     
                                                                 activation_28[0][0]              
__________________________________________________________________________________________________
activation_30 (Activation)      (None, 64, 64, 512)  0           add_14[0][0]                     
__________________________________________________________________________________________________
conv2d_34 (Conv2D)              (None, 64, 64, 512)  2359808     activation_30[0][0]              
__________________________________________________________________________________________________
batch_normalization_31 (BatchNo (None, 64, 64, 512)  2048        conv2d_34[0][0]                  
__________________________________________________________________________________________________
activation_31 (Activation)      (None, 64, 64, 512)  0           batch_normalization_31[0][0]     
__________________________________________________________________________________________________
conv2d_35 (Conv2D)              (None, 64, 64, 512)  2359808     activation_31[0][0]              
__________________________________________________________________________________________________
batch_normalization_32 (BatchNo (None, 64, 64, 512)  2048        conv2d_35[0][0]                  
__________________________________________________________________________________________________
add_15 (Add)                    (None, 64, 64, 512)  0           batch_normalization_32[0][0]     
                                                                 activation_30[0][0]              
__________________________________________________________________________________________________
activation_32 (Activation)      (None, 64, 64, 512)  0           add_15[0][0]                     
__________________________________________________________________________________________________
flatten (Flatten)               (None, 2097152)      0           activation_32[0][0]              
__________________________________________________________________________________________________
dense (Dense)                   (None, 1)            2097153     flatten[0][0]                    
==================================================================================================
Total params: 23,403,777
Trainable params: 23,388,545
Non-trainable params: 15,232
__________________________________________________________________________________________________
None
Adding Images: Error ---- 
No such file: '/mnt/beegfs/home/agolchub/repo/Aesthetic_Photo_Ranking/databaserelease2/JPEG/﻿Filename'
['\ufeffFilename', 'Source', 'Link (if available)', "Arash's Scores", "Maria's Scores", 'Color Saturation', 'Framing', 'Lighting', 'Clarity', 'Symmetry', 'Objective Score', 'ObjectiveClass', 'Random', 'Set']
4 - /mnt/beegfs/home/agolchub/repo/Aesthetic_Photo_Ranking/databaserelease2/JPEG/meadows88.jpg
3 - /mnt/beegfs/home/agolchub/repo/Aesthetic_Photo_Ranking/databaserelease2/JPEG/meadows194.jpg
1 - /mnt/beegfs/home/agolchub/repo/Aesthetic_Photo_Ranking/databaserelease2/JPEG/meadows66.jpg
3 - /mnt/beegfs/home/agolchub/repo/Aesthetic_Photo_Ranking/databaserelease2/JPEG/meadows93.jpg
3 - /mnt/beegfs/home/agolchub/repo/Aesthetic_Photo_Ranking/databaserelease2/JPEG/meadows497.jpg
3 - /mnt/beegfs/home/agolchub/repo/Aesthetic_Photo_Ranking/databaserelease2/JPEG/meadows202.jpg
3 - /mnt/beegfs/home/agolchub/repo/Aesthetic_Photo_Ranking/databaserelease2/JPEG/meadows80.jpg
1 - /mnt/beegfs/home/agolchub/repo/Aesthetic_Photo_Ranking/databaserelease2/JPEG/meadows498.jpg
1 - /mnt/beegfs/home/agolchub/repo/Aesthetic_Photo_Ranking/databaserelease2/JPEG/meadows382.jpg
3 - /mnt/beegfs/home/agolchub/repo/Aesthetic_Photo_Ranking/databaserelease2/JPEG/meadows370.jpg
4 - /mnt/beegfs/home/agolchub/repo/Aesthetic_Photo_Ranking/databaserelease2/JPEG/meadows81.jpg
3 - /mnt/beegfs/home/agolchub/repo/Aesthetic_Photo_Ranking/databaserelease2/JPEG/meadows383.jpg
4 - /mnt/beegfs/home/agolchub/repo/Aesthetic_Photo_Ranking/databaserelease2/JPEG/meadows470.jpg
3 - /mnt/beegfs/home/agolchub/repo/Aesthetic_Photo_Ranking/databaserelease2/JPEG/meadows215.jpg
4 - /mnt/beegfs/home/agolchub/repo/Aesthetic_Photo_Ranking/databaserelease2/JPEG/meadows115.jpg
2 - /mnt/beegfs/home/agolchub/repo/Aesthetic_Photo_Ranking/databaserelease2/JPEG/meadows373.jpg
2 - /mnt/beegfs/home/agolchub/repo/Aesthetic_Photo_Ranking/databaserelease2/JPEG/meadows262.jpg
4 - /mnt/beegfs/home/agolchub/repo/Aesthetic_Photo_Ranking/databaserelease2/JPEG/meadows400.jpg
0 - /mnt/beegfs/home/agolchub/repo/Aesthetic_Photo_Ranking/databaserelease2/JPEG/meadows197.jpg
3 - /mnt/beegfs/home/agolchub/repo/Aesthetic_Photo_Ranking/databaserelease2/JPEG/meadows274.jpg
3 - /mnt/beegfs/home/agolchub/repo/Aesthetic_Photo_Ranking/databaserelease2/JPEG/meadows454.jpg
2 - /mnt/beegfs/home/agolchub/repo/Aesthetic_Photo_Ranking/databaserelease2/JPEG/meadows334.jpg
1 - /mnt/beegfs/home/agolchub/repo/Aesthetic_Photo_Ranking/databaserelease2/JPEG/meadows209.jpg
3 - /mnt/beegfs/home/agolchub/repo/Aesthetic_Photo_Ranking/databaserelease2/JPEG/meadows279.jpg
2 - /mnt/beegfs/home/agolchub/repo/Aesthetic_Photo_Ranking/databaserelease2/JPEG/meadows457.jpg
2 - /mnt/beegfs/home/agolchub/repo/Aesthetic_Photo_Ranking/databaserelease2/JPEG/meadows311.jpg
3 - /mnt/beegfs/home/agolchub/repo/Aesthetic_Photo_Ranking/databaserelease2/JPEG/meadows174.jpg
1 - /mnt/beegfs/home/agolchub/repo/Aesthetic_Photo_Ranking/databaserelease2/JPEG/meadows416.jpg
3 - /mnt/beegfs/home/agolchub/repo/Aesthetic_Photo_Ranking/databaserelease2/JPEG/meadows388.jpg
1 - /mnt/beegfs/home/agolchub/repo/Aesthetic_Photo_Ranking/databaserelease2/JPEG/meadows63.jpg
2 - /mnt/beegfs/home/agolchub/repo/Aesthetic_Photo_Ranking/databaserelease2/JPEG/meadows294.jpg
2 - /mnt/beegfs/home/agolchub/repo/Aesthetic_Photo_Ranking/databaserelease2/JPEG/meadows195.jpg
2 - /mnt/beegfs/home/agolchub/repo/Aesthetic_Photo_Ranking/databaserelease2/JPEG/meadows217.jpg
3 - /mnt/beegfs/home/agolchub/repo/Aesthetic_Photo_Ranking/databaserelease2/JPEG/meadows398.jpg
3 - /mnt/beegfs/home/agolchub/repo/Aesthetic_Photo_Ranking/databaserelease2/JPEG/meadows42.jpg
4 - /mnt/beegfs/home/agolchub/repo/Aesthetic_Photo_Ranking/databaserelease2/JPEG/meadows148.jpg
4 - /mnt/beegfs/home/agolchub/repo/Aesthetic_Photo_Ranking/databaserelease2/JPEG/meadows154.jpg
2 - /mnt/beegfs/home/agolchub/repo/Aesthetic_Photo_Ranking/databaserelease2/JPEG/meadows184.jpg
2 - /mnt/beegfs/home/agolchub/repo/Aesthetic_Photo_Ranking/databaserelease2/JPEG/meadows336.jpg
1 - /mnt/beegfs/home/agolchub/repo/Aesthetic_Photo_Ranking/databaserelease2/JPEG/meadows198.jpg
3 - /mnt/beegfs/home/agolchub/repo/Aesthetic_Photo_Ranking/databaserelease2/JPEG/meadows478.jpg
3 - /mnt/beegfs/home/agolchub/repo/Aesthetic_Photo_Ranking/databaserelease2/JPEG/meadows132.jpg
2 - /mnt/beegfs/home/agolchub/repo/Aesthetic_Photo_Ranking/databaserelease2/JPEG/meadows346.jpg
3 - /mnt/beegfs/home/agolchub/repo/Aesthetic_Photo_Ranking/databaserelease2/JPEG/meadows55.jpg
2 - /mnt/beegfs/home/agolchub/repo/Aesthetic_Photo_Ranking/databaserelease2/JPEG/meadows339.jpg
1 - /mnt/beegfs/home/agolchub/repo/Aesthetic_Photo_Ranking/databaserelease2/JPEG/meadows99.jpg
5 - /mnt/beegfs/home/agolchub/repo/Aesthetic_Photo_Ranking/databaserelease2/JPEG/meadows56.jpg
2 - /mnt/beegfs/home/agolchub/repo/Aesthetic_Photo_Ranking/databaserelease2/JPEG/meadows149.jpg
3 - /mnt/beegfs/home/agolchub/repo/Aesthetic_Photo_Ranking/databaserelease2/JPEG/meadows399.jpg
1 - /mnt/beegfs/home/agolchub/repo/Aesthetic_Photo_Ranking/databaserelease2/JPEG/meadows220.jpg
2 - /mnt/beegfs/home/agolchub/repo/Aesthetic_Photo_Ranking/databaserelease2/JPEG/meadows259.jpg
3 - /mnt/beegfs/home/agolchub/repo/Aesthetic_Photo_Ranking/databaserelease2/JPEG/meadows491.jpg
2 - /mnt/beegfs/home/agolchub/repo/Aesthetic_Photo_Ranking/databaserelease2/JPEG/meadows301.jpg
1 - /mnt/beegfs/home/agolchub/repo/Aesthetic_Photo_Ranking/databaserelease2/JPEG/meadows376.jpg
2 - /mnt/beegfs/home/agolchub/repo/Aesthetic_Photo_Ranking/databaserelease2/JPEG/meadows269.jpg
3 - /mnt/beegfs/home/agolchub/repo/Aesthetic_Photo_Ranking/databaserelease2/JPEG/meadows350.jpg
4 - /mnt/beegfs/home/agolchub/repo/Aesthetic_Photo_Ranking/databaserelease2/JPEG/meadows155.jpg
3 - /mnt/beegfs/home/agolchub/repo/Aesthetic_Photo_Ranking/databaserelease2/JPEG/meadows357.jpg
2 - /mnt/beegfs/home/agolchub/repo/Aesthetic_Photo_Ranking/databaserelease2/JPEG/meadows460.jpg
2022-07-10 11:47:07.598692: I tensorflow/compiler/mlir/mlir_graph_optimization_pass.cc:185] None of the MLIR Optimization Passes are enabled (registered 2)
2022-07-10 11:47:09.095966: I tensorflow/stream_executor/cuda/cuda_dnn.cc:369] Loaded cuDNN version 8201
2022-07-10 11:47:10.311354: W tensorflow/core/kernels/gpu_utils.cc:49] Failed to allocate memory for convolution redzone checking; skipping this check. This is benign and only means that we won't check cudnn for out-of-bounds reads and writes. This message will only be printed once.
2022-07-10 11:47:10.548343: W tensorflow/stream_executor/gpu/asm_compiler.cc:77] Couldn't get ptxas version string: Internal: Running ptxas --version returned 32512
2022-07-10 11:47:10.601458: W tensorflow/stream_executor/gpu/redzone_allocator.cc:314] Internal: ptxas exited with non-zero error code 32512, output: 
Relying on driver to perform ptx compilation. 
Modify $PATH to customize ptxas location.
This message will be only logged once.
2 - /mnt/beegfs/home/agolchub/repo/Aesthetic_Photo_Ranking/databaserelease2/JPEG/meadows70.jpg
1 - /mnt/beegfs/home/agolchub/repo/Aesthetic_Photo_Ranking/databaserelease2/JPEG/meadows459.jpg
1 - /mnt/beegfs/home/agolchub/repo/Aesthetic_Photo_Ranking/databaserelease2/JPEG/meadows178.jpg
3 - /mnt/beegfs/home/agolchub/repo/Aesthetic_Photo_Ranking/databaserelease2/JPEG/meadows359.jpg
3 - /mnt/beegfs/home/agolchub/repo/Aesthetic_Photo_Ranking/databaserelease2/JPEG/meadows387.jpg
2 - /mnt/beegfs/home/agolchub/repo/Aesthetic_Photo_Ranking/databaserelease2/JPEG/meadows44.jpg
3 - /mnt/beegfs/home/agolchub/repo/Aesthetic_Photo_Ranking/databaserelease2/JPEG/meadows177.jpg
4 - /mnt/beegfs/home/agolchub/repo/Aesthetic_Photo_Ranking/databaserelease2/JPEG/meadows289.jpg
3 - /mnt/beegfs/home/agolchub/repo/Aesthetic_Photo_Ranking/databaserelease2/JPEG/meadows158.jpg
2 - /mnt/beegfs/home/agolchub/repo/Aesthetic_Photo_Ranking/databaserelease2/JPEG/meadows187.jpg
4 - /mnt/beegfs/home/agolchub/repo/Aesthetic_Photo_Ranking/databaserelease2/JPEG/meadows295.jpg
2 - /mnt/beegfs/home/agolchub/repo/Aesthetic_Photo_Ranking/databaserelease2/JPEG/meadows319.jpg
3 - /mnt/beegfs/home/agolchub/repo/Aesthetic_Photo_Ranking/databaserelease2/JPEG/meadows453.jpg
1 - /mnt/beegfs/home/agolchub/repo/Aesthetic_Photo_Ranking/databaserelease2/JPEG/meadows14.jpg
4 - /mnt/beegfs/home/agolchub/repo/Aesthetic_Photo_Ranking/databaserelease2/JPEG/meadows196.jpg
4 - /mnt/beegfs/home/agolchub/repo/Aesthetic_Photo_Ranking/databaserelease2/JPEG/meadows343.jpg
4 - /mnt/beegfs/home/agolchub/repo/Aesthetic_Photo_Ranking/databaserelease2/JPEG/meadows244.jpg
2 - /mnt/beegfs/home/agolchub/repo/Aesthetic_Photo_Ranking/databaserelease2/JPEG/meadows414.jpg
4 - /mnt/beegfs/home/agolchub/repo/Aesthetic_Photo_Ranking/databaserelease2/JPEG/meadows96.jpg
4 - /mnt/beegfs/home/agolchub/repo/Aesthetic_Photo_Ranking/databaserelease2/JPEG/meadows234.jpg
3 - /mnt/beegfs/home/agolchub/repo/Aesthetic_Photo_Ranking/databaserelease2/JPEG/meadows223.jpg
3 - /mnt/beegfs/home/agolchub/repo/Aesthetic_Photo_Ranking/databaserelease2/JPEG/meadows151.jpg
3 - /mnt/beegfs/home/agolchub/repo/Aesthetic_Photo_Ranking/databaserelease2/JPEG/meadows200.jpg
1 - /mnt/beegfs/home/agolchub/repo/Aesthetic_Photo_Ranking/databaserelease2/JPEG/meadows54.jpg
1 - /mnt/beegfs/home/agolchub/repo/Aesthetic_Photo_Ranking/databaserelease2/JPEG/meadows417.jpg
3 - /mnt/beegfs/home/agolchub/repo/Aesthetic_Photo_Ranking/databaserelease2/JPEG/meadows260.jpg
3 - /mnt/beegfs/home/agolchub/repo/Aesthetic_Photo_Ranking/databaserelease2/JPEG/meadows356.jpg
0 - /mnt/beegfs/home/agolchub/repo/Aesthetic_Photo_Ranking/databaserelease2/JPEG/meadows232.jpg
2 - /mnt/beegfs/home/agolchub/repo/Aesthetic_Photo_Ranking/databaserelease2/JPEG/meadows401.jpg
2 - /mnt/beegfs/home/agolchub/repo/Aesthetic_Photo_Ranking/databaserelease2/JPEG/meadows30.jpg
4 - /mnt/beegfs/home/agolchub/repo/Aesthetic_Photo_Ranking/databaserelease2/JPEG/meadows433.jpg
3 - /mnt/beegfs/home/agolchub/repo/Aesthetic_Photo_Ranking/databaserelease2/JPEG/meadows68.jpg
4 - /mnt/beegfs/home/agolchub/repo/Aesthetic_Photo_Ranking/databaserelease2/JPEG/meadows104.jpg
2 - /mnt/beegfs/home/agolchub/repo/Aesthetic_Photo_Ranking/databaserelease2/JPEG/meadows362.jpg
4 - /mnt/beegfs/home/agolchub/repo/Aesthetic_Photo_Ranking/databaserelease2/JPEG/meadows5.jpg
1 - /mnt/beegfs/home/agolchub/repo/Aesthetic_Photo_Ranking/databaserelease2/JPEG/meadows23.jpg
3 - /mnt/beegfs/home/agolchub/repo/Aesthetic_Photo_Ranking/databaserelease2/JPEG/meadows418.jpg
4 - /mnt/beegfs/home/agolchub/repo/Aesthetic_Photo_Ranking/databaserelease2/JPEG/meadows300.jpg
5 - /mnt/beegfs/home/agolchub/repo/Aesthetic_Photo_Ranking/databaserelease2/JPEG/meadows471.jpg
2 - /mnt/beegfs/home/agolchub/repo/Aesthetic_Photo_Ranking/databaserelease2/JPEG/meadows265.jpg
1 - /mnt/beegfs/home/agolchub/repo/Aesthetic_Photo_Ranking/databaserelease2/JPEG/meadows369.jpg
[4. 3. 1. 3. 3. 3. 3. 1. 1. 3. 4. 3. 4. 3. 4. 2. 2. 4. 0. 3. 3. 2. 1. 3.
 2. 2. 3. 1. 3. 1. 2. 2. 2. 3. 3. 4. 4. 2. 2. 1. 3. 3. 2. 3. 2. 1. 5. 2.
 3. 1. 2. 3. 2. 1. 2. 3. 4. 3. 2. 2. 1. 1. 3. 3. 2. 3. 4. 3. 2. 4. 2. 3.
 1. 4. 4. 4. 2. 4. 4. 3. 3. 3. 1. 1. 3. 3. 0. 2. 2. 4. 3. 4. 2. 4. 1. 3.
 4. 5. 2. 1.]
[[2.4566226]
 [2.50176  ]
 [2.3903599]
 [2.3260727]
 [2.36094  ]
 [2.5171452]
 [2.3527784]
 [2.5284767]
 [2.2608647]
 [2.2440815]
 [2.3037581]
 [2.6654892]
 [2.6510096]
 [2.3608046]
 [2.5316358]
 [2.626627 ]
 [2.4778051]
 [2.2893915]
 [2.6219063]
 [2.610713 ]
 [2.245286 ]
 [2.6450534]
 [2.2462878]
 [2.6423945]
 [2.1833973]
 [2.332202 ]
 [2.3555799]
 [2.1801438]
 [2.8898277]
 [2.0407228]
 [2.2568483]
 [2.561616 ]
 [2.4719357]
 [2.9578924]
 [2.563417 ]
 [2.706411 ]
 [2.3475857]
 [2.142107 ]
 [2.0405798]
 [2.0877106]
 [2.3497305]
 [2.4714565]
 [2.0881371]
 [1.8668345]
 [2.4366636]
 [2.3331537]
 [1.9072832]
 [2.3123655]
 [2.679924 ]
 [2.2258124]
 [2.3916888]
 [2.4080253]
 [2.1556687]
 [2.288125 ]
 [2.4691563]
 [2.3809228]
 [2.3986049]
 [1.7791007]
 [2.3931522]
 [2.2447748]
 [2.5839334]
 [2.472227 ]
 [2.4490733]
 [2.245974 ]
 [2.500249 ]
 [2.6188574]
 [2.3326921]
 [2.388239 ]
 [2.5080972]
 [2.2113366]
 [2.4116745]
 [2.2875676]
 [2.3410106]
 [2.8313398]
 [2.3553753]
 [2.2929888]
 [2.4109154]
 [2.6652417]
 [2.2655582]
 [2.5760813]
 [2.6442833]
 [2.4884176]
 [2.2690296]
 [1.9759957]
 [2.5579367]
 [2.1597786]
 [2.4524508]
 [2.4832602]
 [2.5674262]
 [2.6946907]
 [2.815136 ]
 [2.4611049]
 [2.5506344]
 [2.3574734]
 [2.450523 ]
 [2.5302901]
 [2.2679768]
 [2.5343585]
 [1.9587983]
 [2.9059515]]
Traceback (most recent call last):
  File "/mnt/beegfs/home/agolchub/repo/Aesthetic_Photo_Ranking/./train_segmented.py", line 639, in <module>
    main(sys.argv[1:])
  File "/mnt/beegfs/home/agolchub/repo/Aesthetic_Photo_Ranking/./train_segmented.py", line 634, in main
    test(modelin,imagepath,WIDTH,HEIGHT,outColumn)
  File "/mnt/beegfs/home/agolchub/repo/Aesthetic_Photo_Ranking/./train_segmented.py", line 515, in test
    print(np.argmax(np.array(y),axis=1))
  File "<__array_function__ internals>", line 5, in argmax
  File "/mnt/beegfs/home/agolchub/miniconda3/envs/tf2-gpu/lib/python3.9/site-packages/numpy/core/fromnumeric.py", line 1188, in argmax
    return _wrapfunc(a, 'argmax', axis=axis, out=out)
  File "/mnt/beegfs/home/agolchub/miniconda3/envs/tf2-gpu/lib/python3.9/site-packages/numpy/core/fromnumeric.py", line 58, in _wrapfunc
    return bound(*args, **kwds)
numpy.AxisError: axis 1 is out of bounds for array of dimension 1
srun: error: nodegpu002: task 0: Exited with exit code 1
