
CommandNotFoundError: Your shell has not been properly configured to use 'conda activate'.
To initialize your shell, run

    $ conda init <SHELL_NAME>

Currently supported shells are:
  - bash
  - fish
  - tcsh
  - xonsh
  - zsh
  - powershell

See 'conda init --help' for more information and options.

IMPORTANT: You may need to close and restart your shell after running 'conda init'.


Wed Oct 27 18:33:38 2021       
+-----------------------------------------------------------------------------+
| NVIDIA-SMI 460.32.03    Driver Version: 460.32.03    CUDA Version: 11.2     |
|-------------------------------+----------------------+----------------------+
| GPU  Name        Persistence-M| Bus-Id        Disp.A | Volatile Uncorr. ECC |
| Fan  Temp  Perf  Pwr:Usage/Cap|         Memory-Usage | GPU-Util  Compute M. |
|                               |                      |               MIG M. |
|===============================+======================+======================|
|   0  A100-PCIE-40GB      Off  | 00000000:21:00.0 Off |                    0 |
| N/A   37C    P0    39W / 250W |      0MiB / 40536MiB |      0%      Default |
|                               |                      |             Disabled |
+-------------------------------+----------------------+----------------------+
                                                                               
+-----------------------------------------------------------------------------+
| Processes:                                                                  |
|  GPU   GI   CI        PID   Type   Process name                  GPU Memory |
|        ID   ID                                                   Usage      |
|=============================================================================|
|  No running processes found                                                 |
+-----------------------------------------------------------------------------+
2021-10-27 18:33:49.804726: I tensorflow/core/platform/cpu_feature_guard.cc:142] This TensorFlow binary is optimized with oneAPI Deep Neural Network Library (oneDNN) to use the following CPU instructions in performance-critical operations:  AVX2 FMA
To enable them in other operations, rebuild TensorFlow with the appropriate compiler flags.
2021-10-27 18:33:50.623120: I tensorflow/core/common_runtime/gpu/gpu_device.cc:1510] Created device /job:localhost/replica:0/task:0/device:GPU:0 with 38426 MB memory:  -> device: 0, name: A100-PCIE-40GB, pci bus id: 0000:21:00.0, compute capability: 8.0
/mnt/beegfs/home/agolchub/miniconda3/envs/tf2-gpu/lib/python3.9/site-packages/keras/optimizer_v2/optimizer_v2.py:355: UserWarning: The `lr` argument is deprecated, use `learning_rate` instead.
  warnings.warn(
Input file is " 
Output file is " agnet.specialmodel2.newbinary
Image path is " 
--------------------


Model: "model"
__________________________________________________________________________________________________
Layer (type)                    Output Shape         Param #     Connected to                     
==================================================================================================
input_1 (InputLayer)            [(None, 1024, 680, 3 0                                            
__________________________________________________________________________________________________
conv2d_4 (Conv2D)               (None, 336, 338, 48) 15600       input_1[0][0]                    
__________________________________________________________________________________________________
batch_normalization_4 (BatchNor (None, 336, 338, 48) 192         conv2d_4[0][0]                   
__________________________________________________________________________________________________
dropout_4 (Dropout)             (None, 336, 338, 48) 0           batch_normalization_4[0][0]      
__________________________________________________________________________________________________
conv2d_7 (Conv2D)               (None, 164, 165, 80) 311120      dropout_4[0][0]                  
__________________________________________________________________________________________________
batch_normalization_7 (BatchNor (None, 164, 165, 80) 320         conv2d_7[0][0]                   
__________________________________________________________________________________________________
dropout_7 (Dropout)             (None, 164, 165, 80) 0           batch_normalization_7[0][0]      
__________________________________________________________________________________________________
conv2d_10 (Conv2D)              (None, 79, 80, 160)  627360      dropout_7[0][0]                  
__________________________________________________________________________________________________
batch_normalization_10 (BatchNo (None, 79, 80, 160)  640         conv2d_10[0][0]                  
__________________________________________________________________________________________________
dropout_10 (Dropout)            (None, 79, 80, 160)  0           batch_normalization_10[0][0]     
__________________________________________________________________________________________________
conv2d (Conv2D)                 (None, 989, 669, 48) 62256       input_1[0][0]                    
__________________________________________________________________________________________________
conv2d_13 (Conv2D)              (None, 38, 38, 160)  640160      dropout_10[0][0]                 
__________________________________________________________________________________________________
batch_normalization (BatchNorma (None, 989, 669, 48) 192         conv2d[0][0]                     
__________________________________________________________________________________________________
batch_normalization_13 (BatchNo (None, 38, 38, 160)  640         conv2d_13[0][0]                  
__________________________________________________________________________________________________
dropout (Dropout)               (None, 989, 669, 48) 0           batch_normalization[0][0]        
__________________________________________________________________________________________________
dropout_13 (Dropout)            (None, 38, 38, 160)  0           batch_normalization_13[0][0]     
__________________________________________________________________________________________________
conv2d_1 (Conv2D)               (None, 491, 331, 80) 311120      dropout[0][0]                    
__________________________________________________________________________________________________
conv2d_16 (Conv2D)              (None, 19, 19, 320)  205120      dropout_13[0][0]                 
__________________________________________________________________________________________________
batch_normalization_1 (BatchNor (None, 491, 331, 80) 320         conv2d_1[0][0]                   
__________________________________________________________________________________________________
batch_normalization_16 (BatchNo (None, 19, 19, 320)  1280        conv2d_16[0][0]                  
__________________________________________________________________________________________________
dropout_1 (Dropout)             (None, 491, 331, 80) 0           batch_normalization_1[0][0]      
__________________________________________________________________________________________________
dropout_16 (Dropout)            (None, 19, 19, 320)  0           batch_normalization_16[0][0]     
__________________________________________________________________________________________________
conv2d_2 (Conv2D)               (None, 245, 165, 80) 57680       dropout_1[0][0]                  
__________________________________________________________________________________________________
conv2d_5 (Conv2D)               (None, 164, 165, 80) 311120      dropout_4[0][0]                  
__________________________________________________________________________________________________
conv2d_8 (Conv2D)               (None, 80, 81, 160)  320160      dropout_7[0][0]                  
__________________________________________________________________________________________________
conv2d_11 (Conv2D)              (None, 37, 37, 320)  2509120     dropout_10[0][0]                 
__________________________________________________________________________________________________
conv2d_14 (Conv2D)              (None, 18, 18, 320)  461120      dropout_13[0][0]                 
__________________________________________________________________________________________________
conv2d_17 (Conv2D)              (None, 9, 9, 320)    409920      dropout_16[0][0]                 
__________________________________________________________________________________________________
conv2d_19 (Conv2D)              (None, 9, 9, 320)    409920      dropout_16[0][0]                 
__________________________________________________________________________________________________
batch_normalization_2 (BatchNor (None, 245, 165, 80) 320         conv2d_2[0][0]                   
__________________________________________________________________________________________________
batch_normalization_5 (BatchNor (None, 164, 165, 80) 320         conv2d_5[0][0]                   
__________________________________________________________________________________________________
batch_normalization_8 (BatchNor (None, 80, 81, 160)  640         conv2d_8[0][0]                   
__________________________________________________________________________________________________
batch_normalization_11 (BatchNo (None, 37, 37, 320)  1280        conv2d_11[0][0]                  
__________________________________________________________________________________________________
batch_normalization_14 (BatchNo (None, 18, 18, 320)  1280        conv2d_14[0][0]                  
__________________________________________________________________________________________________
batch_normalization_17 (BatchNo (None, 9, 9, 320)    1280        conv2d_17[0][0]                  
__________________________________________________________________________________________________
batch_normalization_19 (BatchNo (None, 9, 9, 320)    1280        conv2d_19[0][0]                  
__________________________________________________________________________________________________
dropout_2 (Dropout)             (None, 245, 165, 80) 0           batch_normalization_2[0][0]      
__________________________________________________________________________________________________
dropout_5 (Dropout)             (None, 164, 165, 80) 0           batch_normalization_5[0][0]      
__________________________________________________________________________________________________
dropout_8 (Dropout)             (None, 80, 81, 160)  0           batch_normalization_8[0][0]      
__________________________________________________________________________________________________
dropout_11 (Dropout)            (None, 37, 37, 320)  0           batch_normalization_11[0][0]     
__________________________________________________________________________________________________
dropout_14 (Dropout)            (None, 18, 18, 320)  0           batch_normalization_14[0][0]     
__________________________________________________________________________________________________
dropout_17 (Dropout)            (None, 9, 9, 320)    0           batch_normalization_17[0][0]     
__________________________________________________________________________________________________
dropout_19 (Dropout)            (None, 9, 9, 320)    0           batch_normalization_19[0][0]     
__________________________________________________________________________________________________
conv2d_3 (Conv2D)               (None, 122, 82, 80)  25680       dropout_2[0][0]                  
__________________________________________________________________________________________________
conv2d_6 (Conv2D)               (None, 78, 79, 160)  1036960     dropout_5[0][0]                  
__________________________________________________________________________________________________
conv2d_9 (Conv2D)               (None, 38, 39, 320)  1280320     dropout_8[0][0]                  
__________________________________________________________________________________________________
conv2d_12 (Conv2D)              (None, 16, 16, 320)  5017920     dropout_11[0][0]                 
__________________________________________________________________________________________________
conv2d_15 (Conv2D)              (None, 8, 8, 320)    921920      dropout_14[0][0]                 
__________________________________________________________________________________________________
conv2d_18 (Conv2D)              (None, 4, 4, 320)    409920      dropout_17[0][0]                 
__________________________________________________________________________________________________
conv2d_20 (Conv2D)              (None, 4, 4, 320)    409920      dropout_19[0][0]                 
__________________________________________________________________________________________________
batch_normalization_3 (BatchNor (None, 122, 82, 80)  320         conv2d_3[0][0]                   
__________________________________________________________________________________________________
batch_normalization_6 (BatchNor (None, 78, 79, 160)  640         conv2d_6[0][0]                   
__________________________________________________________________________________________________
batch_normalization_9 (BatchNor (None, 38, 39, 320)  1280        conv2d_9[0][0]                   
__________________________________________________________________________________________________
batch_normalization_12 (BatchNo (None, 16, 16, 320)  1280        conv2d_12[0][0]                  
__________________________________________________________________________________________________
batch_normalization_15 (BatchNo (None, 8, 8, 320)    1280        conv2d_15[0][0]                  
__________________________________________________________________________________________________
batch_normalization_18 (BatchNo (None, 4, 4, 320)    1280        conv2d_18[0][0]                  
__________________________________________________________________________________________________
batch_normalization_20 (BatchNo (None, 4, 4, 320)    1280        conv2d_20[0][0]                  
__________________________________________________________________________________________________
dropout_3 (Dropout)             (None, 122, 82, 80)  0           batch_normalization_3[0][0]      
__________________________________________________________________________________________________
dropout_6 (Dropout)             (None, 78, 79, 160)  0           batch_normalization_6[0][0]      
__________________________________________________________________________________________________
dropout_9 (Dropout)             (None, 38, 39, 320)  0           batch_normalization_9[0][0]      
__________________________________________________________________________________________________
dropout_12 (Dropout)            (None, 16, 16, 320)  0           batch_normalization_12[0][0]     
__________________________________________________________________________________________________
dropout_15 (Dropout)            (None, 8, 8, 320)    0           batch_normalization_15[0][0]     
__________________________________________________________________________________________________
dropout_18 (Dropout)            (None, 4, 4, 320)    0           batch_normalization_18[0][0]     
__________________________________________________________________________________________________
dropout_20 (Dropout)            (None, 4, 4, 320)    0           batch_normalization_20[0][0]     
__________________________________________________________________________________________________
flatten (Flatten)               (None, 800320)       0           dropout_3[0][0]                  
__________________________________________________________________________________________________
flatten_1 (Flatten)             (None, 985920)       0           dropout_6[0][0]                  
__________________________________________________________________________________________________
flatten_2 (Flatten)             (None, 474240)       0           dropout_9[0][0]                  
__________________________________________________________________________________________________
flatten_3 (Flatten)             (None, 81920)        0           dropout_12[0][0]                 
__________________________________________________________________________________________________
flatten_4 (Flatten)             (None, 20480)        0           dropout_15[0][0]                 
__________________________________________________________________________________________________
flatten_5 (Flatten)             (None, 5120)         0           dropout_18[0][0]                 
__________________________________________________________________________________________________
flatten_6 (Flatten)             (None, 5120)         0           dropout_20[0][0]                 
__________________________________________________________________________________________________
dense (Dense)                   (None, 128)          102441088   flatten[0][0]                    
__________________________________________________________________________________________________
dense_1 (Dense)                 (None, 25)           24648025    flatten_1[0][0]                  
__________________________________________________________________________________________________
dense_2 (Dense)                 (None, 25)           11856025    flatten_2[0][0]                  
__________________________________________________________________________________________________
dense_3 (Dense)                 (None, 25)           2048025     flatten_3[0][0]                  
__________________________________________________________________________________________________
dense_4 (Dense)                 (None, 25)           512025      flatten_4[0][0]                  
__________________________________________________________________________________________________
dense_5 (Dense)                 (None, 25)           128025      flatten_5[0][0]                  
__________________________________________________________________________________________________
dense_6 (Dense)                 (None, 25)           128025      flatten_6[0][0]                  
__________________________________________________________________________________________________
concatenate (Concatenate)       (None, 278)          0           dense[0][0]                      
                                                                 dense_1[0][0]                    
                                                                 dense_2[0][0]                    
                                                                 dense_3[0][0]                    
                                                                 dense_4[0][0]                    
                                                                 dense_5[0][0]                    
                                                                 dense_6[0][0]                    
__________________________________________________________________________________________________
dense_10 (Dense)                (None, 256)          71424       concatenate[0][0]                
__________________________________________________________________________________________________
dropout_26 (Dropout)            (None, 256)          0           dense_10[0][0]                   
__________________________________________________________________________________________________
dense_11 (Dense)                (None, 128)          32896       dropout_26[0][0]                 
__________________________________________________________________________________________________
dropout_27 (Dropout)            (None, 128)          0           dense_11[0][0]                   
__________________________________________________________________________________________________
dense_12 (Dense)                (None, 10)           1290        dropout_27[0][0]                 
__________________________________________________________________________________________________
dense_13 (Dense)                (None, 1)            11          dense_12[0][0]                   
==================================================================================================
Total params: 157,638,619
Trainable params: 157,629,947
Non-trainable params: 8,672
__________________________________________________________________________________________________
None
Adding Images: Reading ./databaserelease2/NatureDataset4/train/0-forest507.jpg
Reading ./databaserelease2/NatureDataset4/train/1-forest33.jpg
1.0
Reading ./databaserelease2/NatureDataset4/train/1-forest174.jpg
1.0
Reading ./databaserelease2/NatureDataset4/train/0-waters391.jpg
Reading ./databaserelease2/NatureDataset4/train/1-waters856.jpg
1.0
Reading ./databaserelease2/NatureDataset4/train/1-meadows153.jpg
1.0
Reading ./databaserelease2/NatureDataset4/train/0-waters91.jpg
Reading ./databaserelease2/NatureDataset4/train/0-waters62.jpg
Reading ./databaserelease2/NatureDataset4/train/0-meadows46.jpg
Reading ./databaserelease2/NatureDataset4/train/0-waters412.jpg
Reading ./databaserelease2/NatureDataset4/train/1-waters818.jpg
1.0
Reading ./databaserelease2/NatureDataset4/train/0-meadows59.jpg
Reading ./databaserelease2/NatureDataset4/train/1-meadows256.jpg
1.0
Reading ./databaserelease2/NatureDataset4/train/1-waters368.jpg
1.0
Reading ./databaserelease2/NatureDataset4/train/1-forest83.jpg
1.0
Reading ./databaserelease2/NatureDataset4/train/0-forest401.jpg
Reading ./databaserelease2/NatureDataset4/train/1-waters303.jpg
1.0
Reading ./databaserelease2/NatureDataset4/train/1-waters38.jpg
1.0
Reading ./databaserelease2/NatureDataset4/train/0-forest536.jpg
Reading ./databaserelease2/NatureDataset4/train/1-meadows396.jpg
1.0
Reading ./databaserelease2/NatureDataset4/train/1-waters210.jpg
1.0
Reading ./databaserelease2/NatureDataset4/train/1-meadows162.jpg
1.0
Reading ./databaserelease2/NatureDataset4/train/1-forest26.jpg
1.0
Reading ./databaserelease2/NatureDataset4/train/1-waters409.jpg
1.0
Reading ./databaserelease2/NatureDataset4/train/0-forest235.jpg
Reading ./databaserelease2/NatureDataset4/train/0-waters481.jpg
Reading ./databaserelease2/NatureDataset4/train/0-forest458.jpg
Reading ./databaserelease2/NatureDataset4/train/1-meadows365.jpg
1.0
Reading ./databaserelease2/NatureDataset4/train/1-waters80.jpg
1.0
Reading ./databaserelease2/NatureDataset4/train/1-waters632.jpg
1.0
Reading ./databaserelease2/NatureDataset4/train/0-waters539.jpg
Reading ./databaserelease2/NatureDataset4/train/1-meadows216.jpg
1.0
Reading ./databaserelease2/NatureDataset4/train/0-waters885.jpg
Reading ./databaserelease2/NatureDataset4/train/1-meadows202.jpg
1.0
Reading ./databaserelease2/NatureDataset4/train/0-forest133.jpg
Reading ./databaserelease2/NatureDataset4/train/0-waters112.jpg
Reading ./databaserelease2/NatureDataset4/train/0-waters386.jpg
Reading ./databaserelease2/NatureDataset4/train/0-waters168.jpg
Reading ./databaserelease2/NatureDataset4/train/1-forest479.jpg
1.0
Reading ./databaserelease2/NatureDataset4/train/0-forest557.jpg
Reading ./databaserelease2/NatureDataset4/train/1-waters629.jpg
1.0
Reading ./databaserelease2/NatureDataset4/train/1-waters191.jpg
1.0
Reading ./databaserelease2/NatureDataset4/train/1-waters899.jpg
1.0
Reading ./databaserelease2/NatureDataset4/train/1-waters341.jpg
1.0
Reading ./databaserelease2/NatureDataset4/train/1-waters576.jpg
1.0
Reading ./databaserelease2/NatureDataset4/train/0-waters468.jpg
Reading ./databaserelease2/NatureDataset4/train/0-forest132.jpg
Reading ./databaserelease2/NatureDataset4/train/1-waters290.jpg
1.0
Reading ./databaserelease2/NatureDataset4/train/1-waters777.jpg
1.0
Reading ./databaserelease2/NatureDataset4/train/1-meadows12.jpg
1.0
Reading ./databaserelease2/NatureDataset4/train/0-waters16.jpg
Reading ./databaserelease2/NatureDataset4/train/0-meadows407.jpg
Reading ./databaserelease2/NatureDataset4/train/1-meadows488.jpg
1.0
Reading ./databaserelease2/NatureDataset4/train/1-forest398.jpg
1.0
Reading ./databaserelease2/NatureDataset4/train/0-meadows217.jpg
Reading ./databaserelease2/NatureDataset4/train/0-waters96.jpg
Reading ./databaserelease2/NatureDataset4/train/0-meadows70.jpg
Reading ./databaserelease2/NatureDataset4/train/1-meadows198.jpg
1.0
Reading ./databaserelease2/NatureDataset4/train/1-waters192.jpg
1.0
Reading ./databaserelease2/NatureDataset4/train/0-waters471.jpg
Reading ./databaserelease2/NatureDataset4/train/0-waters92.jpg
Reading ./databaserelease2/NatureDataset4/train/0-meadows50.jpg
Reading ./databaserelease2/NatureDataset4/train/1-forest159.jpg
1.0
Reading ./databaserelease2/NatureDataset4/train/1-forest305.jpg
1.0
Reading ./databaserelease2/NatureDataset4/train/0-waters66.jpg
Reading ./databaserelease2/NatureDataset4/train/1-meadows435.jpg
1.0
Reading ./databaserelease2/NatureDataset4/train/0-meadows220.jpg
Reading ./databaserelease2/NatureDataset4/train/0-forest364.jpg
Reading ./databaserelease2/NatureDataset4/train/1-waters445.jpg
1.0
Reading ./databaserelease2/NatureDataset4/train/0-waters851.jpg
Reading ./databaserelease2/NatureDataset4/train/1-forest495.jpg
1.0
Reading ./databaserelease2/NatureDataset4/train/0-meadows62.jpg
Reading ./databaserelease2/NatureDataset4/train/0-forest582.jpg
Reading ./databaserelease2/NatureDataset4/train/1-waters502.jpg
1.0
Reading ./databaserelease2/NatureDataset4/train/1-meadows351.jpg
1.0
Reading ./databaserelease2/NatureDataset4/train/0-forest137.jpg
Reading ./databaserelease2/NatureDataset4/train/1-waters436.jpg
1.0
Reading ./databaserelease2/NatureDataset4/train/0-forest467.jpg
Reading ./databaserelease2/NatureDataset4/train/0-meadows451.jpg
Reading ./databaserelease2/NatureDataset4/train/1-waters349.jpg
1.0
Reading ./databaserelease2/NatureDataset4/train/0-waters759.jpg
Reading ./databaserelease2/NatureDataset4/train/0-meadows406.jpg
Reading ./databaserelease2/NatureDataset4/train/0-forest155.jpg
Reading ./databaserelease2/NatureDataset4/train/1-waters855.jpg
1.0
Reading ./databaserelease2/NatureDataset4/train/1-meadows103.jpg
1.0
Reading ./databaserelease2/NatureDataset4/train/1-forest23.jpg
1.0
Reading ./databaserelease2/NatureDataset4/train/0-forest382.jpg
Reading ./databaserelease2/NatureDataset4/train/1-forest143.jpg
1.0
Reading ./databaserelease2/NatureDataset4/train/0-forest350.jpg
Reading ./databaserelease2/NatureDataset4/train/0-meadows151.jpg
Reading ./databaserelease2/NatureDataset4/train/0-meadows77.jpg
Reading ./databaserelease2/NatureDataset4/train/0-waters400.jpg
Reading ./databaserelease2/NatureDataset4/train/0-meadows124.jpg
Reading ./databaserelease2/NatureDataset4/train/0-meadows170.jpg
Reading ./databaserelease2/NatureDataset4/train/0-forest498.jpg
Reading ./databaserelease2/NatureDataset4/train/0-waters568.jpg
Reading ./databaserelease2/NatureDataset4/train/1-waters321.jpg
1.0
Reading ./databaserelease2/NatureDataset4/train/0-waters769.jpg
Reading ./databaserelease2/NatureDataset4/train/0-forest462.jpg
Reading ./databaserelease2/NatureDataset4/train/1-forest224.jpg
1.0
Reading ./databaserelease2/NatureDataset4/train/0-waters57.jpg
Reading ./databaserelease2/NatureDataset4/train/0-meadows120.jpg
Reading ./databaserelease2/NatureDataset4/train/0-forest374.jpg
Reading ./databaserelease2/NatureDataset4/train/1-waters768.jpg
1.0
Reading ./databaserelease2/NatureDataset4/train/1-meadows390.jpg
1.0
Reading ./databaserelease2/NatureDataset4/train/0-meadows238.jpg
Reading ./databaserelease2/NatureDataset4/train/1-waters732.jpg
1.0
Reading ./databaserelease2/NatureDataset4/train/0-forest183.jpg
Reading ./databaserelease2/NatureDataset4/train/0-forest473.jpg
Reading ./databaserelease2/NatureDataset4/train/1-waters489.jpg
1.0
Reading ./databaserelease2/NatureDataset4/train/0-meadows477.jpg
Reading ./databaserelease2/NatureDataset4/train/1-waters147.jpg
1.0
Reading ./databaserelease2/NatureDataset4/train/0-meadows454.jpg
Reading ./databaserelease2/NatureDataset4/train/1-meadows485.jpg
1.0
Reading ./databaserelease2/NatureDataset4/train/0-forest77.jpg
Reading ./databaserelease2/NatureDataset4/train/1-waters640.jpg
1.0
Reading ./databaserelease2/NatureDataset4/train/0-waters209.jpg
Reading ./databaserelease2/NatureDataset4/train/0-waters620.jpg
Reading ./databaserelease2/NatureDataset4/train/0-meadows314.jpg
Reading ./databaserelease2/NatureDataset4/train/1-waters863.jpg
1.0
Reading ./databaserelease2/NatureDataset4/train/1-meadows263.jpg
1.0
Reading ./databaserelease2/NatureDataset4/train/0-waters872.jpg
Reading ./databaserelease2/NatureDataset4/train/0-forest156.jpg
Reading ./databaserelease2/NatureDataset4/train/1-forest264.jpg
1.0
Reading ./databaserelease2/NatureDataset4/train/1-meadows300.jpg
1.0
Reading ./databaserelease2/NatureDataset4/train/0-meadows354.jpg
Reading ./databaserelease2/NatureDataset4/train/1-waters579.jpg
1.0
Reading ./databaserelease2/NatureDataset4/train/1-meadows96.jpg
1.0
Reading ./databaserelease2/NatureDataset4/train/1-forest562.jpg
1.0
Reading ./databaserelease2/NatureDataset4/train/0-meadows138.jpg
Reading ./databaserelease2/NatureDataset4/train/0-meadows278.jpg
Reading ./databaserelease2/NatureDataset4/train/0-waters506.jpg
Reading ./databaserelease2/NatureDataset4/train/0-waters461.jpg
Reading ./databaserelease2/NatureDataset4/train/0-waters882.jpg
Reading ./databaserelease2/NatureDataset4/train/0-waters263.jpg
Reading ./databaserelease2/NatureDataset4/train/1-forest247.jpg
1.0
Reading ./databaserelease2/NatureDataset4/train/1-waters232.jpg
1.0
Reading ./databaserelease2/NatureDataset4/train/0-waters124.jpg
Reading ./databaserelease2/NatureDataset4/train/0-forest118.jpg
Reading ./databaserelease2/NatureDataset4/train/0-forest592.jpg
Reading ./databaserelease2/NatureDataset4/train/1-waters413.jpg
1.0
Reading ./databaserelease2/NatureDataset4/train/0-waters711.jpg
Reading ./databaserelease2/NatureDataset4/train/0-waters528.jpg
Reading ./databaserelease2/NatureDataset4/train/0-waters888.jpg
Reading ./databaserelease2/NatureDataset4/train/1-meadows421.jpg
1.0
Reading ./databaserelease2/NatureDataset4/train/1-waters788.jpg
1.0
Reading ./databaserelease2/NatureDataset4/train/1-waters616.jpg
1.0
Reading ./databaserelease2/NatureDataset4/train/0-forest5.jpg
Reading ./databaserelease2/NatureDataset4/train/1-meadows57.jpg
1.0
Reading ./databaserelease2/NatureDataset4/train/1-waters714.jpg
1.0
Reading ./databaserelease2/NatureDataset4/train/0-meadows35.jpg
Reading ./databaserelease2/NatureDataset4/train/0-forest331.jpg
Reading ./databaserelease2/NatureDataset4/train/1-forest94.jpg
1.0
Reading ./databaserelease2/NatureDataset4/train/0-meadows400.jpg
Reading ./databaserelease2/NatureDataset4/train/1-meadows311.jpg
1.0
Reading ./databaserelease2/NatureDataset4/train/0-meadows66.jpg
Reading ./databaserelease2/NatureDataset4/train/0-forest15.jpg
Reading ./databaserelease2/NatureDataset4/train/0-meadows23.jpg
Reading ./databaserelease2/NatureDataset4/train/1-meadows241.jpg
1.0
Reading ./databaserelease2/NatureDataset4/train/1-waters159.jpg
1.0
Reading ./databaserelease2/NatureDataset4/train/0-waters665.jpg
Reading ./databaserelease2/NatureDataset4/train/1-forest193.jpg
1.0
Reading ./databaserelease2/NatureDataset4/train/1-waters726.jpg
1.0
Reading ./databaserelease2/NatureDataset4/train/0-forest576.jpg
Reading ./databaserelease2/NatureDataset4/train/1-meadows174.jpg
1.0
Reading ./databaserelease2/NatureDataset4/train/1-waters397.jpg
1.0
Reading ./databaserelease2/NatureDataset4/train/0-meadows72.jpg
Reading ./databaserelease2/NatureDataset4/train/0-forest157.jpg
Reading ./databaserelease2/NatureDataset4/train/1-waters380.jpg
1.0
Reading ./databaserelease2/NatureDataset4/train/0-waters614.jpg
Reading ./databaserelease2/NatureDataset4/train/1-meadows125.jpg
1.0
Reading ./databaserelease2/NatureDataset4/train/1-waters410.jpg
1.0
Reading ./databaserelease2/NatureDataset4/train/0-waters748.jpg
Reading ./databaserelease2/NatureDataset4/train/1-meadows101.jpg
1.0
Reading ./databaserelease2/NatureDataset4/train/1-meadows448.jpg
1.0
Reading ./databaserelease2/NatureDataset4/train/0-forest530.jpg
Reading ./databaserelease2/NatureDataset4/train/1-meadows68.jpg
1.0
Reading ./databaserelease2/NatureDataset4/train/0-forest37.jpg
Reading ./databaserelease2/NatureDataset4/train/0-waters148.jpg
Reading ./databaserelease2/NatureDataset4/train/1-waters220.jpg
1.0
Reading ./databaserelease2/NatureDataset4/train/1-meadows286.jpg
1.0
Reading ./databaserelease2/NatureDataset4/train/1-waters606.jpg
1.0
Reading ./databaserelease2/NatureDataset4/train/1-meadows186.jpg
1.0
Reading ./databaserelease2/NatureDataset4/train/1-waters520.jpg
1.0
Reading ./databaserelease2/NatureDataset4/train/1-waters340.jpg
1.0
Reading ./databaserelease2/NatureDataset4/train/0-waters737.jpg
Reading ./databaserelease2/NatureDataset4/train/1-forest214.jpg
1.0
Reading ./databaserelease2/NatureDataset4/train/1-waters63.jpg
1.0
Reading ./databaserelease2/NatureDataset4/train/1-forest355.jpg
1.0
Reading ./databaserelease2/NatureDataset4/train/1-forest122.jpg
1.0
Reading ./databaserelease2/NatureDataset4/train/1-waters529.jpg
1.0
Reading ./databaserelease2/NatureDataset4/train/0-meadows11.jpg
Reading ./databaserelease2/NatureDataset4/train/0-meadows316.jpg
Reading ./databaserelease2/NatureDataset4/train/1-meadows29.jpg
1.0
Reading ./databaserelease2/NatureDataset4/train/1-meadows360.jpg
1.0
Reading ./databaserelease2/NatureDataset4/train/0-meadows229.jpg
Reading ./databaserelease2/NatureDataset4/train/0-forest59.jpg
Reading ./databaserelease2/NatureDataset4/train/1-meadows324.jpg
1.0
Reading ./databaserelease2/NatureDataset4/train/1-waters717.jpg
1.0
Reading ./databaserelease2/NatureDataset4/train/0-meadows183.jpg
Reading ./databaserelease2/NatureDataset4/train/1-waters643.jpg
1.0
Reading ./databaserelease2/NatureDataset4/train/0-waters473.jpg
Reading ./databaserelease2/NatureDataset4/train/1-forest574.jpg
1.0
Reading ./databaserelease2/NatureDataset4/train/1-forest517.jpg
1.0
Reading ./databaserelease2/NatureDataset4/train/0-forest163.jpg
Reading ./databaserelease2/NatureDataset4/train/1-meadows41.jpg
1.0
Reading ./databaserelease2/NatureDataset4/train/1-forest96.jpg
1.0
Reading ./databaserelease2/NatureDataset4/train/1-meadows273.jpg
1.0
Reading ./databaserelease2/NatureDataset4/train/0-forest2.jpg
Reading ./databaserelease2/NatureDataset4/train/0-forest139.jpg
Reading ./databaserelease2/NatureDataset4/train/0-forest366.jpg
Reading ./databaserelease2/NatureDataset4/train/1-forest427.jpg
1.0
Reading ./databaserelease2/NatureDataset4/train/1-meadows381.jpg
1.0
Reading ./databaserelease2/NatureDataset4/train/0-waters884.jpg
Reading ./databaserelease2/NatureDataset4/train/0-forest308.jpg
Reading ./databaserelease2/NatureDataset4/train/0-waters172.jpg
Reading ./databaserelease2/NatureDataset4/train/0-meadows369.jpg
Reading ./databaserelease2/NatureDataset4/train/0-forest56.jpg
Reading ./databaserelease2/NatureDataset4/train/1-forest254.jpg
1.0
Reading ./databaserelease2/NatureDataset4/train/1-forest505.jpg
1.0
Reading ./databaserelease2/NatureDataset4/train/0-waters367.jpg
Reading ./databaserelease2/NatureDataset4/train/1-forest564.jpg
1.0
Reading ./databaserelease2/NatureDataset4/train/0-waters466.jpg
Reading ./databaserelease2/NatureDataset4/train/1-forest154.jpg
1.0
Reading ./databaserelease2/NatureDataset4/train/1-waters390.jpg
1.0
Reading ./databaserelease2/NatureDataset4/train/0-forest243.jpg
Reading ./databaserelease2/NatureDataset4/train/0-forest474.jpg
Reading ./databaserelease2/NatureDataset4/train/1-waters678.jpg
1.0
Reading ./databaserelease2/NatureDataset4/train/0-waters14.jpg
Reading ./databaserelease2/NatureDataset4/train/1-waters126.jpg
1.0
Reading ./databaserelease2/NatureDataset4/train/1-waters551.jpg
1.0
Reading ./databaserelease2/NatureDataset4/train/1-forest466.jpg
1.0
Reading ./databaserelease2/NatureDataset4/train/1-waters254.jpg
1.0
Reading ./databaserelease2/NatureDataset4/train/1-waters249.jpg
1.0
Reading ./databaserelease2/NatureDataset4/train/1-forest245.jpg
1.0
Reading ./databaserelease2/NatureDataset4/train/0-waters319.jpg
Reading ./databaserelease2/NatureDataset4/train/0-forest239.jpg
Reading ./databaserelease2/NatureDataset4/train/0-waters837.jpg
Reading ./databaserelease2/NatureDataset4/train/0-waters336.jpg
Reading ./databaserelease2/NatureDataset4/train/1-waters784.jpg
1.0
Reading ./databaserelease2/NatureDataset4/train/1-waters521.jpg
1.0
Reading ./databaserelease2/NatureDataset4/train/0-meadows157.jpg
Reading ./databaserelease2/NatureDataset4/train/0-waters183.jpg
Reading ./databaserelease2/NatureDataset4/train/1-waters536.jpg
1.0
Reading ./databaserelease2/NatureDataset4/train/0-meadows302.jpg
Reading ./databaserelease2/NatureDataset4/train/1-waters306.jpg
1.0
Reading ./databaserelease2/NatureDataset4/train/0-meadows113.jpg
Reading ./databaserelease2/NatureDataset4/train/0-forest178.jpg
Reading ./databaserelease2/NatureDataset4/train/0-waters465.jpg
Reading ./databaserelease2/NatureDataset4/train/0-forest146.jpg
Reading ./databaserelease2/NatureDataset4/train/0-waters642.jpg
Reading ./databaserelease2/NatureDataset4/train/1-waters175.jpg
1.0
Reading ./databaserelease2/NatureDataset4/train/1-forest242.jpg
1.0
Reading ./databaserelease2/NatureDataset4/train/0-waters809.jpg
Reading ./databaserelease2/NatureDataset4/train/1-waters775.jpg
1.0
Reading ./databaserelease2/NatureDataset4/train/0-waters533.jpg
Reading ./databaserelease2/NatureDataset4/train/0-forest9.jpg
Reading ./databaserelease2/NatureDataset4/train/0-forest287.jpg
Reading ./databaserelease2/NatureDataset4/train/1-waters427.jpg
1.0
Reading ./databaserelease2/NatureDataset4/train/1-meadows297.jpg
1.0
Reading ./databaserelease2/NatureDataset4/train/0-meadows98.jpg
Reading ./databaserelease2/NatureDataset4/train/1-forest43.jpg
1.0
Reading ./databaserelease2/NatureDataset4/train/1-forest447.jpg
1.0
Reading ./databaserelease2/NatureDataset4/train/0-waters115.jpg
Reading ./databaserelease2/NatureDataset4/train/1-waters686.jpg
1.0
Reading ./databaserelease2/NatureDataset4/train/1-waters499.jpg
1.0
Reading ./databaserelease2/NatureDataset4/train/1-waters274.jpg
1.0
Reading ./databaserelease2/NatureDataset4/train/0-forest393.jpg
Reading ./databaserelease2/NatureDataset4/train/0-forest514.jpg
Reading ./databaserelease2/NatureDataset4/train/0-waters414.jpg
Reading ./databaserelease2/NatureDataset4/train/1-forest389.jpg
1.0
Reading ./databaserelease2/NatureDataset4/train/0-forest340.jpg
Reading ./databaserelease2/NatureDataset4/train/0-waters204.jpg
Reading ./databaserelease2/NatureDataset4/train/1-forest415.jpg
1.0
Reading ./databaserelease2/NatureDataset4/train/1-waters64.jpg
1.0
Reading ./databaserelease2/NatureDataset4/train/1-waters282.jpg
1.0
Reading ./databaserelease2/NatureDataset4/train/1-meadows93.jpg
1.0
Reading ./databaserelease2/NatureDataset4/train/0-meadows315.jpg
Reading ./databaserelease2/NatureDataset4/train/1-waters302.jpg
1.0
Reading ./databaserelease2/NatureDataset4/train/1-forest449.jpg
1.0
Reading ./databaserelease2/NatureDataset4/train/1-forest570.jpg
1.0
Reading ./databaserelease2/NatureDataset4/train/1-waters505.jpg
1.0
Reading ./databaserelease2/NatureDataset4/train/0-waters546.jpg
Reading ./databaserelease2/NatureDataset4/train/0-forest425.jpg
Reading ./databaserelease2/NatureDataset4/train/1-forest244.jpg
1.0
Reading ./databaserelease2/NatureDataset4/train/1-waters591.jpg
1.0
Reading ./databaserelease2/NatureDataset4/train/1-waters101.jpg
1.0
Reading ./databaserelease2/NatureDataset4/train/1-forest60.jpg
1.0
Reading ./databaserelease2/NatureDataset4/train/1-waters94.jpg
1.0
Reading ./databaserelease2/NatureDataset4/train/0-meadows322.jpg
Reading ./databaserelease2/NatureDataset4/train/1-waters346.jpg
1.0
Reading ./databaserelease2/NatureDataset4/train/0-waters308.jpg
Reading ./databaserelease2/NatureDataset4/train/1-waters735.jpg
1.0
Reading ./databaserelease2/NatureDataset4/train/1-waters283.jpg
1.0
Reading ./databaserelease2/NatureDataset4/train/1-waters428.jpg
1.0
Reading ./databaserelease2/NatureDataset4/train/1-waters216.jpg
1.0
Reading ./databaserelease2/NatureDataset4/train/0-forest325.jpg
Reading ./databaserelease2/NatureDataset4/train/1-meadows244.jpg
1.0
Reading ./databaserelease2/NatureDataset4/train/0-forest359.jpg
Reading ./databaserelease2/NatureDataset4/train/1-waters799.jpg
1.0
Reading ./databaserelease2/NatureDataset4/train/0-waters839.jpg
Reading ./databaserelease2/NatureDataset4/train/0-meadows284.jpg
Reading ./databaserelease2/NatureDataset4/train/0-forest426.jpg
Reading ./databaserelease2/NatureDataset4/train/1-waters730.jpg
1.0
Reading ./databaserelease2/NatureDataset4/train/0-meadows446.jpg
Reading ./databaserelease2/NatureDataset4/train/0-forest539.jpg
Reading ./databaserelease2/NatureDataset4/train/0-meadows43.jpg
Reading ./databaserelease2/NatureDataset4/train/1-meadows317.jpg
1.0
Reading ./databaserelease2/NatureDataset4/train/0-meadows196.jpg
Reading ./databaserelease2/NatureDataset4/train/0-forest596.jpg
Reading ./databaserelease2/NatureDataset4/train/0-forest61.jpg
Reading ./databaserelease2/NatureDataset4/train/1-waters348.jpg
1.0
Reading ./databaserelease2/NatureDataset4/train/0-waters311.jpg
Reading ./databaserelease2/NatureDataset4/train/1-forest219.jpg
1.0
Reading ./databaserelease2/NatureDataset4/train/0-forest72.jpg
Reading ./databaserelease2/NatureDataset4/train/0-meadows299.jpg
Reading ./databaserelease2/NatureDataset4/train/1-forest372.jpg
1.0
Reading ./databaserelease2/NatureDataset4/train/1-waters415.jpg
1.0
Reading ./databaserelease2/NatureDataset4/train/0-forest444.jpg
Reading ./databaserelease2/NatureDataset4/train/1-waters752.jpg
1.0
Reading ./databaserelease2/NatureDataset4/train/0-forest76.jpg
Reading ./databaserelease2/NatureDataset4/train/0-waters534.jpg
Reading ./databaserelease2/NatureDataset4/train/0-meadows129.jpg
Reading ./databaserelease2/NatureDataset4/train/1-waters271.jpg
1.0
Reading ./databaserelease2/NatureDataset4/train/0-meadows329.jpg
Reading ./databaserelease2/NatureDataset4/train/0-forest197.jpg
Reading ./databaserelease2/NatureDataset4/train/1-forest410.jpg
1.0
Reading ./databaserelease2/NatureDataset4/train/0-waters237.jpg
Reading ./databaserelease2/NatureDataset4/train/1-waters441.jpg
1.0
Reading ./databaserelease2/NatureDataset4/train/1-meadows88.jpg
1.0
Reading ./databaserelease2/NatureDataset4/train/1-forest443.jpg
1.0
Reading ./databaserelease2/NatureDataset4/train/0-forest457.jpg
Reading ./databaserelease2/NatureDataset4/train/0-forest218.jpg
Reading ./databaserelease2/NatureDataset4/train/1-waters603.jpg
1.0
Reading ./databaserelease2/NatureDataset4/train/0-waters574.jpg
Reading ./databaserelease2/NatureDataset4/train/1-waters123.jpg
1.0
Reading ./databaserelease2/NatureDataset4/train/1-waters675.jpg
1.0
Reading ./databaserelease2/NatureDataset4/train/1-waters504.jpg
1.0
Reading ./databaserelease2/NatureDataset4/train/0-forest543.jpg
Reading ./databaserelease2/NatureDataset4/train/1-forest554.jpg
1.0
Reading ./databaserelease2/NatureDataset4/train/1-forest503.jpg
1.0
Reading ./databaserelease2/NatureDataset4/train/1-waters379.jpg
1.0
Reading ./databaserelease2/NatureDataset4/train/0-waters351.jpg
Reading ./databaserelease2/NatureDataset4/train/0-meadows498.jpg
Reading ./databaserelease2/NatureDataset4/train/1-waters285.jpg
1.0
Reading ./databaserelease2/NatureDataset4/train/0-meadows342.jpg
Reading ./databaserelease2/NatureDataset4/train/0-forest600.jpg
Reading ./databaserelease2/NatureDataset4/train/0-forest269.jpg
Reading ./databaserelease2/NatureDataset4/train/0-forest300.jpg
Reading ./databaserelease2/NatureDataset4/train/0-meadows178.jpg
Reading ./databaserelease2/NatureDataset4/train/0-forest486.jpg
Reading ./databaserelease2/NatureDataset4/train/1-waters562.jpg
1.0
Reading ./databaserelease2/NatureDataset4/train/1-waters668.jpg
1.0
Reading ./databaserelease2/NatureDataset4/train/1-forest518.jpg
1.0
Reading ./databaserelease2/NatureDataset4/train/0-waters294.jpg
Reading ./databaserelease2/NatureDataset4/train/0-meadows245.jpg
Reading ./databaserelease2/NatureDataset4/train/0-forest217.jpg
Reading ./databaserelease2/NatureDataset4/train/0-meadows338.jpg
Reading ./databaserelease2/NatureDataset4/train/0-meadows207.jpg
Reading ./databaserelease2/NatureDataset4/train/0-waters360.jpg
Reading ./databaserelease2/NatureDataset4/train/0-forest278.jpg
Reading ./databaserelease2/NatureDataset4/train/0-meadows359.jpg
Reading ./databaserelease2/NatureDataset4/train/0-forest342.jpg
Reading ./databaserelease2/NatureDataset4/train/1-waters381.jpg
1.0
Reading ./databaserelease2/NatureDataset4/train/0-forest151.jpg
Reading ./databaserelease2/NatureDataset4/train/1-meadows265.jpg
1.0
Reading ./databaserelease2/NatureDataset4/train/1-forest123.jpg
1.0
Reading ./databaserelease2/NatureDataset4/train/1-meadows321.jpg
1.0
Reading ./databaserelease2/NatureDataset4/train/1-forest103.jpg
1.0
Reading ./databaserelease2/NatureDataset4/train/1-waters761.jpg
1.0
Reading ./databaserelease2/NatureDataset4/train/1-waters149.jpg
1.0
Reading ./databaserelease2/NatureDataset4/train/0-waters224.jpg
Reading ./databaserelease2/NatureDataset4/train/0-forest188.jpg
Reading ./databaserelease2/NatureDataset4/train/0-waters181.jpg
Reading ./databaserelease2/NatureDataset4/train/0-waters893.jpg
Reading ./databaserelease2/NatureDataset4/train/0-forest7.jpg
Reading ./databaserelease2/NatureDataset4/train/1-forest519.jpg
1.0
Reading ./databaserelease2/NatureDataset4/train/1-waters509.jpg
1.0
Reading ./databaserelease2/NatureDataset4/train/0-forest135.jpg
Reading ./databaserelease2/NatureDataset4/train/1-waters243.jpg
1.0
Reading ./databaserelease2/NatureDataset4/train/1-forest508.jpg
1.0
Reading ./databaserelease2/NatureDataset4/train/1-meadows457.jpg
1.0
Reading ./databaserelease2/NatureDataset4/train/0-forest92.jpg
Reading ./databaserelease2/NatureDataset4/train/1-meadows180.jpg
1.0
Reading ./databaserelease2/NatureDataset4/train/0-meadows149.jpg
Reading ./databaserelease2/NatureDataset4/train/0-waters275.jpg
Reading ./databaserelease2/NatureDataset4/train/0-forest277.jpg
Reading ./databaserelease2/NatureDataset4/train/0-waters874.jpg
Reading ./databaserelease2/NatureDataset4/train/0-forest541.jpg
Reading ./databaserelease2/NatureDataset4/train/1-forest491.jpg
1.0
Reading ./databaserelease2/NatureDataset4/train/1-forest450.jpg
1.0
Reading ./databaserelease2/NatureDataset4/train/0-forest170.jpg
Reading ./databaserelease2/NatureDataset4/train/0-meadows139.jpg
Reading ./databaserelease2/NatureDataset4/train/0-waters393.jpg
Reading ./databaserelease2/NatureDataset4/train/0-forest36.jpg
Reading ./databaserelease2/NatureDataset4/train/0-meadows147.jpg
Reading ./databaserelease2/NatureDataset4/train/0-waters236.jpg
Reading ./databaserelease2/NatureDataset4/train/1-meadows269.jpg
1.0
Reading ./databaserelease2/NatureDataset4/train/1-waters241.jpg
1.0
Reading ./databaserelease2/NatureDataset4/train/1-forest370.jpg
1.0
Reading ./databaserelease2/NatureDataset4/train/0-meadows500.jpg
Reading ./databaserelease2/NatureDataset4/train/0-meadows190.jpg
Reading ./databaserelease2/NatureDataset4/train/1-meadows205.jpg
1.0
Reading ./databaserelease2/NatureDataset4/train/0-forest469.jpg
Reading ./databaserelease2/NatureDataset4/train/1-forest164.jpg
1.0
Reading ./databaserelease2/NatureDataset4/train/0-forest424.jpg
Reading ./databaserelease2/NatureDataset4/train/1-meadows413.jpg
1.0
Reading ./databaserelease2/NatureDataset4/train/1-forest529.jpg
1.0
Reading ./databaserelease2/NatureDataset4/train/1-waters649.jpg
1.0
Reading ./databaserelease2/NatureDataset4/train/0-meadows303.jpg
Reading ./databaserelease2/NatureDataset4/train/0-meadows274.jpg
Reading ./databaserelease2/NatureDataset4/train/0-waters354.jpg
Reading ./databaserelease2/NatureDataset4/train/0-forest317.jpg
Reading ./databaserelease2/NatureDataset4/train/1-forest544.jpg
1.0
Reading ./databaserelease2/NatureDataset4/train/1-waters26.jpg
1.0
Reading ./databaserelease2/NatureDataset4/train/0-meadows459.jpg
Reading ./databaserelease2/NatureDataset4/train/1-waters898.jpg
1.0
Reading ./databaserelease2/NatureDataset4/train/1-waters273.jpg
1.0
Reading ./databaserelease2/NatureDataset4/train/0-waters808.jpg
Reading ./databaserelease2/NatureDataset4/train/0-forest343.jpg
Reading ./databaserelease2/NatureDataset4/train/0-meadows203.jpg
Reading ./databaserelease2/NatureDataset4/train/0-waters326.jpg
Reading ./databaserelease2/NatureDataset4/train/0-waters304.jpg
Reading ./databaserelease2/NatureDataset4/train/1-waters250.jpg
1.0
Reading ./databaserelease2/NatureDataset4/train/1-forest120.jpg
1.0
Reading ./databaserelease2/NatureDataset4/train/1-waters299.jpg
1.0
Reading ./databaserelease2/NatureDataset4/train/0-forest257.jpg
Reading ./databaserelease2/NatureDataset4/train/1-forest167.jpg
1.0
Reading ./databaserelease2/NatureDataset4/train/0-forest341.jpg
Reading ./databaserelease2/NatureDataset4/train/0-meadows335.jpg
Reading ./databaserelease2/NatureDataset4/train/0-forest87.jpg
Reading ./databaserelease2/NatureDataset4/train/1-meadows204.jpg
1.0
Reading ./databaserelease2/NatureDataset4/train/0-forest11.jpg
Reading ./databaserelease2/NatureDataset4/train/0-meadows40.jpg
Reading ./databaserelease2/NatureDataset4/train/1-waters662.jpg
1.0
Reading ./databaserelease2/NatureDataset4/train/1-waters847.jpg
1.0
Reading ./databaserelease2/NatureDataset4/train/1-waters798.jpg
1.0
Reading ./databaserelease2/NatureDataset4/train/0-forest49.jpg
Reading ./databaserelease2/NatureDataset4/train/0-waters739.jpg
Reading ./databaserelease2/NatureDataset4/train/0-waters93.jpg
Reading ./databaserelease2/NatureDataset4/train/0-waters44.jpg
Reading ./databaserelease2/NatureDataset4/train/0-forest58.jpg
Reading ./databaserelease2/NatureDataset4/train/1-forest499.jpg
1.0
Reading ./databaserelease2/NatureDataset4/train/0-waters198.jpg
Reading ./databaserelease2/NatureDataset4/train/0-meadows36.jpg
Reading ./databaserelease2/NatureDataset4/train/1-forest315.jpg
1.0
Reading ./databaserelease2/NatureDataset4/train/1-waters853.jpg
1.0
Reading ./databaserelease2/NatureDataset4/train/1-forest483.jpg
1.0
Reading ./databaserelease2/NatureDataset4/train/1-forest310.jpg
1.0
Reading ./databaserelease2/NatureDataset4/train/0-meadows84.jpg
Reading ./databaserelease2/NatureDataset4/train/1-forest482.jpg
1.0
Reading ./databaserelease2/NatureDataset4/train/0-meadows463.jpg
Reading ./databaserelease2/NatureDataset4/train/0-meadows493.jpg
Reading ./databaserelease2/NatureDataset4/train/1-waters563.jpg
1.0
Reading ./databaserelease2/NatureDataset4/train/1-forest533.jpg
1.0
Reading ./databaserelease2/NatureDataset4/train/0-forest24.jpg
Reading ./databaserelease2/NatureDataset4/train/0-forest506.jpg
Reading ./databaserelease2/NatureDataset4/train/0-meadows233.jpg
Reading ./databaserelease2/NatureDataset4/train/1-meadows417.jpg
1.0
Reading ./databaserelease2/NatureDataset4/train/0-waters314.jpg
Reading ./databaserelease2/NatureDataset4/train/0-forest289.jpg
Reading ./databaserelease2/NatureDataset4/train/0-meadows108.jpg
Reading ./databaserelease2/NatureDataset4/train/0-meadows21.jpg
Reading ./databaserelease2/NatureDataset4/train/0-waters293.jpg
Reading ./databaserelease2/NatureDataset4/train/1-waters519.jpg
1.0
Reading ./databaserelease2/NatureDataset4/train/0-forest353.jpg
Reading ./databaserelease2/NatureDataset4/train/1-waters841.jpg
1.0
srun: Job step aborted: Waiting up to 32 seconds for job step to finish.
slurmstepd: error: *** STEP 798046.0 ON nodegpu002 CANCELLED AT 2021-10-27T18:34:28 ***
srun: got SIGCONT
slurmstepd: error: *** JOB 798046 ON nodegpu002 CANCELLED AT 2021-10-27T18:34:28 ***
srun: forcing job termination
