
CommandNotFoundError: Your shell has not been properly configured to use 'conda activate'.
To initialize your shell, run

    $ conda init <SHELL_NAME>

Currently supported shells are:
  - bash
  - fish
  - tcsh
  - xonsh
  - zsh
  - powershell

See 'conda init --help' for more information and options.

IMPORTANT: You may need to close and restart your shell after running 'conda init'.


Wed Oct 27 20:30:46 2021       
+-----------------------------------------------------------------------------+
| NVIDIA-SMI 460.32.03    Driver Version: 460.32.03    CUDA Version: 11.2     |
|-------------------------------+----------------------+----------------------+
| GPU  Name        Persistence-M| Bus-Id        Disp.A | Volatile Uncorr. ECC |
| Fan  Temp  Perf  Pwr:Usage/Cap|         Memory-Usage | GPU-Util  Compute M. |
|                               |                      |               MIG M. |
|===============================+======================+======================|
|   0  A100-PCIE-40GB      Off  | 00000000:21:00.0 Off |                    0 |
| N/A   59C    P0    47W / 250W |      0MiB / 40536MiB |      0%      Default |
|                               |                      |             Disabled |
+-------------------------------+----------------------+----------------------+
                                                                               
+-----------------------------------------------------------------------------+
| Processes:                                                                  |
|  GPU   GI   CI        PID   Type   Process name                  GPU Memory |
|        ID   ID                                                   Usage      |
|=============================================================================|
|  No running processes found                                                 |
+-----------------------------------------------------------------------------+
2021-10-27 20:30:58.834069: I tensorflow/core/platform/cpu_feature_guard.cc:142] This TensorFlow binary is optimized with oneAPI Deep Neural Network Library (oneDNN) to use the following CPU instructions in performance-critical operations:  AVX2 FMA
To enable them in other operations, rebuild TensorFlow with the appropriate compiler flags.
2021-10-27 20:30:59.621010: I tensorflow/core/common_runtime/gpu/gpu_device.cc:1510] Created device /job:localhost/replica:0/task:0/device:GPU:0 with 38426 MB memory:  -> device: 0, name: A100-PCIE-40GB, pci bus id: 0000:21:00.0, compute capability: 8.0
/mnt/beegfs/home/agolchub/miniconda3/envs/tf2-gpu/lib/python3.9/site-packages/keras/optimizer_v2/optimizer_v2.py:355: UserWarning: The `lr` argument is deprecated, use `learning_rate` instead.
  warnings.warn(
Input file is " agnet.specialmodel2.newbinary
Output file is " agnet.specialmodel2.newbinary.2
Image path is " 
--------------------


Model: "model"
__________________________________________________________________________________________________
Layer (type)                    Output Shape         Param #     Connected to                     
==================================================================================================
input_1 (InputLayer)            [(None, 224, 224, 3) 0                                            
__________________________________________________________________________________________________
conv1_pad (ZeroPadding2D)       (None, 230, 230, 3)  0           input_1[0][0]                    
__________________________________________________________________________________________________
conv1_conv (Conv2D)             (None, 112, 112, 64) 9472        conv1_pad[0][0]                  
__________________________________________________________________________________________________
conv1_bn (BatchNormalization)   (None, 112, 112, 64) 256         conv1_conv[0][0]                 
__________________________________________________________________________________________________
conv1_relu (Activation)         (None, 112, 112, 64) 0           conv1_bn[0][0]                   
__________________________________________________________________________________________________
pool1_pad (ZeroPadding2D)       (None, 114, 114, 64) 0           conv1_relu[0][0]                 
__________________________________________________________________________________________________
pool1_pool (MaxPooling2D)       (None, 56, 56, 64)   0           pool1_pad[0][0]                  
__________________________________________________________________________________________________
conv2_block1_1_conv (Conv2D)    (None, 56, 56, 64)   4160        pool1_pool[0][0]                 
__________________________________________________________________________________________________
conv2_block1_1_bn (BatchNormali (None, 56, 56, 64)   256         conv2_block1_1_conv[0][0]        
__________________________________________________________________________________________________
conv2_block1_1_relu (Activation (None, 56, 56, 64)   0           conv2_block1_1_bn[0][0]          
__________________________________________________________________________________________________
conv2_block1_2_conv (Conv2D)    (None, 56, 56, 64)   36928       conv2_block1_1_relu[0][0]        
__________________________________________________________________________________________________
conv2_block1_2_bn (BatchNormali (None, 56, 56, 64)   256         conv2_block1_2_conv[0][0]        
__________________________________________________________________________________________________
conv2_block1_2_relu (Activation (None, 56, 56, 64)   0           conv2_block1_2_bn[0][0]          
__________________________________________________________________________________________________
conv2_block1_0_conv (Conv2D)    (None, 56, 56, 256)  16640       pool1_pool[0][0]                 
__________________________________________________________________________________________________
conv2_block1_3_conv (Conv2D)    (None, 56, 56, 256)  16640       conv2_block1_2_relu[0][0]        
__________________________________________________________________________________________________
conv2_block1_0_bn (BatchNormali (None, 56, 56, 256)  1024        conv2_block1_0_conv[0][0]        
__________________________________________________________________________________________________
conv2_block1_3_bn (BatchNormali (None, 56, 56, 256)  1024        conv2_block1_3_conv[0][0]        
__________________________________________________________________________________________________
conv2_block1_add (Add)          (None, 56, 56, 256)  0           conv2_block1_0_bn[0][0]          
                                                                 conv2_block1_3_bn[0][0]          
__________________________________________________________________________________________________
conv2_block1_out (Activation)   (None, 56, 56, 256)  0           conv2_block1_add[0][0]           
__________________________________________________________________________________________________
conv2_block2_1_conv (Conv2D)    (None, 56, 56, 64)   16448       conv2_block1_out[0][0]           
__________________________________________________________________________________________________
conv2_block2_1_bn (BatchNormali (None, 56, 56, 64)   256         conv2_block2_1_conv[0][0]        
__________________________________________________________________________________________________
conv2_block2_1_relu (Activation (None, 56, 56, 64)   0           conv2_block2_1_bn[0][0]          
__________________________________________________________________________________________________
conv2_block2_2_conv (Conv2D)    (None, 56, 56, 64)   36928       conv2_block2_1_relu[0][0]        
__________________________________________________________________________________________________
conv2_block2_2_bn (BatchNormali (None, 56, 56, 64)   256         conv2_block2_2_conv[0][0]        
__________________________________________________________________________________________________
conv2_block2_2_relu (Activation (None, 56, 56, 64)   0           conv2_block2_2_bn[0][0]          
__________________________________________________________________________________________________
conv2_block2_3_conv (Conv2D)    (None, 56, 56, 256)  16640       conv2_block2_2_relu[0][0]        
__________________________________________________________________________________________________
conv2_block2_3_bn (BatchNormali (None, 56, 56, 256)  1024        conv2_block2_3_conv[0][0]        
__________________________________________________________________________________________________
conv2_block2_add (Add)          (None, 56, 56, 256)  0           conv2_block1_out[0][0]           
                                                                 conv2_block2_3_bn[0][0]          
__________________________________________________________________________________________________
conv2_block2_out (Activation)   (None, 56, 56, 256)  0           conv2_block2_add[0][0]           
__________________________________________________________________________________________________
conv2_block3_1_conv (Conv2D)    (None, 56, 56, 64)   16448       conv2_block2_out[0][0]           
__________________________________________________________________________________________________
conv2_block3_1_bn (BatchNormali (None, 56, 56, 64)   256         conv2_block3_1_conv[0][0]        
__________________________________________________________________________________________________
conv2_block3_1_relu (Activation (None, 56, 56, 64)   0           conv2_block3_1_bn[0][0]          
__________________________________________________________________________________________________
conv2_block3_2_conv (Conv2D)    (None, 56, 56, 64)   36928       conv2_block3_1_relu[0][0]        
__________________________________________________________________________________________________
conv2_block3_2_bn (BatchNormali (None, 56, 56, 64)   256         conv2_block3_2_conv[0][0]        
__________________________________________________________________________________________________
conv2_block3_2_relu (Activation (None, 56, 56, 64)   0           conv2_block3_2_bn[0][0]          
__________________________________________________________________________________________________
conv2_block3_3_conv (Conv2D)    (None, 56, 56, 256)  16640       conv2_block3_2_relu[0][0]        
__________________________________________________________________________________________________
conv2_block3_3_bn (BatchNormali (None, 56, 56, 256)  1024        conv2_block3_3_conv[0][0]        
__________________________________________________________________________________________________
conv2_block3_add (Add)          (None, 56, 56, 256)  0           conv2_block2_out[0][0]           
                                                                 conv2_block3_3_bn[0][0]          
__________________________________________________________________________________________________
conv2_block3_out (Activation)   (None, 56, 56, 256)  0           conv2_block3_add[0][0]           
__________________________________________________________________________________________________
conv3_block1_1_conv (Conv2D)    (None, 28, 28, 128)  32896       conv2_block3_out[0][0]           
__________________________________________________________________________________________________
conv3_block1_1_bn (BatchNormali (None, 28, 28, 128)  512         conv3_block1_1_conv[0][0]        
__________________________________________________________________________________________________
conv3_block1_1_relu (Activation (None, 28, 28, 128)  0           conv3_block1_1_bn[0][0]          
__________________________________________________________________________________________________
conv3_block1_2_conv (Conv2D)    (None, 28, 28, 128)  147584      conv3_block1_1_relu[0][0]        
__________________________________________________________________________________________________
conv3_block1_2_bn (BatchNormali (None, 28, 28, 128)  512         conv3_block1_2_conv[0][0]        
__________________________________________________________________________________________________
conv3_block1_2_relu (Activation (None, 28, 28, 128)  0           conv3_block1_2_bn[0][0]          
__________________________________________________________________________________________________
conv3_block1_0_conv (Conv2D)    (None, 28, 28, 512)  131584      conv2_block3_out[0][0]           
__________________________________________________________________________________________________
conv3_block1_3_conv (Conv2D)    (None, 28, 28, 512)  66048       conv3_block1_2_relu[0][0]        
__________________________________________________________________________________________________
conv3_block1_0_bn (BatchNormali (None, 28, 28, 512)  2048        conv3_block1_0_conv[0][0]        
__________________________________________________________________________________________________
conv3_block1_3_bn (BatchNormali (None, 28, 28, 512)  2048        conv3_block1_3_conv[0][0]        
__________________________________________________________________________________________________
conv3_block1_add (Add)          (None, 28, 28, 512)  0           conv3_block1_0_bn[0][0]          
                                                                 conv3_block1_3_bn[0][0]          
__________________________________________________________________________________________________
conv3_block1_out (Activation)   (None, 28, 28, 512)  0           conv3_block1_add[0][0]           
__________________________________________________________________________________________________
conv3_block2_1_conv (Conv2D)    (None, 28, 28, 128)  65664       conv3_block1_out[0][0]           
__________________________________________________________________________________________________
conv3_block2_1_bn (BatchNormali (None, 28, 28, 128)  512         conv3_block2_1_conv[0][0]        
__________________________________________________________________________________________________
conv3_block2_1_relu (Activation (None, 28, 28, 128)  0           conv3_block2_1_bn[0][0]          
__________________________________________________________________________________________________
conv3_block2_2_conv (Conv2D)    (None, 28, 28, 128)  147584      conv3_block2_1_relu[0][0]        
__________________________________________________________________________________________________
conv3_block2_2_bn (BatchNormali (None, 28, 28, 128)  512         conv3_block2_2_conv[0][0]        
__________________________________________________________________________________________________
conv3_block2_2_relu (Activation (None, 28, 28, 128)  0           conv3_block2_2_bn[0][0]          
__________________________________________________________________________________________________
conv3_block2_3_conv (Conv2D)    (None, 28, 28, 512)  66048       conv3_block2_2_relu[0][0]        
__________________________________________________________________________________________________
conv3_block2_3_bn (BatchNormali (None, 28, 28, 512)  2048        conv3_block2_3_conv[0][0]        
__________________________________________________________________________________________________
conv3_block2_add (Add)          (None, 28, 28, 512)  0           conv3_block1_out[0][0]           
                                                                 conv3_block2_3_bn[0][0]          
__________________________________________________________________________________________________
conv3_block2_out (Activation)   (None, 28, 28, 512)  0           conv3_block2_add[0][0]           
__________________________________________________________________________________________________
conv3_block3_1_conv (Conv2D)    (None, 28, 28, 128)  65664       conv3_block2_out[0][0]           
__________________________________________________________________________________________________
conv3_block3_1_bn (BatchNormali (None, 28, 28, 128)  512         conv3_block3_1_conv[0][0]        
__________________________________________________________________________________________________
conv3_block3_1_relu (Activation (None, 28, 28, 128)  0           conv3_block3_1_bn[0][0]          
__________________________________________________________________________________________________
conv3_block3_2_conv (Conv2D)    (None, 28, 28, 128)  147584      conv3_block3_1_relu[0][0]        
__________________________________________________________________________________________________
conv3_block3_2_bn (BatchNormali (None, 28, 28, 128)  512         conv3_block3_2_conv[0][0]        
__________________________________________________________________________________________________
conv3_block3_2_relu (Activation (None, 28, 28, 128)  0           conv3_block3_2_bn[0][0]          
__________________________________________________________________________________________________
conv3_block3_3_conv (Conv2D)    (None, 28, 28, 512)  66048       conv3_block3_2_relu[0][0]        
__________________________________________________________________________________________________
conv3_block3_3_bn (BatchNormali (None, 28, 28, 512)  2048        conv3_block3_3_conv[0][0]        
__________________________________________________________________________________________________
conv3_block3_add (Add)          (None, 28, 28, 512)  0           conv3_block2_out[0][0]           
                                                                 conv3_block3_3_bn[0][0]          
__________________________________________________________________________________________________
conv3_block3_out (Activation)   (None, 28, 28, 512)  0           conv3_block3_add[0][0]           
__________________________________________________________________________________________________
conv3_block4_1_conv (Conv2D)    (None, 28, 28, 128)  65664       conv3_block3_out[0][0]           
__________________________________________________________________________________________________
conv3_block4_1_bn (BatchNormali (None, 28, 28, 128)  512         conv3_block4_1_conv[0][0]        
__________________________________________________________________________________________________
conv3_block4_1_relu (Activation (None, 28, 28, 128)  0           conv3_block4_1_bn[0][0]          
__________________________________________________________________________________________________
conv3_block4_2_conv (Conv2D)    (None, 28, 28, 128)  147584      conv3_block4_1_relu[0][0]        
__________________________________________________________________________________________________
conv3_block4_2_bn (BatchNormali (None, 28, 28, 128)  512         conv3_block4_2_conv[0][0]        
__________________________________________________________________________________________________
conv3_block4_2_relu (Activation (None, 28, 28, 128)  0           conv3_block4_2_bn[0][0]          
__________________________________________________________________________________________________
conv3_block4_3_conv (Conv2D)    (None, 28, 28, 512)  66048       conv3_block4_2_relu[0][0]        
__________________________________________________________________________________________________
conv3_block4_3_bn (BatchNormali (None, 28, 28, 512)  2048        conv3_block4_3_conv[0][0]        
__________________________________________________________________________________________________
conv3_block4_add (Add)          (None, 28, 28, 512)  0           conv3_block3_out[0][0]           
                                                                 conv3_block4_3_bn[0][0]          
__________________________________________________________________________________________________
conv3_block4_out (Activation)   (None, 28, 28, 512)  0           conv3_block4_add[0][0]           
__________________________________________________________________________________________________
conv4_block1_1_conv (Conv2D)    (None, 14, 14, 256)  131328      conv3_block4_out[0][0]           
__________________________________________________________________________________________________
conv4_block1_1_bn (BatchNormali (None, 14, 14, 256)  1024        conv4_block1_1_conv[0][0]        
__________________________________________________________________________________________________
conv4_block1_1_relu (Activation (None, 14, 14, 256)  0           conv4_block1_1_bn[0][0]          
__________________________________________________________________________________________________
conv4_block1_2_conv (Conv2D)    (None, 14, 14, 256)  590080      conv4_block1_1_relu[0][0]        
__________________________________________________________________________________________________
conv4_block1_2_bn (BatchNormali (None, 14, 14, 256)  1024        conv4_block1_2_conv[0][0]        
__________________________________________________________________________________________________
conv4_block1_2_relu (Activation (None, 14, 14, 256)  0           conv4_block1_2_bn[0][0]          
__________________________________________________________________________________________________
conv4_block1_0_conv (Conv2D)    (None, 14, 14, 1024) 525312      conv3_block4_out[0][0]           
__________________________________________________________________________________________________
conv4_block1_3_conv (Conv2D)    (None, 14, 14, 1024) 263168      conv4_block1_2_relu[0][0]        
__________________________________________________________________________________________________
conv4_block1_0_bn (BatchNormali (None, 14, 14, 1024) 4096        conv4_block1_0_conv[0][0]        
__________________________________________________________________________________________________
conv4_block1_3_bn (BatchNormali (None, 14, 14, 1024) 4096        conv4_block1_3_conv[0][0]        
__________________________________________________________________________________________________
conv4_block1_add (Add)          (None, 14, 14, 1024) 0           conv4_block1_0_bn[0][0]          
                                                                 conv4_block1_3_bn[0][0]          
__________________________________________________________________________________________________
conv4_block1_out (Activation)   (None, 14, 14, 1024) 0           conv4_block1_add[0][0]           
__________________________________________________________________________________________________
conv4_block2_1_conv (Conv2D)    (None, 14, 14, 256)  262400      conv4_block1_out[0][0]           
__________________________________________________________________________________________________
conv4_block2_1_bn (BatchNormali (None, 14, 14, 256)  1024        conv4_block2_1_conv[0][0]        
__________________________________________________________________________________________________
conv4_block2_1_relu (Activation (None, 14, 14, 256)  0           conv4_block2_1_bn[0][0]          
__________________________________________________________________________________________________
conv4_block2_2_conv (Conv2D)    (None, 14, 14, 256)  590080      conv4_block2_1_relu[0][0]        
__________________________________________________________________________________________________
conv4_block2_2_bn (BatchNormali (None, 14, 14, 256)  1024        conv4_block2_2_conv[0][0]        
__________________________________________________________________________________________________
conv4_block2_2_relu (Activation (None, 14, 14, 256)  0           conv4_block2_2_bn[0][0]          
__________________________________________________________________________________________________
conv4_block2_3_conv (Conv2D)    (None, 14, 14, 1024) 263168      conv4_block2_2_relu[0][0]        
__________________________________________________________________________________________________
conv4_block2_3_bn (BatchNormali (None, 14, 14, 1024) 4096        conv4_block2_3_conv[0][0]        
__________________________________________________________________________________________________
conv4_block2_add (Add)          (None, 14, 14, 1024) 0           conv4_block1_out[0][0]           
                                                                 conv4_block2_3_bn[0][0]          
__________________________________________________________________________________________________
conv4_block2_out (Activation)   (None, 14, 14, 1024) 0           conv4_block2_add[0][0]           
__________________________________________________________________________________________________
conv4_block3_1_conv (Conv2D)    (None, 14, 14, 256)  262400      conv4_block2_out[0][0]           
__________________________________________________________________________________________________
conv4_block3_1_bn (BatchNormali (None, 14, 14, 256)  1024        conv4_block3_1_conv[0][0]        
__________________________________________________________________________________________________
conv4_block3_1_relu (Activation (None, 14, 14, 256)  0           conv4_block3_1_bn[0][0]          
__________________________________________________________________________________________________
conv4_block3_2_conv (Conv2D)    (None, 14, 14, 256)  590080      conv4_block3_1_relu[0][0]        
__________________________________________________________________________________________________
conv4_block3_2_bn (BatchNormali (None, 14, 14, 256)  1024        conv4_block3_2_conv[0][0]        
__________________________________________________________________________________________________
conv4_block3_2_relu (Activation (None, 14, 14, 256)  0           conv4_block3_2_bn[0][0]          
__________________________________________________________________________________________________
conv4_block3_3_conv (Conv2D)    (None, 14, 14, 1024) 263168      conv4_block3_2_relu[0][0]        
__________________________________________________________________________________________________
conv4_block3_3_bn (BatchNormali (None, 14, 14, 1024) 4096        conv4_block3_3_conv[0][0]        
__________________________________________________________________________________________________
conv4_block3_add (Add)          (None, 14, 14, 1024) 0           conv4_block2_out[0][0]           
                                                                 conv4_block3_3_bn[0][0]          
__________________________________________________________________________________________________
conv4_block3_out (Activation)   (None, 14, 14, 1024) 0           conv4_block3_add[0][0]           
__________________________________________________________________________________________________
conv4_block4_1_conv (Conv2D)    (None, 14, 14, 256)  262400      conv4_block3_out[0][0]           
__________________________________________________________________________________________________
conv4_block4_1_bn (BatchNormali (None, 14, 14, 256)  1024        conv4_block4_1_conv[0][0]        
__________________________________________________________________________________________________
conv4_block4_1_relu (Activation (None, 14, 14, 256)  0           conv4_block4_1_bn[0][0]          
__________________________________________________________________________________________________
conv4_block4_2_conv (Conv2D)    (None, 14, 14, 256)  590080      conv4_block4_1_relu[0][0]        
__________________________________________________________________________________________________
conv4_block4_2_bn (BatchNormali (None, 14, 14, 256)  1024        conv4_block4_2_conv[0][0]        
__________________________________________________________________________________________________
conv4_block4_2_relu (Activation (None, 14, 14, 256)  0           conv4_block4_2_bn[0][0]          
__________________________________________________________________________________________________
conv4_block4_3_conv (Conv2D)    (None, 14, 14, 1024) 263168      conv4_block4_2_relu[0][0]        
__________________________________________________________________________________________________
conv4_block4_3_bn (BatchNormali (None, 14, 14, 1024) 4096        conv4_block4_3_conv[0][0]        
__________________________________________________________________________________________________
conv4_block4_add (Add)          (None, 14, 14, 1024) 0           conv4_block3_out[0][0]           
                                                                 conv4_block4_3_bn[0][0]          
__________________________________________________________________________________________________
conv4_block4_out (Activation)   (None, 14, 14, 1024) 0           conv4_block4_add[0][0]           
__________________________________________________________________________________________________
conv4_block5_1_conv (Conv2D)    (None, 14, 14, 256)  262400      conv4_block4_out[0][0]           
__________________________________________________________________________________________________
conv4_block5_1_bn (BatchNormali (None, 14, 14, 256)  1024        conv4_block5_1_conv[0][0]        
__________________________________________________________________________________________________
conv4_block5_1_relu (Activation (None, 14, 14, 256)  0           conv4_block5_1_bn[0][0]          
__________________________________________________________________________________________________
conv4_block5_2_conv (Conv2D)    (None, 14, 14, 256)  590080      conv4_block5_1_relu[0][0]        
__________________________________________________________________________________________________
conv4_block5_2_bn (BatchNormali (None, 14, 14, 256)  1024        conv4_block5_2_conv[0][0]        
__________________________________________________________________________________________________
conv4_block5_2_relu (Activation (None, 14, 14, 256)  0           conv4_block5_2_bn[0][0]          
__________________________________________________________________________________________________
conv4_block5_3_conv (Conv2D)    (None, 14, 14, 1024) 263168      conv4_block5_2_relu[0][0]        
__________________________________________________________________________________________________
conv4_block5_3_bn (BatchNormali (None, 14, 14, 1024) 4096        conv4_block5_3_conv[0][0]        
__________________________________________________________________________________________________
conv4_block5_add (Add)          (None, 14, 14, 1024) 0           conv4_block4_out[0][0]           
                                                                 conv4_block5_3_bn[0][0]          
__________________________________________________________________________________________________
conv4_block5_out (Activation)   (None, 14, 14, 1024) 0           conv4_block5_add[0][0]           
__________________________________________________________________________________________________
conv4_block6_1_conv (Conv2D)    (None, 14, 14, 256)  262400      conv4_block5_out[0][0]           
__________________________________________________________________________________________________
conv4_block6_1_bn (BatchNormali (None, 14, 14, 256)  1024        conv4_block6_1_conv[0][0]        
__________________________________________________________________________________________________
conv4_block6_1_relu (Activation (None, 14, 14, 256)  0           conv4_block6_1_bn[0][0]          
__________________________________________________________________________________________________
conv4_block6_2_conv (Conv2D)    (None, 14, 14, 256)  590080      conv4_block6_1_relu[0][0]        
__________________________________________________________________________________________________
conv4_block6_2_bn (BatchNormali (None, 14, 14, 256)  1024        conv4_block6_2_conv[0][0]        
__________________________________________________________________________________________________
conv4_block6_2_relu (Activation (None, 14, 14, 256)  0           conv4_block6_2_bn[0][0]          
__________________________________________________________________________________________________
conv4_block6_3_conv (Conv2D)    (None, 14, 14, 1024) 263168      conv4_block6_2_relu[0][0]        
__________________________________________________________________________________________________
conv4_block6_3_bn (BatchNormali (None, 14, 14, 1024) 4096        conv4_block6_3_conv[0][0]        
__________________________________________________________________________________________________
conv4_block6_add (Add)          (None, 14, 14, 1024) 0           conv4_block5_out[0][0]           
                                                                 conv4_block6_3_bn[0][0]          
__________________________________________________________________________________________________
conv4_block6_out (Activation)   (None, 14, 14, 1024) 0           conv4_block6_add[0][0]           
__________________________________________________________________________________________________
conv5_block1_1_conv (Conv2D)    (None, 7, 7, 512)    524800      conv4_block6_out[0][0]           
__________________________________________________________________________________________________
conv5_block1_1_bn (BatchNormali (None, 7, 7, 512)    2048        conv5_block1_1_conv[0][0]        
__________________________________________________________________________________________________
conv5_block1_1_relu (Activation (None, 7, 7, 512)    0           conv5_block1_1_bn[0][0]          
__________________________________________________________________________________________________
conv5_block1_2_conv (Conv2D)    (None, 7, 7, 512)    2359808     conv5_block1_1_relu[0][0]        
__________________________________________________________________________________________________
conv5_block1_2_bn (BatchNormali (None, 7, 7, 512)    2048        conv5_block1_2_conv[0][0]        
__________________________________________________________________________________________________
conv5_block1_2_relu (Activation (None, 7, 7, 512)    0           conv5_block1_2_bn[0][0]          
__________________________________________________________________________________________________
conv5_block1_0_conv (Conv2D)    (None, 7, 7, 2048)   2099200     conv4_block6_out[0][0]           
__________________________________________________________________________________________________
conv5_block1_3_conv (Conv2D)    (None, 7, 7, 2048)   1050624     conv5_block1_2_relu[0][0]        
__________________________________________________________________________________________________
conv5_block1_0_bn (BatchNormali (None, 7, 7, 2048)   8192        conv5_block1_0_conv[0][0]        
__________________________________________________________________________________________________
conv5_block1_3_bn (BatchNormali (None, 7, 7, 2048)   8192        conv5_block1_3_conv[0][0]        
__________________________________________________________________________________________________
conv5_block1_add (Add)          (None, 7, 7, 2048)   0           conv5_block1_0_bn[0][0]          
                                                                 conv5_block1_3_bn[0][0]          
__________________________________________________________________________________________________
conv5_block1_out (Activation)   (None, 7, 7, 2048)   0           conv5_block1_add[0][0]           
__________________________________________________________________________________________________
conv5_block2_1_conv (Conv2D)    (None, 7, 7, 512)    1049088     conv5_block1_out[0][0]           
__________________________________________________________________________________________________
conv5_block2_1_bn (BatchNormali (None, 7, 7, 512)    2048        conv5_block2_1_conv[0][0]        
__________________________________________________________________________________________________
conv5_block2_1_relu (Activation (None, 7, 7, 512)    0           conv5_block2_1_bn[0][0]          
__________________________________________________________________________________________________
conv5_block2_2_conv (Conv2D)    (None, 7, 7, 512)    2359808     conv5_block2_1_relu[0][0]        
__________________________________________________________________________________________________
conv5_block2_2_bn (BatchNormali (None, 7, 7, 512)    2048        conv5_block2_2_conv[0][0]        
__________________________________________________________________________________________________
conv5_block2_2_relu (Activation (None, 7, 7, 512)    0           conv5_block2_2_bn[0][0]          
__________________________________________________________________________________________________
conv5_block2_3_conv (Conv2D)    (None, 7, 7, 2048)   1050624     conv5_block2_2_relu[0][0]        
__________________________________________________________________________________________________
conv5_block2_3_bn (BatchNormali (None, 7, 7, 2048)   8192        conv5_block2_3_conv[0][0]        
__________________________________________________________________________________________________
conv5_block2_add (Add)          (None, 7, 7, 2048)   0           conv5_block1_out[0][0]           
                                                                 conv5_block2_3_bn[0][0]          
__________________________________________________________________________________________________
conv5_block2_out (Activation)   (None, 7, 7, 2048)   0           conv5_block2_add[0][0]           
__________________________________________________________________________________________________
conv5_block3_1_conv (Conv2D)    (None, 7, 7, 512)    1049088     conv5_block2_out[0][0]           
__________________________________________________________________________________________________
conv5_block3_1_bn (BatchNormali (None, 7, 7, 512)    2048        conv5_block3_1_conv[0][0]        
__________________________________________________________________________________________________
conv5_block3_1_relu (Activation (None, 7, 7, 512)    0           conv5_block3_1_bn[0][0]          
__________________________________________________________________________________________________
conv5_block3_2_conv (Conv2D)    (None, 7, 7, 512)    2359808     conv5_block3_1_relu[0][0]        
__________________________________________________________________________________________________
conv5_block3_2_bn (BatchNormali (None, 7, 7, 512)    2048        conv5_block3_2_conv[0][0]        
__________________________________________________________________________________________________
conv5_block3_2_relu (Activation (None, 7, 7, 512)    0           conv5_block3_2_bn[0][0]          
__________________________________________________________________________________________________
conv5_block3_3_conv (Conv2D)    (None, 7, 7, 2048)   1050624     conv5_block3_2_relu[0][0]        
__________________________________________________________________________________________________
conv5_block3_3_bn (BatchNormali (None, 7, 7, 2048)   8192        conv5_block3_3_conv[0][0]        
__________________________________________________________________________________________________
conv5_block3_add (Add)          (None, 7, 7, 2048)   0           conv5_block2_out[0][0]           
                                                                 conv5_block3_3_bn[0][0]          
__________________________________________________________________________________________________
conv5_block3_out (Activation)   (None, 7, 7, 2048)   0           conv5_block3_add[0][0]           
__________________________________________________________________________________________________
flatten (Flatten)               (None, 100352)       0           conv5_block3_out[0][0]           
__________________________________________________________________________________________________
dense_10 (Dense)                (None, 256)          25690368    flatten[0][0]                    
__________________________________________________________________________________________________
dropout (Dropout)               (None, 256)          0           dense_10[0][0]                   
__________________________________________________________________________________________________
dense_11 (Dense)                (None, 128)          32896       dropout[0][0]                    
__________________________________________________________________________________________________
dropout_1 (Dropout)             (None, 128)          0           dense_11[0][0]                   
__________________________________________________________________________________________________
dense_12 (Dense)                (None, 128)          16512       dropout_1[0][0]                  
__________________________________________________________________________________________________
dropout_2 (Dropout)             (None, 128)          0           dense_12[0][0]                   
__________________________________________________________________________________________________
dense_13 (Dense)                (None, 128)          16512       dropout_2[0][0]                  
__________________________________________________________________________________________________
dropout_3 (Dropout)             (None, 128)          0           dense_13[0][0]                   
__________________________________________________________________________________________________
dense_14 (Dense)                (None, 1)            129         dropout_3[0][0]                  
==================================================================================================
Total params: 49,344,129
Trainable params: 25,756,417
Non-trainable params: 23,587,712
__________________________________________________________________________________________________
None
Adding Images: Reading ./databaserelease2/NatureDataset4/train2/1-meadows205.jpg
[0, 1]
Reading ./databaserelease2/NatureDataset4/train2/0-meadows271.jpg
[1, 0]
Reading ./databaserelease2/NatureDataset4/train2/1-meadows365.jpg
[0, 1]
Reading ./databaserelease2/NatureDataset4/train2/1-meadows396.jpg
[0, 1]
Reading ./databaserelease2/NatureDataset4/train2/0-meadows296.jpg
[1, 0]
Reading ./databaserelease2/NatureDataset4/train2/0-meadows299.jpg
[1, 0]
Reading ./databaserelease2/NatureDataset4/train2/0-meadows463.jpg
[1, 0]
Reading ./databaserelease2/NatureDataset4/train2/0-meadows170.jpg
[1, 0]
Reading ./databaserelease2/NatureDataset4/train2/1-meadows265.jpg
[0, 1]
Reading ./databaserelease2/NatureDataset4/train2/1-meadows204.jpg
[0, 1]
Reading ./databaserelease2/NatureDataset4/train2/1-meadows414.jpg
[0, 1]
Reading ./databaserelease2/NatureDataset4/train2/1-meadows311.jpg
[0, 1]
Reading ./databaserelease2/NatureDataset4/train2/0-meadows46.jpg
[1, 0]
Reading ./databaserelease2/NatureDataset4/train2/0-meadows151.jpg
[1, 0]
Reading ./databaserelease2/NatureDataset4/train2/0-meadows446.jpg
[1, 0]
Reading ./databaserelease2/NatureDataset4/train2/0-meadows432.jpg
[1, 0]
Reading ./databaserelease2/NatureDataset4/train2/0-meadows129.jpg
[1, 0]
Reading ./databaserelease2/NatureDataset4/train2/0-meadows220.jpg
[1, 0]
Reading ./databaserelease2/NatureDataset4/train2/1-meadows88.jpg
[0, 1]
Reading ./databaserelease2/NatureDataset4/train2/0-meadows75.jpg
[1, 0]
Reading ./databaserelease2/NatureDataset4/train2/0-meadows347.jpg
[1, 0]
Reading ./databaserelease2/NatureDataset4/train2/1-meadows93.jpg
[0, 1]
Reading ./databaserelease2/NatureDataset4/train2/1-meadows198.jpg
[0, 1]
Reading ./databaserelease2/NatureDataset4/train2/0-meadows139.jpg
[1, 0]
Reading ./databaserelease2/NatureDataset4/train2/0-meadows31.jpg
[1, 0]
Reading ./databaserelease2/NatureDataset4/train2/1-meadows381.jpg
[0, 1]
Reading ./databaserelease2/NatureDataset4/train2/1-meadows241.jpg
[0, 1]
Reading ./databaserelease2/NatureDataset4/train2/1-meadows83.jpg
[0, 1]
Reading ./databaserelease2/NatureDataset4/train2/0-meadows407.jpg
[1, 0]
Reading ./databaserelease2/NatureDataset4/train2/0-meadows157.jpg
[1, 0]
Reading ./databaserelease2/NatureDataset4/train2/0-meadows149.jpg
[1, 0]
Reading ./databaserelease2/NatureDataset4/train2/1-meadows427.jpg
[0, 1]
Reading ./databaserelease2/NatureDataset4/train2/0-meadows338.jpg
[1, 0]
Reading ./databaserelease2/NatureDataset4/train2/1-meadows244.jpg
[0, 1]
Reading ./databaserelease2/NatureDataset4/train2/0-meadows23.jpg
[1, 0]
Reading ./databaserelease2/NatureDataset4/train2/0-meadows314.jpg
[1, 0]
Reading ./databaserelease2/NatureDataset4/train2/1-meadows435.jpg
[0, 1]
Reading ./databaserelease2/NatureDataset4/train2/0-meadows233.jpg
[1, 0]
Reading ./databaserelease2/NatureDataset4/train2/0-meadows196.jpg
[1, 0]
Reading ./databaserelease2/NatureDataset4/train2/0-meadows217.jpg
[1, 0]
Reading ./databaserelease2/NatureDataset4/train2/0-meadows119.jpg
[1, 0]
Reading ./databaserelease2/NatureDataset4/train2/0-meadows278.jpg
[1, 0]
Reading ./databaserelease2/NatureDataset4/train2/1-meadows256.jpg
[0, 1]
Reading ./databaserelease2/NatureDataset4/train2/1-meadows380.jpg
[0, 1]
Reading ./databaserelease2/NatureDataset4/train2/0-meadows35.jpg
[1, 0]
Reading ./databaserelease2/NatureDataset4/train2/0-meadows183.jpg
[1, 0]
Reading ./databaserelease2/NatureDataset4/train2/0-meadows120.jpg
[1, 0]
Reading ./databaserelease2/NatureDataset4/train2/0-meadows303.jpg
[1, 0]
Reading ./databaserelease2/NatureDataset4/train2/1-meadows317.jpg
[0, 1]
Reading ./databaserelease2/NatureDataset4/train2/0-meadows285.jpg
[1, 0]
Reading ./databaserelease2/NatureDataset4/train2/0-meadows113.jpg
[1, 0]
Reading ./databaserelease2/NatureDataset4/train2/0-meadows274.jpg
[1, 0]
Reading ./databaserelease2/NatureDataset4/train2/1-meadows57.jpg
[0, 1]
Reading ./databaserelease2/NatureDataset4/train2/0-meadows302.jpg
[1, 0]
Reading ./databaserelease2/NatureDataset4/train2/0-meadows342.jpg
[1, 0]
Reading ./databaserelease2/NatureDataset4/train2/1-meadows153.jpg
[0, 1]
Reading ./databaserelease2/NatureDataset4/train2/1-meadows175.jpg
[0, 1]
Reading ./databaserelease2/NatureDataset4/train2/0-meadows21.jpg
[1, 0]
Reading ./databaserelease2/NatureDataset4/train2/0-meadows493.jpg
[1, 0]
Reading ./databaserelease2/NatureDataset4/train2/0-meadows245.jpg
[1, 0]
Reading ./databaserelease2/NatureDataset4/train2/0-meadows59.jpg
[1, 0]
Reading ./databaserelease2/NatureDataset4/train2/1-meadows488.jpg
[0, 1]
Reading ./databaserelease2/NatureDataset4/train2/1-meadows300.jpg
[0, 1]
Reading ./databaserelease2/NatureDataset4/train2/0-meadows406.jpg
[1, 0]
Reading ./databaserelease2/NatureDataset4/train2/0-meadows439.jpg
[1, 0]
Reading ./databaserelease2/NatureDataset4/train2/1-meadows494.jpg
[0, 1]
Reading ./databaserelease2/NatureDataset4/train2/1-meadows121.jpg
[0, 1]
Reading ./databaserelease2/NatureDataset4/train2/1-meadows165.jpg
[0, 1]
Reading ./databaserelease2/NatureDataset4/train2/1-meadows448.jpg
[0, 1]
Reading ./databaserelease2/NatureDataset4/train2/1-meadows269.jpg
[0, 1]
Reading ./databaserelease2/NatureDataset4/train2/1-meadows417.jpg
[0, 1]
Reading ./databaserelease2/NatureDataset4/train2/1-meadows216.jpg
[0, 1]
Reading ./databaserelease2/NatureDataset4/train2/1-meadows162.jpg
[0, 1]
Reading ./databaserelease2/NatureDataset4/train2/0-meadows108.jpg
[1, 0]
Reading ./databaserelease2/NatureDataset4/train2/1-meadows324.jpg
[0, 1]
Reading ./databaserelease2/NatureDataset4/train2/0-meadows50.jpg
[1, 0]
Reading ./databaserelease2/NatureDataset4/train2/0-meadows84.jpg
[1, 0]
Reading ./databaserelease2/NatureDataset4/train2/0-meadows77.jpg
[1, 0]
Reading ./databaserelease2/NatureDataset4/train2/1-meadows433.jpg
[0, 1]
Reading ./databaserelease2/NatureDataset4/train2/1-meadows279.jpg
[0, 1]
Reading ./databaserelease2/NatureDataset4/train2/0-meadows354.jpg
[1, 0]
Reading ./databaserelease2/NatureDataset4/train2/0-meadows284.jpg
[1, 0]
Reading ./databaserelease2/NatureDataset4/train2/1-meadows321.jpg
[0, 1]
Reading ./databaserelease2/NatureDataset4/train2/0-meadows33.jpg
[1, 0]
Reading ./databaserelease2/NatureDataset4/train2/1-meadows390.jpg
[0, 1]
Reading ./databaserelease2/NatureDataset4/train2/1-meadows413.jpg
[0, 1]
Reading ./databaserelease2/NatureDataset4/train2/0-meadows369.jpg
[1, 0]
Reading ./databaserelease2/NatureDataset4/train2/1-meadows202.jpg
[0, 1]
Reading ./databaserelease2/NatureDataset4/train2/0-meadows190.jpg
[1, 0]
Reading ./databaserelease2/NatureDataset4/train2/1-meadows310.jpg
[0, 1]
Reading ./databaserelease2/NatureDataset4/train2/0-meadows335.jpg
[1, 0]
Reading ./databaserelease2/NatureDataset4/train2/0-meadows451.jpg
[1, 0]
Reading ./databaserelease2/NatureDataset4/train2/1-meadows174.jpg
[0, 1]
Reading ./databaserelease2/NatureDataset4/train2/0-meadows329.jpg
[1, 0]
Reading ./databaserelease2/NatureDataset4/train2/1-meadows457.jpg
[0, 1]
Reading ./databaserelease2/NatureDataset4/train2/0-meadows40.jpg
[1, 0]
Reading ./databaserelease2/NatureDataset4/train2/0-meadows203.jpg
[1, 0]
Reading ./databaserelease2/NatureDataset4/train2/1-meadows125.jpg
[0, 1]
Reading ./databaserelease2/NatureDataset4/train2/1-meadows180.jpg
[0, 1]
Reading ./databaserelease2/NatureDataset4/train2/0-meadows207.jpg
[1, 0]
Reading ./databaserelease2/NatureDataset4/train2/1-meadows428.jpg
[0, 1]
Reading ./databaserelease2/NatureDataset4/train2/0-meadows298.jpg
[1, 0]
Reading ./databaserelease2/NatureDataset4/train2/0-meadows243.jpg
[1, 0]
Reading ./databaserelease2/NatureDataset4/train2/0-meadows106.jpg
[1, 0]
Reading ./databaserelease2/NatureDataset4/train2/0-meadows459.jpg
[1, 0]
Reading ./databaserelease2/NatureDataset4/train2/1-meadows86.jpg
[0, 1]
Reading ./databaserelease2/NatureDataset4/train2/0-meadows98.jpg
[1, 0]
Reading ./databaserelease2/NatureDataset4/train2/1-meadows12.jpg
[0, 1]
Reading ./databaserelease2/NatureDataset4/train2/0-meadows400.jpg
[1, 0]
Reading ./databaserelease2/NatureDataset4/train2/1-meadows469.jpg
[0, 1]
Reading ./databaserelease2/NatureDataset4/train2/0-meadows315.jpg
[1, 0]
Reading ./databaserelease2/NatureDataset4/train2/1-meadows186.jpg
[0, 1]
Reading ./databaserelease2/NatureDataset4/train2/0-meadows343.jpg
[1, 0]
Reading ./databaserelease2/NatureDataset4/train2/0-meadows36.jpg
[1, 0]
Reading ./databaserelease2/NatureDataset4/train2/1-meadows485.jpg
[0, 1]
Reading ./databaserelease2/NatureDataset4/train2/1-meadows41.jpg
[0, 1]
Reading ./databaserelease2/NatureDataset4/train2/1-meadows29.jpg
[0, 1]
Reading ./databaserelease2/NatureDataset4/train2/0-meadows322.jpg
[1, 0]
Reading ./databaserelease2/NatureDataset4/train2/0-meadows72.jpg
[1, 0]
Reading ./databaserelease2/NatureDataset4/train2/1-meadows431.jpg
[0, 1]
Reading ./databaserelease2/NatureDataset4/train2/0-meadows498.jpg
[1, 0]
Reading ./databaserelease2/NatureDataset4/train2/1-meadows96.jpg
[0, 1]
Reading ./databaserelease2/NatureDataset4/train2/0-meadows66.jpg
[1, 0]
Reading ./databaserelease2/NatureDataset4/train2/1-meadows263.jpg
[0, 1]
Reading ./databaserelease2/NatureDataset4/train2/1-meadows360.jpg
[0, 1]
Reading ./databaserelease2/NatureDataset4/train2/1-meadows286.jpg
[0, 1]
Reading ./databaserelease2/NatureDataset4/train2/0-meadows138.jpg
[1, 0]
Reading ./databaserelease2/NatureDataset4/train2/0-meadows62.jpg
[1, 0]
Reading ./databaserelease2/NatureDataset4/train2/0-meadows229.jpg
[1, 0]
Reading ./databaserelease2/NatureDataset4/train2/0-meadows11.jpg
[1, 0]
Reading ./databaserelease2/NatureDataset4/train2/0-meadows89.jpg
[1, 0]
Reading ./databaserelease2/NatureDataset4/train2/0-meadows147.jpg
[1, 0]
Reading ./databaserelease2/NatureDataset4/train2/0-meadows178.jpg
[1, 0]
Reading ./databaserelease2/NatureDataset4/train2/1-meadows101.jpg
[0, 1]
Reading ./databaserelease2/NatureDataset4/train2/1-meadows421.jpg
[0, 1]
Reading ./databaserelease2/NatureDataset4/train2/1-meadows103.jpg
[0, 1]
Reading ./databaserelease2/NatureDataset4/train2/1-meadows297.jpg
[0, 1]
2021-10-27 20:31:35.051866: I tensorflow/compiler/mlir/mlir_graph_optimization_pass.cc:185] None of the MLIR Optimization Passes are enabled (registered 2)
Reading ./databaserelease2/NatureDataset4/train2/0-meadows355.jpg
[1, 0]
Reading ./databaserelease2/NatureDataset4/train2/0-meadows477.jpg
[1, 0]
Reading ./databaserelease2/NatureDataset4/train2/0-meadows213.jpg
[1, 0]
Reading ./databaserelease2/NatureDataset4/train2/1-meadows351.jpg
[0, 1]
Reading ./databaserelease2/NatureDataset4/train2/1-meadows273.jpg
[0, 1]
Reading ./databaserelease2/NatureDataset4/train2/0-meadows70.jpg
[1, 0]
Reading ./databaserelease2/NatureDataset4/train2/1-meadows194.jpg
[0, 1]
Reading ./databaserelease2/NatureDataset4/train2/0-meadows238.jpg
[1, 0]
Reading ./databaserelease2/NatureDataset4/train2/0-meadows500.jpg
[1, 0]
Reading ./databaserelease2/NatureDataset4/train2/0-meadows359.jpg
[1, 0]
Reading ./databaserelease2/NatureDataset4/train2/0-meadows454.jpg
[1, 0]
Reading ./databaserelease2/NatureDataset4/train2/0-meadows43.jpg
[1, 0]
Reading ./databaserelease2/NatureDataset4/train2/0-meadows124.jpg
[1, 0]
Reading ./databaserelease2/NatureDataset4/train2/0-meadows473.jpg
[1, 0]
Reading ./databaserelease2/NatureDataset4/train2/0-meadows316.jpg
[1, 0]
Reading ./databaserelease2/NatureDataset4/train2/1-meadows68.jpg
[0, 1]

Read 153 images.


Adding Images: Reading ./databaserelease2/NatureDataset4/val2/1-meadows148.jpg
[0, 1]
Reading ./databaserelease2/NatureDataset4/val2/0-meadows4.jpg
[1, 0]
Reading ./databaserelease2/NatureDataset4/val2/0-meadows37.jpg
[1, 0]
Reading ./databaserelease2/NatureDataset4/val2/1-meadows425.jpg
[0, 1]
Reading ./databaserelease2/NatureDataset4/val2/0-meadows441.jpg
[1, 0]
Reading ./databaserelease2/NatureDataset4/val2/1-meadows295.jpg
[0, 1]
Reading ./databaserelease2/NatureDataset4/val2/1-meadows176.jpg
[0, 1]
Reading ./databaserelease2/NatureDataset4/val2/0-meadows18.jpg
[1, 0]
Reading ./databaserelease2/NatureDataset4/val2/1-meadows74.jpg
[0, 1]
Reading ./databaserelease2/NatureDataset4/val2/0-meadows64.jpg
[1, 0]
Reading ./databaserelease2/NatureDataset4/val2/0-meadows177.jpg
[1, 0]
Reading ./databaserelease2/NatureDataset4/val2/1-meadows356.jpg
[0, 1]
Reading ./databaserelease2/NatureDataset4/val2/0-meadows9.jpg
[1, 0]
Reading ./databaserelease2/NatureDataset4/val2/0-meadows258.jpg
[1, 0]
Reading ./databaserelease2/NatureDataset4/val2/0-meadows56.jpg
[1, 0]
Reading ./databaserelease2/NatureDataset4/val2/0-meadows112.jpg
[1, 0]
Reading ./databaserelease2/NatureDataset4/val2/1-meadows28.jpg
[0, 1]
Reading ./databaserelease2/NatureDataset4/val2/1-meadows277.jpg
[0, 1]
Reading ./databaserelease2/NatureDataset4/val2/0-meadows340.jpg
[1, 0]
Reading ./databaserelease2/NatureDataset4/val2/1-meadows248.jpg
[0, 1]
Reading ./databaserelease2/NatureDataset4/val2/1-meadows388.jpg
[0, 1]
Reading ./databaserelease2/NatureDataset4/val2/0-meadows94.jpg
[1, 0]
Reading ./databaserelease2/NatureDataset4/val2/0-meadows250.jpg
[1, 0]
Reading ./databaserelease2/NatureDataset4/val2/0-meadows144.jpg
[1, 0]
Reading ./databaserelease2/NatureDataset4/val2/1-meadows15.jpg
[0, 1]
Reading ./databaserelease2/NatureDataset4/val2/1-meadows252.jpg
[0, 1]
Reading ./databaserelease2/NatureDataset4/val2/0-meadows291.jpg
[1, 0]
Reading ./databaserelease2/NatureDataset4/val2/0-meadows424.jpg
[1, 0]
Reading ./databaserelease2/NatureDataset4/val2/0-meadows187.jpg
[1, 0]
Reading ./databaserelease2/NatureDataset4/val2/0-meadows110.jpg
[1, 0]
Reading ./databaserelease2/NatureDataset4/val2/0-meadows34.jpg
[1, 0]
Reading ./databaserelease2/NatureDataset4/val2/1-meadows307.jpg
[0, 1]
Reading ./databaserelease2/NatureDataset4/val2/0-meadows292.jpg
[1, 0]
Reading ./databaserelease2/NatureDataset4/val2/1-meadows308.jpg
[0, 1]
Reading ./databaserelease2/NatureDataset4/val2/0-meadows377.jpg
[1, 0]
Reading ./databaserelease2/NatureDataset4/val2/1-meadows225.jpg
[0, 1]
Reading ./databaserelease2/NatureDataset4/val2/1-meadows430.jpg
[0, 1]
Reading ./databaserelease2/NatureDataset4/val2/1-meadows367.jpg
[0, 1]
Reading ./databaserelease2/NatureDataset4/val2/0-meadows239.jpg
[1, 0]
Reading ./databaserelease2/NatureDataset4/val2/0-meadows382.jpg
[1, 0]
Reading ./databaserelease2/NatureDataset4/val2/0-meadows195.jpg
Traceback (most recent call last):
  File "/mnt/beegfs/home/agolchub/repo/Aesthetic_Photo_Ranking/./train.py", line 642, in <module>
[1, 0]
Reading ./databaserelease2/NatureDataset4/val2/1-meadows323.jpg
[0, 1]
Reading ./databaserelease2/NatureDataset4/val2/1-meadows416.jpg
[0, 1]
Reading ./databaserelease2/NatureDataset4/val2/1-meadows438.jpg
[0, 1]
Reading ./databaserelease2/NatureDataset4/val2/1-meadows422.jpg
[0, 1]
Reading ./databaserelease2/NatureDataset4/val2/1-meadows30.jpg
[0, 1]
Reading ./databaserelease2/NatureDataset4/val2/0-meadows458.jpg
[1, 0]
Reading ./databaserelease2/NatureDataset4/val2/0-meadows387.jpg
[1, 0]
Reading ./databaserelease2/NatureDataset4/val2/0-meadows155.jpg
[1, 0]
Reading ./databaserelease2/NatureDataset4/val2/0-meadows163.jpg
[1, 0]
Reading ./databaserelease2/NatureDataset4/val2/0-meadows227.jpg
[1, 0]
Reading ./databaserelease2/NatureDataset4/val2/1-meadows260.jpg
[0, 1]
Reading ./databaserelease2/NatureDataset4/val2/1-meadows3.jpg
[0, 1]
Reading ./databaserelease2/NatureDataset4/val2/0-meadows236.jpg
[1, 0]
Reading ./databaserelease2/NatureDataset4/val2/0-meadows353.jpg
[1, 0]
Reading ./databaserelease2/NatureDataset4/val2/1-meadows169.jpg
[0, 1]
Reading ./databaserelease2/NatureDataset4/val2/0-meadows352.jpg
[1, 0]

Read 57 images.


Epoch 1/100
    main(sys.argv[1:])
  File "/mnt/beegfs/home/agolchub/repo/Aesthetic_Photo_Ranking/./train.py", line 639, in main
    train(modelin,modelout,imagepath,epochs,batch_size,lr,decay,nesterov,checkpoint_filepath,train_path,val_path,transfer_learning,randomize_weights,use_resnet,special_model,build_only,special_model2,batched_reader,simple_model)
  File "/mnt/beegfs/home/agolchub/repo/Aesthetic_Photo_Ranking/./train.py", line 525, in train
    history = model.fit(np.array(X_train), np.array(y_train),
  File "/mnt/beegfs/home/agolchub/miniconda3/envs/tf2-gpu/lib/python3.9/site-packages/keras/engine/training.py", line 1184, in fit
    tmp_logs = self.train_function(iterator)
  File "/mnt/beegfs/home/agolchub/miniconda3/envs/tf2-gpu/lib/python3.9/site-packages/tensorflow/python/eager/def_function.py", line 885, in __call__
    result = self._call(*args, **kwds)
  File "/mnt/beegfs/home/agolchub/miniconda3/envs/tf2-gpu/lib/python3.9/site-packages/tensorflow/python/eager/def_function.py", line 933, in _call
    self._initialize(args, kwds, add_initializers_to=initializers)
  File "/mnt/beegfs/home/agolchub/miniconda3/envs/tf2-gpu/lib/python3.9/site-packages/tensorflow/python/eager/def_function.py", line 759, in _initialize
    self._stateful_fn._get_concrete_function_internal_garbage_collected(  # pylint: disable=protected-access
  File "/mnt/beegfs/home/agolchub/miniconda3/envs/tf2-gpu/lib/python3.9/site-packages/tensorflow/python/eager/function.py", line 3066, in _get_concrete_function_internal_garbage_collected
    graph_function, _ = self._maybe_define_function(args, kwargs)
  File "/mnt/beegfs/home/agolchub/miniconda3/envs/tf2-gpu/lib/python3.9/site-packages/tensorflow/python/eager/function.py", line 3463, in _maybe_define_function
    graph_function = self._create_graph_function(args, kwargs)
  File "/mnt/beegfs/home/agolchub/miniconda3/envs/tf2-gpu/lib/python3.9/site-packages/tensorflow/python/eager/function.py", line 3298, in _create_graph_function
    func_graph_module.func_graph_from_py_func(
  File "/mnt/beegfs/home/agolchub/miniconda3/envs/tf2-gpu/lib/python3.9/site-packages/tensorflow/python/framework/func_graph.py", line 1007, in func_graph_from_py_func
    func_outputs = python_func(*func_args, **func_kwargs)
  File "/mnt/beegfs/home/agolchub/miniconda3/envs/tf2-gpu/lib/python3.9/site-packages/tensorflow/python/eager/def_function.py", line 668, in wrapped_fn
    out = weak_wrapped_fn().__wrapped__(*args, **kwds)
  File "/mnt/beegfs/home/agolchub/miniconda3/envs/tf2-gpu/lib/python3.9/site-packages/tensorflow/python/framework/func_graph.py", line 994, in wrapper
    raise e.ag_error_metadata.to_exception(e)
ValueError: in user code:

    /mnt/beegfs/home/agolchub/miniconda3/envs/tf2-gpu/lib/python3.9/site-packages/keras/engine/training.py:853 train_function  *
        return step_function(self, iterator)
    /mnt/beegfs/home/agolchub/miniconda3/envs/tf2-gpu/lib/python3.9/site-packages/keras/engine/training.py:842 step_function  **
        outputs = model.distribute_strategy.run(run_step, args=(data,))
    /mnt/beegfs/home/agolchub/miniconda3/envs/tf2-gpu/lib/python3.9/site-packages/tensorflow/python/distribute/distribute_lib.py:1286 run
        return self._extended.call_for_each_replica(fn, args=args, kwargs=kwargs)
    /mnt/beegfs/home/agolchub/miniconda3/envs/tf2-gpu/lib/python3.9/site-packages/tensorflow/python/distribute/distribute_lib.py:2849 call_for_each_replica
        return self._call_for_each_replica(fn, args, kwargs)
    /mnt/beegfs/home/agolchub/miniconda3/envs/tf2-gpu/lib/python3.9/site-packages/tensorflow/python/distribute/distribute_lib.py:3632 _call_for_each_replica
        return fn(*args, **kwargs)
    /mnt/beegfs/home/agolchub/miniconda3/envs/tf2-gpu/lib/python3.9/site-packages/keras/engine/training.py:835 run_step  **
        outputs = model.train_step(data)
    /mnt/beegfs/home/agolchub/miniconda3/envs/tf2-gpu/lib/python3.9/site-packages/keras/engine/training.py:787 train_step
        y_pred = self(x, training=True)
    /mnt/beegfs/home/agolchub/miniconda3/envs/tf2-gpu/lib/python3.9/site-packages/keras/engine/base_layer.py:1020 __call__
        input_spec.assert_input_compatibility(self.input_spec, inputs, self.name)
    /mnt/beegfs/home/agolchub/miniconda3/envs/tf2-gpu/lib/python3.9/site-packages/keras/engine/input_spec.py:266 assert_input_compatibility
        raise ValueError('Input ' + str(input_index) +

    ValueError: Input 0 is incompatible with layer model: expected shape=(None, 224, 224, 3), found shape=(None, 1024, 680, 3)

srun: error: nodegpu002: task 0: Exited with exit code 1
