2021-10-27 04:38:56.012513: I tensorflow/core/platform/cpu_feature_guard.cc:142] This TensorFlow binary is optimized with oneAPI Deep Neural Network Library (oneDNN) to use the following CPU instructions in performance-critical operations:  AVX2 FMA
To enable them in other operations, rebuild TensorFlow with the appropriate compiler flags.
2021-10-27 04:38:56.817788: I tensorflow/core/common_runtime/gpu/gpu_device.cc:1510] Created device /job:localhost/replica:0/task:0/device:GPU:0 with 38426 MB memory:  -> device: 0, name: A100-PCIE-40GB, pci bus id: 0000:21:00.0, compute capability: 8.0
Input file is " ./agnet.specialmodel2.3.meadows.1.checkpoint
Output file is " 
Image path is " ./databaserelease2/NatureDataset2/val
--------------------


Model Loaded
Model: "model"
__________________________________________________________________________________________________
Layer (type)                    Output Shape         Param #     Connected to                     
==================================================================================================
input_1 (InputLayer)            [(None, 256, 170, 3) 0                                            
__________________________________________________________________________________________________
conv2d (Conv2D)                 (None, 80, 83, 48)   15600       input_1[0][0]                    
__________________________________________________________________________________________________
batch_normalization (BatchNorma (None, 80, 83, 48)   192         conv2d[0][0]                     
__________________________________________________________________________________________________
dropout (Dropout)               (None, 80, 83, 48)   0           batch_normalization[0][0]        
__________________________________________________________________________________________________
conv2d_2 (Conv2D)               (None, 36, 38, 64)   248896      dropout[0][0]                    
__________________________________________________________________________________________________
batch_normalization_2 (BatchNor (None, 36, 38, 64)   256         conv2d_2[0][0]                   
__________________________________________________________________________________________________
dropout_2 (Dropout)             (None, 36, 38, 64)   0           batch_normalization_2[0][0]      
__________________________________________________________________________________________________
conv2d_4 (Conv2D)               (None, 15, 16, 128)  401536      dropout_2[0][0]                  
__________________________________________________________________________________________________
batch_normalization_4 (BatchNor (None, 15, 16, 128)  512         conv2d_4[0][0]                   
__________________________________________________________________________________________________
dropout_4 (Dropout)             (None, 15, 16, 128)  0           batch_normalization_4[0][0]      
__________________________________________________________________________________________________
conv2d_6 (Conv2D)               (None, 6, 6, 256)    819456      dropout_4[0][0]                  
__________________________________________________________________________________________________
batch_normalization_6 (BatchNor (None, 6, 6, 256)    1024        conv2d_6[0][0]                   
__________________________________________________________________________________________________
dropout_6 (Dropout)             (None, 6, 6, 256)    0           batch_normalization_6[0][0]      
__________________________________________________________________________________________________
conv2d_8 (Conv2D)               (None, 5, 5, 512)    524800      dropout_6[0][0]                  
__________________________________________________________________________________________________
batch_normalization_8 (BatchNor (None, 5, 5, 512)    2048        conv2d_8[0][0]                   
__________________________________________________________________________________________________
dropout_8 (Dropout)             (None, 5, 5, 512)    0           batch_normalization_8[0][0]      
__________________________________________________________________________________________________
conv2d_10 (Conv2D)              (None, 4, 4, 256)    524544      dropout_8[0][0]                  
__________________________________________________________________________________________________
batch_normalization_10 (BatchNo (None, 4, 4, 256)    1024        conv2d_10[0][0]                  
__________________________________________________________________________________________________
dropout_10 (Dropout)            (None, 4, 4, 256)    0           batch_normalization_10[0][0]     
__________________________________________________________________________________________________
conv2d_12 (Conv2D)              (None, 3, 3, 128)    131200      dropout_10[0][0]                 
__________________________________________________________________________________________________
batch_normalization_12 (BatchNo (None, 3, 3, 128)    512         conv2d_12[0][0]                  
__________________________________________________________________________________________________
dropout_12 (Dropout)            (None, 3, 3, 128)    0           batch_normalization_12[0][0]     
__________________________________________________________________________________________________
conv2d_14 (Conv2D)              (None, 2, 2, 64)     32832       dropout_12[0][0]                 
__________________________________________________________________________________________________
batch_normalization_14 (BatchNo (None, 2, 2, 64)     256         conv2d_14[0][0]                  
__________________________________________________________________________________________________
dropout_14 (Dropout)            (None, 2, 2, 64)     0           batch_normalization_14[0][0]     
__________________________________________________________________________________________________
conv2d_1 (Conv2D)               (None, 72, 75, 80)   311120      dropout[0][0]                    
__________________________________________________________________________________________________
conv2d_3 (Conv2D)               (None, 32, 34, 128)  204928      dropout_2[0][0]                  
__________________________________________________________________________________________________
conv2d_5 (Conv2D)               (None, 9, 10, 128)   802944      dropout_4[0][0]                  
__________________________________________________________________________________________________
conv2d_7 (Conv2D)               (None, 4, 4, 128)    295040      dropout_6[0][0]                  
__________________________________________________________________________________________________
conv2d_9 (Conv2D)               (None, 4, 4, 128)    262272      dropout_8[0][0]                  
__________________________________________________________________________________________________
conv2d_11 (Conv2D)              (None, 3, 3, 128)    131200      dropout_10[0][0]                 
__________________________________________________________________________________________________
conv2d_13 (Conv2D)              (None, 2, 2, 128)    65664       dropout_12[0][0]                 
__________________________________________________________________________________________________
conv2d_15 (Conv2D)              (None, 1, 1, 128)    32896       dropout_14[0][0]                 
__________________________________________________________________________________________________
conv2d_16 (Conv2D)              (None, 1, 1, 48)     12336       dropout_14[0][0]                 
__________________________________________________________________________________________________
batch_normalization_1 (BatchNor (None, 72, 75, 80)   320         conv2d_1[0][0]                   
__________________________________________________________________________________________________
batch_normalization_3 (BatchNor (None, 32, 34, 128)  512         conv2d_3[0][0]                   
__________________________________________________________________________________________________
batch_normalization_5 (BatchNor (None, 9, 10, 128)   512         conv2d_5[0][0]                   
__________________________________________________________________________________________________
batch_normalization_7 (BatchNor (None, 4, 4, 128)    512         conv2d_7[0][0]                   
__________________________________________________________________________________________________
batch_normalization_9 (BatchNor (None, 4, 4, 128)    512         conv2d_9[0][0]                   
__________________________________________________________________________________________________
batch_normalization_11 (BatchNo (None, 3, 3, 128)    512         conv2d_11[0][0]                  
__________________________________________________________________________________________________
batch_normalization_13 (BatchNo (None, 2, 2, 128)    512         conv2d_13[0][0]                  
__________________________________________________________________________________________________
batch_normalization_15 (BatchNo (None, 1, 1, 128)    512         conv2d_15[0][0]                  
__________________________________________________________________________________________________
batch_normalization_16 (BatchNo (None, 1, 1, 48)     192         conv2d_16[0][0]                  
__________________________________________________________________________________________________
dropout_1 (Dropout)             (None, 72, 75, 80)   0           batch_normalization_1[0][0]      
__________________________________________________________________________________________________
dropout_3 (Dropout)             (None, 32, 34, 128)  0           batch_normalization_3[0][0]      
__________________________________________________________________________________________________
dropout_5 (Dropout)             (None, 9, 10, 128)   0           batch_normalization_5[0][0]      
__________________________________________________________________________________________________
dropout_7 (Dropout)             (None, 4, 4, 128)    0           batch_normalization_7[0][0]      
__________________________________________________________________________________________________
dropout_9 (Dropout)             (None, 4, 4, 128)    0           batch_normalization_9[0][0]      
__________________________________________________________________________________________________
dropout_11 (Dropout)            (None, 3, 3, 128)    0           batch_normalization_11[0][0]     
__________________________________________________________________________________________________
dropout_13 (Dropout)            (None, 2, 2, 128)    0           batch_normalization_13[0][0]     
__________________________________________________________________________________________________
dropout_15 (Dropout)            (None, 1, 1, 128)    0           batch_normalization_15[0][0]     
__________________________________________________________________________________________________
dropout_16 (Dropout)            (None, 1, 1, 48)     0           batch_normalization_16[0][0]     
__________________________________________________________________________________________________
flatten (Flatten)               (None, 432000)       0           dropout_1[0][0]                  
__________________________________________________________________________________________________
flatten_1 (Flatten)             (None, 139264)       0           dropout_3[0][0]                  
__________________________________________________________________________________________________
flatten_2 (Flatten)             (None, 11520)        0           dropout_5[0][0]                  
__________________________________________________________________________________________________
flatten_3 (Flatten)             (None, 2048)         0           dropout_7[0][0]                  
__________________________________________________________________________________________________
flatten_4 (Flatten)             (None, 2048)         0           dropout_9[0][0]                  
__________________________________________________________________________________________________
flatten_5 (Flatten)             (None, 1152)         0           dropout_11[0][0]                 
__________________________________________________________________________________________________
flatten_6 (Flatten)             (None, 512)          0           dropout_13[0][0]                 
__________________________________________________________________________________________________
flatten_7 (Flatten)             (None, 128)          0           dropout_15[0][0]                 
__________________________________________________________________________________________________
flatten_8 (Flatten)             (None, 48)           0           dropout_16[0][0]                 
__________________________________________________________________________________________________
dense (Dense)                   (None, 25)           10800025    flatten[0][0]                    
__________________________________________________________________________________________________
dense_1 (Dense)                 (None, 25)           3481625     flatten_1[0][0]                  
__________________________________________________________________________________________________
dense_2 (Dense)                 (None, 25)           288025      flatten_2[0][0]                  
__________________________________________________________________________________________________
dense_3 (Dense)                 (None, 25)           51225       flatten_3[0][0]                  
__________________________________________________________________________________________________
dense_4 (Dense)                 (None, 25)           51225       flatten_4[0][0]                  
__________________________________________________________________________________________________
dense_5 (Dense)                 (None, 25)           28825       flatten_5[0][0]                  
__________________________________________________________________________________________________
dense_6 (Dense)                 (None, 25)           12825       flatten_6[0][0]                  
__________________________________________________________________________________________________
dense_7 (Dense)                 (None, 25)           3225        flatten_7[0][0]                  
__________________________________________________________________________________________________
dense_8 (Dense)                 (None, 128)          6272        flatten_8[0][0]                  
__________________________________________________________________________________________________
concatenate (Concatenate)       (None, 328)          0           dense[0][0]                      
                                                                 dense_1[0][0]                    
                                                                 dense_2[0][0]                    
                                                                 dense_3[0][0]                    
                                                                 dense_4[0][0]                    
                                                                 dense_5[0][0]                    
                                                                 dense_6[0][0]                    
                                                                 dense_7[0][0]                    
                                                                 dense_8[0][0]                    
__________________________________________________________________________________________________
dense_9 (Dense)                 (None, 256)          84224       concatenate[0][0]                
__________________________________________________________________________________________________
dropout_17 (Dropout)            (None, 256)          0           dense_9[0][0]                    
__________________________________________________________________________________________________
dense_10 (Dense)                (None, 128)          32896       dropout_17[0][0]                 
__________________________________________________________________________________________________
dropout_18 (Dropout)            (None, 128)          0           dense_10[0][0]                   
__________________________________________________________________________________________________
dense_11 (Dense)                (None, 10)           1290        dropout_18[0][0]                 
2021-10-27 04:39:04.465386: I tensorflow/compiler/mlir/mlir_graph_optimization_pass.cc:185] None of the MLIR Optimization Passes are enabled (registered 2)
2021-10-27 04:39:05.880260: I tensorflow/stream_executor/cuda/cuda_dnn.cc:369] Loaded cuDNN version 8201
2021-10-27 04:39:07.283464: W tensorflow/stream_executor/gpu/asm_compiler.cc:77] Couldn't get ptxas version string: Internal: Running ptxas --version returned 32512
2021-10-27 04:39:07.313793: W tensorflow/stream_executor/gpu/redzone_allocator.cc:314] Internal: ptxas exited with non-zero error code 32512, output: 
Relying on driver to perform ptx compilation. 
Modify $PATH to customize ptxas location.
This message will be only logged once.
2021-10-27 04:39:09.130198: I tensorflow/stream_executor/cuda/cuda_blas.cc:1760] TensorFloat-32 will be used for the matrix multiplication. This will only be logged once.
__________________________________________________________________________________________________
dense_12 (Dense)                (None, 1)            11          dense_11[0][0]                   
==================================================================================================
Total params: 19,668,877
Trainable params: 19,663,917
Non-trainable params: 4,960
__________________________________________________________________________________________________
None
Adding Images: Reading ./databaserelease2/NatureDataset2/val/3-meadows79.jpg
3
Reading ./databaserelease2/NatureDataset2/val/3-meadows76.jpg
3
Reading ./databaserelease2/NatureDataset2/val/3-meadows495.jpg
3
Reading ./databaserelease2/NatureDataset2/val/3-meadows78.jpg
3
Reading ./databaserelease2/NatureDataset2/val/4-meadows67.jpg
4
Reading ./databaserelease2/NatureDataset2/val/2-meadows498.jpg
2
Reading ./databaserelease2/NatureDataset2/val/2-meadows91.jpg
2
Reading ./databaserelease2/NatureDataset2/val/4-meadows61.jpg
4
Reading ./databaserelease2/NatureDataset2/val/4-meadows64.jpg
4
Reading ./databaserelease2/NatureDataset2/val/4-meadows477.jpg
4
Reading ./databaserelease2/NatureDataset2/val/2-meadows60.jpg
2
Reading ./databaserelease2/NatureDataset2/val/2-meadows54.jpg
2
Reading ./databaserelease2/NatureDataset2/val/2-meadows65.jpg
2
Reading ./databaserelease2/NatureDataset2/val/4-meadows89.jpg
4
Reading ./databaserelease2/NatureDataset2/val/2-meadows82.jpg
2
Reading ./databaserelease2/NatureDataset2/val/4-meadows59.jpg
4
Reading ./databaserelease2/NatureDataset2/val/2-meadows77.jpg
2
Reading ./databaserelease2/NatureDataset2/val/3-meadows7.jpg
3
Reading ./databaserelease2/NatureDataset2/val/3-meadows62.jpg
3
Reading ./databaserelease2/NatureDataset2/val/3-meadows481.jpg
3
Reading ./databaserelease2/NatureDataset2/val/2-meadows50.jpg
2
Reading ./databaserelease2/NatureDataset2/val/3-meadows75.jpg
3
Reading ./databaserelease2/NatureDataset2/val/3-meadows87.jpg
3
Reading ./databaserelease2/NatureDataset2/val/4-meadows53.jpg
4
Reading ./databaserelease2/NatureDataset2/val/2-meadows80.jpg
2
Reading ./databaserelease2/NatureDataset2/val/2-meadows52.jpg
2
Reading ./databaserelease2/NatureDataset2/val/4-meadows9.jpg
4
Reading ./databaserelease2/NatureDataset2/val/4-meadows496.jpg
4

Read 28 images.


[3 3 3 3 4 2 2 4 4 4 2 2 2 4 2 4 2 3 3 3 2 3 3 4 2 2 4 4]
[[2.6865284]
 [3.299674 ]
 [3.3619921]
 [3.6218748]
 [4.103051 ]
 [1.9061385]
 [2.8018782]
 [3.3997402]
 [4.176562 ]
 [4.4254127]
 [1.55957  ]
 [3.2790854]
 [3.936083 ]
 [3.5086977]
 [3.2123084]
 [3.0429308]
 [2.0810845]
 [2.9776764]
 [3.7754018]
 [3.4360056]
 [1.2885461]
 [2.451086 ]
 [3.9526231]
 [3.0838764]
 [1.8819522]
 [3.4592187]
 [3.9742372]
 [3.1678762]]
1/1 - 0s - loss: 0.6069 - accuracy: 0.0000e+00
Restored model, accuracy:  0.00%
