2021-11-01 18:40:23.591557: I tensorflow/core/platform/cpu_feature_guard.cc:142] This TensorFlow binary is optimized with oneAPI Deep Neural Network Library (oneDNN) to use the following CPU instructions in performance-critical operations:  AVX2 FMA
To enable them in other operations, rebuild TensorFlow with the appropriate compiler flags.
2021-11-01 18:40:24.377156: I tensorflow/core/common_runtime/gpu/gpu_device.cc:1510] Created device /job:localhost/replica:0/task:0/device:GPU:0 with 38426 MB memory:  -> device: 0, name: A100-PCIE-40GB, pci bus id: 0000:21:00.0, compute capability: 8.0
Input file is " ./agnet.specialmodel2.3.batchnormalization.meadowsonly.checkpoint
Output file is " 
Image path is " ./databaserelease2/NatureDataset5/val2
--------------------


Model Loaded
Model: "model"
__________________________________________________________________________________________________
Layer (type)                    Output Shape         Param #     Connected to                     
==================================================================================================
input_1 (InputLayer)            [(None, 1024, 680, 3 0                                            
__________________________________________________________________________________________________
conv2d_4 (Conv2D)               (None, 336, 338, 80) 26000       input_1[0][0]                    
__________________________________________________________________________________________________
batch_normalization_4 (BatchNor (None, 336, 338, 80) 320         conv2d_4[0][0]                   
__________________________________________________________________________________________________
activation_4 (Activation)       (None, 336, 338, 80) 0           batch_normalization_4[0][0]      
__________________________________________________________________________________________________
dropout_4 (Dropout)             (None, 336, 338, 80) 0           activation_4[0][0]               
__________________________________________________________________________________________________
conv2d_7 (Conv2D)               (None, 164, 165, 80) 518480      dropout_4[0][0]                  
__________________________________________________________________________________________________
batch_normalization_7 (BatchNor (None, 164, 165, 80) 320         conv2d_7[0][0]                   
__________________________________________________________________________________________________
activation_7 (Activation)       (None, 164, 165, 80) 0           batch_normalization_7[0][0]      
__________________________________________________________________________________________________
dropout_7 (Dropout)             (None, 164, 165, 80) 0           activation_7[0][0]               
__________________________________________________________________________________________________
conv2d_10 (Conv2D)              (None, 79, 80, 160)  627360      dropout_7[0][0]                  
__________________________________________________________________________________________________
batch_normalization_10 (BatchNo (None, 79, 80, 160)  640         conv2d_10[0][0]                  
__________________________________________________________________________________________________
activation_10 (Activation)      (None, 79, 80, 160)  0           batch_normalization_10[0][0]     
__________________________________________________________________________________________________
dropout_10 (Dropout)            (None, 79, 80, 160)  0           activation_10[0][0]              
__________________________________________________________________________________________________
conv2d (Conv2D)                 (None, 989, 669, 48) 62256       input_1[0][0]                    
__________________________________________________________________________________________________
conv2d_13 (Conv2D)              (None, 38, 38, 160)  640160      dropout_10[0][0]                 
__________________________________________________________________________________________________
batch_normalization (BatchNorma (None, 989, 669, 48) 192         conv2d[0][0]                     
__________________________________________________________________________________________________
batch_normalization_13 (BatchNo (None, 38, 38, 160)  640         conv2d_13[0][0]                  
__________________________________________________________________________________________________
activation (Activation)         (None, 989, 669, 48) 0           batch_normalization[0][0]        
__________________________________________________________________________________________________
activation_13 (Activation)      (None, 38, 38, 160)  0           batch_normalization_13[0][0]     
__________________________________________________________________________________________________
dropout (Dropout)               (None, 989, 669, 48) 0           activation[0][0]                 
__________________________________________________________________________________________________
dropout_13 (Dropout)            (None, 38, 38, 160)  0           activation_13[0][0]              
__________________________________________________________________________________________________
conv2d_1 (Conv2D)               (None, 491, 331, 80) 311120      dropout[0][0]                    
__________________________________________________________________________________________________
conv2d_16 (Conv2D)              (None, 19, 19, 320)  205120      dropout_13[0][0]                 
__________________________________________________________________________________________________
batch_normalization_1 (BatchNor (None, 491, 331, 80) 320         conv2d_1[0][0]                   
__________________________________________________________________________________________________
batch_normalization_16 (BatchNo (None, 19, 19, 320)  1280        conv2d_16[0][0]                  
__________________________________________________________________________________________________
activation_1 (Activation)       (None, 491, 331, 80) 0           batch_normalization_1[0][0]      
__________________________________________________________________________________________________
activation_16 (Activation)      (None, 19, 19, 320)  0           batch_normalization_16[0][0]     
__________________________________________________________________________________________________
dropout_1 (Dropout)             (None, 491, 331, 80) 0           activation_1[0][0]               
__________________________________________________________________________________________________
dropout_16 (Dropout)            (None, 19, 19, 320)  0           activation_16[0][0]              
__________________________________________________________________________________________________
conv2d_2 (Conv2D)               (None, 245, 165, 80) 57680       dropout_1[0][0]                  
__________________________________________________________________________________________________
conv2d_5 (Conv2D)               (None, 164, 165, 80) 518480      dropout_4[0][0]                  
__________________________________________________________________________________________________
conv2d_8 (Conv2D)               (None, 80, 81, 160)  320160      dropout_7[0][0]                  
__________________________________________________________________________________________________
conv2d_11 (Conv2D)              (None, 37, 37, 160)  1254560     dropout_10[0][0]                 
__________________________________________________________________________________________________
conv2d_14 (Conv2D)              (None, 18, 18, 320)  461120      dropout_13[0][0]                 
__________________________________________________________________________________________________
conv2d_17 (Conv2D)              (None, 9, 9, 320)    409920      dropout_16[0][0]                 
__________________________________________________________________________________________________
conv2d_19 (Conv2D)              (None, 9, 9, 320)    409920      dropout_16[0][0]                 
__________________________________________________________________________________________________
batch_normalization_2 (BatchNor (None, 245, 165, 80) 320         conv2d_2[0][0]                   
__________________________________________________________________________________________________
batch_normalization_5 (BatchNor (None, 164, 165, 80) 320         conv2d_5[0][0]                   
__________________________________________________________________________________________________
batch_normalization_8 (BatchNor (None, 80, 81, 160)  640         conv2d_8[0][0]                   
__________________________________________________________________________________________________
batch_normalization_11 (BatchNo (None, 37, 37, 160)  640         conv2d_11[0][0]                  
__________________________________________________________________________________________________
batch_normalization_14 (BatchNo (None, 18, 18, 320)  1280        conv2d_14[0][0]                  
__________________________________________________________________________________________________
batch_normalization_17 (BatchNo (None, 9, 9, 320)    1280        conv2d_17[0][0]                  
__________________________________________________________________________________________________
batch_normalization_19 (BatchNo (None, 9, 9, 320)    1280        conv2d_19[0][0]                  
__________________________________________________________________________________________________
activation_2 (Activation)       (None, 245, 165, 80) 0           batch_normalization_2[0][0]      
__________________________________________________________________________________________________
activation_5 (Activation)       (None, 164, 165, 80) 0           batch_normalization_5[0][0]      
__________________________________________________________________________________________________
activation_8 (Activation)       (None, 80, 81, 160)  0           batch_normalization_8[0][0]      
__________________________________________________________________________________________________
activation_11 (Activation)      (None, 37, 37, 160)  0           batch_normalization_11[0][0]     
__________________________________________________________________________________________________
activation_14 (Activation)      (None, 18, 18, 320)  0           batch_normalization_14[0][0]     
__________________________________________________________________________________________________
activation_17 (Activation)      (None, 9, 9, 320)    0           batch_normalization_17[0][0]     
__________________________________________________________________________________________________
activation_19 (Activation)      (None, 9, 9, 320)    0           batch_normalization_19[0][0]     
__________________________________________________________________________________________________
dropout_2 (Dropout)             (None, 245, 165, 80) 0           activation_2[0][0]               
__________________________________________________________________________________________________
dropout_5 (Dropout)             (None, 164, 165, 80) 0           activation_5[0][0]               
__________________________________________________________________________________________________
dropout_8 (Dropout)             (None, 80, 81, 160)  0           activation_8[0][0]               
__________________________________________________________________________________________________
dropout_11 (Dropout)            (None, 37, 37, 160)  0           activation_11[0][0]              
__________________________________________________________________________________________________
dropout_14 (Dropout)            (None, 18, 18, 320)  0           activation_14[0][0]              
__________________________________________________________________________________________________
dropout_17 (Dropout)            (None, 9, 9, 320)    0           activation_17[0][0]              
__________________________________________________________________________________________________
dropout_19 (Dropout)            (None, 9, 9, 320)    0           activation_19[0][0]              
__________________________________________________________________________________________________
conv2d_3 (Conv2D)               (None, 122, 82, 80)  25680       dropout_2[0][0]                  
__________________________________________________________________________________________________
conv2d_6 (Conv2D)               (None, 78, 79, 160)  1036960     dropout_5[0][0]                  
__________________________________________________________________________________________________
conv2d_9 (Conv2D)               (None, 38, 39, 320)  1280320     dropout_8[0][0]                  
__________________________________________________________________________________________________
conv2d_12 (Conv2D)              (None, 16, 16, 320)  2509120     dropout_11[0][0]                 
__________________________________________________________________________________________________
conv2d_15 (Conv2D)              (None, 8, 8, 320)    921920      dropout_14[0][0]                 
__________________________________________________________________________________________________
conv2d_18 (Conv2D)              (None, 4, 4, 320)    409920      dropout_17[0][0]                 
__________________________________________________________________________________________________
conv2d_20 (Conv2D)              (None, 4, 4, 320)    409920      dropout_19[0][0]                 
__________________________________________________________________________________________________
batch_normalization_3 (BatchNor (None, 122, 82, 80)  320         conv2d_3[0][0]                   
__________________________________________________________________________________________________
batch_normalization_6 (BatchNor (None, 78, 79, 160)  640         conv2d_6[0][0]                   
__________________________________________________________________________________________________
batch_normalization_9 (BatchNor (None, 38, 39, 320)  1280        conv2d_9[0][0]                   
__________________________________________________________________________________________________
batch_normalization_12 (BatchNo (None, 16, 16, 320)  1280        conv2d_12[0][0]                  
__________________________________________________________________________________________________
batch_normalization_15 (BatchNo (None, 8, 8, 320)    1280        conv2d_15[0][0]                  
__________________________________________________________________________________________________
batch_normalization_18 (BatchNo (None, 4, 4, 320)    1280        conv2d_18[0][0]                  
__________________________________________________________________________________________________
batch_normalization_20 (BatchNo (None, 4, 4, 320)    1280        conv2d_20[0][0]                  
__________________________________________________________________________________________________
activation_3 (Activation)       (None, 122, 82, 80)  0           batch_normalization_3[0][0]      
__________________________________________________________________________________________________
activation_6 (Activation)       (None, 78, 79, 160)  0           batch_normalization_6[0][0]      
__________________________________________________________________________________________________
activation_9 (Activation)       (None, 38, 39, 320)  0           batch_normalization_9[0][0]      
__________________________________________________________________________________________________
activation_12 (Activation)      (None, 16, 16, 320)  0           batch_normalization_12[0][0]     
__________________________________________________________________________________________________
activation_15 (Activation)      (None, 8, 8, 320)    0           batch_normalization_15[0][0]     
__________________________________________________________________________________________________
activation_18 (Activation)      (None, 4, 4, 320)    0           batch_normalization_18[0][0]     
__________________________________________________________________________________________________
activation_20 (Activation)      (None, 4, 4, 320)    0           batch_normalization_20[0][0]     
__________________________________________________________________________________________________
dropout_3 (Dropout)             (None, 122, 82, 80)  0           activation_3[0][0]               
__________________________________________________________________________________________________
dropout_6 (Dropout)             (None, 78, 79, 160)  0           activation_6[0][0]               
__________________________________________________________________________________________________
dropout_9 (Dropout)             (None, 38, 39, 320)  0           activation_9[0][0]               
__________________________________________________________________________________________________
dropout_12 (Dropout)            (None, 16, 16, 320)  0           activation_12[0][0]              
__________________________________________________________________________________________________
dropout_15 (Dropout)            (None, 8, 8, 320)    0           activation_15[0][0]              
__________________________________________________________________________________________________
dropout_18 (Dropout)            (None, 4, 4, 320)    0           activation_18[0][0]              
__________________________________________________________________________________________________
dropout_20 (Dropout)            (None, 4, 4, 320)    0           activation_20[0][0]              
__________________________________________________________________________________________________
flatten (Flatten)               (None, 800320)       0           dropout_3[0][0]                  
__________________________________________________________________________________________________
flatten_1 (Flatten)             (None, 985920)       0           dropout_6[0][0]                  
__________________________________________________________________________________________________
flatten_2 (Flatten)             (None, 474240)       0           dropout_9[0][0]                  
__________________________________________________________________________________________________
flatten_3 (Flatten)             (None, 81920)        0           dropout_12[0][0]                 
__________________________________________________________________________________________________
flatten_4 (Flatten)             (None, 20480)        0           dropout_15[0][0]                 
__________________________________________________________________________________________________
flatten_5 (Flatten)             (None, 5120)         0           dropout_18[0][0]                 
__________________________________________________________________________________________________
flatten_6 (Flatten)             (None, 5120)         0           dropout_20[0][0]                 
__________________________________________________________________________________________________
dense (Dense)                   (None, 256)          204882176   flatten[0][0]                    
__________________________________________________________________________________________________
dense_1 (Dense)                 (None, 25)           24648025    flatten_1[0][0]                  
__________________________________________________________________________________________________
dense_2 (Dense)                 (None, 25)           11856025    flatten_2[0][0]                  
__________________________________________________________________________________________________
dense_3 (Dense)                 (None, 25)           2048025     flatten_3[0][0]                  
__________________________________________________________________________________________________
dense_4 (Dense)                 (None, 25)           512025      flatten_4[0][0]                  
__________________________________________________________________________________________________
dense_5 (Dense)                 (None, 25)           128025      flatten_5[0][0]                  
__________________________________________________________________________________________________
dense_6 (Dense)                 (None, 256)          1310976     flatten_6[0][0]                  
__________________________________________________________________________________________________
dropout_21 (Dropout)            (None, 256)          0           dense[0][0]                      
__________________________________________________________________________________________________
dropout_22 (Dropout)            (None, 25)           0           dense_1[0][0]                    
__________________________________________________________________________________________________
dropout_23 (Dropout)            (None, 25)           0           dense_2[0][0]                    
__________________________________________________________________________________________________
dropout_24 (Dropout)            (None, 25)           0           dense_3[0][0]                    
__________________________________________________________________________________________________
dropout_25 (Dropout)            (None, 25)           0           dense_4[0][0]                    
__________________________________________________________________________________________________
dropout_26 (Dropout)            (None, 25)           0           dense_5[0][0]                    
__________________________________________________________________________________________________
dropout_27 (Dropout)            (None, 256)          0           dense_6[0][0]                    
__________________________________________________________________________________________________
concatenate (Concatenate)       (None, 637)          0           dropout_21[0][0]                 
                                                                 dropout_22[0][0]                 
                                                                 dropout_23[0][0]                 
                                                                 dropout_24[0][0]                 
                                                                 dropout_25[0][0]                 
                                                                 dropout_26[0][0]                 
                                                                 dropout_27[0][0]                 
__________________________________________________________________________________________________
dense_7 (Dense)                 (None, 256)          163328      concatenate[0][0]                
__________________________________________________________________________________________________
dropout_28 (Dropout)            (None, 256)          0           dense_7[0][0]                    
__________________________________________________________________________________________________
dense_9 (Dense)                 (None, 128)          32896       dropout_28[0][0]                 
__________________________________________________________________________________________________
dropout_29 (Dropout)            (None, 128)          0           dense_9[0][0]                    
__________________________________________________________________________________________________
dense_10 (Dense)                (None, 10)           1290        dropout_29[0][0]                 
__________________________________________________________________________________________________
dropout_30 (Dropout)            (None, 10)           0           dense_10[0][0]                   
__________________________________________________________________________________________________
dense_11 (Dense)                (None, 5)            55          dropout_30[0][0]                 
==================================================================================================
Total params: 258,015,854
Trainable params: 258,007,438
Non-trainable params: 8,416
__________________________________________________________________________________________________
None
Adding Images: Reading ./databaserelease2/NatureDataset5/val2/2-meadows290.jpg
[0, 1, 0, 0, 0]
Reading ./databaserelease2/NatureDataset5/val2/2-meadows50.jpg
[0, 1, 0, 0, 0]
Reading ./databaserelease2/NatureDataset5/val2/2-meadows304.jpg
[0, 1, 0, 0, 0]
Reading ./databaserelease2/NatureDataset5/val2/3-meadows88.jpg
[0, 0, 1, 0, 0]
Reading ./databaserelease2/NatureDataset5/val2/2-meadows437.jpg
[0, 1, 0, 0, 0]
Reading ./databaserelease2/NatureDataset5/val2/1-meadows376.jpg
[1, 0, 0, 0, 0]
Reading ./databaserelease2/NatureDataset5/val2/2-meadows413.jpg
[0, 1, 0, 0, 0]
2021-11-01 18:40:38.629405: I tensorflow/compiler/mlir/mlir_graph_optimization_pass.cc:185] None of the MLIR Optimization Passes are enabled (registered 2)
2021-11-01 18:40:40.753007: I tensorflow/stream_executor/cuda/cuda_dnn.cc:369] Loaded cuDNN version 8201
2021-11-01 18:40:42.562396: W tensorflow/stream_executor/gpu/asm_compiler.cc:77] Couldn't get ptxas version string: Internal: Running ptxas --version returned 32512
2021-11-01 18:40:42.654879: W tensorflow/stream_executor/gpu/redzone_allocator.cc:314] Internal: ptxas exited with non-zero error code 32512, output: 
Relying on driver to perform ptx compilation. 
Modify $PATH to customize ptxas location.
This message will be only logged once.
2021-11-01 18:40:57.089414: I tensorflow/stream_executor/cuda/cuda_blas.cc:1760] TensorFloat-32 will be used for the matrix multiplication. This will only be logged once.
Reading ./databaserelease2/NatureDataset5/val2/3-meadows194.jpg
[0, 0, 1, 0, 0]
Reading ./databaserelease2/NatureDataset5/val2/3-meadows405.jpg
[0, 0, 1, 0, 0]
Reading ./databaserelease2/NatureDataset5/val2/3-meadows260.jpg
[0, 0, 1, 0, 0]
Reading ./databaserelease2/NatureDataset5/val2/2-meadows293.jpg
[0, 1, 0, 0, 0]
Reading ./databaserelease2/NatureDataset5/val2/2-meadows480.jpg
[0, 1, 0, 0, 0]
Reading ./databaserelease2/NatureDataset5/val2/3-meadows63.jpg
[0, 0, 1, 0, 0]
Reading ./databaserelease2/NatureDataset5/val2/3-meadows180.jpg
[0, 0, 1, 0, 0]
Reading ./databaserelease2/NatureDataset5/val2/2-meadows55.jpg
[0, 1, 0, 0, 0]
Reading ./databaserelease2/NatureDataset5/val2/4-meadows176.jpg
[0, 0, 0, 1, 0]
Reading ./databaserelease2/NatureDataset5/val2/2-meadows54.jpg
[0, 1, 0, 0, 0]
Reading ./databaserelease2/NatureDataset5/val2/2-meadows199.jpg
[0, 1, 0, 0, 0]
Reading ./databaserelease2/NatureDataset5/val2/4-meadows51.jpg
[0, 0, 0, 1, 0]
Reading ./databaserelease2/NatureDataset5/val2/4-meadows261.jpg
[0, 0, 0, 1, 0]
Reading ./databaserelease2/NatureDataset5/val2/3-meadows3.jpg
[0, 0, 1, 0, 0]
Reading ./databaserelease2/NatureDataset5/val2/2-meadows214.jpg
[0, 1, 0, 0, 0]
Reading ./databaserelease2/NatureDataset5/val2/4-meadows154.jpg
[0, 0, 0, 1, 0]
Reading ./databaserelease2/NatureDataset5/val2/4-meadows409.jpg
[0, 0, 0, 1, 0]
Reading ./databaserelease2/NatureDataset5/val2/3-meadows169.jpg
[0, 0, 1, 0, 0]
Reading ./databaserelease2/NatureDataset5/val2/2-meadows193.jpg
[0, 1, 0, 0, 0]
Reading ./databaserelease2/NatureDataset5/val2/2-meadows321.jpg
[0, 1, 0, 0, 0]
Reading ./databaserelease2/NatureDataset5/val2/4-meadows240.jpg
[0, 0, 0, 1, 0]
Reading ./databaserelease2/NatureDataset5/val2/2-meadows28.jpg
[0, 1, 0, 0, 0]
Reading ./databaserelease2/NatureDataset5/val2/4-meadows311.jpg
[0, 0, 0, 1, 0]
Reading ./databaserelease2/NatureDataset5/val2/2-meadows34.jpg
[0, 1, 0, 0, 0]
Reading ./databaserelease2/NatureDataset5/val2/2-meadows14.jpg
[0, 1, 0, 0, 0]
Reading ./databaserelease2/NatureDataset5/val2/2-meadows132.jpg
[0, 1, 0, 0, 0]
Reading ./databaserelease2/NatureDataset5/val2/3-meadows429.jpg
[0, 0, 1, 0, 0]
Reading ./databaserelease2/NatureDataset5/val2/3-meadows104.jpg
[0, 0, 1, 0, 0]
Reading ./databaserelease2/NatureDataset5/val2/4-meadows485.jpg
[0, 0, 0, 1, 0]
Reading ./databaserelease2/NatureDataset5/val2/3-meadows26.jpg
[0, 0, 1, 0, 0]
Reading ./databaserelease2/NatureDataset5/val2/2-meadows386.jpg
[0, 1, 0, 0, 0]
Reading ./databaserelease2/NatureDataset5/val2/2-meadows450.jpg
[0, 1, 0, 0, 0]
Reading ./databaserelease2/NatureDataset5/val2/3-meadows127.jpg
[0, 0, 1, 0, 0]
Reading ./databaserelease2/NatureDataset5/val2/3-meadows375.jpg
[0, 0, 1, 0, 0]
Reading ./databaserelease2/NatureDataset5/val2/3-meadows274.jpg
[0, 0, 1, 0, 0]
Reading ./databaserelease2/NatureDataset5/val2/3-meadows200.jpg
[0, 0, 1, 0, 0]
Reading ./databaserelease2/NatureDataset5/val2/3-meadows297.jpg
[0, 0, 1, 0, 0]
Reading ./databaserelease2/NatureDataset5/val2/2-meadows458.jpg
[0, 1, 0, 0, 0]
Reading ./databaserelease2/NatureDataset5/val2/2-meadows346.jpg
[0, 1, 0, 0, 0]
Reading ./databaserelease2/NatureDataset5/val2/3-meadows148.jpg
[0, 0, 1, 0, 0]
Reading ./databaserelease2/NatureDataset5/val2/3-meadows13.jpg
[0, 0, 1, 0, 0]
Reading ./databaserelease2/NatureDataset5/val2/2-meadows139.jpg
[0, 1, 0, 0, 0]
Reading ./databaserelease2/NatureDataset5/val2/3-meadows306.jpg
[0, 0, 1, 0, 0]
Reading ./databaserelease2/NatureDataset5/val2/3-meadows71.jpg
[0, 0, 1, 0, 0]
Reading ./databaserelease2/NatureDataset5/val2/3-meadows167.jpg
[0, 0, 1, 0, 0]

Read 52 images.


[[0 1 0 0 0]
 [0 1 0 0 0]
 [0 1 0 0 0]
 [0 0 1 0 0]
 [0 1 0 0 0]
 [1 0 0 0 0]
 [0 1 0 0 0]
 [0 0 1 0 0]
 [0 0 1 0 0]
 [0 0 1 0 0]
 [0 1 0 0 0]
 [0 1 0 0 0]
 [0 0 1 0 0]
 [0 0 1 0 0]
 [0 1 0 0 0]
 [0 0 0 1 0]
 [0 1 0 0 0]
 [0 1 0 0 0]
 [0 0 0 1 0]
 [0 0 0 1 0]
 [0 0 1 0 0]
 [0 1 0 0 0]
 [0 0 0 1 0]
 [0 0 0 1 0]
 [0 0 1 0 0]
 [0 1 0 0 0]
 [0 1 0 0 0]
 [0 0 0 1 0]
 [0 1 0 0 0]
 [0 0 0 1 0]
 [0 1 0 0 0]
 [0 1 0 0 0]
 [0 1 0 0 0]
 [0 0 1 0 0]
 [0 0 1 0 0]
 [0 0 0 1 0]
 [0 0 1 0 0]
 [0 1 0 0 0]
 [0 1 0 0 0]
 [0 0 1 0 0]
 [0 0 1 0 0]
 [0 0 1 0 0]
 [0 0 1 0 0]
 [0 0 1 0 0]
 [0 1 0 0 0]
 [0 1 0 0 0]
 [0 0 1 0 0]
 [0 0 1 0 0]
 [0 1 0 0 0]
 [0 0 1 0 0]
 [0 0 1 0 0]
 [0 0 1 0 0]]
[[4.5951816e-05 4.1858327e-01 4.2088896e-01 1.6047366e-01 8.1330445e-06]
 [2.7737007e-05 4.2192143e-01 4.2439550e-01 1.5365092e-01 4.4562512e-06]
 [3.0888496e-05 4.2122054e-01 4.2365861e-01 1.5508491e-01 5.0660115e-06]
 [1.7735632e-05 4.2477268e-01 4.2739725e-01 1.4780974e-01 2.6154150e-06]
 [1.6190883e-05 4.2534178e-01 4.2799714e-01 1.4664252e-01 2.3462987e-06]
 [2.8434501e-05 4.2176017e-01 4.2422593e-01 1.5398088e-01 4.5901106e-06]
 [1.4658555e-05 4.2595816e-01 4.2864716e-01 1.4537789e-01 2.0841728e-06]
 [1.8794442e-05 4.2440844e-01 4.2701343e-01 1.4855650e-01 2.8025124e-06]
 [1.6875654e-05 4.2508361e-01 4.2772496e-01 1.4717214e-01 2.4650137e-06]
 [3.3003063e-05 4.2078644e-01 4.2320237e-01 1.5597275e-01 5.4819770e-06]
 [1.8031917e-05 4.2466879e-01 4.2728776e-01 1.4802277e-01 2.6675598e-06]
 [2.9882491e-05 4.2143685e-01 4.2388594e-01 1.5464254e-01 4.8700058e-06]
 [4.1265965e-05 4.1930529e-01 4.2164671e-01 1.5899952e-01 7.1545628e-06]
 [2.4701298e-05 4.2266986e-01 4.2518288e-01 1.5211874e-01 3.8813350e-06]
 [3.5555233e-05 4.2029551e-01 4.2268658e-01 1.5697646e-01 5.9908602e-06]
 [5.0747363e-05 4.1791168e-01 4.2018443e-01 1.6184407e-01 9.1544925e-06]
 [2.0081983e-05 4.2399028e-01 4.2657289e-01 1.4941372e-01 3.0327612e-06]
 [1.1817246e-05 4.2727774e-01 4.3003991e-01 1.4266881e-01 1.6122781e-06]
 [4.2654512e-05 4.1908374e-01 4.2141417e-01 1.5945195e-01 7.4423961e-06]
 [2.8434501e-05 4.2176017e-01 4.2422593e-01 1.5398088e-01 4.5901106e-06]
 [2.5959402e-05 4.2234984e-01 4.2484617e-01 1.5277386e-01 4.1180460e-06]
 [3.1404110e-05 4.2111224e-01 4.2354476e-01 1.5530649e-01 5.1669508e-06]
 [3.8943665e-05 4.1969171e-01 4.2205241e-01 1.5821031e-01 6.6773409e-06]
 [2.4295598e-05 4.2277622e-01 4.2529479e-01 1.5190086e-01 3.8054902e-06]
 [2.1636057e-05 4.2351729e-01 4.2607483e-01 1.5038294e-01 3.3144577e-06]
 [3.3832803e-05 4.2062306e-01 4.2303067e-01 1.5630671e-01 5.6466188e-06]
 [2.1105134e-05 4.2367527e-01 4.2624113e-01 1.5005928e-01 3.2177693e-06]
 [4.8290163e-05 4.1824812e-01 4.2053729e-01 1.6115770e-01 8.6286791e-06]
 [2.5113730e-05 4.2256331e-01 4.2507070e-01 1.5233685e-01 3.9586853e-06]
 [3.1404110e-05 4.2111224e-01 4.2354476e-01 1.5530649e-01 5.1669508e-06]
 [3.1928317e-05 4.2100379e-01 4.2343077e-01 1.5552832e-01 5.2698988e-06]
 [2.7737007e-05 4.2192143e-01 4.2439550e-01 1.5365092e-01 4.4562512e-06]
 [1.8604265e-05 4.2448598e-01 4.2709595e-01 1.4839669e-01 2.7752897e-06]
 [2.6622467e-05 4.2220035e-01 4.2468971e-01 1.5307908e-01 4.2533470e-06]
 [1.3725486e-05 4.2637688e-01 4.2908984e-01 1.4451757e-01 1.9317708e-06]
 [2.5275687e-05 4.2253536e-01 4.2504215e-01 1.5239325e-01 3.9982451e-06]
 [2.3569968e-05 4.2298415e-01 4.2551440e-01 1.5147425e-01 3.6788952e-06]
 [2.5104346e-05 4.2257914e-01 4.2508820e-01 1.5230359e-01 3.9659785e-06]
 [2.1703112e-05 4.2351100e-01 4.2606908e-01 1.5039481e-01 3.3344309e-06]
 [3.0029369e-05 4.2141813e-01 4.2386711e-01 1.5467982e-01 4.9095429e-06]
 [1.4061558e-05 4.2622814e-01 4.2893291e-01 1.4482297e-01 1.9882493e-06]
 [1.8946879e-05 4.2437109e-01 4.2697495e-01 1.4863220e-01 2.8362849e-06]
 [1.8850262e-05 4.2440331e-01 4.2700887e-01 1.4856619e-01 2.8190620e-06]
 [3.1440810e-05 4.2111787e-01 4.2355150e-01 1.5529403e-01 5.1857082e-06]
 [2.2089975e-05 4.2339849e-01 4.2595059e-01 1.5062539e-01 3.4053610e-06]
 [2.8042403e-05 4.2186370e-01 4.2433560e-01 1.5376811e-01 4.5249940e-06]
 [1.0867144e-05 4.2779887e-01 4.3059123e-01 1.4159760e-01 1.4626834e-06]
 [2.1904594e-05 4.2345223e-01 4.2600715e-01 1.5051538e-01 3.3713416e-06]
 [2.3672286e-05 4.2295635e-01 4.2548519e-01 1.5153112e-01 3.6979322e-06]
 [2.8178834e-05 4.2183220e-01 4.2430249e-01 1.5383260e-01 4.5512347e-06]
 [2.5588395e-05 4.2245612e-01 4.2495877e-01 1.5255548e-01 4.0572531e-06]
 [1.4223751e-05 4.2615747e-01 4.2885834e-01 1.4496791e-01 2.0155994e-06]]
[1 1 1 2 1 0 1 2 2 2 1 1 2 2 1 3 1 1 3 3 2 1 3 3 2 1 1 3 1 3 1 1 1 2 2 3 2
 1 1 2 2 2 2 2 1 1 2 2 1 2 2 2]
[2 2 2 2 2 2 2 2 2 2 2 2 2 2 2 2 2 2 2 2 2 2 2 2 2 2 2 2 2 2 2 2 2 2 2 2 2
 2 2 2 2 2 2 2 2 2 2 2 2 2 2 2]
2/2 - 1s - loss: 0.1265 - accuracy: 0.4038
Restored model, accuracy: 40.38%
