2021-11-10 13:18:00.891475: I tensorflow/core/platform/cpu_feature_guard.cc:142] This TensorFlow binary is optimized with oneAPI Deep Neural Network Library (oneDNN) to use the following CPU instructions in performance-critical operations:  AVX2 FMA
To enable them in other operations, rebuild TensorFlow with the appropriate compiler flags.
2021-11-10 13:18:03.167026: I tensorflow/core/common_runtime/gpu/gpu_device.cc:1510] Created device /job:localhost/replica:0/task:0/device:GPU:0 with 38426 MB memory:  -> device: 0, name: A100-PCIE-40GB, pci bus id: 0000:21:00.0, compute capability: 8.0
Input file is " ./agnet.16.res.checkpoint
Output file is " 
Image path is " ./databaserelease2/MixedDataset/test
--------------------


Model Loaded
Model: "model"
__________________________________________________________________________________________________
Layer (type)                    Output Shape         Param #     Connected to                     
==================================================================================================
input_1 (InputLayer)            [(None, 1024, 680, 3 0                                            
__________________________________________________________________________________________________
conv2d (Conv2D)                 (None, 165, 162, 96) 352896      input_1[0][0]                    
__________________________________________________________________________________________________
batch_normalization (BatchNorma (None, 165, 162, 96) 384         conv2d[0][0]                     
__________________________________________________________________________________________________
activation (Activation)         (None, 165, 162, 96) 0           batch_normalization[0][0]        
__________________________________________________________________________________________________
conv2d_1 (Conv2D)               (None, 164, 161, 192 73920       activation[0][0]                 
__________________________________________________________________________________________________
batch_normalization_1 (BatchNor (None, 164, 161, 192 768         conv2d_1[0][0]                   
__________________________________________________________________________________________________
activation_1 (Activation)       (None, 164, 161, 192 0           batch_normalization_1[0][0]      
__________________________________________________________________________________________________
conv2d_2 (Conv2D)               (None, 163, 160, 384 295296      activation_1[0][0]               
__________________________________________________________________________________________________
conv2d_3 (Conv2D)               (None, 163, 160, 384 332160      activation[0][0]                 
__________________________________________________________________________________________________
batch_normalization_2 (BatchNor (None, 163, 160, 384 1536        conv2d_2[0][0]                   
__________________________________________________________________________________________________
batch_normalization_3 (BatchNor (None, 163, 160, 384 1536        conv2d_3[0][0]                   
__________________________________________________________________________________________________
add (Add)                       (None, 163, 160, 384 0           batch_normalization_2[0][0]      
                                                                 batch_normalization_3[0][0]      
__________________________________________________________________________________________________
activation_2 (Activation)       (None, 163, 160, 384 0           add[0][0]                        
__________________________________________________________________________________________________
conv2d_4 (Conv2D)               (None, 78, 76, 384)  11944320    activation_2[0][0]               
__________________________________________________________________________________________________
batch_normalization_4 (BatchNor (None, 78, 76, 384)  1536        conv2d_4[0][0]                   
__________________________________________________________________________________________________
activation_3 (Activation)       (None, 78, 76, 384)  0           batch_normalization_4[0][0]      
__________________________________________________________________________________________________
conv2d_5 (Conv2D)               (None, 77, 75, 192)  295104      activation_3[0][0]               
__________________________________________________________________________________________________
batch_normalization_5 (BatchNor (None, 77, 75, 192)  768         conv2d_5[0][0]                   
__________________________________________________________________________________________________
activation_4 (Activation)       (None, 77, 75, 192)  0           batch_normalization_5[0][0]      
__________________________________________________________________________________________________
conv2d_6 (Conv2D)               (None, 76, 74, 96)   73824       activation_4[0][0]               
__________________________________________________________________________________________________
conv2d_7 (Conv2D)               (None, 76, 74, 96)   331872      activation_3[0][0]               
__________________________________________________________________________________________________
batch_normalization_6 (BatchNor (None, 76, 74, 96)   384         conv2d_6[0][0]                   
__________________________________________________________________________________________________
batch_normalization_7 (BatchNor (None, 76, 74, 96)   384         conv2d_7[0][0]                   
__________________________________________________________________________________________________
add_1 (Add)                     (None, 76, 74, 96)   0           batch_normalization_6[0][0]      
                                                                 batch_normalization_7[0][0]      
__________________________________________________________________________________________________
activation_5 (Activation)       (None, 76, 74, 96)   0           add_1[0][0]                      
__________________________________________________________________________________________________
conv2d_8 (Conv2D)               (None, 36, 35, 384)  921984      activation_5[0][0]               
__________________________________________________________________________________________________
batch_normalization_8 (BatchNor (None, 36, 35, 384)  1536        conv2d_8[0][0]                   
__________________________________________________________________________________________________
activation_6 (Activation)       (None, 36, 35, 384)  0           batch_normalization_8[0][0]      
__________________________________________________________________________________________________
conv2d_9 (Conv2D)               (None, 35, 34, 768)  1180416     activation_6[0][0]               
__________________________________________________________________________________________________
batch_normalization_9 (BatchNor (None, 35, 34, 768)  3072        conv2d_9[0][0]                   
__________________________________________________________________________________________________
activation_7 (Activation)       (None, 35, 34, 768)  0           batch_normalization_9[0][0]      
__________________________________________________________________________________________________
conv2d_10 (Conv2D)              (None, 34, 33, 1536) 4720128     activation_7[0][0]               
__________________________________________________________________________________________________
conv2d_11 (Conv2D)              (None, 34, 33, 1536) 5309952     activation_6[0][0]               
__________________________________________________________________________________________________
batch_normalization_10 (BatchNo (None, 34, 33, 1536) 6144        conv2d_10[0][0]                  
__________________________________________________________________________________________________
batch_normalization_11 (BatchNo (None, 34, 33, 1536) 6144        conv2d_11[0][0]                  
__________________________________________________________________________________________________
add_2 (Add)                     (None, 34, 33, 1536) 0           batch_normalization_10[0][0]     
                                                                 batch_normalization_11[0][0]     
__________________________________________________________________________________________________
activation_8 (Activation)       (None, 34, 33, 1536) 0           add_2[0][0]                      
__________________________________________________________________________________________________
conv2d_12 (Conv2D)              (None, 16, 16, 384)  5308800     activation_8[0][0]               
__________________________________________________________________________________________________
batch_normalization_12 (BatchNo (None, 16, 16, 384)  1536        conv2d_12[0][0]                  
__________________________________________________________________________________________________
activation_9 (Activation)       (None, 16, 16, 384)  0           batch_normalization_12[0][0]     
__________________________________________________________________________________________________
conv2d_13 (Conv2D)              (None, 15, 15, 192)  295104      activation_9[0][0]               
__________________________________________________________________________________________________
batch_normalization_13 (BatchNo (None, 15, 15, 192)  768         conv2d_13[0][0]                  
__________________________________________________________________________________________________
activation_10 (Activation)      (None, 15, 15, 192)  0           batch_normalization_13[0][0]     
__________________________________________________________________________________________________
conv2d_14 (Conv2D)              (None, 14, 14, 96)   73824       activation_10[0][0]              
__________________________________________________________________________________________________
conv2d_15 (Conv2D)              (None, 14, 14, 96)   331872      activation_9[0][0]               
__________________________________________________________________________________________________
batch_normalization_14 (BatchNo (None, 14, 14, 96)   384         conv2d_14[0][0]                  
__________________________________________________________________________________________________
batch_normalization_15 (BatchNo (None, 14, 14, 96)   384         conv2d_15[0][0]                  
__________________________________________________________________________________________________
add_3 (Add)                     (None, 14, 14, 96)   0           batch_normalization_14[0][0]     
                                                                 batch_normalization_15[0][0]     
__________________________________________________________________________________________________
activation_11 (Activation)      (None, 14, 14, 96)   0           add_3[0][0]                      
__________________________________________________________________________________________________
conv2d_16 (Conv2D)              (None, 6, 6, 160)    138400      activation_11[0][0]              
__________________________________________________________________________________________________
batch_normalization_16 (BatchNo (None, 6, 6, 160)    640         conv2d_16[0][0]                  
__________________________________________________________________________________________________
activation_12 (Activation)      (None, 6, 6, 160)    0           batch_normalization_16[0][0]     
__________________________________________________________________________________________________
conv2d_17 (Conv2D)              (None, 5, 5, 160)    102560      activation_12[0][0]              
__________________________________________________________________________________________________
batch_normalization_17 (BatchNo (None, 5, 5, 160)    640         conv2d_17[0][0]                  
__________________________________________________________________________________________________
activation_13 (Activation)      (None, 5, 5, 160)    0           batch_normalization_17[0][0]     
__________________________________________________________________________________________________
conv2d_18 (Conv2D)              (None, 4, 4, 160)    102560      activation_13[0][0]              
__________________________________________________________________________________________________
conv2d_19 (Conv2D)              (None, 4, 4, 160)    230560      activation_12[0][0]              
__________________________________________________________________________________________________
batch_normalization_18 (BatchNo (None, 4, 4, 160)    640         conv2d_18[0][0]                  
__________________________________________________________________________________________________
batch_normalization_19 (BatchNo (None, 4, 4, 160)    640         conv2d_19[0][0]                  
__________________________________________________________________________________________________
add_4 (Add)                     (None, 4, 4, 160)    0           batch_normalization_18[0][0]     
                                                                 batch_normalization_19[0][0]     
__________________________________________________________________________________________________
activation_14 (Activation)      (None, 4, 4, 160)    0           add_4[0][0]                      
__________________________________________________________________________________________________
flatten_2 (Flatten)             (None, 2560)         0           activation_14[0][0]              
__________________________________________________________________________________________________
dense (Dense)                   (None, 2048)         5244928     flatten_2[0][0]                  
__________________________________________________________________________________________________
dropout (Dropout)               (None, 2048)         0           dense[0][0]                      
__________________________________________________________________________________________________
dense_1 (Dense)                 (None, 1024)         2098176     dropout[0][0]                    
__________________________________________________________________________________________________
dropout_1 (Dropout)             (None, 1024)         0           dense_1[0][0]                    
__________________________________________________________________________________________________
dense_2 (Dense)                 (None, 512)          524800      dropout_1[0][0]                  
__________________________________________________________________________________________________
dropout_2 (Dropout)             (None, 512)          0           dense_2[0][0]                    
__________________________________________________________________________________________________
dense_3 (Dense)                 (None, 256)          131328      dropout_2[0][0]                  
__________________________________________________________________________________________________
dropout_3 (Dropout)             (None, 256)          0           dense_3[0][0]                    
__________________________________________________________________________________________________
dense_4 (Dense)                 (None, 128)          32896       dropout_3[0][0]                  
__________________________________________________________________________________________________
dropout_4 (Dropout)             (None, 128)          0           dense_4[0][0]                    
__________________________________________________________________________________________________
dense_5 (Dense)                 (None, 64)           8256        dropout_4[0][0]                  
__________________________________________________________________________________________________
dropout_5 (Dropout)             (None, 64)           0           dense_5[0][0]                    
__________________________________________________________________________________________________
dense_6 (Dense)                 (None, 1)            65          dropout_5[0][0]                  
==================================================================================================
Total params: 40,485,825
Trainable params: 40,470,913
Non-trainable params: 14,912
__________________________________________________________________________________________________
None
Adding Images: Reading ./databaserelease2/MixedDataset/test/0-271.jpg
0.0
Reading ./databaserelease2/MixedDataset/test/0-193.jpg
0.0
Reading ./databaserelease2/MixedDataset/test/0-274.jpg
0.0
Reading ./databaserelease2/MixedDataset/test/1-207.jpg
1.0
Reading ./databaserelease2/MixedDataset/test/0-208.jpg
0.0
Reading ./databaserelease2/MixedDataset/test/0-194.jpg
0.0
Reading ./databaserelease2/MixedDataset/test/1-223.jpg
1.0
Reading ./databaserelease2/MixedDataset/test/0-268.jpg
0.0
Reading ./databaserelease2/MixedDataset/test/0-218.jpg
0.0
Reading ./databaserelease2/MixedDataset/test/0-237.jpg
0.0
Reading ./databaserelease2/MixedDataset/test/0-279.jpg
0.0
Reading ./databaserelease2/MixedDataset/test/0-285.jpg
0.0
Reading ./databaserelease2/MixedDataset/test/0-222.jpg
0.0
Reading ./databaserelease2/MixedDataset/test/0-258.jpg
0.0
Reading ./databaserelease2/MixedDataset/test/0-251.jpg
0.0
Reading ./databaserelease2/MixedDataset/test/0-301.jpg
0.0
Reading ./databaserelease2/MixedDataset/test/0-215.jpg
0.0
Reading ./databaserelease2/MixedDataset/test/0-295.jpg
0.0
Reading ./databaserelease2/MixedDataset/test/0-201.jpg
0.0
Reading ./databaserelease2/MixedDataset/test/1-218.jpg
1.0
Reading ./databaserelease2/MixedDataset/test/0-300.jpg
0.0
Reading ./databaserelease2/MixedDataset/test/0-296.jpg
0.0
Reading ./databaserelease2/MixedDataset/test/1-198.jpg
1.0
Reading ./databaserelease2/MixedDataset/test/0-225.jpg
0.0
Reading ./databaserelease2/MixedDataset/test/0-284.jpg
0.0
Reading ./databaserelease2/MixedDataset/test/0-247.jpg
0.0
Reading ./databaserelease2/MixedDataset/test/0-229.jpg
0.0
Reading ./databaserelease2/MixedDataset/test/0-202.jpg
0.0
Reading ./databaserelease2/MixedDataset/test/0-228.jpg
0.0
Reading ./databaserelease2/MixedDataset/test/0-264.jpg
0.0
Reading ./databaserelease2/MixedDataset/test/0-250.jpg
0.0
Reading ./databaserelease2/MixedDataset/test/1-215.jpg
1.0
Reading ./databaserelease2/MixedDataset/test/0-231.jpg
0.0
Reading ./databaserelease2/MixedDataset/test/0-216.jpg
0.0
Reading ./databaserelease2/MixedDataset/test/0-217.jpg
0.0
Reading ./databaserelease2/MixedDataset/test/1-225.jpg
1.0
Reading ./databaserelease2/MixedDataset/test/0-210.jpg
0.0
Reading ./databaserelease2/MixedDataset/test/1-193.jpg
1.0
Reading ./databaserelease2/MixedDataset/test/0-275.jpg
0.0
Reading ./databaserelease2/MixedDataset/test/0-212.jpg
0.0
Reading ./databaserelease2/MixedDataset/test/0-248.jpg
0.0
Reading ./databaserelease2/MixedDataset/test/1-227.jpg
1.0
Reading ./databaserelease2/MixedDataset/test/0-280.jpg
0.0
Reading ./databaserelease2/MixedDataset/test/0-238.jpg
0.0
Reading ./databaserelease2/MixedDataset/test/0-245.jpg
0.0
Reading ./databaserelease2/MixedDataset/test/0-270.jpg
0.0
Reading ./databaserelease2/MixedDataset/test/0-249.jpg
0.0
Reading ./databaserelease2/MixedDataset/test/0-230.jpg
0.0
Reading ./databaserelease2/MixedDataset/test/0-199.jpg
0.0
Reading ./databaserelease2/MixedDataset/test/0-287.jpg
0.0
Reading ./databaserelease2/MixedDataset/test/0-255.jpg
0.0
Reading ./databaserelease2/MixedDataset/test/1-196.jpg
1.0
Reading ./databaserelease2/MixedDataset/test/0-239.jpg
0.0
Reading ./databaserelease2/MixedDataset/test/0-220.jpg
0.0
Reading ./databaserelease2/MixedDataset/test/0-241.jpg
0.0
Reading ./databaserelease2/MixedDataset/test/0-303.jpg
0.0
Reading ./databaserelease2/MixedDataset/test/0-209.jpg
0.0
Reading ./databaserelease2/MixedDataset/test/0-252.jpg
0.0
Reading ./databaserelease2/MixedDataset/test/1-214.jpg
1.0
Reading ./databaserelease2/MixedDataset/test/0-262.jpg
0.0
Reading ./databaserelease2/MixedDataset/test/0-272.jpg
0.0
Reading ./databaserelease2/MixedDataset/test/1-222.jpg
1.0
Reading ./databaserelease2/MixedDataset/test/0-289.jpg
0.0
Reading ./databaserelease2/MixedDataset/test/0-211.jpg
0.0
Reading ./databaserelease2/MixedDataset/test/1-212.jpg
1.0
Reading ./databaserelease2/MixedDataset/test/0-288.jpg
0.0
Reading ./databaserelease2/MixedDataset/test/0-243.jpg
0.0
Reading ./databaserelease2/MixedDataset/test/0-219.jpg
0.0
Reading ./databaserelease2/MixedDataset/test/0-191.jpg
0.0
Reading ./databaserelease2/MixedDataset/test/0-234.jpg
0.0
Reading ./databaserelease2/MixedDataset/test/0-254.jpg
0.0
Reading ./databaserelease2/MixedDataset/test/0-267.jpg
0.0
Reading ./databaserelease2/MixedDataset/test/1-191.jpg
1.0
Reading ./databaserelease2/MixedDataset/test/0-227.jpg
0.0
Reading ./databaserelease2/MixedDataset/test/0-240.jpg
0.0
Reading ./databaserelease2/MixedDataset/test/0-190.jpg
0.0
Reading ./databaserelease2/MixedDataset/test/1-230.jpg
1.0
Reading ./databaserelease2/MixedDataset/test/1-192.jpg
1.0
Reading ./databaserelease2/MixedDataset/test/1-206.jpg
1.0
Reading ./databaserelease2/MixedDataset/test/1-194.jpg
1.0
Reading ./databaserelease2/MixedDataset/test/0-207.jpg
0.0
Reading ./databaserelease2/MixedDataset/test/0-273.jpg
0.0
Reading ./databaserelease2/MixedDataset/test/0-266.jpg
0.0
Reading ./databaserelease2/MixedDataset/test/0-221.jpg
0.0
Reading ./databaserelease2/MixedDataset/test/0-294.jpg
0.0
Reading ./databaserelease2/MixedDataset/test/0-281.jpg
0.0
Reading ./databaserelease2/MixedDataset/test/1-199.jpg
1.0
Reading ./databaserelease2/MixedDataset/test/0-298.jpg
0.0
Reading ./databaserelease2/MixedDataset/test/0-276.jpg
0.0
Reading ./databaserelease2/MixedDataset/test/1-200.jpg
1.0
Reading ./databaserelease2/MixedDataset/test/0-253.jpg
0.0
Reading ./databaserelease2/MixedDataset/test/1-197.jpg
1.0
Reading ./databaserelease2/MixedDataset/test/0-203.jpg
0.0
Reading ./databaserelease2/MixedDataset/test/1-211.jpg
1.0
Reading ./databaserelease2/MixedDataset/test/0-283.jpg
0.0
Reading ./databaserelease2/MixedDataset/test/1-190.jpg
1.0
Reading ./databaserelease2/MixedDataset/test/0-282.jpg
0.0
Reading ./databaserelease2/MixedDataset/test/0-278.jpg
0.0
Reading ./databaserelease2/MixedDataset/test/0-290.jpg
0.0
Reading ./databaserelease2/MixedDataset/test/0-260.jpg
0.0
Reading ./databaserelease2/MixedDataset/test/0-206.jpg
0.0
Reading ./databaserelease2/MixedDataset/test/0-265.jpg
0.0
Reading ./databaserelease2/MixedDataset/test/1-229.jpg
1.0
Reading ./databaserelease2/MixedDataset/test/1-209.jpg
1.0
Reading ./databaserelease2/MixedDataset/test/0-302.jpg
0.0
Reading ./databaserelease2/MixedDataset/test/0-198.jpg
0.0
Reading ./databaserelease2/MixedDataset/test/0-293.jpg
0.0
Reading ./databaserelease2/MixedDataset/test/0-259.jpg
0.0
Reading ./databaserelease2/MixedDataset/test/0-277.jpg
0.0
Reading ./databaserelease2/MixedDataset/test/0-297.jpg
0.0
Reading ./databaserelease2/MixedDataset/test/1-228.jpg
1.0
Reading ./databaserelease2/MixedDataset/test/0-223.jpg
0.0
Reading ./databaserelease2/MixedDataset/test/1-213.jpg
1.0
Reading ./databaserelease2/MixedDataset/test/0-291.jpg
0.0
Reading ./databaserelease2/MixedDataset/test/1-202.jpg
1.0
Reading ./databaserelease2/MixedDataset/test/1-201.jpg
1.0
Reading ./databaserelease2/MixedDataset/test/1-220.jpg
1.0
Reading ./databaserelease2/MixedDataset/test/0-204.jpg
0.0
Reading ./databaserelease2/MixedDataset/test/0-286.jpg
0.0
Reading ./databaserelease2/MixedDataset/test/1-204.jpg
1.0
Reading ./databaserelease2/MixedDataset/test/1-216.jpg
1.0
Reading ./databaserelease2/MixedDataset/test/0-246.jpg
0.0
Reading ./databaserelease2/MixedDataset/test/0-261.jpg
0.0
Reading ./databaserelease2/MixedDataset/test/1-217.jpg
1.0
Reading ./databaserelease2/MixedDataset/test/0-205.jpg
0.0
Reading ./databaserelease2/MixedDataset/test/0-192.jpg
0.0
Reading ./databaserelease2/MixedDataset/test/0-257.jpg
0.0
Reading ./databaserelease2/MixedDataset/test/0-299.jpg
0.0
Reading ./databaserelease2/MixedDataset/test/0-232.jpg
0.0
Reading ./databaserelease2/MixedDataset/test/0-197.jpg
0.0
Reading ./databaserelease2/MixedDataset/test/0-226.jpg
0.0
Reading ./databaserelease2/MixedDataset/test/0-244.jpg
0.0
Reading ./databaserelease2/MixedDataset/test/1-195.jpg
1.0
Reading ./databaserelease2/MixedDataset/test/0-292.jpg
0.0
Reading ./databaserelease2/MixedDataset/test/0-256.jpg
0.0
Reading ./databaserelease2/MixedDataset/test/0-304.jpg
0.0
Reading ./databaserelease2/MixedDataset/test/1-203.jpg
1.0
Reading ./databaserelease2/MixedDataset/test/0-235.jpg
0.0
Reading ./databaserelease2/MixedDataset/test/1-208.jpg
1.0
Reading ./databaserelease2/MixedDataset/test/0-224.jpg
0.0
Reading ./databaserelease2/MixedDataset/test/1-219.jpg
1.0
Reading ./databaserelease2/MixedDataset/test/1-210.jpg
1.0
Reading ./databaserelease2/MixedDataset/test/1-226.jpg
1.0
Reading ./databaserelease2/MixedDataset/test/0-213.jpg
0.0
2021-11-10 13:18:19.805575: I tensorflow/compiler/mlir/mlir_graph_optimization_pass.cc:185] None of the MLIR Optimization Passes are enabled (registered 2)
2021-11-10 13:18:21.543250: I tensorflow/stream_executor/cuda/cuda_dnn.cc:369] Loaded cuDNN version 8201
2021-11-10 13:18:22.946325: W tensorflow/stream_executor/gpu/asm_compiler.cc:77] Couldn't get ptxas version string: Internal: Running ptxas --version returned 32512
2021-11-10 13:18:22.983717: W tensorflow/stream_executor/gpu/redzone_allocator.cc:314] Internal: ptxas exited with non-zero error code 32512, output: 
Relying on driver to perform ptx compilation. 
Modify $PATH to customize ptxas location.
This message will be only logged once.
2021-11-10 13:18:27.554853: I tensorflow/stream_executor/cuda/cuda_blas.cc:1760] TensorFloat-32 will be used for the matrix multiplication. This will only be logged once.
Reading ./databaserelease2/MixedDataset/test/0-195.jpg
0.0
Reading ./databaserelease2/MixedDataset/test/0-236.jpg
0.0
Reading ./databaserelease2/MixedDataset/test/0-196.jpg
0.0
Reading ./databaserelease2/MixedDataset/test/1-221.jpg
1.0
Reading ./databaserelease2/MixedDataset/test/0-233.jpg
0.0
Reading ./databaserelease2/MixedDataset/test/0-269.jpg
0.0
Reading ./databaserelease2/MixedDataset/test/1-224.jpg
1.0
Reading ./databaserelease2/MixedDataset/test/0-242.jpg
0.0
Reading ./databaserelease2/MixedDataset/test/0-263.jpg
0.0
Reading ./databaserelease2/MixedDataset/test/1-205.jpg
1.0
Reading ./databaserelease2/MixedDataset/test/0-214.jpg
0.0
Reading ./databaserelease2/MixedDataset/test/0-200.jpg
0.0

Read 156 images.


[0. 0. 0. 1. 0. 0. 1. 0. 0. 0. 0. 0. 0. 0. 0. 0. 0. 0. 0. 1. 0. 0. 1. 0.
 0. 0. 0. 0. 0. 0. 0. 1. 0. 0. 0. 1. 0. 1. 0. 0. 0. 1. 0. 0. 0. 0. 0. 0.
 0. 0. 0. 1. 0. 0. 0. 0. 0. 0. 1. 0. 0. 1. 0. 0. 1. 0. 0. 0. 0. 0. 0. 0.
 1. 0. 0. 0. 1. 1. 1. 1. 0. 0. 0. 0. 0. 0. 1. 0. 0. 1. 0. 1. 0. 1. 0. 1.
 0. 0. 0. 0. 0. 0. 1. 1. 0. 0. 0. 0. 0. 0. 1. 0. 1. 0. 1. 1. 1. 0. 0. 1.
 1. 0. 0. 1. 0. 0. 0. 0. 0. 0. 0. 0. 1. 0. 0. 0. 1. 0. 1. 0. 1. 1. 1. 0.
 0. 0. 0. 1. 0. 0. 1. 0. 0. 1. 0. 0.]
[[4.53142071e-04]
 [2.17768744e-01]
 [5.46040498e-02]
 [6.48057580e-01]
 [1.09535038e-01]
 [8.58592018e-02]
 [9.97228801e-01]
 [8.07052106e-02]
 [2.07552344e-01]
 [7.69166723e-02]
 [8.57956856e-02]
 [1.16176337e-01]
 [1.15404367e-01]
 [8.07404593e-02]
 [1.03855446e-01]
 [8.43785554e-02]
 [1.72479421e-01]
 [7.09289238e-02]
 [3.73890609e-01]
 [9.69957232e-01]
 [3.21160972e-01]
 [2.43149810e-02]
 [9.90267098e-01]
 [3.22754011e-02]
 [1.00422800e-01]
 [3.21561366e-01]
 [2.60577679e-01]
 [8.54059011e-02]
 [8.17387775e-02]
 [1.00422800e-01]
 [2.05494300e-01]
 [6.35168403e-02]
 [9.97964591e-02]
 [3.78160030e-02]
 [9.45383191e-01]
 [1.89566746e-01]
 [1.89089656e-01]
 [9.90333378e-01]
 [8.36987972e-01]
 [6.63320124e-02]
 [3.30228627e-01]
 [9.50891078e-01]
 [3.56514335e-01]
 [9.49314892e-01]
 [3.27418059e-01]
 [1.06823549e-01]
 [4.12021093e-02]
 [1.11262187e-01]
 [8.46176893e-02]
 [8.67771953e-02]
 [8.88696238e-02]
 [8.80322397e-01]
 [9.18505907e-01]
 [8.41589198e-02]
 [9.08833146e-02]
 [6.98085651e-02]
 [9.17952478e-01]
 [7.11392611e-02]
 [9.89558458e-01]
 [9.74129513e-02]
 [8.66085067e-02]
 [9.75319862e-01]
 [2.11400479e-01]
 [1.07524805e-01]
 [6.01273835e-01]
 [2.19164565e-01]
 [3.42161834e-01]
 [1.00349098e-01]
 [6.97233379e-02]
 [4.91366327e-01]
 [8.56206894e-01]
 [5.15167937e-02]
 [9.65019524e-01]
 [1.84241399e-01]
 [4.10055935e-01]
 [2.30245799e-01]
 [4.16543297e-02]
 [5.25861740e-01]
 [9.74608779e-01]
 [9.61493969e-01]
 [1.01046167e-01]
 [1.81150362e-01]
 [5.11895180e-01]
 [1.05204470e-01]
 [2.03629926e-01]
 [2.41634529e-02]
 [9.73103762e-01]
 [1.77661359e-01]
 [3.32301527e-01]
 [7.37854123e-01]
 [2.25526560e-02]
 [9.75604892e-01]
 [1.29861921e-01]
 [9.69621897e-01]
 [1.94223076e-01]
 [9.79918718e-01]
 [8.64524990e-02]
 [8.48773345e-02]
 [4.51285131e-02]
 [3.21569413e-01]
 [1.98128641e-01]
 [1.36577047e-03]
 [7.59981751e-01]
 [8.70889843e-01]
 [5.08947447e-02]
 [1.73487514e-01]
 [7.87936628e-01]
 [4.84129518e-01]
 [1.20556407e-01]
 [2.00013891e-01]
 [9.95405078e-01]
 [5.40729845e-04]
 [9.76524591e-01]
 [2.50570290e-02]
 [9.67288017e-01]
 [9.75252390e-01]
 [8.03909540e-01]
 [4.64921266e-01]
 [2.08695799e-01]
 [7.61764884e-01]
 [9.79888737e-01]
 [1.00648858e-01]
 [8.47378597e-02]
 [9.96445477e-01]
 [9.39359292e-02]
 [2.07974955e-01]
 [1.04720451e-01]
 [1.11262187e-01]
 [3.92718799e-02]
 [3.36422659e-02]
 [1.24296948e-01]
 [7.70196915e-02]
 [9.06488061e-01]
 [1.06490880e-01]
 [3.41181792e-02]
 [2.11707771e-01]
 [9.89665627e-01]
 [8.46825466e-02]
 [9.82543766e-01]
 [1.97815880e-01]
 [9.14805591e-01]
 [6.98066056e-02]
 [8.73414814e-01]
 [4.60041367e-04]
 [5.49137592e-01]
 [1.00332007e-01]
 [1.04159832e-01]
 [3.20646651e-02]
 [8.27854276e-02]
 [2.12139919e-01]
 [9.66295898e-01]
 [2.84136623e-01]
 [6.84594065e-02]
 [9.71966326e-01]
 [5.13116531e-02]
 [2.04891056e-01]]
Traceback (most recent call last):
  File "/mnt/beegfs/home/agolchub/repo/Aesthetic_Photo_Ranking/./train.py", line 602, in <module>
    main(sys.argv[1:])
  File "/mnt/beegfs/home/agolchub/repo/Aesthetic_Photo_Ranking/./train.py", line 597, in main
    test(modelin,imagepath)
  File "/mnt/beegfs/home/agolchub/repo/Aesthetic_Photo_Ranking/./train.py", line 496, in test
    print(np.argmax(np.array(y),axis=1))
  File "<__array_function__ internals>", line 5, in argmax
  File "/mnt/beegfs/home/agolchub/miniconda3/envs/tf2-gpu/lib/python3.9/site-packages/numpy/core/fromnumeric.py", line 1188, in argmax
    return _wrapfunc(a, 'argmax', axis=axis, out=out)
  File "/mnt/beegfs/home/agolchub/miniconda3/envs/tf2-gpu/lib/python3.9/site-packages/numpy/core/fromnumeric.py", line 58, in _wrapfunc
    return bound(*args, **kwds)
numpy.AxisError: axis 1 is out of bounds for array of dimension 1
srun: error: nodegpu002: task 0: Exited with exit code 1
