2021-10-27 04:09:43.794619: I tensorflow/core/platform/cpu_feature_guard.cc:142] This TensorFlow binary is optimized with oneAPI Deep Neural Network Library (oneDNN) to use the following CPU instructions in performance-critical operations:  AVX2 FMA
To enable them in other operations, rebuild TensorFlow with the appropriate compiler flags.
2021-10-27 04:09:44.602815: I tensorflow/core/common_runtime/gpu/gpu_device.cc:1510] Created device /job:localhost/replica:0/task:0/device:GPU:0 with 38426 MB memory:  -> device: 0, name: A100-PCIE-40GB, pci bus id: 0000:21:00.0, compute capability: 8.0
Input file is " ./agnet.specialmodel2.3.meadows.1.checkpoint
Output file is " 
Image path is " ./databaserelease2/NatureDataset2/test
--------------------


Model Loaded
Model: "model"
_________________________________________________________________
Layer (type)                 Output Shape              Param #   
=================================================================
input_1 (InputLayer)         [(None, 1024, 680, 3)]    0         
_________________________________________________________________
conv2d (Conv2D)              (None, 149, 149, 32)      1115168   
_________________________________________________________________
batch_normalization (BatchNo (None, 149, 149, 32)      128       
_________________________________________________________________
dropout (Dropout)            (None, 149, 149, 32)      0         
_________________________________________________________________
conv2d_1 (Conv2D)            (None, 42, 42, 64)        8921152   
_________________________________________________________________
batch_normalization_1 (Batch (None, 42, 42, 64)        256       
_________________________________________________________________
dropout_1 (Dropout)          (None, 42, 42, 64)        0         
_________________________________________________________________
conv2d_2 (Conv2D)            (None, 14, 14, 128)       2097280   
_________________________________________________________________
batch_normalization_2 (Batch (None, 14, 14, 128)       512       
_________________________________________________________________
dropout_2 (Dropout)          (None, 14, 14, 128)       0         
_________________________________________________________________
conv2d_3 (Conv2D)            (None, 4, 4, 256)         1605888   
_________________________________________________________________
batch_normalization_3 (Batch (None, 4, 4, 256)         1024      
_________________________________________________________________
dropout_3 (Dropout)          (None, 4, 4, 256)         0         
_________________________________________________________________
conv2d_4 (Conv2D)            (None, 2, 2, 512)         1180160   
_________________________________________________________________
batch_normalization_4 (Batch (None, 2, 2, 512)         2048      
_________________________________________________________________
dropout_4 (Dropout)          (None, 2, 2, 512)         0         
_________________________________________________________________
flatten (Flatten)            (None, 2048)              0         
_________________________________________________________________
dense (Dense)                (None, 512)               1049088   
_________________________________________________________________
dropout_5 (Dropout)          (None, 512)               0         
_________________________________________________________________
dense_1 (Dense)              (None, 256)               131328    
_________________________________________________________________
dropout_6 (Dropout)          (None, 256)               0         
_________________________________________________________________
dense_2 (Dense)              (None, 1)                 257       
=================================================================
Total params: 16,104,289
Trainable params: 16,102,305
Non-trainable params: 1,984
_________________________________________________________________
None
Adding Images: Reading ./databaserelease2/NatureDataset2/test/10-waters873.jpg
10
Reading ./databaserelease2/NatureDataset2/test/2-waters895.jpg
2
Reading ./databaserelease2/NatureDataset2/test/3-waters821.jpg
3
Reading ./databaserelease2/NatureDataset2/test/7-waters586.jpg
7
Reading ./databaserelease2/NatureDataset2/test/3-waters781.jpg
3
Reading ./databaserelease2/NatureDataset2/test/7-waters775.jpg
7
Reading ./databaserelease2/NatureDataset2/test/8-waters783.jpg
8
Reading ./databaserelease2/NatureDataset2/test/5-waters88.jpg
5
Reading ./databaserelease2/NatureDataset2/test/8-waters73.jpg
8
Reading ./databaserelease2/NatureDataset2/test/2-waters523.jpg
2
Reading ./databaserelease2/NatureDataset2/test/1-waters723.jpg
1
Reading ./databaserelease2/NatureDataset2/test/3-waters628.jpg
3
Reading ./databaserelease2/NatureDataset2/test/6-waters638.jpg
6
Reading ./databaserelease2/NatureDataset2/test/10-waters702.jpg
10
Reading ./databaserelease2/NatureDataset2/test/4-waters837.jpg
4
Reading ./databaserelease2/NatureDataset2/test/4-waters796.jpg
4
Reading ./databaserelease2/NatureDataset2/test/10-waters834.jpg
10
Reading ./databaserelease2/NatureDataset2/test/8-waters732.jpg
8
Reading ./databaserelease2/NatureDataset2/test/3-waters541.jpg
3
Reading ./databaserelease2/NatureDataset2/test/4-waters764.jpg
4
Reading ./databaserelease2/NatureDataset2/test/4-waters874.jpg
4
Reading ./databaserelease2/NatureDataset2/test/7-waters645.jpg
7
Reading ./databaserelease2/NatureDataset2/test/3-waters642.jpg
3
Reading ./databaserelease2/NatureDataset2/test/1-waters811.jpg
1
Reading ./databaserelease2/NatureDataset2/test/6-waters759.jpg
6
Reading ./databaserelease2/NatureDataset2/test/1-waters78.jpg
1
Reading ./databaserelease2/NatureDataset2/test/4-waters872.jpg
4
Reading ./databaserelease2/NatureDataset2/test/9-waters818.jpg
9
Reading ./databaserelease2/NatureDataset2/test/10-waters746.jpg
10
Reading ./databaserelease2/NatureDataset2/test/4-waters467.jpg
4
Reading ./databaserelease2/NatureDataset2/test/5-waters706.jpg
5
Reading ./databaserelease2/NatureDataset2/test/7-waters776.jpg
7
Reading ./databaserelease2/NatureDataset2/test/7-waters845.jpg
7
Reading ./databaserelease2/NatureDataset2/test/1-waters785.jpg
1
Reading ./databaserelease2/NatureDataset2/test/5-waters634.jpg
5
Reading ./databaserelease2/NatureDataset2/test/6-waters76.jpg
6
Reading ./databaserelease2/NatureDataset2/test/3-waters882.jpg
3
Reading ./databaserelease2/NatureDataset2/test/7-waters7.jpg
7
Reading ./databaserelease2/NatureDataset2/test/5-waters823.jpg
5
Reading ./databaserelease2/NatureDataset2/test/1-waters691.jpg
1
Reading ./databaserelease2/NatureDataset2/test/1-waters838.jpg
1
Reading ./databaserelease2/NatureDataset2/test/10-waters812.jpg
10
Reading ./databaserelease2/NatureDataset2/test/2-waters596.jpg
2
Reading ./databaserelease2/NatureDataset2/test/7-waters594.jpg
7
Reading ./databaserelease2/NatureDataset2/test/4-waters528.jpg
4
Reading ./databaserelease2/NatureDataset2/test/3-waters93.jpg
3
Reading ./databaserelease2/NatureDataset2/test/7-waters676.jpg
7
Reading ./databaserelease2/NatureDataset2/test/7-waters635.jpg
7
Reading ./databaserelease2/NatureDataset2/test/6-waters889.jpg
6
Reading ./databaserelease2/NatureDataset2/test/9-waters77.jpg
9
Reading ./databaserelease2/NatureDataset2/test/5-waters736.jpg
5
Reading ./databaserelease2/NatureDataset2/test/5-waters620.jpg
5
Reading ./databaserelease2/NatureDataset2/test/3-waters46.jpg
3
Reading ./databaserelease2/NatureDataset2/test/3-waters724.jpg
3
Reading ./databaserelease2/NatureDataset2/test/8-waters632.jpg
8
Reading ./databaserelease2/NatureDataset2/test/4-waters96.jpg
4
Reading ./databaserelease2/NatureDataset2/test/9-waters761.jpg
9
Reading ./databaserelease2/NatureDataset2/test/1-waters607.jpg
1
Reading ./databaserelease2/NatureDataset2/test/10-waters89.jpg
10
Reading ./databaserelease2/NatureDataset2/test/3-waters490.jpg
3
Reading ./databaserelease2/NatureDataset2/test/7-waters550.jpg
7
Reading ./databaserelease2/NatureDataset2/test/8-waters773.jpg
8
Reading ./databaserelease2/NatureDataset2/test/5-waters575.jpg
5
Reading ./databaserelease2/NatureDataset2/test/1-waters716.jpg
1
Reading ./databaserelease2/NatureDataset2/test/4-waters465.jpg
4
Reading ./databaserelease2/NatureDataset2/test/2-waters459.jpg
2
Reading ./databaserelease2/NatureDataset2/test/8-waters668.jpg
8
Reading ./databaserelease2/NatureDataset2/test/5-waters658.jpg
5
Reading ./databaserelease2/NatureDataset2/test/7-waters726.jpg
7
Reading ./databaserelease2/NatureDataset2/test/6-waters673.jpg
6
Reading ./databaserelease2/NatureDataset2/test/3-waters858.jpg
3
Reading ./databaserelease2/NatureDataset2/test/3-waters57.jpg
3
Reading ./databaserelease2/NatureDataset2/test/9-waters63.jpg
9
Reading ./databaserelease2/NatureDataset2/test/5-waters774.jpg
5
Reading ./databaserelease2/NatureDataset2/test/3-waters710.jpg
3
Reading ./databaserelease2/NatureDataset2/test/2-waters766.jpg
2
Reading ./databaserelease2/NatureDataset2/test/2-waters466.jpg
2
Reading ./databaserelease2/NatureDataset2/test/7-waters69.jpg
7
Reading ./databaserelease2/NatureDataset2/test/8-waters663.jpg
8
Reading ./databaserelease2/NatureDataset2/test/1-waters820.jpg
1
Reading ./databaserelease2/NatureDataset2/test/8-waters666.jpg
8
Reading ./databaserelease2/NatureDataset2/test/4-waters92.jpg
4
Reading ./databaserelease2/NatureDataset2/test/7-waters683.jpg
7
Reading ./databaserelease2/NatureDataset2/test/2-waters567.jpg
2
Reading ./databaserelease2/NatureDataset2/test/1-waters653.jpg
1
Reading ./databaserelease2/NatureDataset2/test/8-waters64.jpg
8
Reading ./databaserelease2/NatureDataset2/test/9-waters793.jpg
9
Reading ./databaserelease2/NatureDataset2/test/3-waters486.jpg
3
Reading ./databaserelease2/NatureDataset2/test/7-waters98.jpg
7
Reading ./databaserelease2/NatureDataset2/test/8-waters704.jpg
8
Reading ./databaserelease2/NatureDataset2/test/2-waters769.jpg
2
Reading ./databaserelease2/NatureDataset2/test/5-waters697.jpg
5
Reading ./databaserelease2/NatureDataset2/test/1-waters893.jpg
1
Reading ./databaserelease2/NatureDataset2/test/9-waters784.jpg
9
Reading ./databaserelease2/NatureDataset2/test/7-waters6.jpg
7
Reading ./databaserelease2/NatureDataset2/test/6-waters828.jpg
6
Reading ./databaserelease2/NatureDataset2/test/6-waters733.jpg
6
Reading ./databaserelease2/NatureDataset2/test/6-waters790.jpg
6
Reading ./databaserelease2/NatureDataset2/test/8-waters899.jpg
8
Reading ./databaserelease2/NatureDataset2/test/7-waters81.jpg
7
Reading ./databaserelease2/NatureDataset2/test/3-waters610.jpg
3
Reading ./databaserelease2/NatureDataset2/test/2-waters62.jpg
2
Reading ./databaserelease2/NatureDataset2/test/4-waters617.jpg
4
Reading ./databaserelease2/NatureDataset2/test/10-waters740.jpg
10
Reading ./databaserelease2/NatureDataset2/test/6-waters543.jpg
6
Reading ./databaserelease2/NatureDataset2/test/9-waters640.jpg
9
Reading ./databaserelease2/NatureDataset2/test/5-waters762.jpg
5
Reading ./databaserelease2/NatureDataset2/test/2-waters742.jpg
2
Reading ./databaserelease2/NatureDataset2/test/2-waters61.jpg
2
Reading ./databaserelease2/NatureDataset2/test/1-waters651.jpg
1
Reading ./databaserelease2/NatureDataset2/test/5-waters804.jpg
5
Reading ./databaserelease2/NatureDataset2/test/8-waters650.jpg
8
Reading ./databaserelease2/NatureDataset2/test/8-waters900.jpg
8
Reading ./databaserelease2/NatureDataset2/test/5-waters60.jpg
5
Reading ./databaserelease2/NatureDataset2/test/9-waters833.jpg
9
Reading ./databaserelease2/NatureDataset2/test/7-waters664.jpg
7
Reading ./databaserelease2/NatureDataset2/test/2-waters770.jpg
2
Reading ./databaserelease2/NatureDataset2/test/3-waters90.jpg
3
Reading ./databaserelease2/NatureDataset2/test/10-waters840.jpg
10
Reading ./databaserelease2/NatureDataset2/test/6-waters794.jpg
6
Reading ./databaserelease2/NatureDataset2/test/8-waters744.jpg
8
Reading ./databaserelease2/NatureDataset2/test/4-waters557.jpg
4
Reading ./databaserelease2/NatureDataset2/test/5-waters894.jpg
5
Reading ./databaserelease2/NatureDataset2/test/7-waters883.jpg
7
Reading ./databaserelease2/NatureDataset2/test/8-waters613.jpg
8
Reading ./databaserelease2/NatureDataset2/test/4-waters468.jpg
4
Reading ./databaserelease2/NatureDataset2/test/4-waters868.jpg
4
Reading ./databaserelease2/NatureDataset2/test/9-waters597.jpg
9
Reading ./databaserelease2/NatureDataset2/test/1-waters602.jpg
1
Reading ./databaserelease2/NatureDataset2/test/7-waters863.jpg
7
Reading ./databaserelease2/NatureDataset2/test/6-waters739.jpg
6
Reading ./databaserelease2/NatureDataset2/test/6-waters678.jpg
6
Reading ./databaserelease2/NatureDataset2/test/4-waters537.jpg
4
Reading ./databaserelease2/NatureDataset2/test/7-waters813.jpg
7
Reading ./databaserelease2/NatureDataset2/test/7-waters652.jpg
7
Reading ./databaserelease2/NatureDataset2/test/8-waters684.jpg
8
Reading ./databaserelease2/NatureDataset2/test/2-waters737.jpg
2
Reading ./databaserelease2/NatureDataset2/test/3-waters74.jpg
3
Reading ./databaserelease2/NatureDataset2/test/5-waters659.jpg
5
Reading ./databaserelease2/NatureDataset2/test/2-waters414.jpg
2
Reading ./databaserelease2/NatureDataset2/test/2-waters612.jpg
2
Reading ./databaserelease2/NatureDataset2/test/8-waters677.jpg
8
Reading ./databaserelease2/NatureDataset2/test/7-waters687.jpg
7
Reading ./databaserelease2/NatureDataset2/test/7-waters870.jpg
7
Reading ./databaserelease2/NatureDataset2/test/1-waters79.jpg
1
Reading ./databaserelease2/NatureDataset2/test/8-waters856.jpg
8
Reading ./databaserelease2/NatureDataset2/test/7-waters771.jpg
7
Reading ./databaserelease2/NatureDataset2/test/7-waters768.jpg
7
Reading ./databaserelease2/NatureDataset2/test/9-waters639.jpg
9
Reading ./databaserelease2/NatureDataset2/test/7-waters859.jpg
7
Reading ./databaserelease2/NatureDataset2/test/8-waters695.jpg
8
Reading ./databaserelease2/NatureDataset2/test/10-waters722.jpg
10
Reading ./databaserelease2/NatureDataset2/test/9-waters633.jpg
9
Reading ./databaserelease2/NatureDataset2/test/7-waters649.jpg
7
Reading ./databaserelease2/NatureDataset2/test/9-waters751.jpg
9
Reading ./databaserelease2/NatureDataset2/test/10-waters800.jpg
10
Reading ./databaserelease2/NatureDataset2/test/3-waters546.jpg
3
Reading ./databaserelease2/NatureDataset2/test/5-waters741.jpg
5
Reading ./databaserelease2/NatureDataset2/test/4-waters641.jpg
4
Reading ./databaserelease2/NatureDataset2/test/5-waters91.jpg
5
Reading ./databaserelease2/NatureDataset2/test/6-waters734.jpg
6
Reading ./databaserelease2/NatureDataset2/test/5-waters864.jpg
5
Reading ./databaserelease2/NatureDataset2/test/5-waters671.jpg
5
Reading ./databaserelease2/NatureDataset2/test/6-waters662.jpg
6
Reading ./databaserelease2/NatureDataset2/test/6-waters878.jpg
6
Reading ./databaserelease2/NatureDataset2/test/3-waters495.jpg
3
Reading ./databaserelease2/NatureDataset2/test/7-waters756.jpg
7
Reading ./databaserelease2/NatureDataset2/test/4-waters609.jpg
4
Reading ./databaserelease2/NatureDataset2/test/3-waters656.jpg
3
Reading ./databaserelease2/NatureDataset2/test/3-waters689.jpg
3
Reading ./databaserelease2/NatureDataset2/test/1-waters844.jpg
1
Reading ./databaserelease2/NatureDataset2/test/6-waters637.jpg
6
Reading ./databaserelease2/NatureDataset2/test/3-waters877.jpg
3
Reading ./databaserelease2/NatureDataset2/test/2-waters822.jpg
2
Reading ./databaserelease2/NatureDataset2/test/5-waters884.jpg
5
Reading ./databaserelease2/NatureDataset2/test/4-waters461.jpg
4
Reading ./databaserelease2/NatureDataset2/test/2-waters67.jpg
2
Reading ./databaserelease2/NatureDataset2/test/10-waters831.jpg
10
Reading ./databaserelease2/NatureDataset2/test/6-waters569.jpg
6
Reading ./databaserelease2/NatureDataset2/test/4-waters449.jpg
4
Reading ./databaserelease2/NatureDataset2/test/5-waters760.jpg
5
Reading ./databaserelease2/NatureDataset2/test/7-waters565.jpg
7
Reading ./databaserelease2/NatureDataset2/test/4-waters888.jpg
4
Reading ./databaserelease2/NatureDataset2/test/8-waters698.jpg
8
Reading ./databaserelease2/NatureDataset2/test/10-waters847.jpg
10
Reading ./databaserelease2/NatureDataset2/test/6-waters70.jpg
6
Reading ./databaserelease2/NatureDataset2/test/3-waters630.jpg
3
Reading ./databaserelease2/NatureDataset2/test/9-waters852.jpg
9
Reading ./databaserelease2/NatureDataset2/test/3-waters402.jpg
3
Reading ./databaserelease2/NatureDataset2/test/2-waters84.jpg
2
Reading ./databaserelease2/NatureDataset2/test/3-waters848.jpg
3
Reading ./databaserelease2/NatureDataset2/test/5-waters728.jpg
5
Reading ./databaserelease2/NatureDataset2/test/1-waters685.jpg
1
Reading ./databaserelease2/NatureDataset2/test/5-waters860.jpg
5
Reading ./databaserelease2/NatureDataset2/test/7-waters599.jpg
7
Reading ./databaserelease2/NatureDataset2/test/5-waters587.jpg
5
Reading ./databaserelease2/NatureDataset2/test/8-waters857.jpg
8
Reading ./databaserelease2/NatureDataset2/test/6-waters97.jpg
6
Reading ./databaserelease2/NatureDataset2/test/9-waters778.jpg
9
Reading ./databaserelease2/NatureDataset2/test/9-waters690.jpg
9
Reading ./databaserelease2/NatureDataset2/test/10-waters707.jpg
10
Reading ./databaserelease2/NatureDataset2/test/4-waters891.jpg
4
Reading ./databaserelease2/NatureDataset2/test/2-waters86.jpg
2
Reading ./databaserelease2/NatureDataset2/test/10-waters879.jpg
10
Reading ./databaserelease2/NatureDataset2/test/9-waters853.jpg
9
Reading ./databaserelease2/NatureDataset2/test/7-waters65.jpg
7
Reading ./databaserelease2/NatureDataset2/test/9-waters875.jpg
9
Reading ./databaserelease2/NatureDataset2/test/1-waters72.jpg
1
Reading ./databaserelease2/NatureDataset2/test/4-waters887.jpg
4
Reading ./databaserelease2/NatureDataset2/test/7-waters618.jpg
7
Reading ./databaserelease2/NatureDataset2/test/1-waters584.jpg
1
Reading ./databaserelease2/NatureDataset2/test/3-waters588.jpg
3
Reading ./databaserelease2/NatureDataset2/test/6-waters802.jpg
6
Reading ./databaserelease2/NatureDataset2/test/2-waters412.jpg
2
Reading ./databaserelease2/NatureDataset2/test/2-waters99.jpg
2
Reading ./databaserelease2/NatureDataset2/test/7-waters866.jpg
7
Reading ./databaserelease2/NatureDataset2/test/7-waters830.jpg
7
Reading ./databaserelease2/NatureDataset2/test/8-waters787.jpg
8
Reading ./databaserelease2/NatureDataset2/test/1-waters549.jpg
1
Reading ./databaserelease2/NatureDataset2/test/7-waters754.jpg
7
Reading ./databaserelease2/NatureDataset2/test/2-waters533.jpg
2
Reading ./databaserelease2/NatureDataset2/test/2-waters522.jpg
2
Reading ./databaserelease2/NatureDataset2/test/6-waters855.jpg
6
Reading ./databaserelease2/NatureDataset2/test/9-waters593.jpg
9
Reading ./databaserelease2/NatureDataset2/test/9-waters788.jpg
9
Reading ./databaserelease2/NatureDataset2/test/7-waters553.jpg
7
Reading ./databaserelease2/NatureDataset2/test/6-waters782.jpg
6
Reading ./databaserelease2/NatureDataset2/test/3-waters896.jpg
3
Reading ./databaserelease2/NatureDataset2/test/2-waters890.jpg
2
Reading ./databaserelease2/NatureDataset2/test/5-waters758.jpg
5
Reading ./databaserelease2/NatureDataset2/test/4-waters95.jpg
4
Reading ./databaserelease2/NatureDataset2/test/8-waters752.jpg
8
Reading ./databaserelease2/NatureDataset2/test/7-waters801.jpg
7
Reading ./databaserelease2/NatureDataset2/test/6-waters851.jpg
6
Reading ./databaserelease2/NatureDataset2/test/7-waters548.jpg
7
Reading ./databaserelease2/NatureDataset2/test/6-waters805.jpg
6
Reading ./databaserelease2/NatureDataset2/test/9-waters709.jpg
9
Reading ./databaserelease2/NatureDataset2/test/4-waters614.jpg
4
Reading ./databaserelease2/NatureDataset2/test/10-waters842.jpg
10
Reading ./databaserelease2/NatureDataset2/test/9-waters743.jpg
9
Reading ./databaserelease2/NatureDataset2/test/1-waters819.jpg
1
Reading ./databaserelease2/NatureDataset2/test/2-waters48.jpg
2
Reading ./databaserelease2/NatureDataset2/test/6-waters832.jpg
6
Reading ./databaserelease2/NatureDataset2/test/8-waters627.jpg
8
Reading ./databaserelease2/NatureDataset2/test/4-waters574.jpg
4
Reading ./databaserelease2/NatureDataset2/test/3-waters780.jpg
3
Reading ./databaserelease2/NatureDataset2/test/9-waters719.jpg
9
Reading ./databaserelease2/NatureDataset2/test/8-waters799.jpg
8
Reading ./databaserelease2/NatureDataset2/test/3-waters829.jpg
3
Reading ./databaserelease2/NatureDataset2/test/6-waters83.jpg
6
Reading ./databaserelease2/NatureDataset2/test/9-waters693.jpg
9
Reading ./databaserelease2/NatureDataset2/test/7-waters795.jpg
7
Reading ./databaserelease2/NatureDataset2/test/8-waters753.jpg
8
Reading ./databaserelease2/NatureDataset2/test/6-waters699.jpg
6
Reading ./databaserelease2/NatureDataset2/test/2-waters892.jpg
2
Reading ./databaserelease2/NatureDataset2/test/1-waters767.jpg
1
Reading ./databaserelease2/NatureDataset2/test/3-waters408.jpg
3
Reading ./databaserelease2/NatureDataset2/test/1-waters621.jpg
1
Reading ./databaserelease2/NatureDataset2/test/2-waters589.jpg
2
Reading ./databaserelease2/NatureDataset2/test/8-waters765.jpg
8
Reading ./databaserelease2/NatureDataset2/test/5-waters8.jpg
5
Reading ./databaserelease2/NatureDataset2/test/9-waters606.jpg
9
Reading ./databaserelease2/NatureDataset2/test/4-waters517.jpg
4
Reading ./databaserelease2/NatureDataset2/test/10-waters757.jpg
10
Reading ./databaserelease2/NatureDataset2/test/5-waters605.jpg
5
Reading ./databaserelease2/NatureDataset2/test/1-waters810.jpg
1
Reading ./databaserelease2/NatureDataset2/test/6-waters727.jpg
6
Reading ./databaserelease2/NatureDataset2/test/5-waters750.jpg
5
Reading ./databaserelease2/NatureDataset2/test/10-waters714.jpg
10
Reading ./databaserelease2/NatureDataset2/test/3-waters87.jpg
3
Reading ./databaserelease2/NatureDataset2/test/2-waters479.jpg
2
Reading ./databaserelease2/NatureDataset2/test/7-waters80.jpg
7
Reading ./databaserelease2/NatureDataset2/test/3-waters5.jpg
3
Reading ./databaserelease2/NatureDataset2/test/2-waters885.jpg
2
Reading ./databaserelease2/NatureDataset2/test/7-waters560.jpg
7
Reading ./databaserelease2/NatureDataset2/test/5-waters665.jpg
5
Reading ./databaserelease2/NatureDataset2/test/6-waters721.jpg
6
Reading ./databaserelease2/NatureDataset2/test/9-waters843.jpg
9
Reading ./databaserelease2/NatureDataset2/test/10-waters876.jpg
10
Reading ./databaserelease2/NatureDataset2/test/5-waters601.jpg
5
Reading ./databaserelease2/NatureDataset2/test/3-waters670.jpg
3
Reading ./databaserelease2/NatureDataset2/test/6-waters68.jpg
6
Reading ./databaserelease2/NatureDataset2/test/8-waters729.jpg
8
Reading ./databaserelease2/NatureDataset2/test/4-waters58.jpg
4
Reading ./databaserelease2/NatureDataset2/test/1-waters815.jpg
1
Reading ./databaserelease2/NatureDataset2/test/5-waters718.jpg
5
Reading ./databaserelease2/NatureDataset2/test/4-waters814.jpg
4
Reading ./databaserelease2/NatureDataset2/test/9-waters824.jpg
9
Reading ./databaserelease2/NatureDataset2/test/7-waters562.jpg
7
Reading ./databaserelease2/NatureDataset2/test/4-waters493.jpg
4
Reading ./databaserelease2/NatureDataset2/test/8-waters735.jpg
8
Reading ./databaserelease2/NatureDataset2/test/5-waters854.jpg
5
Reading ./databaserelease2/NatureDataset2/test/5-waters598.jpg
5
Reading ./databaserelease2/NatureDataset2/test/6-waters615.jpg
6
Reading ./databaserelease2/NatureDataset2/test/6-waters897.jpg
6
Reading ./databaserelease2/NatureDataset2/test/10-waters792.jpg
10
Reading ./databaserelease2/NatureDataset2/test/5-waters763.jpg
5
Reading ./databaserelease2/NatureDataset2/test/9-waters867.jpg
9
Reading ./databaserelease2/NatureDataset2/test/1-waters511.jpg
1
Reading ./databaserelease2/NatureDataset2/test/1-waters850.jpg
1
Reading ./databaserelease2/NatureDataset2/test/9-waters807.jpg
9
Reading ./databaserelease2/NatureDataset2/test/7-waters720.jpg
7
Reading ./databaserelease2/NatureDataset2/test/6-waters825.jpg
6
Reading ./databaserelease2/NatureDataset2/test/7-waters82.jpg
7
Reading ./databaserelease2/NatureDataset2/test/10-waters696.jpg
10
Reading ./databaserelease2/NatureDataset2/test/10-waters849.jpg
10
Reading ./databaserelease2/NatureDataset2/test/2-waters862.jpg
2
Reading ./databaserelease2/NatureDataset2/test/10-waters708.jpg
10
Reading ./databaserelease2/NatureDataset2/test/3-waters75.jpg
3
Reading ./databaserelease2/NatureDataset2/test/9-waters730.jpg
9
Reading ./databaserelease2/NatureDataset2/test/4-waters748.jpg
4
Reading ./databaserelease2/NatureDataset2/test/10-waters731.jpg
10
Reading ./databaserelease2/NatureDataset2/test/6-waters738.jpg
6
Reading ./databaserelease2/NatureDataset2/test/7-waters789.jpg
7
Reading ./databaserelease2/NatureDataset2/test/7-waters571.jpg
7
Reading ./databaserelease2/NatureDataset2/test/7-waters686.jpg
7
Reading ./databaserelease2/NatureDataset2/test/7-waters94.jpg
7
Reading ./databaserelease2/NatureDataset2/test/3-waters476.jpg
3
Reading ./databaserelease2/NatureDataset2/test/10-waters745.jpg
10
Reading ./databaserelease2/NatureDataset2/test/1-waters556.jpg
1
Reading ./databaserelease2/NatureDataset2/test/6-waters711.jpg
6
Reading ./databaserelease2/NatureDataset2/test/7-waters647.jpg
7
Reading ./databaserelease2/NatureDataset2/test/1-waters725.jpg
1
2021-10-27 04:10:32.523213: I tensorflow/compiler/mlir/mlir_graph_optimization_pass.cc:185] None of the MLIR Optimization Passes are enabled (registered 2)
Reading ./databaserelease2/NatureDataset2/test/6-waters582.jpg
6
Reading ./databaserelease2/NatureDataset2/test/1-waters747.jpg
1
Reading ./databaserelease2/NatureDataset2/test/8-waters631.jpg
8
Reading ./databaserelease2/NatureDataset2/test/1-waters544.jpg
1
Reading ./databaserelease2/NatureDataset2/test/7-waters777.jpg
7
Reading ./databaserelease2/NatureDataset2/test/7-waters841.jpg
7
Reading ./databaserelease2/NatureDataset2/test/4-waters496.jpg
4
Reading ./databaserelease2/NatureDataset2/test/3-waters52.jpg
3
Reading ./databaserelease2/NatureDataset2/test/9-waters688.jpg
9
Reading ./databaserelease2/NatureDataset2/test/4-waters715.jpg
4
Reading ./databaserelease2/NatureDataset2/test/7-waters604.jpg
7
Reading ./databaserelease2/NatureDataset2/test/10-waters717.jpg
10
Reading ./databaserelease2/NatureDataset2/test/5-waters835.jpg
5
Reading ./databaserelease2/NatureDataset2/test/3-waters526.jpg
3
Reading ./databaserelease2/NatureDataset2/test/8-waters755.jpg
8
Reading ./databaserelease2/NatureDataset2/test/9-waters749.jpg
9
Reading ./databaserelease2/NatureDataset2/test/3-waters455.jpg
3
Reading ./databaserelease2/NatureDataset2/test/8-waters654.jpg
8
Reading ./databaserelease2/NatureDataset2/test/2-waters827.jpg
2
Reading ./databaserelease2/NatureDataset2/test/2-waters595.jpg
2
Reading ./databaserelease2/NatureDataset2/test/10-waters797.jpg
10
Reading ./databaserelease2/NatureDataset2/test/4-waters488.jpg
4
Reading ./databaserelease2/NatureDataset2/test/1-waters791.jpg
1
Reading ./databaserelease2/NatureDataset2/test/5-waters880.jpg
5
Reading ./databaserelease2/NatureDataset2/test/5-waters694.jpg
5
Reading ./databaserelease2/NatureDataset2/test/4-waters471.jpg
4
Reading ./databaserelease2/NatureDataset2/test/3-waters545.jpg
3
Reading ./databaserelease2/NatureDataset2/test/7-waters583.jpg
7
Reading ./databaserelease2/NatureDataset2/test/8-waters886.jpg
8
Reading ./databaserelease2/NatureDataset2/test/8-waters898.jpg
8
Reading ./databaserelease2/NatureDataset2/test/5-waters660.jpg
5
Reading ./databaserelease2/NatureDataset2/test/8-waters861.jpg
8
Reading ./databaserelease2/NatureDataset2/test/5-waters846.jpg
5
Reading ./databaserelease2/NatureDataset2/test/5-waters817.jpg
5
Reading ./databaserelease2/NatureDataset2/test/6-waters808.jpg
6
Reading ./databaserelease2/NatureDataset2/test/4-waters809.jpg
4
Reading ./databaserelease2/NatureDataset2/test/5-waters66.jpg
5
Reading ./databaserelease2/NatureDataset2/test/8-waters871.jpg
8
Reading ./databaserelease2/NatureDataset2/test/5-waters869.jpg
5
Reading ./databaserelease2/NatureDataset2/test/4-waters672.jpg
4
Reading ./databaserelease2/NatureDataset2/test/9-waters836.jpg
9
Reading ./databaserelease2/NatureDataset2/test/3-waters669.jpg
3
Reading ./databaserelease2/NatureDataset2/test/2-waters440.jpg
2
Reading ./databaserelease2/NatureDataset2/test/9-waters703.jpg
9
Reading ./databaserelease2/NatureDataset2/test/1-waters530.jpg
1
Reading ./databaserelease2/NatureDataset2/test/5-waters779.jpg
5
Reading ./databaserelease2/NatureDataset2/test/9-waters816.jpg
9
Reading ./databaserelease2/NatureDataset2/test/7-waters806.jpg
7
Reading ./databaserelease2/NatureDataset2/test/2-waters674.jpg
2
Reading ./databaserelease2/NatureDataset2/test/2-waters539.jpg
2
Reading ./databaserelease2/NatureDataset2/test/3-waters450.jpg
3
Reading ./databaserelease2/NatureDataset2/test/5-waters826.jpg
5
Reading ./databaserelease2/NatureDataset2/test/2-waters43.jpg
2
Reading ./databaserelease2/NatureDataset2/test/4-waters839.jpg
4
Reading ./databaserelease2/NatureDataset2/test/5-waters713.jpg
5
Reading ./databaserelease2/NatureDataset2/test/6-waters9.jpg
6
Reading ./databaserelease2/NatureDataset2/test/9-waters772.jpg
9
Reading ./databaserelease2/NatureDataset2/test/10-waters701.jpg
10
Reading ./databaserelease2/NatureDataset2/test/5-waters681.jpg
5
Reading ./databaserelease2/NatureDataset2/test/2-waters881.jpg
2
Reading ./databaserelease2/NatureDataset2/test/2-waters71.jpg
2
Reading ./databaserelease2/NatureDataset2/test/8-waters675.jpg
8
Reading ./databaserelease2/NatureDataset2/test/2-waters568.jpg
2
Traceback (most recent call last):
  File "/mnt/beegfs/home/agolchub/repo/Aesthetic_Photo_Ranking/./train.py", line 631, in <module>
Reading ./databaserelease2/NatureDataset2/test/4-waters483.jpg
4
Reading ./databaserelease2/NatureDataset2/test/10-waters798.jpg
10
Reading ./databaserelease2/NatureDataset2/test/1-waters657.jpg
1
Reading ./databaserelease2/NatureDataset2/test/3-waters54.jpg
3
Reading ./databaserelease2/NatureDataset2/test/6-waters803.jpg
6
Reading ./databaserelease2/NatureDataset2/test/7-waters705.jpg
7
Reading ./databaserelease2/NatureDataset2/test/7-waters712.jpg
7
Reading ./databaserelease2/NatureDataset2/test/2-waters700.jpg
2
Reading ./databaserelease2/NatureDataset2/test/6-waters661.jpg
6
Reading ./databaserelease2/NatureDataset2/test/4-waters85.jpg
4
Reading ./databaserelease2/NatureDataset2/test/3-waters419.jpg
3
Reading ./databaserelease2/NatureDataset2/test/2-waters510.jpg
2
Reading ./databaserelease2/NatureDataset2/test/1-waters524.jpg
1
Reading ./databaserelease2/NatureDataset2/test/6-waters786.jpg
6
Reading ./databaserelease2/NatureDataset2/test/8-waters865.jpg
8

Read 401 images.


    main(sys.argv[1:])
  File "/mnt/beegfs/home/agolchub/repo/Aesthetic_Photo_Ranking/./train.py", line 626, in main
    test(modelin,imagepath)
  File "/mnt/beegfs/home/agolchub/repo/Aesthetic_Photo_Ranking/./train.py", line 531, in test
    Y_pred = model.predict(a)
  File "/mnt/beegfs/home/agolchub/miniconda3/envs/tf2-gpu/lib/python3.9/site-packages/keras/engine/training.py", line 1751, in predict
    tmp_batch_outputs = self.predict_function(iterator)
  File "/mnt/beegfs/home/agolchub/miniconda3/envs/tf2-gpu/lib/python3.9/site-packages/tensorflow/python/eager/def_function.py", line 885, in __call__
    result = self._call(*args, **kwds)
  File "/mnt/beegfs/home/agolchub/miniconda3/envs/tf2-gpu/lib/python3.9/site-packages/tensorflow/python/eager/def_function.py", line 933, in _call
    self._initialize(args, kwds, add_initializers_to=initializers)
  File "/mnt/beegfs/home/agolchub/miniconda3/envs/tf2-gpu/lib/python3.9/site-packages/tensorflow/python/eager/def_function.py", line 759, in _initialize
    self._stateful_fn._get_concrete_function_internal_garbage_collected(  # pylint: disable=protected-access
  File "/mnt/beegfs/home/agolchub/miniconda3/envs/tf2-gpu/lib/python3.9/site-packages/tensorflow/python/eager/function.py", line 3066, in _get_concrete_function_internal_garbage_collected
    graph_function, _ = self._maybe_define_function(args, kwargs)
  File "/mnt/beegfs/home/agolchub/miniconda3/envs/tf2-gpu/lib/python3.9/site-packages/tensorflow/python/eager/function.py", line 3463, in _maybe_define_function
    graph_function = self._create_graph_function(args, kwargs)
  File "/mnt/beegfs/home/agolchub/miniconda3/envs/tf2-gpu/lib/python3.9/site-packages/tensorflow/python/eager/function.py", line 3298, in _create_graph_function
    func_graph_module.func_graph_from_py_func(
  File "/mnt/beegfs/home/agolchub/miniconda3/envs/tf2-gpu/lib/python3.9/site-packages/tensorflow/python/framework/func_graph.py", line 1007, in func_graph_from_py_func
    func_outputs = python_func(*func_args, **func_kwargs)
  File "/mnt/beegfs/home/agolchub/miniconda3/envs/tf2-gpu/lib/python3.9/site-packages/tensorflow/python/eager/def_function.py", line 668, in wrapped_fn
    out = weak_wrapped_fn().__wrapped__(*args, **kwds)
  File "/mnt/beegfs/home/agolchub/miniconda3/envs/tf2-gpu/lib/python3.9/site-packages/tensorflow/python/framework/func_graph.py", line 994, in wrapper
    raise e.ag_error_metadata.to_exception(e)
ValueError: in user code:

    /mnt/beegfs/home/agolchub/miniconda3/envs/tf2-gpu/lib/python3.9/site-packages/keras/engine/training.py:1586 predict_function  *
        return step_function(self, iterator)
    /mnt/beegfs/home/agolchub/miniconda3/envs/tf2-gpu/lib/python3.9/site-packages/keras/engine/training.py:1576 step_function  **
        outputs = model.distribute_strategy.run(run_step, args=(data,))
    /mnt/beegfs/home/agolchub/miniconda3/envs/tf2-gpu/lib/python3.9/site-packages/tensorflow/python/distribute/distribute_lib.py:1286 run
        return self._extended.call_for_each_replica(fn, args=args, kwargs=kwargs)
    /mnt/beegfs/home/agolchub/miniconda3/envs/tf2-gpu/lib/python3.9/site-packages/tensorflow/python/distribute/distribute_lib.py:2849 call_for_each_replica
        return self._call_for_each_replica(fn, args, kwargs)
    /mnt/beegfs/home/agolchub/miniconda3/envs/tf2-gpu/lib/python3.9/site-packages/tensorflow/python/distribute/distribute_lib.py:3632 _call_for_each_replica
        return fn(*args, **kwargs)
    /mnt/beegfs/home/agolchub/miniconda3/envs/tf2-gpu/lib/python3.9/site-packages/keras/engine/training.py:1569 run_step  **
        outputs = model.predict_step(data)
    /mnt/beegfs/home/agolchub/miniconda3/envs/tf2-gpu/lib/python3.9/site-packages/keras/engine/training.py:1537 predict_step
        return self(x, training=False)
    /mnt/beegfs/home/agolchub/miniconda3/envs/tf2-gpu/lib/python3.9/site-packages/keras/engine/base_layer.py:1020 __call__
        input_spec.assert_input_compatibility(self.input_spec, inputs, self.name)
    /mnt/beegfs/home/agolchub/miniconda3/envs/tf2-gpu/lib/python3.9/site-packages/keras/engine/input_spec.py:266 assert_input_compatibility
        raise ValueError('Input ' + str(input_index) +

    ValueError: Input 0 is incompatible with layer model: expected shape=(None, 1024, 680, 3), found shape=(None, 256, 170, 3)

srun: error: nodegpu002: task 0: Exited with exit code 1
