
CommandNotFoundError: Your shell has not been properly configured to use 'conda activate'.
To initialize your shell, run

    $ conda init <SHELL_NAME>

Currently supported shells are:
  - bash
  - fish
  - tcsh
  - xonsh
  - zsh
  - powershell

See 'conda init --help' for more information and options.

IMPORTANT: You may need to close and restart your shell after running 'conda init'.


Wed Oct 27 01:37:55 2021       
+-----------------------------------------------------------------------------+
| NVIDIA-SMI 460.32.03    Driver Version: 460.32.03    CUDA Version: 11.2     |
|-------------------------------+----------------------+----------------------+
| GPU  Name        Persistence-M| Bus-Id        Disp.A | Volatile Uncorr. ECC |
| Fan  Temp  Perf  Pwr:Usage/Cap|         Memory-Usage | GPU-Util  Compute M. |
|                               |                      |               MIG M. |
|===============================+======================+======================|
|   0  A100-PCIE-40GB      Off  | 00000000:21:00.0 Off |                    0 |
| N/A   57C    P0    46W / 250W |      0MiB / 40536MiB |      0%      Default |
|                               |                      |             Disabled |
+-------------------------------+----------------------+----------------------+
                                                                               
+-----------------------------------------------------------------------------+
| Processes:                                                                  |
|  GPU   GI   CI        PID   Type   Process name                  GPU Memory |
|        ID   ID                                                   Usage      |
|=============================================================================|
|  No running processes found                                                 |
+-----------------------------------------------------------------------------+
2021-10-27 01:38:07.286914: I tensorflow/core/platform/cpu_feature_guard.cc:142] This TensorFlow binary is optimized with oneAPI Deep Neural Network Library (oneDNN) to use the following CPU instructions in performance-critical operations:  AVX2 FMA
To enable them in other operations, rebuild TensorFlow with the appropriate compiler flags.
2021-10-27 01:38:08.063627: I tensorflow/core/common_runtime/gpu/gpu_device.cc:1510] Created device /job:localhost/replica:0/task:0/device:GPU:0 with 38426 MB memory:  -> device: 0, name: A100-PCIE-40GB, pci bus id: 0000:21:00.0, compute capability: 8.0
/mnt/beegfs/home/agolchub/miniconda3/envs/tf2-gpu/lib/python3.9/site-packages/keras/optimizer_v2/optimizer_v2.py:355: UserWarning: The `lr` argument is deprecated, use `learning_rate` instead.
  warnings.warn(
Input file is " 
Output file is " agnet.simplemodel.3.meadows
Image path is " 
--------------------


Model: "model"
_________________________________________________________________
Layer (type)                 Output Shape              Param #   
=================================================================
input_1 (InputLayer)         [(None, 1024, 680, 3)]    0         
_________________________________________________________________
conv2d (Conv2D)              (None, 149, 149, 32)      1115168   
_________________________________________________________________
batch_normalization (BatchNo (None, 149, 149, 32)      128       
_________________________________________________________________
dropout (Dropout)            (None, 149, 149, 32)      0         
_________________________________________________________________
conv2d_1 (Conv2D)            (None, 42, 42, 64)        8921152   
_________________________________________________________________
batch_normalization_1 (Batch (None, 42, 42, 64)        256       
_________________________________________________________________
dropout_1 (Dropout)          (None, 42, 42, 64)        0         
_________________________________________________________________
conv2d_2 (Conv2D)            (None, 14, 14, 128)       2097280   
_________________________________________________________________
batch_normalization_2 (Batch (None, 14, 14, 128)       512       
_________________________________________________________________
dropout_2 (Dropout)          (None, 14, 14, 128)       0         
_________________________________________________________________
conv2d_3 (Conv2D)            (None, 4, 4, 256)         1605888   
_________________________________________________________________
batch_normalization_3 (Batch (None, 4, 4, 256)         1024      
_________________________________________________________________
dropout_3 (Dropout)          (None, 4, 4, 256)         0         
_________________________________________________________________
conv2d_4 (Conv2D)            (None, 2, 2, 512)         1180160   
_________________________________________________________________
batch_normalization_4 (Batch (None, 2, 2, 512)         2048      
_________________________________________________________________
dropout_4 (Dropout)          (None, 2, 2, 512)         0         
_________________________________________________________________
flatten (Flatten)            (None, 2048)              0         
_________________________________________________________________
dense (Dense)                (None, 512)               1049088   
_________________________________________________________________
dropout_5 (Dropout)          (None, 512)               0         
_________________________________________________________________
dense_1 (Dense)              (None, 256)               131328    
_________________________________________________________________
dropout_6 (Dropout)          (None, 256)               0         
_________________________________________________________________
dense_2 (Dense)              (None, 1)                 257       
=================================================================
Total params: 16,104,289
Trainable params: 16,102,305
Non-trainable params: 1,984
_________________________________________________________________
None
Adding Images: Reading ./databaserelease2/NatureDataset2/train2/3-meadows13.jpg
3
Reading ./databaserelease2/NatureDataset2/train2/10-meadows145.jpg
10
Reading ./databaserelease2/NatureDataset2/train2/1-meadows97.jpg
1
Reading ./databaserelease2/NatureDataset2/train2/3-meadows406.jpg
3
Reading ./databaserelease2/NatureDataset2/train2/10-meadows388.jpg
10
Reading ./databaserelease2/NatureDataset2/train2/7-meadows490.jpg
7
Reading ./databaserelease2/NatureDataset2/train2/6-meadows169.jpg
6
Reading ./databaserelease2/NatureDataset2/train2/1-meadows161.jpg
1
Reading ./databaserelease2/NatureDataset2/train2/10-meadows366.jpg
10
Reading ./databaserelease2/NatureDataset2/train2/5-meadows345.jpg
5
Reading ./databaserelease2/NatureDataset2/train2/2-meadows487.jpg
2
Reading ./databaserelease2/NatureDataset2/train2/6-meadows45.jpg
6
Reading ./databaserelease2/NatureDataset2/train2/9-meadows86.jpg
9
Reading ./databaserelease2/NatureDataset2/train2/4-meadows314.jpg
4
Reading ./databaserelease2/NatureDataset2/train2/1-meadows226.jpg
1
Reading ./databaserelease2/NatureDataset2/train2/3-meadows104.jpg
3
Reading ./databaserelease2/NatureDataset2/train2/4-meadows329.jpg
4
Reading ./databaserelease2/NatureDataset2/train2/9-meadows174.jpg
9
Reading ./databaserelease2/NatureDataset2/train2/10-meadows57.jpg
10
Reading ./databaserelease2/NatureDataset2/train2/7-meadows368.jpg
7
Reading ./databaserelease2/NatureDataset2/train2/6-meadows16.jpg
6
Reading ./databaserelease2/NatureDataset2/train2/9-meadows88.jpg
9
Reading ./databaserelease2/NatureDataset2/train2/5-meadows38.jpg
5
Reading ./databaserelease2/NatureDataset2/train2/3-meadows478.jpg
3
Reading ./databaserelease2/NatureDataset2/train2/3-meadows138.jpg
3
Reading ./databaserelease2/NatureDataset2/train2/1-meadows160.jpg
1
Reading ./databaserelease2/NatureDataset2/train2/2-meadows253.jpg
2
Reading ./databaserelease2/NatureDataset2/train2/5-meadows195.jpg
5
Reading ./databaserelease2/NatureDataset2/train2/7-meadows166.jpg
7
Reading ./databaserelease2/NatureDataset2/train2/2-meadows114.jpg
2
Reading ./databaserelease2/NatureDataset2/train2/8-meadows300.jpg
8
Reading ./databaserelease2/NatureDataset2/train2/3-meadows359.jpg
3
Reading ./databaserelease2/NatureDataset2/train2/7-meadows265.jpg
7
Reading ./databaserelease2/NatureDataset2/train2/3-meadows444.jpg
3
Reading ./databaserelease2/NatureDataset2/train2/7-meadows309.jpg
7
Reading ./databaserelease2/NatureDataset2/train2/5-meadows137.jpg
5
Reading ./databaserelease2/NatureDataset2/train2/5-meadows338.jpg
5
Reading ./databaserelease2/NatureDataset2/train2/7-meadows416.jpg
7
Reading ./databaserelease2/NatureDataset2/train2/2-meadows480.jpg
2
Reading ./databaserelease2/NatureDataset2/train2/7-meadows453.jpg
7
Reading ./databaserelease2/NatureDataset2/train2/9-meadows380.jpg
9
Reading ./databaserelease2/NatureDataset2/train2/5-meadows109.jpg
5
Reading ./databaserelease2/NatureDataset2/train2/4-meadows206.jpg
4
Reading ./databaserelease2/NatureDataset2/train2/7-meadows167.jpg
7
Reading ./databaserelease2/NatureDataset2/train2/10-meadows410.jpg
10
Reading ./databaserelease2/NatureDataset2/train2/1-meadows73.jpg
1
Reading ./databaserelease2/NatureDataset2/train2/2-meadows231.jpg
2
Reading ./databaserelease2/NatureDataset2/train2/8-meadows398.jpg
8
Reading ./databaserelease2/NatureDataset2/train2/5-meadows313.jpg
5
Reading ./databaserelease2/NatureDataset2/train2/9-meadows123.jpg
9
Reading ./databaserelease2/NatureDataset2/train2/2-meadows292.jpg
2
Reading ./databaserelease2/NatureDataset2/train2/3-meadows270.jpg
3
Reading ./databaserelease2/NatureDataset2/train2/9-meadows248.jpg
9
Reading ./databaserelease2/NatureDataset2/train2/7-meadows324.jpg
7
Reading ./databaserelease2/NatureDataset2/train2/8-meadows408.jpg
8
Reading ./databaserelease2/NatureDataset2/train2/3-meadows399.jpg
3
Reading ./databaserelease2/NatureDataset2/train2/6-meadows119.jpg
6
Reading ./databaserelease2/NatureDataset2/train2/7-meadows283.jpg
7
Reading ./databaserelease2/NatureDataset2/train2/4-meadows233.jpg
4
Reading ./databaserelease2/NatureDataset2/train2/8-meadows308.jpg
8
Reading ./databaserelease2/NatureDataset2/train2/6-meadows211.jpg
6
Reading ./databaserelease2/NatureDataset2/train2/4-meadows237.jpg
4
Reading ./databaserelease2/NatureDataset2/train2/5-meadows333.jpg
5
Reading ./databaserelease2/NatureDataset2/train2/1-meadows220.jpg
1
Reading ./databaserelease2/NatureDataset2/train2/2-meadows299.jpg
2
Reading ./databaserelease2/NatureDataset2/train2/7-meadows93.jpg
7
Reading ./databaserelease2/NatureDataset2/train2/8-meadows405.jpg
8
Reading ./databaserelease2/NatureDataset2/train2/2-meadows179.jpg
2
Reading ./databaserelease2/NatureDataset2/train2/10-meadows402.jpg
10
Reading ./databaserelease2/NatureDataset2/train2/3-meadows290.jpg
3
Reading ./databaserelease2/NatureDataset2/train2/3-meadows391.jpg
3
Reading ./databaserelease2/NatureDataset2/train2/2-meadows207.jpg
2
Reading ./databaserelease2/NatureDataset2/train2/8-meadows68.jpg
8
Reading ./databaserelease2/NatureDataset2/train2/5-meadows218.jpg
5
Reading ./databaserelease2/NatureDataset2/train2/4-meadows411.jpg
4
Reading ./databaserelease2/NatureDataset2/train2/6-meadows428.jpg
6
Reading ./databaserelease2/NatureDataset2/train2/8-meadows332.jpg
8
Reading ./databaserelease2/NatureDataset2/train2/1-meadows94.jpg
1
Reading ./databaserelease2/NatureDataset2/train2/1-meadows215.jpg
1
Reading ./databaserelease2/NatureDataset2/train2/6-meadows437.jpg
6
Reading ./databaserelease2/NatureDataset2/train2/4-meadows149.jpg
4
Reading ./databaserelease2/NatureDataset2/train2/5-meadows44.jpg
5
Reading ./databaserelease2/NatureDataset2/train2/8-meadows185.jpg
8
Reading ./databaserelease2/NatureDataset2/train2/9-meadows102.jpg
9
Reading ./databaserelease2/NatureDataset2/train2/1-meadows434.jpg
1
Reading ./databaserelease2/NatureDataset2/train2/4-meadows454.jpg
4
Reading ./databaserelease2/NatureDataset2/train2/4-meadows19.jpg
4
Reading ./databaserelease2/NatureDataset2/train2/6-meadows178.jpg
6
Reading ./databaserelease2/NatureDataset2/train2/5-meadows227.jpg
5
Reading ./databaserelease2/NatureDataset2/train2/8-meadows186.jpg
8
Reading ./databaserelease2/NatureDataset2/train2/8-meadows348.jpg
8
Reading ./databaserelease2/NatureDataset2/train2/7-meadows22.jpg
7
Reading ./databaserelease2/NatureDataset2/train2/5-meadows357.jpg
5
Reading ./databaserelease2/NatureDataset2/train2/7-meadows272.jpg
7
Reading ./databaserelease2/NatureDataset2/train2/3-meadows239.jpg
3
Reading ./databaserelease2/NatureDataset2/train2/10-meadows90.jpg
10
Reading ./databaserelease2/NatureDataset2/train2/6-meadows213.jpg
6
Reading ./databaserelease2/NatureDataset2/train2/6-meadows96.jpg
6
Reading ./databaserelease2/NatureDataset2/train2/2-meadows247.jpg
2
Reading ./databaserelease2/NatureDataset2/train2/9-meadows484.jpg
9
Reading ./databaserelease2/NatureDataset2/train2/4-meadows151.jpg
4
Reading ./databaserelease2/NatureDataset2/train2/5-meadows440.jpg
5
Reading ./databaserelease2/NatureDataset2/train2/9-meadows494.jpg
9
Reading ./databaserelease2/NatureDataset2/train2/5-meadows377.jpg
5
Reading ./databaserelease2/NatureDataset2/train2/8-meadows74.jpg
8
Reading ./databaserelease2/NatureDataset2/train2/5-meadows71.jpg
5
Reading ./databaserelease2/NatureDataset2/train2/6-meadows435.jpg
6
Reading ./databaserelease2/NatureDataset2/train2/8-meadows413.jpg
8
Reading ./databaserelease2/NatureDataset2/train2/4-meadows298.jpg
4
Reading ./databaserelease2/NatureDataset2/train2/8-meadows126.jpg
8
Reading ./databaserelease2/NatureDataset2/train2/1-meadows483.jpg
1
Reading ./databaserelease2/NatureDataset2/train2/7-meadows148.jpg
7
Reading ./databaserelease2/NatureDataset2/train2/7-meadows15.jpg
7
Reading ./databaserelease2/NatureDataset2/train2/6-meadows389.jpg
6
Reading ./databaserelease2/NatureDataset2/train2/2-meadows1.jpg
2
Reading ./databaserelease2/NatureDataset2/train2/3-meadows147.jpg
3
Reading ./databaserelease2/NatureDataset2/train2/6-meadows257.jpg
6
Reading ./databaserelease2/NatureDataset2/train2/5-meadows217.jpg
5
Reading ./databaserelease2/NatureDataset2/train2/5-meadows429.jpg
5
Reading ./databaserelease2/NatureDataset2/train2/5-meadows467.jpg
5
Reading ./databaserelease2/NatureDataset2/train2/6-meadows447.jpg
6
Reading ./databaserelease2/NatureDataset2/train2/7-meadows5.jpg
7
Reading ./databaserelease2/NatureDataset2/train2/5-meadows259.jpg
5
Reading ./databaserelease2/NatureDataset2/train2/3-meadows250.jpg
3
Reading ./databaserelease2/NatureDataset2/train2/5-meadows99.jpg
5
Reading ./databaserelease2/NatureDataset2/train2/6-meadows426.jpg
6
Reading ./databaserelease2/NatureDataset2/train2/7-meadows204.jpg
7
Reading ./databaserelease2/NatureDataset2/train2/4-meadows187.jpg
4
Reading ./databaserelease2/NatureDataset2/train2/4-meadows316.jpg
4
Reading ./databaserelease2/NatureDataset2/train2/3-meadows302.jpg
3
Reading ./databaserelease2/NatureDataset2/train2/3-meadows221.jpg
3
Reading ./databaserelease2/NatureDataset2/train2/4-meadows106.jpg
4
Reading ./databaserelease2/NatureDataset2/train2/1-meadows8.jpg
1
Reading ./databaserelease2/NatureDataset2/train2/1-meadows95.jpg
1
Reading ./databaserelease2/NatureDataset2/train2/2-meadows386.jpg
2
Reading ./databaserelease2/NatureDataset2/train2/7-meadows414.jpg
7
Reading ./databaserelease2/NatureDataset2/train2/3-meadows11.jpg
3
Reading ./databaserelease2/NatureDataset2/train2/7-meadows153.jpg
7
Reading ./databaserelease2/NatureDataset2/train2/9-meadows228.jpg
9
Reading ./databaserelease2/NatureDataset2/train2/8-meadows212.jpg
8
Reading ./databaserelease2/NatureDataset2/train2/7-meadows381.jpg
7
Reading ./databaserelease2/NatureDataset2/train2/3-meadows303.jpg
3
Reading ./databaserelease2/NatureDataset2/train2/5-meadows18.jpg
5
Reading ./databaserelease2/NatureDataset2/train2/1-meadows235.jpg
1
Reading ./databaserelease2/NatureDataset2/train2/5-meadows144.jpg
5
Reading ./databaserelease2/NatureDataset2/train2/5-meadows158.jpg
5
Reading ./databaserelease2/NatureDataset2/train2/2-meadows468.jpg
2
Reading ./databaserelease2/NatureDataset2/train2/5-meadows455.jpg
5
Reading ./databaserelease2/NatureDataset2/train2/5-meadows201.jpg
5
Reading ./databaserelease2/NatureDataset2/train2/6-meadows336.jpg
6
Reading ./databaserelease2/NatureDataset2/train2/5-meadows192.jpg
5
Reading ./databaserelease2/NatureDataset2/train2/2-meadows35.jpg
2
Reading ./databaserelease2/NatureDataset2/train2/4-meadows4.jpg
4
Reading ./databaserelease2/NatureDataset2/train2/1-meadows39.jpg
1
Reading ./databaserelease2/NatureDataset2/train2/3-meadows117.jpg
3
Reading ./databaserelease2/NatureDataset2/train2/7-meadows375.jpg
7
Reading ./databaserelease2/NatureDataset2/train2/8-meadows194.jpg
8
Reading ./databaserelease2/NatureDataset2/train2/5-meadows128.jpg
5
Reading ./databaserelease2/NatureDataset2/train2/6-meadows134.jpg
6
Reading ./databaserelease2/NatureDataset2/train2/2-meadows122.jpg
2
Reading ./databaserelease2/NatureDataset2/train2/1-meadows23.jpg
1
Reading ./databaserelease2/NatureDataset2/train2/1-meadows293.jpg
1
Reading ./databaserelease2/NatureDataset2/train2/7-meadows305.jpg
7
Reading ./databaserelease2/NatureDataset2/train2/2-meadows342.jpg
2
Reading ./databaserelease2/NatureDataset2/train2/5-meadows449.jpg
5
Reading ./databaserelease2/NatureDataset2/train2/7-meadows6.jpg
7
Reading ./databaserelease2/NatureDataset2/train2/6-meadows136.jpg
6
Reading ./databaserelease2/NatureDataset2/train2/7-meadows378.jpg
7
Reading ./databaserelease2/NatureDataset2/train2/7-meadows103.jpg
7
Reading ./databaserelease2/NatureDataset2/train2/9-meadows365.jpg
9
Reading ./databaserelease2/NatureDataset2/train2/3-meadows358.jpg
3
Reading ./databaserelease2/NatureDataset2/train2/3-meadows346.jpg
3
Reading ./databaserelease2/NatureDataset2/train2/9-meadows499.jpg
9
Reading ./databaserelease2/NatureDataset2/train2/2-meadows43.jpg
2
Reading ./databaserelease2/NatureDataset2/train2/2-meadows188.jpg
2
Reading ./databaserelease2/NatureDataset2/train2/5-meadows85.jpg
5
Reading ./databaserelease2/NatureDataset2/train2/5-meadows70.jpg
5
Reading ./databaserelease2/NatureDataset2/train2/1-meadows135.jpg
1
Reading ./databaserelease2/NatureDataset2/train2/5-meadows267.jpg
5
Reading ./databaserelease2/NatureDataset2/train2/4-meadows140.jpg
4
Reading ./databaserelease2/NatureDataset2/train2/4-meadows26.jpg
4
Reading ./databaserelease2/NatureDataset2/train2/7-meadows497.jpg
7
Reading ./databaserelease2/NatureDataset2/train2/3-meadows245.jpg
3
Reading ./databaserelease2/NatureDataset2/train2/3-meadows163.jpg
3
Reading ./databaserelease2/NatureDataset2/train2/5-meadows312.jpg
5
Reading ./databaserelease2/NatureDataset2/train2/6-meadows139.jpg
6
Reading ./databaserelease2/NatureDataset2/train2/8-meadows202.jpg
8
Reading ./databaserelease2/NatureDataset2/train2/4-meadows274.jpg
4
Reading ./databaserelease2/NatureDataset2/train2/8-meadows63.jpg
8
Reading ./databaserelease2/NatureDataset2/train2/4-meadows461.jpg
4
Reading ./databaserelease2/NatureDataset2/train2/8-meadows262.jpg
8
Reading ./databaserelease2/NatureDataset2/train2/5-meadows441.jpg
5
Reading ./databaserelease2/NatureDataset2/train2/5-meadows69.jpg
5
Reading ./databaserelease2/NatureDataset2/train2/2-meadows491.jpg
2
Reading ./databaserelease2/NatureDataset2/train2/1-meadows362.jpg
1
Reading ./databaserelease2/NatureDataset2/train2/3-meadows129.jpg
3
Reading ./databaserelease2/NatureDataset2/train2/9-meadows263.jpg
9
Reading ./databaserelease2/NatureDataset2/train2/10-meadows173.jpg
10
Reading ./databaserelease2/NatureDataset2/train2/2-meadows493.jpg
2
Reading ./databaserelease2/NatureDataset2/train2/3-meadows48.jpg
3
Reading ./databaserelease2/NatureDataset2/train2/3-meadows242.jpg
3
Reading ./databaserelease2/NatureDataset2/train2/6-meadows458.jpg
6
Reading ./databaserelease2/NatureDataset2/train2/4-meadows100.jpg
4
Reading ./databaserelease2/NatureDataset2/train2/5-meadows282.jpg
5
Reading ./databaserelease2/NatureDataset2/train2/8-meadows28.jpg
8
Reading ./databaserelease2/NatureDataset2/train2/6-meadows448.jpg
6
Reading ./databaserelease2/NatureDataset2/train2/1-meadows419.jpg
1
Reading ./databaserelease2/NatureDataset2/train2/3-meadows460.jpg
3
Reading ./databaserelease2/NatureDataset2/train2/3-meadows177.jpg
3
Reading ./databaserelease2/NatureDataset2/train2/7-meadows12.jpg
7
Reading ./databaserelease2/NatureDataset2/train2/7-meadows418.jpg
7
Reading ./databaserelease2/NatureDataset2/train2/1-meadows347.jpg
1
Reading ./databaserelease2/NatureDataset2/train2/6-meadows349.jpg
6
Reading ./databaserelease2/NatureDataset2/train2/6-meadows246.jpg
6
Reading ./databaserelease2/NatureDataset2/train2/2-meadows34.jpg
2
Reading ./databaserelease2/NatureDataset2/train2/4-meadows171.jpg
4
Reading ./databaserelease2/NatureDataset2/train2/7-meadows438.jpg
7
Reading ./databaserelease2/NatureDataset2/train2/7-meadows244.jpg
7
Reading ./databaserelease2/NatureDataset2/train2/7-meadows356.jpg
7
Reading ./databaserelease2/NatureDataset2/train2/9-meadows256.jpg
9
Reading ./databaserelease2/NatureDataset2/train2/5-meadows210.jpg
5
Reading ./databaserelease2/NatureDataset2/train2/2-meadows275.jpg
2
Reading ./databaserelease2/NatureDataset2/train2/8-meadows401.jpg
8
Reading ./databaserelease2/NatureDataset2/train2/8-meadows175.jpg
8
Reading ./databaserelease2/NatureDataset2/train2/3-meadows203.jpg
3
Reading ./databaserelease2/NatureDataset2/train2/9-meadows3.jpg
9
Reading ./databaserelease2/NatureDataset2/train2/5-meadows116.jpg
5
Reading ./databaserelease2/NatureDataset2/train2/9-meadows427.jpg
9
Reading ./databaserelease2/NatureDataset2/train2/6-meadows108.jpg
6
Reading ./databaserelease2/NatureDataset2/train2/1-meadows337.jpg
1
Reading ./databaserelease2/NatureDataset2/train2/2-meadows407.jpg
2
Reading ./databaserelease2/NatureDataset2/train2/9-meadows261.jpg
9
Reading ./databaserelease2/NatureDataset2/train2/9-meadows10.jpg
9
Reading ./databaserelease2/NatureDataset2/train2/10-meadows101.jpg
10
Reading ./databaserelease2/NatureDataset2/train2/9-meadows310.jpg
9
Reading ./databaserelease2/NatureDataset2/train2/1-meadows361.jpg
1
Reading ./databaserelease2/NatureDataset2/train2/9-meadows370.jpg
9
Reading ./databaserelease2/NatureDataset2/train2/7-meadows216.jpg
7
Reading ./databaserelease2/NatureDataset2/train2/7-meadows30.jpg
7
Reading ./databaserelease2/NatureDataset2/train2/2-meadows320.jpg
2
Reading ./databaserelease2/NatureDataset2/train2/8-meadows107.jpg
8
Reading ./databaserelease2/NatureDataset2/train2/1-meadows301.jpg
1
Reading ./databaserelease2/NatureDataset2/train2/4-meadows450.jpg
4
Reading ./databaserelease2/NatureDataset2/train2/1-meadows81.jpg
1
Reading ./databaserelease2/NatureDataset2/train2/3-meadows472.jpg
3
Reading ./databaserelease2/NatureDataset2/train2/2-meadows369.jpg
2
Reading ./databaserelease2/NatureDataset2/train2/7-meadows41.jpg
7
Reading ./databaserelease2/NatureDataset2/train2/3-meadows288.jpg
3
Reading ./databaserelease2/NatureDataset2/train2/7-meadows165.jpg
7
Reading ./databaserelease2/NatureDataset2/train2/2-meadows105.jpg
2
Reading ./databaserelease2/NatureDataset2/train2/6-meadows304.jpg
6
Reading ./databaserelease2/NatureDataset2/train2/5-meadows412.jpg
5
Reading ./databaserelease2/NatureDataset2/train2/7-meadows471.jpg
7
Reading ./databaserelease2/NatureDataset2/train2/7-meadows425.jpg
7
Reading ./databaserelease2/NatureDataset2/train2/10-meadows396.jpg
10
Reading ./databaserelease2/NatureDataset2/train2/7-meadows464.jpg
7
Reading ./databaserelease2/NatureDataset2/train2/9-meadows390.jpg
9
Reading ./databaserelease2/NatureDataset2/train2/8-meadows297.jpg
8
Reading ./databaserelease2/NatureDataset2/train2/10-meadows279.jpg
10
Reading ./databaserelease2/NatureDataset2/train2/3-meadows219.jpg
3
Reading ./databaserelease2/NatureDataset2/train2/10-meadows55.jpg
10
Reading ./databaserelease2/NatureDataset2/train2/9-meadows374.jpg
9
Reading ./databaserelease2/NatureDataset2/train2/1-meadows330.jpg
1
Reading ./databaserelease2/NatureDataset2/train2/4-meadows280.jpg
4
Reading ./databaserelease2/NatureDataset2/train2/2-meadows266.jpg
2
Reading ./databaserelease2/NatureDataset2/train2/7-meadows287.jpg
7
Reading ./databaserelease2/NatureDataset2/train2/3-meadows42.jpg
3
Reading ./databaserelease2/NatureDataset2/train2/7-meadows383.jpg
7
Reading ./databaserelease2/NatureDataset2/train2/6-meadows264.jpg
6
Reading ./databaserelease2/NatureDataset2/train2/9-meadows442.jpg
9
Reading ./databaserelease2/NatureDataset2/train2/5-meadows339.jpg
5
Reading ./databaserelease2/NatureDataset2/train2/6-meadows315.jpg
6
Reading ./databaserelease2/NatureDataset2/train2/9-meadows431.jpg
9
Reading ./databaserelease2/NatureDataset2/train2/7-meadows328.jpg
7
Reading ./databaserelease2/NatureDataset2/train2/3-meadows224.jpg
3
Reading ./databaserelease2/NatureDataset2/train2/3-meadows335.jpg
3
Reading ./databaserelease2/NatureDataset2/train2/6-meadows397.jpg
6
Reading ./databaserelease2/NatureDataset2/train2/7-meadows325.jpg
7
Reading ./databaserelease2/NatureDataset2/train2/4-meadows222.jpg
4
Reading ./databaserelease2/NatureDataset2/train2/4-meadows363.jpg
4
Reading ./databaserelease2/NatureDataset2/train2/5-meadows20.jpg
5
Reading ./databaserelease2/NatureDataset2/train2/5-meadows489.jpg
5
Reading ./databaserelease2/NatureDataset2/train2/3-meadows132.jpg
3
Reading ./databaserelease2/NatureDataset2/train2/7-meadows24.jpg
7
Reading ./databaserelease2/NatureDataset2/train2/5-meadows181.jpg
5
Reading ./databaserelease2/NatureDataset2/train2/8-meadows180.jpg
8
Reading ./databaserelease2/NatureDataset2/train2/7-meadows360.jpg
7
Reading ./databaserelease2/NatureDataset2/train2/8-meadows421.jpg
8
Reading ./databaserelease2/NatureDataset2/train2/2-meadows214.jpg
2
Reading ./databaserelease2/NatureDataset2/train2/2-meadows276.jpg
2
Reading ./databaserelease2/NatureDataset2/train2/3-meadows354.jpg
3
Reading ./databaserelease2/NatureDataset2/train2/2-meadows183.jpg
2
Reading ./databaserelease2/NatureDataset2/train2/7-meadows286.jpg
7
Reading ./databaserelease2/NatureDataset2/train2/7-meadows27.jpg
7
Reading ./databaserelease2/NatureDataset2/train2/6-meadows371.jpg
6
Reading ./databaserelease2/NatureDataset2/train2/3-meadows184.jpg
3
Reading ./databaserelease2/NatureDataset2/train2/8-meadows423.jpg
8
Reading ./databaserelease2/NatureDataset2/train2/3-meadows284.jpg
3
Reading ./databaserelease2/NatureDataset2/train2/1-meadows232.jpg
1
Reading ./databaserelease2/NatureDataset2/train2/8-meadows311.jpg
8
Reading ./databaserelease2/NatureDataset2/train2/4-meadows278.jpg
4
Reading ./databaserelease2/NatureDataset2/train2/5-meadows341.jpg
5
Reading ./databaserelease2/NatureDataset2/train2/7-meadows189.jpg
7
Reading ./databaserelease2/NatureDataset2/train2/8-meadows485.jpg
8
Reading ./databaserelease2/NatureDataset2/train2/6-meadows124.jpg
6
Reading ./databaserelease2/NatureDataset2/train2/3-meadows31.jpg
3
Reading ./databaserelease2/NatureDataset2/train2/1-meadows322.jpg
1
Reading ./databaserelease2/NatureDataset2/train2/3-meadows394.jpg
3
Reading ./databaserelease2/NatureDataset2/train2/8-meadows273.jpg
8
Reading ./databaserelease2/NatureDataset2/train2/3-meadows294.jpg
3
Reading ./databaserelease2/NatureDataset2/train2/9-meadows289.jpg
9
Reading ./databaserelease2/NatureDataset2/train2/6-meadows474.jpg
6
Reading ./databaserelease2/NatureDataset2/train2/6-meadows295.jpg
6
Reading ./databaserelease2/NatureDataset2/train2/3-meadows112.jpg
3
Reading ./databaserelease2/NatureDataset2/train2/5-meadows36.jpg
5
Reading ./databaserelease2/NatureDataset2/train2/3-meadows172.jpg
3
Reading ./databaserelease2/NatureDataset2/train2/8-meadows125.jpg
8
Reading ./databaserelease2/NatureDataset2/train2/4-meadows420.jpg
4
Reading ./databaserelease2/NatureDataset2/train2/6-meadows198.jpg
6
Reading ./databaserelease2/NatureDataset2/train2/4-meadows230.jpg
4
Reading ./databaserelease2/NatureDataset2/train2/5-meadows234.jpg
5
Reading ./databaserelease2/NatureDataset2/train2/8-meadows277.jpg
8
Reading ./databaserelease2/NatureDataset2/train2/2-meadows120.jpg
2
Reading ./databaserelease2/NatureDataset2/train2/4-meadows271.jpg
4
Reading ./databaserelease2/NatureDataset2/train2/1-meadows199.jpg
1
Reading ./databaserelease2/NatureDataset2/train2/3-meadows208.jpg
3
Reading ./databaserelease2/NatureDataset2/train2/5-meadows373.jpg
5
Reading ./databaserelease2/NatureDataset2/train2/3-meadows238.jpg
3
Reading ./databaserelease2/NatureDataset2/train2/8-meadows323.jpg
8
Reading ./databaserelease2/NatureDataset2/train2/7-meadows470.jpg
7
Reading ./databaserelease2/NatureDataset2/train2/1-meadows130.jpg
1
Reading ./databaserelease2/NatureDataset2/train2/3-meadows331.jpg
3
Reading ./databaserelease2/NatureDataset2/train2/1-meadows47.jpg
1
Reading ./databaserelease2/NatureDataset2/train2/1-meadows459.jpg
1
Reading ./databaserelease2/NatureDataset2/train2/3-meadows46.jpg
3
Reading ./databaserelease2/NatureDataset2/train2/8-meadows51.jpg
8
Reading ./databaserelease2/NatureDataset2/train2/6-meadows486.jpg
6
Reading ./databaserelease2/NatureDataset2/train2/6-meadows387.jpg
6
Reading ./databaserelease2/NatureDataset2/train2/6-meadows32.jpg
6
Reading ./databaserelease2/NatureDataset2/train2/5-meadows249.jpg
5
Reading ./databaserelease2/NatureDataset2/train2/6-meadows451.jpg
6
Reading ./databaserelease2/NatureDataset2/train2/4-meadows229.jpg
4
Reading ./databaserelease2/NatureDataset2/train2/7-meadows223.jpg
7
Reading ./databaserelease2/NatureDataset2/train2/6-meadows164.jpg
6
Reading ./databaserelease2/NatureDataset2/train2/1-meadows364.jpg
1
Reading ./databaserelease2/NatureDataset2/train2/5-meadows56.jpg
5
Reading ./databaserelease2/NatureDataset2/train2/7-meadows121.jpg
7
Reading ./databaserelease2/NatureDataset2/train2/3-meadows243.jpg
3
Reading ./databaserelease2/NatureDataset2/train2/5-meadows72.jpg
5
Reading ./databaserelease2/NatureDataset2/train2/2-meadows463.jpg
2
Reading ./databaserelease2/NatureDataset2/train2/3-meadows197.jpg
3
Reading ./databaserelease2/NatureDataset2/train2/7-meadows241.jpg
7
Reading ./databaserelease2/NatureDataset2/train2/2-meadows462.jpg
2
Reading ./databaserelease2/NatureDataset2/train2/2-meadows258.jpg
2
Reading ./databaserelease2/NatureDataset2/train2/7-meadows417.jpg
7
Reading ./databaserelease2/NatureDataset2/train2/6-meadows456.jpg
6
Reading ./databaserelease2/NatureDataset2/train2/3-meadows142.jpg
3
Reading ./databaserelease2/NatureDataset2/train2/8-meadows240.jpg
8
Reading ./databaserelease2/NatureDataset2/train2/2-meadows25.jpg
2
Reading ./databaserelease2/NatureDataset2/train2/5-meadows17.jpg
5
Reading ./databaserelease2/NatureDataset2/train2/3-meadows350.jpg
3
Reading ./databaserelease2/NatureDataset2/train2/8-meadows476.jpg
8
Reading ./databaserelease2/NatureDataset2/train2/5-meadows84.jpg
5
Reading ./databaserelease2/NatureDataset2/train2/3-meadows155.jpg
3
Reading ./databaserelease2/NatureDataset2/train2/6-meadows469.jpg
6
Reading ./databaserelease2/NatureDataset2/train2/7-meadows321.jpg
7
Reading ./databaserelease2/NatureDataset2/train2/5-meadows343.jpg
5
Reading ./databaserelease2/NatureDataset2/train2/3-meadows131.jpg
3
Reading ./databaserelease2/NatureDataset2/train2/4-meadows33.jpg
4
Reading ./databaserelease2/NatureDataset2/train2/3-meadows268.jpg
3
Reading ./databaserelease2/NatureDataset2/train2/6-meadows255.jpg
6
Reading ./databaserelease2/NatureDataset2/train2/5-meadows446.jpg
5
Reading ./databaserelease2/NatureDataset2/train2/8-meadows430.jpg
8
Reading ./databaserelease2/NatureDataset2/train2/1-meadows372.jpg
1
Reading ./databaserelease2/NatureDataset2/train2/1-meadows193.jpg
1
Reading ./databaserelease2/NatureDataset2/train2/1-meadows285.jpg
1
Reading ./databaserelease2/NatureDataset2/train2/4-meadows111.jpg
4
Reading ./databaserelease2/NatureDataset2/train2/3-meadows152.jpg
3
Reading ./databaserelease2/NatureDataset2/train2/10-meadows403.jpg
10
Reading ./databaserelease2/NatureDataset2/train2/7-meadows162.jpg
7
Reading ./databaserelease2/NatureDataset2/train2/9-meadows269.jpg
9
Reading ./databaserelease2/NatureDataset2/train2/3-meadows141.jpg
3
Reading ./databaserelease2/NatureDataset2/train2/4-meadows400.jpg
4
Reading ./databaserelease2/NatureDataset2/train2/4-meadows143.jpg
4
Reading ./databaserelease2/NatureDataset2/train2/9-meadows367.jpg
9
Reading ./databaserelease2/NatureDataset2/train2/2-meadows37.jpg
2
Reading ./databaserelease2/NatureDataset2/train2/7-meadows58.jpg
7
Reading ./databaserelease2/NatureDataset2/train2/3-meadows415.jpg
3
Reading ./databaserelease2/NatureDataset2/train2/7-meadows351.jpg
7
Reading ./databaserelease2/NatureDataset2/train2/4-meadows395.jpg
4
Reading ./databaserelease2/NatureDataset2/train2/6-meadows385.jpg
6
Reading ./databaserelease2/NatureDataset2/train2/8-meadows433.jpg
8
Reading ./databaserelease2/NatureDataset2/train2/3-meadows170.jpg
3
Reading ./databaserelease2/NatureDataset2/train2/1-meadows466.jpg
1
Reading ./databaserelease2/NatureDataset2/train2/9-meadows445.jpg
9
Reading ./databaserelease2/NatureDataset2/train2/2-meadows319.jpg
2
Reading ./databaserelease2/NatureDataset2/train2/2-meadows353.jpg
2
Reading ./databaserelease2/NatureDataset2/train2/9-meadows326.jpg
9
Reading ./databaserelease2/NatureDataset2/train2/3-meadows327.jpg
3
Reading ./databaserelease2/NatureDataset2/train2/4-meadows382.jpg
4
Reading ./databaserelease2/NatureDataset2/train2/5-meadows49.jpg
5
Reading ./databaserelease2/NatureDataset2/train2/3-meadows432.jpg
3
Reading ./databaserelease2/NatureDataset2/train2/3-meadows21.jpg
3
Reading ./databaserelease2/NatureDataset2/train2/5-meadows291.jpg
5
Reading ./databaserelease2/NatureDataset2/train2/2-meadows191.jpg
2
Reading ./databaserelease2/NatureDataset2/train2/8-meadows384.jpg
8
Reading ./databaserelease2/NatureDataset2/train2/3-meadows251.jpg
3
Reading ./databaserelease2/NatureDataset2/train2/7-meadows150.jpg
7
Reading ./databaserelease2/NatureDataset2/train2/7-meadows83.jpg
7
Reading ./databaserelease2/NatureDataset2/train2/2-meadows14.jpg
2
Reading ./databaserelease2/NatureDataset2/train2/4-meadows157.jpg
4
Reading ./databaserelease2/NatureDataset2/train2/2-meadows209.jpg
2
Reading ./databaserelease2/NatureDataset2/train2/6-meadows127.jpg
6
Reading ./databaserelease2/NatureDataset2/train2/7-meadows200.jpg
7
Reading ./databaserelease2/NatureDataset2/train2/8-meadows115.jpg
8
Reading ./databaserelease2/NatureDataset2/train2/9-meadows252.jpg
9
Reading ./databaserelease2/NatureDataset2/train2/7-meadows422.jpg
7
Reading ./databaserelease2/NatureDataset2/train2/6-meadows40.jpg
6
Reading ./databaserelease2/NatureDataset2/train2/6-meadows439.jpg
6
Reading ./databaserelease2/NatureDataset2/train2/5-meadows196.jpg
5
Reading ./databaserelease2/NatureDataset2/train2/5-meadows465.jpg
5
Reading ./databaserelease2/NatureDataset2/train2/1-meadows254.jpg
1
Reading ./databaserelease2/NatureDataset2/train2/5-meadows492.jpg
5
Reading ./databaserelease2/NatureDataset2/train2/7-meadows409.jpg
7
Reading ./databaserelease2/NatureDataset2/train2/6-meadows113.jpg
6
Reading ./databaserelease2/NatureDataset2/train2/5-meadows479.jpg
5
Reading ./databaserelease2/NatureDataset2/train2/8-meadows457.jpg
8
Reading ./databaserelease2/NatureDataset2/train2/1-meadows190.jpg
1
Reading ./databaserelease2/NatureDataset2/train2/7-meadows176.jpg
7
Reading ./databaserelease2/NatureDataset2/train2/3-meadows306.jpg
3
Reading ./databaserelease2/NatureDataset2/train2/6-meadows424.jpg
6
Reading ./databaserelease2/NatureDataset2/train2/4-meadows296.jpg
4
Reading ./databaserelease2/NatureDataset2/train2/5-meadows452.jpg
5
Reading ./databaserelease2/NatureDataset2/train2/6-meadows98.jpg
6
Reading ./databaserelease2/NatureDataset2/train2/8-meadows146.jpg
8
Reading ./databaserelease2/NatureDataset2/train2/2-meadows156.jpg
2
Reading ./databaserelease2/NatureDataset2/train2/2-meadows344.jpg
2
Reading ./databaserelease2/NatureDataset2/train2/6-meadows443.jpg
6
Reading ./databaserelease2/NatureDataset2/train2/9-meadows260.jpg
9
Reading ./databaserelease2/NatureDataset2/train2/6-meadows205.jpg
6
Reading ./databaserelease2/NatureDataset2/train2/8-meadows182.jpg
8
Reading ./databaserelease2/NatureDataset2/train2/5-meadows500.jpg
5
Reading ./databaserelease2/NatureDataset2/train2/1-meadows376.jpg
1
Reading ./databaserelease2/NatureDataset2/train2/6-meadows154.jpg
6
Reading ./databaserelease2/NatureDataset2/train2/1-meadows66.jpg
1
Reading ./databaserelease2/NatureDataset2/train2/4-meadows236.jpg
4
Reading ./databaserelease2/NatureDataset2/train2/5-meadows379.jpg
5
Reading ./databaserelease2/NatureDataset2/train2/3-meadows334.jpg
3
Reading ./databaserelease2/NatureDataset2/train2/7-meadows92.jpg
7
Reading ./databaserelease2/NatureDataset2/train2/8-meadows317.jpg
8
Reading ./databaserelease2/NatureDataset2/train2/7-meadows29.jpg
7
Reading ./databaserelease2/NatureDataset2/train2/7-meadows392.jpg
7
Reading ./databaserelease2/NatureDataset2/train2/2-meadows355.jpg
2
Reading ./databaserelease2/NatureDataset2/train2/8-meadows307.jpg
8
Reading ./databaserelease2/NatureDataset2/train2/5-meadows473.jpg
5
Reading ./databaserelease2/NatureDataset2/train2/8-meadows393.jpg
8
Reading ./databaserelease2/NatureDataset2/train2/3-meadows159.jpg
3
Reading ./databaserelease2/NatureDataset2/train2/7-meadows488.jpg
7
Reading ./databaserelease2/NatureDataset2/train2/3-meadows318.jpg
3
Reading ./databaserelease2/NatureDataset2/train2/6-meadows281.jpg
6
Reading ./databaserelease2/NatureDataset2/train2/10-meadows133.jpg
10
Reading ./databaserelease2/NatureDataset2/train2/3-meadows352.jpg
3
Reading ./databaserelease2/NatureDataset2/train2/9-meadows482.jpg
9
Reading ./databaserelease2/NatureDataset2/train2/2-meadows110.jpg
2
Reading ./databaserelease2/NatureDataset2/train2/9-meadows225.jpg
9
Reading ./databaserelease2/NatureDataset2/train2/9-meadows168.jpg
9
Reading ./databaserelease2/NatureDataset2/train2/2-meadows340.jpg
2
Reading ./databaserelease2/NatureDataset2/train2/10-meadows436.jpg
10
Reading ./databaserelease2/NatureDataset2/train2/7-meadows404.jpg
7
Reading ./databaserelease2/NatureDataset2/train2/3-meadows2.jpg
3

Read 470 images.


Adding Images: Reading ./databaserelease2/NatureDataset2/train2/2-meadows319.jpg
2
Reading ./databaserelease2/NatureDataset2/train2/5-meadows227.jpg
5
Reading ./databaserelease2/NatureDataset2/train2/8-meadows115.jpg
8
Reading ./databaserelease2/NatureDataset2/train2/2-meadows188.jpg
2
Reading ./databaserelease2/NatureDataset2/train2/6-meadows113.jpg
6
Reading ./databaserelease2/NatureDataset2/train2/7-meadows93.jpg
7
Reading ./databaserelease2/NatureDataset2/train2/4-meadows19.jpg
4
Reading ./databaserelease2/NatureDataset2/train2/5-meadows338.jpg
5
Reading ./databaserelease2/NatureDataset2/train2/10-meadows410.jpg
10
Reading ./databaserelease2/NatureDataset2/train2/3-meadows359.jpg
3
Reading ./databaserelease2/NatureDataset2/train2/7-meadows321.jpg
7
Reading ./databaserelease2/NatureDataset2/train2/10-meadows403.jpg
10
Reading ./databaserelease2/NatureDataset2/train2/6-meadows164.jpg
6
Reading ./databaserelease2/NatureDataset2/train2/1-meadows293.jpg
1
Reading ./databaserelease2/NatureDataset2/train2/2-meadows183.jpg
2
Reading ./databaserelease2/NatureDataset2/train2/3-meadows184.jpg
3
Reading ./databaserelease2/NatureDataset2/train2/1-meadows199.jpg
1
Reading ./databaserelease2/NatureDataset2/train2/5-meadows489.jpg
5
Reading ./databaserelease2/NatureDataset2/train2/5-meadows234.jpg
5
Reading ./databaserelease2/NatureDataset2/train2/8-meadows146.jpg
8
Reading ./databaserelease2/NatureDataset2/train2/3-meadows221.jpg
3
Reading ./databaserelease2/NatureDataset2/train2/1-meadows459.jpg
1
Reading ./databaserelease2/NatureDataset2/train2/6-meadows257.jpg
6
Reading ./databaserelease2/NatureDataset2/train2/3-meadows208.jpg
3
Reading ./databaserelease2/NatureDataset2/train2/8-meadows175.jpg
8
Reading ./databaserelease2/NatureDataset2/train2/1-meadows483.jpg
1
Reading ./databaserelease2/NatureDataset2/train2/5-meadows116.jpg
5
Reading ./databaserelease2/NatureDataset2/train2/8-meadows126.jpg
8
Reading ./databaserelease2/NatureDataset2/train2/1-meadows364.jpg
1
Reading ./databaserelease2/NatureDataset2/train2/3-meadows224.jpg
3
Reading ./databaserelease2/NatureDataset2/train2/4-meadows316.jpg
4
Reading ./databaserelease2/NatureDataset2/train2/2-meadows14.jpg
2
Reading ./databaserelease2/NatureDataset2/train2/10-meadows133.jpg
10
Reading ./databaserelease2/NatureDataset2/train2/6-meadows304.jpg
6
Reading ./databaserelease2/NatureDataset2/train2/3-meadows219.jpg
3
Reading ./databaserelease2/NatureDataset2/train2/3-meadows460.jpg
3
Reading ./databaserelease2/NatureDataset2/train2/3-meadows245.jpg
3
Reading ./databaserelease2/NatureDataset2/train2/7-meadows464.jpg
7
Reading ./databaserelease2/NatureDataset2/train2/8-meadows202.jpg
8
Reading ./databaserelease2/NatureDataset2/train2/4-meadows233.jpg
4
Reading ./databaserelease2/NatureDataset2/train2/9-meadows482.jpg
9
Reading ./databaserelease2/NatureDataset2/train2/4-meadows296.jpg
4
Reading ./databaserelease2/NatureDataset2/train2/3-meadows31.jpg
3
Reading ./databaserelease2/NatureDataset2/train2/3-meadows288.jpg
3
Reading ./databaserelease2/NatureDataset2/train2/3-meadows399.jpg
3
Reading ./databaserelease2/NatureDataset2/train2/7-meadows223.jpg
7
Reading ./databaserelease2/NatureDataset2/train2/5-meadows144.jpg
5
Reading ./databaserelease2/NatureDataset2/train2/8-meadows421.jpg
8
Reading ./databaserelease2/NatureDataset2/train2/2-meadows105.jpg
2
Reading ./databaserelease2/NatureDataset2/train2/9-meadows431.jpg
9
Reading ./databaserelease2/NatureDataset2/train2/6-meadows264.jpg
6
Reading ./databaserelease2/NatureDataset2/train2/3-meadows131.jpg
3
Reading ./databaserelease2/NatureDataset2/train2/7-meadows162.jpg
7
Reading ./databaserelease2/NatureDataset2/train2/7-meadows166.jpg
7
Reading ./databaserelease2/NatureDataset2/train2/9-meadows3.jpg
9
Reading ./databaserelease2/NatureDataset2/train2/7-meadows471.jpg
7
Reading ./databaserelease2/NatureDataset2/train2/8-meadows63.jpg
8
Reading ./databaserelease2/NatureDataset2/train2/5-meadows267.jpg
5
Reading ./databaserelease2/NatureDataset2/train2/4-meadows229.jpg
4
Reading ./databaserelease2/NatureDataset2/train2/4-meadows33.jpg
4
Reading ./databaserelease2/NatureDataset2/train2/3-meadows2.jpg
3
Reading ./databaserelease2/NatureDataset2/train2/6-meadows447.jpg
6
Reading ./databaserelease2/NatureDataset2/train2/8-meadows384.jpg
8
Reading ./databaserelease2/NatureDataset2/train2/5-meadows492.jpg
5
Reading ./databaserelease2/NatureDataset2/train2/7-meadows153.jpg
7
Reading ./databaserelease2/NatureDataset2/train2/5-meadows429.jpg
5
Reading ./databaserelease2/NatureDataset2/train2/4-meadows171.jpg
4
Reading ./databaserelease2/NatureDataset2/train2/5-meadows210.jpg
5
Reading ./databaserelease2/NatureDataset2/train2/7-meadows418.jpg
7
Reading ./databaserelease2/NatureDataset2/train2/9-meadows102.jpg
9
Reading ./databaserelease2/NatureDataset2/train2/6-meadows439.jpg
6
Reading ./databaserelease2/NatureDataset2/train2/3-meadows141.jpg
3
Reading ./databaserelease2/NatureDataset2/train2/7-meadows422.jpg
7
Reading ./databaserelease2/NatureDataset2/train2/4-meadows187.jpg
4
Reading ./databaserelease2/NatureDataset2/train2/5-meadows18.jpg
5
Reading ./databaserelease2/NatureDataset2/train2/5-meadows449.jpg
5
Reading ./databaserelease2/NatureDataset2/train2/5-meadows441.jpg
5
Reading ./databaserelease2/NatureDataset2/train2/10-meadows145.jpg
10
Reading ./databaserelease2/NatureDataset2/train2/2-meadows1.jpg
2
Reading ./databaserelease2/NatureDataset2/train2/5-meadows38.jpg
5
Reading ./databaserelease2/NatureDataset2/train2/5-meadows196.jpg
5
Reading ./databaserelease2/NatureDataset2/train2/5-meadows377.jpg
5
Reading ./databaserelease2/NatureDataset2/train2/1-meadows161.jpg
1
Reading ./databaserelease2/NatureDataset2/train2/3-meadows358.jpg
3
Reading ./databaserelease2/NatureDataset2/train2/2-meadows266.jpg
2
Reading ./databaserelease2/NatureDataset2/train2/2-meadows462.jpg
2
Reading ./databaserelease2/NatureDataset2/train2/8-meadows430.jpg
8
Reading ./databaserelease2/NatureDataset2/train2/7-meadows324.jpg
7
Reading ./databaserelease2/NatureDataset2/train2/3-meadows46.jpg
3
Reading ./databaserelease2/NatureDataset2/train2/1-meadows8.jpg
1
Reading ./databaserelease2/NatureDataset2/train2/1-meadows347.jpg
1
Reading ./databaserelease2/NatureDataset2/train2/8-meadows68.jpg
8
Reading ./databaserelease2/NatureDataset2/train2/3-meadows251.jpg
3
Reading ./databaserelease2/NatureDataset2/train2/7-meadows12.jpg
7
Reading ./databaserelease2/NatureDataset2/train2/6-meadows16.jpg
6
Reading ./databaserelease2/NatureDataset2/train2/5-meadows467.jpg
5
Reading ./databaserelease2/NatureDataset2/train2/2-meadows320.jpg
2
Reading ./databaserelease2/NatureDataset2/train2/4-meadows363.jpg
4
Reading ./databaserelease2/NatureDataset2/train2/3-meadows155.jpg
3
Reading ./databaserelease2/NatureDataset2/train2/8-meadows398.jpg
8
Reading ./databaserelease2/NatureDataset2/train2/6-meadows281.jpg
6
Reading ./databaserelease2/NatureDataset2/train2/7-meadows121.jpg
7
Reading ./databaserelease2/NatureDataset2/train2/9-meadows261.jpg
9
Reading ./databaserelease2/NatureDataset2/train2/3-meadows242.jpg
3
Reading ./databaserelease2/NatureDataset2/train2/1-meadows66.jpg
1
Reading ./databaserelease2/NatureDataset2/train2/6-meadows424.jpg
6
Reading ./databaserelease2/NatureDataset2/train2/2-meadows114.jpg
2
Reading ./databaserelease2/NatureDataset2/train2/1-meadows254.jpg
1
Reading ./databaserelease2/NatureDataset2/train2/7-meadows381.jpg
7
Reading ./databaserelease2/NatureDataset2/train2/7-meadows148.jpg
7
Reading ./databaserelease2/NatureDataset2/train2/6-meadows426.jpg
6
Reading ./databaserelease2/NatureDataset2/train2/3-meadows129.jpg
3
Reading ./databaserelease2/NatureDataset2/train2/7-meadows378.jpg
7
Reading ./databaserelease2/NatureDataset2/train2/9-meadows289.jpg
9
Reading ./databaserelease2/NatureDataset2/train2/1-meadows419.jpg
1
Reading ./databaserelease2/NatureDataset2/train2/1-meadows226.jpg
1
Reading ./databaserelease2/NatureDataset2/train2/5-meadows465.jpg
5
Reading ./databaserelease2/NatureDataset2/train2/9-meadows365.jpg
9
Reading ./databaserelease2/NatureDataset2/train2/1-meadows95.jpg
1
Reading ./databaserelease2/NatureDataset2/train2/2-meadows34.jpg
2
Reading ./databaserelease2/NatureDataset2/train2/4-meadows382.jpg
4
Reading ./databaserelease2/NatureDataset2/train2/6-meadows178.jpg
6
Reading ./databaserelease2/NatureDataset2/train2/5-meadows99.jpg
5
Reading ./databaserelease2/NatureDataset2/train2/1-meadows23.jpg
1
Reading ./databaserelease2/NatureDataset2/train2/7-meadows287.jpg
7
Reading ./databaserelease2/NatureDataset2/train2/7-meadows176.jpg
7
Reading ./databaserelease2/NatureDataset2/train2/6-meadows205.jpg
6
Reading ./databaserelease2/NatureDataset2/train2/5-meadows379.jpg
5
Reading ./databaserelease2/NatureDataset2/train2/4-meadows314.jpg
4
Reading ./databaserelease2/NatureDataset2/train2/7-meadows265.jpg
7
Reading ./databaserelease2/NatureDataset2/train2/8-meadows186.jpg
8
Reading ./databaserelease2/NatureDataset2/train2/6-meadows127.jpg
6
Reading ./databaserelease2/NatureDataset2/train2/5-meadows412.jpg
5
Reading ./databaserelease2/NatureDataset2/train2/3-meadows268.jpg
3
Reading ./databaserelease2/NatureDataset2/train2/3-meadows172.jpg
3
Reading ./databaserelease2/NatureDataset2/train2/6-meadows136.jpg
6
Reading ./databaserelease2/NatureDataset2/train2/2-meadows344.jpg
2
Reading ./databaserelease2/NatureDataset2/train2/8-meadows308.jpg
8
Reading ./databaserelease2/NatureDataset2/train2/9-meadows123.jpg
9
Reading ./databaserelease2/NatureDataset2/train2/9-meadows256.jpg
9
Reading ./databaserelease2/NatureDataset2/train2/6-meadows315.jpg
6
Reading ./databaserelease2/NatureDataset2/train2/1-meadows362.jpg
1
Reading ./databaserelease2/NatureDataset2/train2/7-meadows360.jpg
7
Reading ./databaserelease2/NatureDataset2/train2/7-meadows29.jpg
7
Reading ./databaserelease2/NatureDataset2/train2/5-meadows84.jpg
5
Reading ./databaserelease2/NatureDataset2/train2/10-meadows101.jpg
10
Reading ./databaserelease2/NatureDataset2/train2/4-meadows206.jpg
4
Reading ./databaserelease2/NatureDataset2/train2/6-meadows336.jpg
6
Reading ./databaserelease2/NatureDataset2/train2/6-meadows448.jpg
6
Reading ./databaserelease2/NatureDataset2/train2/4-meadows271.jpg
4
Reading ./databaserelease2/NatureDataset2/train2/3-meadows350.jpg
3
Reading ./databaserelease2/NatureDataset2/train2/5-meadows259.jpg
5
Reading ./databaserelease2/NatureDataset2/train2/9-meadows168.jpg
9
Reading ./databaserelease2/NatureDataset2/train2/8-meadows317.jpg
8
Reading ./databaserelease2/NatureDataset2/train2/7-meadows356.jpg
7
Reading ./databaserelease2/NatureDataset2/train2/3-meadows159.jpg
3
Reading ./databaserelease2/NatureDataset2/train2/7-meadows383.jpg
7
Reading ./databaserelease2/NatureDataset2/train2/2-meadows487.jpg
2
Reading ./databaserelease2/NatureDataset2/train2/3-meadows391.jpg
3
Reading ./databaserelease2/NatureDataset2/train2/3-meadows11.jpg
3
Reading ./databaserelease2/NatureDataset2/train2/2-meadows253.jpg
2
Reading ./databaserelease2/NatureDataset2/train2/7-meadows375.jpg
7
Reading ./databaserelease2/NatureDataset2/train2/9-meadows380.jpg
9
Reading ./databaserelease2/NatureDataset2/train2/8-meadows476.jpg
8
Reading ./databaserelease2/NatureDataset2/train2/10-meadows396.jpg
10
Reading ./databaserelease2/NatureDataset2/train2/2-meadows231.jpg
2
Reading ./databaserelease2/NatureDataset2/train2/1-meadows190.jpg
1
Reading ./databaserelease2/NatureDataset2/train2/4-meadows222.jpg
4
Reading ./databaserelease2/NatureDataset2/train2/5-meadows473.jpg
5
Reading ./databaserelease2/NatureDataset2/train2/5-meadows85.jpg
5
Reading ./databaserelease2/NatureDataset2/train2/4-meadows26.jpg
4
Reading ./databaserelease2/NatureDataset2/train2/7-meadows200.jpg
7
Reading ./databaserelease2/NatureDataset2/train2/9-meadows86.jpg
9
Reading ./databaserelease2/NatureDataset2/train2/8-meadows277.jpg
8
Reading ./databaserelease2/NatureDataset2/train2/7-meadows189.jpg
7
Reading ./databaserelease2/NatureDataset2/train2/2-meadows276.jpg
2
Reading ./databaserelease2/NatureDataset2/train2/6-meadows474.jpg
6
Reading ./databaserelease2/NatureDataset2/train2/3-meadows197.jpg
3
Reading ./databaserelease2/NatureDataset2/train2/2-meadows120.jpg
2
Reading ./databaserelease2/NatureDataset2/train2/1-meadows434.jpg
1
Reading ./databaserelease2/NatureDataset2/train2/2-meadows35.jpg
2
Reading ./databaserelease2/NatureDataset2/train2/8-meadows240.jpg
8
Reading ./databaserelease2/NatureDataset2/train2/8-meadows74.jpg
8
Reading ./databaserelease2/NatureDataset2/train2/9-meadows260.jpg
9
Reading ./databaserelease2/NatureDataset2/train2/2-meadows292.jpg
2
Reading ./databaserelease2/NatureDataset2/train2/2-meadows247.jpg
2
Reading ./databaserelease2/NatureDataset2/train2/8-meadows262.jpg
8
Reading ./databaserelease2/NatureDataset2/train2/3-meadows270.jpg
3
Reading ./databaserelease2/NatureDataset2/train2/6-meadows435.jpg
6
Reading ./databaserelease2/NatureDataset2/train2/2-meadows191.jpg
2
Reading ./databaserelease2/NatureDataset2/train2/3-meadows132.jpg
3
Reading ./databaserelease2/NatureDataset2/train2/7-meadows305.jpg
7
Reading ./databaserelease2/NatureDataset2/train2/8-meadows125.jpg
8
Reading ./databaserelease2/NatureDataset2/train2/1-meadows285.jpg
1
Reading ./databaserelease2/NatureDataset2/train2/3-meadows346.jpg
3
Reading ./databaserelease2/NatureDataset2/train2/8-meadows311.jpg
8
Reading ./databaserelease2/NatureDataset2/train2/4-meadows461.jpg
4
Reading ./databaserelease2/NatureDataset2/train2/1-meadows73.jpg
1
Reading ./databaserelease2/NatureDataset2/train2/3-meadows335.jpg
3
Reading ./databaserelease2/NatureDataset2/train2/8-meadows297.jpg
8
Reading ./databaserelease2/NatureDataset2/train2/8-meadows323.jpg
8
Reading ./databaserelease2/NatureDataset2/train2/5-meadows36.jpg
5
Reading ./databaserelease2/NatureDataset2/train2/6-meadows154.jpg
6
Reading ./databaserelease2/NatureDataset2/train2/9-meadows248.jpg
9
Reading ./databaserelease2/NatureDataset2/train2/5-meadows452.jpg
5
Reading ./databaserelease2/NatureDataset2/train2/3-meadows238.jpg
3
Reading ./databaserelease2/NatureDataset2/train2/8-meadows423.jpg
8
Reading ./databaserelease2/NatureDataset2/train2/5-meadows128.jpg
5
Reading ./databaserelease2/NatureDataset2/train2/9-meadows225.jpg
9
Reading ./databaserelease2/NatureDataset2/train2/3-meadows147.jpg
3
Reading ./databaserelease2/NatureDataset2/train2/3-meadows290.jpg
3
Reading ./databaserelease2/NatureDataset2/train2/6-meadows428.jpg
6
Reading ./databaserelease2/NatureDataset2/train2/6-meadows443.jpg
6
Reading ./databaserelease2/NatureDataset2/train2/4-meadows111.jpg
4
Reading ./databaserelease2/NatureDataset2/train2/4-meadows149.jpg
4
Reading ./databaserelease2/NatureDataset2/train2/8-meadows300.jpg
8
Reading ./databaserelease2/NatureDataset2/train2/3-meadows334.jpg
3
Reading ./databaserelease2/NatureDataset2/train2/9-meadows370.jpg
9
Reading ./databaserelease2/NatureDataset2/train2/4-meadows278.jpg
4
Reading ./databaserelease2/NatureDataset2/train2/1-meadows322.jpg
1
Reading ./databaserelease2/NatureDataset2/train2/7-meadows103.jpg
7
Reading ./databaserelease2/NatureDataset2/train2/5-meadows455.jpg
5
Reading ./databaserelease2/NatureDataset2/train2/5-meadows341.jpg
5
Reading ./databaserelease2/NatureDataset2/train2/1-meadows160.jpg
1
Reading ./databaserelease2/NatureDataset2/train2/8-meadows408.jpg
8
Reading ./databaserelease2/NatureDataset2/train2/3-meadows478.jpg
3
Reading ./databaserelease2/NatureDataset2/train2/6-meadows458.jpg
6
Reading ./databaserelease2/NatureDataset2/train2/5-meadows71.jpg
5
Reading ./databaserelease2/NatureDataset2/train2/1-meadows220.jpg
1
Reading ./databaserelease2/NatureDataset2/train2/3-meadows303.jpg
3
Reading ./databaserelease2/NatureDataset2/train2/6-meadows198.jpg
6
Reading ./databaserelease2/NatureDataset2/train2/1-meadows330.jpg
1
Reading ./databaserelease2/NatureDataset2/train2/1-meadows361.jpg
1
Reading ./databaserelease2/NatureDataset2/train2/4-meadows230.jpg
4
Reading ./databaserelease2/NatureDataset2/train2/5-meadows69.jpg
5
Reading ./databaserelease2/NatureDataset2/train2/7-meadows404.jpg
7
Reading ./databaserelease2/NatureDataset2/train2/2-meadows386.jpg
2
Reading ./databaserelease2/NatureDataset2/train2/5-meadows373.jpg
5
Reading ./databaserelease2/NatureDataset2/train2/8-meadows348.jpg
8
Reading ./databaserelease2/NatureDataset2/train2/3-meadows327.jpg
3
Reading ./databaserelease2/NatureDataset2/train2/5-meadows440.jpg
5
Reading ./databaserelease2/NatureDataset2/train2/1-meadows81.jpg
1
Reading ./databaserelease2/NatureDataset2/train2/4-meadows420.jpg
4
Reading ./databaserelease2/NatureDataset2/train2/5-meadows56.jpg
5
Reading ./databaserelease2/NatureDataset2/train2/2-meadows25.jpg
2
Reading ./databaserelease2/NatureDataset2/train2/7-meadows416.jpg
7
Reading ./databaserelease2/NatureDataset2/train2/7-meadows244.jpg
7
Reading ./databaserelease2/NatureDataset2/train2/7-meadows309.jpg
7
Reading ./databaserelease2/NatureDataset2/train2/8-meadows401.jpg
8
Reading ./databaserelease2/NatureDataset2/train2/5-meadows339.jpg
5
Reading ./databaserelease2/NatureDataset2/train2/2-meadows369.jpg
2
Reading ./databaserelease2/NatureDataset2/train2/9-meadows252.jpg
9
Reading ./databaserelease2/NatureDataset2/train2/1-meadows94.jpg
1
Reading ./databaserelease2/NatureDataset2/train2/2-meadows179.jpg
2
Reading ./databaserelease2/NatureDataset2/train2/7-meadows204.jpg
7
Reading ./databaserelease2/NatureDataset2/train2/5-meadows158.jpg
5
Reading ./databaserelease2/NatureDataset2/train2/5-meadows137.jpg
5
Reading ./databaserelease2/NatureDataset2/train2/9-meadows326.jpg
9
Reading ./databaserelease2/NatureDataset2/train2/6-meadows45.jpg
6
Reading ./databaserelease2/NatureDataset2/train2/8-meadows212.jpg
8
Reading ./databaserelease2/NatureDataset2/train2/6-meadows469.jpg
6
Reading ./databaserelease2/NatureDataset2/train2/3-meadows13.jpg
3
Reading ./databaserelease2/NatureDataset2/train2/4-meadows395.jpg
4
Reading ./databaserelease2/NatureDataset2/train2/3-meadows138.jpg
3
Reading ./databaserelease2/NatureDataset2/train2/6-meadows32.jpg
6
Reading ./databaserelease2/NatureDataset2/train2/4-meadows298.jpg
4
Reading ./databaserelease2/NatureDataset2/train2/2-meadows299.jpg
2
Reading ./databaserelease2/NatureDataset2/train2/4-meadows450.jpg
4
Reading ./databaserelease2/NatureDataset2/train2/1-meadows337.jpg
1
Reading ./databaserelease2/NatureDataset2/train2/6-meadows456.jpg
6
Reading ./databaserelease2/NatureDataset2/train2/3-meadows432.jpg
3
Reading ./databaserelease2/NatureDataset2/train2/8-meadows28.jpg
8
Reading ./databaserelease2/NatureDataset2/train2/3-meadows406.jpg
3
Reading ./databaserelease2/NatureDataset2/train2/8-meadows273.jpg
8
Reading ./databaserelease2/NatureDataset2/train2/1-meadows215.jpg
1
Reading ./databaserelease2/NatureDataset2/train2/7-meadows241.jpg
7
Reading ./databaserelease2/NatureDataset2/train2/9-meadows427.jpg
9
Reading ./databaserelease2/NatureDataset2/train2/7-meadows22.jpg
7
Reading ./databaserelease2/NatureDataset2/train2/2-meadows37.jpg
2
Reading ./databaserelease2/NatureDataset2/train2/6-meadows211.jpg
6
Reading ./databaserelease2/NatureDataset2/train2/3-meadows415.jpg
3
Reading ./databaserelease2/NatureDataset2/train2/7-meadows27.jpg
7
Reading ./databaserelease2/NatureDataset2/train2/2-meadows480.jpg
2
Reading ./databaserelease2/NatureDataset2/train2/4-meadows140.jpg
4
Reading ./databaserelease2/NatureDataset2/train2/3-meadows331.jpg
3
Reading ./databaserelease2/NatureDataset2/train2/3-meadows177.jpg
3
Reading ./databaserelease2/NatureDataset2/train2/10-meadows57.jpg
10
Reading ./databaserelease2/NatureDataset2/train2/3-meadows294.jpg
3
Reading ./databaserelease2/NatureDataset2/train2/7-meadows24.jpg
7
Reading ./databaserelease2/NatureDataset2/train2/3-meadows170.jpg
3
Reading ./databaserelease2/NatureDataset2/train2/3-meadows318.jpg
3
Reading ./databaserelease2/NatureDataset2/train2/6-meadows213.jpg
6
Reading ./databaserelease2/NatureDataset2/train2/8-meadows194.jpg
8
Reading ./databaserelease2/NatureDataset2/train2/9-meadows310.jpg
9
Reading ./databaserelease2/NatureDataset2/train2/10-meadows173.jpg
10
Reading ./databaserelease2/NatureDataset2/train2/7-meadows417.jpg
7
Reading ./databaserelease2/NatureDataset2/train2/8-meadows332.jpg
8
Reading ./databaserelease2/NatureDataset2/train2/7-meadows216.jpg
7
Reading ./databaserelease2/NatureDataset2/train2/5-meadows109.jpg
5
Reading ./databaserelease2/NatureDataset2/train2/2-meadows275.jpg
2
Reading ./databaserelease2/NatureDataset2/train2/3-meadows142.jpg
3
Reading ./databaserelease2/NatureDataset2/train2/4-meadows274.jpg
4
Reading ./databaserelease2/NatureDataset2/train2/3-meadows117.jpg
3
Reading ./databaserelease2/NatureDataset2/train2/3-meadows352.jpg
3
Reading ./databaserelease2/NatureDataset2/train2/7-meadows409.jpg
7
Reading ./databaserelease2/NatureDataset2/train2/2-meadows407.jpg
2
Reading ./databaserelease2/NatureDataset2/train2/2-meadows214.jpg
2
Reading ./databaserelease2/NatureDataset2/train2/2-meadows209.jpg
2
Reading ./databaserelease2/NatureDataset2/train2/9-meadows88.jpg
9
Reading ./databaserelease2/NatureDataset2/train2/6-meadows451.jpg
6
Reading ./databaserelease2/NatureDataset2/train2/7-meadows83.jpg
7
Reading ./databaserelease2/NatureDataset2/train2/6-meadows169.jpg
6
Reading ./databaserelease2/NatureDataset2/train2/8-meadows433.jpg
8
Reading ./databaserelease2/NatureDataset2/train2/9-meadows263.jpg
9
Reading ./databaserelease2/NatureDataset2/train2/7-meadows150.jpg
7
Reading ./databaserelease2/NatureDataset2/train2/5-meadows181.jpg
5
Reading ./databaserelease2/NatureDataset2/train2/5-meadows291.jpg
5
Reading ./databaserelease2/NatureDataset2/train2/4-meadows237.jpg
4
Reading ./databaserelease2/NatureDataset2/train2/4-meadows400.jpg
4
Reading ./databaserelease2/NatureDataset2/train2/3-meadows104.jpg
3
Reading ./databaserelease2/NatureDataset2/train2/7-meadows165.jpg
7
Reading ./databaserelease2/NatureDataset2/train2/10-meadows402.jpg
10
Reading ./databaserelease2/NatureDataset2/train2/5-meadows20.jpg
5
Reading ./databaserelease2/NatureDataset2/train2/1-meadows466.jpg
1
Reading ./databaserelease2/NatureDataset2/train2/7-meadows6.jpg
7
Reading ./databaserelease2/NatureDataset2/train2/1-meadows39.jpg
1
Reading ./databaserelease2/NatureDataset2/train2/9-meadows174.jpg
9
Reading ./databaserelease2/NatureDataset2/train2/9-meadows10.jpg
9
Reading ./databaserelease2/NatureDataset2/train2/7-meadows414.jpg
7
Reading ./databaserelease2/NatureDataset2/train2/5-meadows313.jpg
5
Reading ./databaserelease2/NatureDataset2/train2/3-meadows243.jpg
3
Reading ./databaserelease2/NatureDataset2/train2/8-meadows51.jpg
8
Reading ./databaserelease2/NatureDataset2/train2/7-meadows470.jpg
7
Reading ./databaserelease2/NatureDataset2/train2/2-meadows355.jpg
2
Reading ./databaserelease2/NatureDataset2/train2/6-meadows255.jpg
6
Reading ./databaserelease2/NatureDataset2/train2/8-meadows457.jpg
8
Reading ./databaserelease2/NatureDataset2/train2/9-meadows442.jpg
9
Reading ./databaserelease2/NatureDataset2/train2/6-meadows387.jpg
6
Reading ./databaserelease2/NatureDataset2/train2/2-meadows207.jpg
2
Reading ./databaserelease2/NatureDataset2/train2/5-meadows446.jpg
5
Reading ./databaserelease2/NatureDataset2/train2/5-meadows333.jpg
5
Reading ./databaserelease2/NatureDataset2/train2/2-meadows156.jpg
2
Reading ./databaserelease2/NatureDataset2/train2/3-meadows203.jpg
3
Reading ./databaserelease2/NatureDataset2/train2/6-meadows108.jpg
6
Reading ./databaserelease2/NatureDataset2/train2/5-meadows201.jpg
5
Reading ./databaserelease2/NatureDataset2/train2/2-meadows110.jpg
2
Reading ./databaserelease2/NatureDataset2/train2/2-meadows122.jpg
2
Reading ./databaserelease2/NatureDataset2/train2/7-meadows368.jpg
7
Reading ./databaserelease2/NatureDataset2/train2/1-meadows232.jpg
1
Reading ./databaserelease2/NatureDataset2/train2/4-meadows143.jpg
4
Reading ./databaserelease2/NatureDataset2/train2/1-meadows47.jpg
1
Reading ./databaserelease2/NatureDataset2/train2/10-meadows388.jpg
10
Reading ./databaserelease2/NatureDataset2/train2/6-meadows371.jpg
6
Reading ./databaserelease2/NatureDataset2/train2/5-meadows70.jpg
5
Reading ./databaserelease2/NatureDataset2/train2/9-meadows494.jpg
9
Reading ./databaserelease2/NatureDataset2/train2/6-meadows134.jpg
6
Reading ./databaserelease2/NatureDataset2/train2/7-meadows488.jpg
7
Reading ./databaserelease2/NatureDataset2/train2/5-meadows72.jpg
5
Reading ./databaserelease2/NatureDataset2/train2/7-meadows425.jpg
7
Reading ./databaserelease2/NatureDataset2/train2/4-meadows329.jpg
4
Reading ./databaserelease2/NatureDataset2/train2/1-meadows376.jpg
1
Reading ./databaserelease2/NatureDataset2/train2/2-meadows340.jpg
2
Reading ./databaserelease2/NatureDataset2/train2/8-meadows393.jpg
8
Reading ./databaserelease2/NatureDataset2/train2/9-meadows367.jpg
9
Reading ./databaserelease2/NatureDataset2/train2/7-meadows272.jpg
7
Reading ./databaserelease2/NatureDataset2/train2/3-meadows306.jpg
3
Reading ./databaserelease2/NatureDataset2/train2/2-meadows342.jpg
2
Reading ./databaserelease2/NatureDataset2/train2/4-meadows157.jpg
4
Reading ./databaserelease2/NatureDataset2/train2/5-meadows343.jpg
5
Reading ./databaserelease2/NatureDataset2/train2/7-meadows325.jpg
7
Reading ./databaserelease2/NatureDataset2/train2/3-meadows163.jpg
3
Reading ./databaserelease2/NatureDataset2/train2/10-meadows366.jpg
10
Reading ./databaserelease2/NatureDataset2/train2/1-meadows97.jpg
1
Reading ./databaserelease2/NatureDataset2/train2/6-meadows139.jpg
6
Reading ./databaserelease2/NatureDataset2/train2/7-meadows58.jpg
7
Reading ./databaserelease2/NatureDataset2/train2/5-meadows44.jpg
5
Reading ./databaserelease2/NatureDataset2/train2/6-meadows98.jpg
6
Reading ./databaserelease2/NatureDataset2/train2/8-meadows185.jpg
8
Reading ./databaserelease2/NatureDataset2/train2/6-meadows246.jpg
6
Reading ./databaserelease2/NatureDataset2/train2/2-meadows43.jpg
2
Reading ./databaserelease2/NatureDataset2/train2/5-meadows500.jpg
5
Reading ./databaserelease2/NatureDataset2/train2/5-meadows195.jpg
5
Reading ./databaserelease2/NatureDataset2/train2/8-meadows182.jpg
8
Reading ./databaserelease2/NatureDataset2/train2/8-meadows180.jpg
8
Reading ./databaserelease2/NatureDataset2/train2/9-meadows390.jpg
9
Reading ./databaserelease2/NatureDataset2/train2/5-meadows282.jpg
5
Reading ./databaserelease2/NatureDataset2/train2/5-meadows312.jpg
5
Reading ./databaserelease2/NatureDataset2/train2/7-meadows30.jpg
7
Reading ./databaserelease2/NatureDataset2/train2/6-meadows389.jpg
6
Reading ./databaserelease2/NatureDataset2/train2/5-meadows249.jpg
5
Reading ./databaserelease2/NatureDataset2/train2/3-meadows472.jpg
3
Reading ./databaserelease2/NatureDataset2/train2/1-meadows301.jpg
1
Reading ./databaserelease2/NatureDataset2/train2/2-meadows468.jpg
2
Reading ./databaserelease2/NatureDataset2/train2/9-meadows374.jpg
9
Reading ./databaserelease2/NatureDataset2/train2/6-meadows397.jpg
6
Reading ./databaserelease2/NatureDataset2/train2/3-meadows152.jpg
3
Reading ./databaserelease2/NatureDataset2/train2/7-meadows490.jpg
7
Reading ./databaserelease2/NatureDataset2/train2/1-meadows130.jpg
1
Reading ./databaserelease2/NatureDataset2/train2/2-meadows258.jpg
2
Reading ./databaserelease2/NatureDataset2/train2/5-meadows345.jpg
5
Reading ./databaserelease2/NatureDataset2/train2/7-meadows167.jpg
7
Reading ./databaserelease2/NatureDataset2/train2/5-meadows49.jpg
5
Reading ./databaserelease2/NatureDataset2/train2/7-meadows283.jpg
7
Reading ./databaserelease2/NatureDataset2/train2/4-meadows236.jpg
4
Reading ./databaserelease2/NatureDataset2/train2/6-meadows437.jpg
6
Reading ./databaserelease2/NatureDataset2/train2/7-meadows453.jpg
7
Reading ./databaserelease2/NatureDataset2/train2/3-meadows284.jpg
3
Reading ./databaserelease2/NatureDataset2/train2/6-meadows295.jpg
6
Reading ./databaserelease2/NatureDataset2/train2/7-meadows438.jpg
7
Reading ./databaserelease2/NatureDataset2/train2/4-meadows280.jpg
4
Reading ./databaserelease2/NatureDataset2/train2/6-meadows40.jpg
6
Reading ./databaserelease2/NatureDataset2/train2/1-meadows135.jpg
1
Reading ./databaserelease2/NatureDataset2/train2/3-meadows112.jpg
3
Reading ./databaserelease2/NatureDataset2/train2/3-meadows302.jpg
3
Reading ./databaserelease2/NatureDataset2/train2/7-meadows392.jpg
7
Reading ./databaserelease2/NatureDataset2/train2/1-meadows372.jpg
1
Reading ./databaserelease2/NatureDataset2/train2/7-meadows41.jpg
7
Reading ./databaserelease2/NatureDataset2/train2/3-meadows42.jpg
3
Reading ./databaserelease2/NatureDataset2/train2/4-meadows454.jpg
4
Reading ./databaserelease2/NatureDataset2/train2/6-meadows486.jpg
6
Reading ./databaserelease2/NatureDataset2/train2/5-meadows218.jpg
5
Reading ./databaserelease2/NatureDataset2/train2/9-meadows445.jpg
9
Reading ./databaserelease2/NatureDataset2/train2/5-meadows17.jpg
5
Reading ./databaserelease2/NatureDataset2/train2/5-meadows357.jpg
5
Reading ./databaserelease2/NatureDataset2/train2/5-meadows217.jpg
5
Reading ./databaserelease2/NatureDataset2/train2/8-meadows485.jpg
8
Reading ./databaserelease2/NatureDataset2/train2/7-meadows5.jpg
7
Reading ./databaserelease2/NatureDataset2/train2/5-meadows479.jpg
5
Reading ./databaserelease2/NatureDataset2/train2/7-meadows92.jpg
7
Reading ./databaserelease2/NatureDataset2/train2/4-meadows151.jpg
4
Reading ./databaserelease2/NatureDataset2/train2/3-meadows239.jpg
3
Reading ./databaserelease2/NatureDataset2/train2/4-meadows4.jpg
4
Reading ./databaserelease2/NatureDataset2/train2/4-meadows100.jpg
4
Reading ./databaserelease2/NatureDataset2/train2/10-meadows279.jpg
10
Reading ./databaserelease2/NatureDataset2/train2/3-meadows250.jpg
3
Reading ./databaserelease2/NatureDataset2/train2/3-meadows444.jpg
3
Reading ./databaserelease2/NatureDataset2/train2/2-meadows353.jpg
2
Reading ./databaserelease2/NatureDataset2/train2/10-meadows436.jpg
10
Reading ./databaserelease2/NatureDataset2/train2/3-meadows48.jpg
3
Reading ./databaserelease2/NatureDataset2/train2/1-meadows235.jpg
1
2021-10-27 01:40:10.548159: I tensorflow/compiler/mlir/mlir_graph_optimization_pass.cc:185] None of the MLIR Optimization Passes are enabled (registered 2)
2021-10-27 01:40:12.272085: I tensorflow/stream_executor/cuda/cuda_dnn.cc:369] Loaded cuDNN version 8201
2021-10-27 01:40:14.238827: W tensorflow/stream_executor/gpu/asm_compiler.cc:77] Couldn't get ptxas version string: Internal: Running ptxas --version returned 32512
2021-10-27 01:40:14.305655: W tensorflow/stream_executor/gpu/redzone_allocator.cc:314] Internal: ptxas exited with non-zero error code 32512, output: 
Relying on driver to perform ptx compilation. 
Modify $PATH to customize ptxas location.
This message will be only logged once.
2021-10-27 01:40:27.493708: I tensorflow/stream_executor/cuda/cuda_blas.cc:1760] TensorFloat-32 will be used for the matrix multiplication. This will only be logged once.
Reading ./databaserelease2/NatureDataset2/train2/8-meadows413.jpg
8
Reading ./databaserelease2/NatureDataset2/train2/8-meadows307.jpg
8
Reading ./databaserelease2/NatureDataset2/train2/8-meadows107.jpg
8
Reading ./databaserelease2/NatureDataset2/train2/8-meadows405.jpg
8
Reading ./databaserelease2/NatureDataset2/train2/5-meadows192.jpg
5
Reading ./databaserelease2/NatureDataset2/train2/9-meadows269.jpg
9
Reading ./databaserelease2/NatureDataset2/train2/9-meadows499.jpg
9
Reading ./databaserelease2/NatureDataset2/train2/2-meadows463.jpg
2
Reading ./databaserelease2/NatureDataset2/train2/9-meadows228.jpg
9
Reading ./databaserelease2/NatureDataset2/train2/10-meadows55.jpg
10
Reading ./databaserelease2/NatureDataset2/train2/2-meadows491.jpg
2
Reading ./databaserelease2/NatureDataset2/train2/3-meadows354.jpg
3
Reading ./databaserelease2/NatureDataset2/train2/2-meadows493.jpg
2
Reading ./databaserelease2/NatureDataset2/train2/6-meadows96.jpg
6
Reading ./databaserelease2/NatureDataset2/train2/6-meadows385.jpg
6
Reading ./databaserelease2/NatureDataset2/train2/3-meadows394.jpg
3
Reading ./databaserelease2/NatureDataset2/train2/6-meadows119.jpg
6
Reading ./databaserelease2/NatureDataset2/train2/10-meadows90.jpg
10
Reading ./databaserelease2/NatureDataset2/train2/6-meadows349.jpg
6
Reading ./databaserelease2/NatureDataset2/train2/7-meadows497.jpg
7
Reading ./databaserelease2/NatureDataset2/train2/7-meadows286.jpg
7
Reading ./databaserelease2/NatureDataset2/train2/7-meadows351.jpg
7
Reading ./databaserelease2/NatureDataset2/train2/3-meadows21.jpg
3
Reading ./databaserelease2/NatureDataset2/train2/7-meadows328.jpg
7
Reading ./databaserelease2/NatureDataset2/train2/6-meadows124.jpg
6
Reading ./databaserelease2/NatureDataset2/train2/1-meadows193.jpg
1
Reading ./databaserelease2/NatureDataset2/train2/4-meadows411.jpg
4
Reading ./databaserelease2/NatureDataset2/train2/9-meadows484.jpg
9
Reading ./databaserelease2/NatureDataset2/train2/4-meadows106.jpg
4
Reading ./databaserelease2/NatureDataset2/train2/7-meadows15.jpg
7

Read 470 images.


Epoch 1/20
1/5 [=====>........................] - ETA: 2:08 - loss: 66.5111 - accuracy: 0.09002/5 [===========>..................] - ETA: 3s - loss: 68.4653 - accuracy: 0.0700  3/5 [=================>............] - ETA: 2s - loss: 74.1357 - accuracy: 0.06004/5 [=======================>......] - ETA: 1s - loss: 72.6637 - accuracy: 0.06505/5 [==============================] - ETA: 0s - loss: 71.4695 - accuracy: 0.06385/5 [==============================] - 58s 7s/step - loss: 71.4695 - accuracy: 0.0638 - val_loss: 25.8283 - val_accuracy: 0.0851
2021-10-27 01:41:09.790634: W tensorflow/python/util/util.cc:348] Sets are not currently considered sequences, but this may change in the future, so consider avoiding using them.
The temperature of the GPU is  52
Epoch 2/20
1/5 [=====>........................] - ETA: 4s - loss: 57.7419 - accuracy: 0.06002/5 [===========>..................] - ETA: 3s - loss: 59.3401 - accuracy: 0.07503/5 [=================>............] - ETA: 2s - loss: 56.2503 - accuracy: 0.07674/5 [=======================>......] - ETA: 1s - loss: 59.0384 - accuracy: 0.07255/5 [==============================] - ETA: 0s - loss: 60.4911 - accuracy: 0.06605/5 [==============================] - 8s 2s/step - loss: 60.4911 - accuracy: 0.0660 - val_loss: 45.0794 - val_accuracy: 0.0851
The temperature of the GPU is  59
Epoch 3/20
1/5 [=====>........................] - ETA: 4s - loss: 79.5703 - accuracy: 0.09002/5 [===========>..................] - ETA: 3s - loss: 70.0830 - accuracy: 0.07503/5 [=================>............] - ETA: 2s - loss: 68.5448 - accuracy: 0.08004/5 [=======================>......] - ETA: 1s - loss: 70.6747 - accuracy: 0.06755/5 [==============================] - ETA: 0s - loss: 75.3016 - accuracy: 0.06605/5 [==============================] - 8s 2s/step - loss: 75.3016 - accuracy: 0.0660 - val_loss: 23.2188 - val_accuracy: 0.0851
The temperature of the GPU is  54
Epoch 4/20
1/5 [=====>........................] - ETA: 4s - loss: 79.8487 - accuracy: 0.06002/5 [===========>..................] - ETA: 3s - loss: 75.5750 - accuracy: 0.07003/5 [=================>............] - ETA: 2s - loss: 68.8720 - accuracy: 0.05674/5 [=======================>......] - ETA: 1s - loss: 61.3908 - accuracy: 0.06255/5 [==============================] - ETA: 0s - loss: 57.4634 - accuracy: 0.05965/5 [==============================] - 8s 2s/step - loss: 57.4634 - accuracy: 0.0596 - val_loss: 8.7382 - val_accuracy: 0.0851
The temperature of the GPU is  54
Epoch 5/20
1/5 [=====>........................] - ETA: 4s - loss: 41.0017 - accuracy: 0.05002/5 [===========>..................] - ETA: 3s - loss: 39.4934 - accuracy: 0.06503/5 [=================>............] - ETA: 2s - loss: 39.5321 - accuracy: 0.06674/5 [=======================>......] - ETA: 1s - loss: 42.3706 - accuracy: 0.06255/5 [==============================] - ETA: 0s - loss: 42.9839 - accuracy: 0.06385/5 [==============================] - 8s 2s/step - loss: 42.9839 - accuracy: 0.0638 - val_loss: 28.9992 - val_accuracy: 0.0851
The temperature of the GPU is  61
Epoch 6/20
1/5 [=====>........................] - ETA: 4s - loss: 46.4887 - accuracy: 0.07002/5 [===========>..................] - ETA: 3s - loss: 57.1336 - accuracy: 0.08503/5 [=================>............] - ETA: 2s - loss: 53.6890 - accuracy: 0.07004/5 [=======================>......] - ETA: 1s - loss: 50.1923 - accuracy: 0.07005/5 [==============================] - ETA: 0s - loss: 48.0598 - accuracy: 0.06385/5 [==============================] - 8s 2s/step - loss: 48.0598 - accuracy: 0.0638 - val_loss: 65.5044 - val_accuracy: 0.0851
The temperature of the GPU is  62
Epoch 7/20
1/5 [=====>........................] - ETA: 4s - loss: 42.0867 - accuracy: 0.05002/5 [===========>..................] - ETA: 3s - loss: 41.0097 - accuracy: 0.09003/5 [=================>............] - ETA: 2s - loss: 41.9874 - accuracy: 0.08674/5 [=======================>......] - ETA: 1s - loss: 38.2577 - accuracy: 0.07255/5 [==============================] - ETA: 0s - loss: 38.0231 - accuracy: 0.07455/5 [==============================] - 8s 2s/step - loss: 38.0231 - accuracy: 0.0745 - val_loss: 18.1876 - val_accuracy: 0.0851
The temperature of the GPU is  63
Epoch 8/20
1/5 [=====>........................] - ETA: 4s - loss: 48.8259 - accuracy: 0.09002/5 [===========>..................] - ETA: 3s - loss: 42.6233 - accuracy: 0.08003/5 [=================>............] - ETA: 2s - loss: 43.6799 - accuracy: 0.06674/5 [=======================>......] - ETA: 1s - loss: 43.5014 - accuracy: 0.07255/5 [==============================] - ETA: 0s - loss: 43.3548 - accuracy: 0.07455/5 [==============================] - 8s 2s/step - loss: 43.3548 - accuracy: 0.0745 - val_loss: 108.6402 - val_accuracy: 0.0851
The temperature of the GPU is  64
Epoch 9/20
1/5 [=====>........................] - ETA: 4s - loss: 47.7734 - accuracy: 0.05002/5 [===========>..................] - ETA: 3s - loss: 51.2628 - accuracy: 0.03503/5 [=================>............] - ETA: 2s - loss: 53.0321 - accuracy: 0.05674/5 [=======================>......] - ETA: 1s - loss: 58.4264 - accuracy: 0.05505/5 [==============================] - ETA: 0s - loss: 58.8266 - accuracy: 0.06605/5 [==============================] - 8s 2s/step - loss: 58.8266 - accuracy: 0.0660 - val_loss: 8.0808 - val_accuracy: 0.0851
The temperature of the GPU is  58
Epoch 10/20
1/5 [=====>........................] - ETA: 4s - loss: 59.0495 - accuracy: 0.04002/5 [===========>..................] - ETA: 3s - loss: 54.0204 - accuracy: 0.09503/5 [=================>............] - ETA: 2s - loss: 56.2371 - accuracy: 0.08004/5 [=======================>......] - ETA: 1s - loss: 55.9359 - accuracy: 0.07755/5 [==============================] - ETA: 0s - loss: 53.8115 - accuracy: 0.07235/5 [==============================] - 8s 2s/step - loss: 53.8115 - accuracy: 0.0723 - val_loss: 88.3159 - val_accuracy: 0.0851
The temperature of the GPU is  64
Epoch 11/20
1/5 [=====>........................] - ETA: 4s - loss: 38.7409 - accuracy: 0.07002/5 [===========>..................] - ETA: 3s - loss: 38.0009 - accuracy: 0.07503/5 [=================>............] - ETA: 2s - loss: 37.4314 - accuracy: 0.08004/5 [=======================>......] - ETA: 1s - loss: 36.9694 - accuracy: 0.08005/5 [==============================] - ETA: 0s - loss: 35.5320 - accuracy: 0.07665/5 [==============================] - 8s 2s/step - loss: 35.5320 - accuracy: 0.0766 - val_loss: 43.5733 - val_accuracy: 0.0851
The temperature of the GPU is  64
Epoch 12/20
1/5 [=====>........................] - ETA: 4s - loss: 23.9771 - accuracy: 0.08002/5 [===========>..................] - ETA: 3s - loss: 26.7952 - accuracy: 0.08503/5 [=================>............] - ETA: 2s - loss: 29.8383 - accuracy: 0.08004/5 [=======================>......] - ETA: 1s - loss: 32.8290 - accuracy: 0.07505/5 [==============================] - ETA: 0s - loss: 32.0731 - accuracy: 0.07875/5 [==============================] - 8s 2s/step - loss: 32.0731 - accuracy: 0.0787 - val_loss: 15.9883 - val_accuracy: 0.0851
The temperature of the GPU is  65
Epoch 13/20
1/5 [=====>........................] - ETA: 4s - loss: 27.4648 - accuracy: 0.07002/5 [===========>..................] - ETA: 3s - loss: 29.0603 - accuracy: 0.06003/5 [=================>............] - ETA: 2s - loss: 29.7601 - accuracy: 0.07004/5 [=======================>......] - ETA: 1s - loss: 29.3036 - accuracy: 0.07755/5 [==============================] - ETA: 0s - loss: 28.9024 - accuracy: 0.07665/5 [==============================] - 8s 2s/step - loss: 28.9024 - accuracy: 0.0766 - val_loss: 40.7030 - val_accuracy: 0.0851
The temperature of the GPU is  65
Epoch 14/20
1/5 [=====>........................] - ETA: 4s - loss: 32.6058 - accuracy: 0.07002/5 [===========>..................] - ETA: 3s - loss: 28.8301 - accuracy: 0.06003/5 [=================>............] - ETA: 2s - loss: 28.9290 - accuracy: 0.07674/5 [=======================>......] - ETA: 1s - loss: 29.2350 - accuracy: 0.07505/5 [==============================] - ETA: 0s - loss: 28.4884 - accuracy: 0.07455/5 [==============================] - 8s 2s/step - loss: 28.4884 - accuracy: 0.0745 - val_loss: 59.5134 - val_accuracy: 0.0851
The temperature of the GPU is  66
Epoch 15/20
1/5 [=====>........................] - ETA: 4s - loss: 25.2533 - accuracy: 0.04002/5 [===========>..................] - ETA: 3s - loss: 23.1109 - accuracy: 0.04503/5 [=================>............] - ETA: 2s - loss: 22.8551 - accuracy: 0.05674/5 [=======================>......] - ETA: 1s - loss: 24.3347 - accuracy: 0.07005/5 [==============================] - ETA: 0s - loss: 24.3839 - accuracy: 0.07665/5 [==============================] - 8s 2s/step - loss: 24.3839 - accuracy: 0.0766 - val_loss: 7.3120 - val_accuracy: 0.0851
The temperature of the GPU is  60
Epoch 16/20
1/5 [=====>........................] - ETA: 4s - loss: 27.5198 - accuracy: 0.11002/5 [===========>..................] - ETA: 3s - loss: 28.7231 - accuracy: 0.08503/5 [=================>............] - ETA: 2s - loss: 29.0911 - accuracy: 0.07674/5 [=======================>......] - ETA: 1s - loss: 29.7382 - accuracy: 0.07005/5 [==============================] - ETA: 0s - loss: 30.8484 - accuracy: 0.07025/5 [==============================] - 8s 2s/step - loss: 30.8484 - accuracy: 0.0702 - val_loss: 62.6233 - val_accuracy: 0.0851
The temperature of the GPU is  65
Epoch 17/20
1/5 [=====>........................] - ETA: 4s - loss: 40.0990 - accuracy: 0.11002/5 [===========>..................] - ETA: 3s - loss: 37.6332 - accuracy: 0.07503/5 [=================>............] - ETA: 2s - loss: 36.0882 - accuracy: 0.08674/5 [=======================>......] - ETA: 1s - loss: 32.7348 - accuracy: 0.07255/5 [==============================] - ETA: 0s - loss: 31.0993 - accuracy: 0.07455/5 [==============================] - 8s 2s/step - loss: 31.0993 - accuracy: 0.0745 - val_loss: 18.1524 - val_accuracy: 0.0851
The temperature of the GPU is  65
Epoch 18/20
1/5 [=====>........................] - ETA: 4s - loss: 19.5711 - accuracy: 0.08002/5 [===========>..................] - ETA: 3s - loss: 18.8779 - accuracy: 0.08003/5 [=================>............] - ETA: 2s - loss: 22.1843 - accuracy: 0.07334/5 [=======================>......] - ETA: 1s - loss: 21.6264 - accuracy: 0.07255/5 [==============================] - ETA: 0s - loss: 21.3791 - accuracy: 0.07235/5 [==============================] - 8s 2s/step - loss: 21.3791 - accuracy: 0.0723 - val_loss: 43.4155 - val_accuracy: 0.0851
The temperature of the GPU is  66
Epoch 19/20
1/5 [=====>........................] - ETA: 4s - loss: 26.6872 - accuracy: 0.08002/5 [===========>..................] - ETA: 3s - loss: 26.6941 - accuracy: 0.07503/5 [=================>............] - ETA: 2s - loss: 26.7709 - accuracy: 0.07674/5 [=======================>......] - ETA: 1s - loss: 27.8728 - accuracy: 0.08005/5 [==============================] - ETA: 0s - loss: 27.1252 - accuracy: 0.07455/5 [==============================] - 8s 2s/step - loss: 27.1252 - accuracy: 0.0745 - val_loss: 18.6115 - val_accuracy: 0.0851
The temperature of the GPU is  66
Epoch 20/20
1/5 [=====>........................] - ETA: 4s - loss: 21.2572 - accuracy: 0.09002/5 [===========>..................] - ETA: 3s - loss: 19.9233 - accuracy: 0.06503/5 [=================>............] - ETA: 2s - loss: 21.0472 - accuracy: 0.05674/5 [=======================>......] - ETA: 1s - loss: 21.1797 - accuracy: 0.06505/5 [==============================] - ETA: 0s - loss: 20.6490 - accuracy: 0.06815/5 [==============================] - 8s 2s/step - loss: 20.6490 - accuracy: 0.0681 - val_loss: 6.9695 - val_accuracy: 0.0851
The temperature of the GPU is  59
[[71.46952056884766, 60.49108123779297, 75.30158996582031, 57.463356018066406, 42.98394775390625, 48.05984878540039, 38.02305603027344, 43.3548469543457, 58.826576232910156, 53.81149673461914, 35.53203201293945, 32.073097229003906, 28.90243148803711, 28.488401412963867, 24.383920669555664, 30.848379135131836, 31.09931182861328, 21.3791446685791, 27.125194549560547, 20.648998260498047], [25.82825469970703, 45.07938766479492, 23.218767166137695, 8.73820972442627, 28.99917984008789, 65.50435638427734, 18.187562942504883, 108.64017486572266, 8.080841064453125, 88.31585693359375, 43.57332992553711, 15.98832893371582, 40.70304870605469, 59.5134391784668, 7.312033176422119, 62.62333679199219, 18.152379989624023, 43.41545104980469, 18.611480712890625, 6.969517230987549]]
